[${project.name}][${env:SERVER_PORT}] 2023-05-31 23:00:07,405 DEBUG [http-nio-53030-exec-7][BaseJdbcLogger.java:159] - ==>  Preparing: SELECT ID,USERNAME,MOBILE,PASSWORD,SALT,STATUS,DOMAIN FROM account WHERE USERNAME = ? 
[${project.name}][${env:SERVER_PORT}] 2023-05-31 23:00:07,411 DEBUG [http-nio-53030-exec-7][BaseJdbcLogger.java:159] - ==> Parameters: admin(String)
[${project.name}][${env:SERVER_PORT}] 2023-05-31 23:00:07,416 DEBUG [http-nio-53030-exec-7][BaseJdbcLogger.java:159] - <==      Total: 1
[${project.name}][${env:SERVER_PORT}] 2023-05-31 23:00:17,679 INFO [NettyClientSelector_1][Slf4jLoggerFactory.java:95] - closeChannel: close the connection to remote address[] result: true
[${project.name}][${env:SERVER_PORT}] 2023-05-31 23:00:18,430 INFO [NettyClientSelector_1][Slf4jLoggerFactory.java:95] - closeChannel: close the connection to remote address[] result: true
[${project.name}][${env:SERVER_PORT}] 2023-05-31 23:00:47,672 INFO [NettyClientSelector_1][Slf4jLoggerFactory.java:95] - closeChannel: close the connection to remote address[] result: true
[${project.name}][${env:SERVER_PORT}] 2023-05-31 23:00:48,409 INFO [NettyClientSelector_1][Slf4jLoggerFactory.java:95] - closeChannel: close the connection to remote address[] result: true
[${project.name}][${env:SERVER_PORT}] 2023-05-31 23:01:17,670 INFO [NettyClientSelector_1][Slf4jLoggerFactory.java:95] - closeChannel: close the connection to remote address[] result: true
[${project.name}][${env:SERVER_PORT}] 2023-05-31 23:01:18,439 INFO [NettyClientSelector_1][Slf4jLoggerFactory.java:95] - closeChannel: close the connection to remote address[] result: true
[${project.name}][${env:SERVER_PORT}] 2023-05-31 23:01:47,677 INFO [NettyClientSelector_1][Slf4jLoggerFactory.java:95] - closeChannel: close the connection to remote address[] result: true
[${project.name}][${env:SERVER_PORT}] 2023-05-31 23:01:48,428 INFO [NettyClientSelector_1][Slf4jLoggerFactory.java:95] - closeChannel: close the connection to remote address[] result: true
[${project.name}][${env:SERVER_PORT}] 2023-05-31 23:02:17,677 INFO [NettyClientSelector_1][Slf4jLoggerFactory.java:95] - closeChannel: close the connection to remote address[] result: true
[${project.name}][${env:SERVER_PORT}] 2023-05-31 23:02:18,450 INFO [NettyClientSelector_1][Slf4jLoggerFactory.java:95] - closeChannel: close the connection to remote address[] result: true
[${project.name}][${env:SERVER_PORT}] 2023-05-31 23:02:47,639 INFO [NettyClientSelector_1][Slf4jLoggerFactory.java:95] - closeChannel: close the connection to remote address[] result: true
[${project.name}][${env:SERVER_PORT}] 2023-05-31 23:02:48,413 INFO [NettyClientSelector_1][Slf4jLoggerFactory.java:95] - closeChannel: close the connection to remote address[] result: true
[${project.name}][${env:SERVER_PORT}] 2023-05-31 23:02:52,369 INFO [AsyncResolver-bootstrap-executor-0][ConfigClusterResolver.java:43] - Resolving eureka endpoints via configuration
[${project.name}][${env:SERVER_PORT}] 2023-05-31 23:03:17,683 INFO [NettyClientSelector_1][Slf4jLoggerFactory.java:95] - closeChannel: close the connection to remote address[] result: true
[${project.name}][${env:SERVER_PORT}] 2023-05-31 23:03:18,434 INFO [NettyClientSelector_1][Slf4jLoggerFactory.java:95] - closeChannel: close the connection to remote address[] result: true
[${project.name}][${env:SERVER_PORT}] 2023-05-31 23:03:47,666 INFO [NettyClientSelector_1][Slf4jLoggerFactory.java:95] - closeChannel: close the connection to remote address[] result: true
[${project.name}][${env:SERVER_PORT}] 2023-05-31 23:03:48,420 INFO [NettyClientSelector_1][Slf4jLoggerFactory.java:95] - closeChannel: close the connection to remote address[] result: true
[${project.name}][${env:SERVER_PORT}] 2023-05-31 23:04:17,652 INFO [NettyClientSelector_1][Slf4jLoggerFactory.java:95] - closeChannel: close the connection to remote address[] result: true
[${project.name}][${env:SERVER_PORT}] 2023-05-31 23:04:18,434 INFO [NettyClientSelector_1][Slf4jLoggerFactory.java:95] - closeChannel: close the connection to remote address[] result: true
[${project.name}][${env:SERVER_PORT}] 2023-05-31 23:04:47,685 INFO [NettyClientSelector_1][Slf4jLoggerFactory.java:95] - closeChannel: close the connection to remote address[] result: true
[${project.name}][${env:SERVER_PORT}] 2023-05-31 23:04:48,435 INFO [NettyClientSelector_1][Slf4jLoggerFactory.java:95] - closeChannel: close the connection to remote address[] result: true
[${project.name}][${env:SERVER_PORT}] 2023-05-31 23:05:17,659 INFO [NettyClientSelector_1][Slf4jLoggerFactory.java:95] - closeChannel: close the connection to remote address[] result: true
[${project.name}][${env:SERVER_PORT}] 2023-05-31 23:05:18,426 INFO [NettyClientSelector_1][Slf4jLoggerFactory.java:95] - closeChannel: close the connection to remote address[] result: true
[${project.name}][${env:SERVER_PORT}] 2023-05-31 23:05:47,721 INFO [NettyClientSelector_1][Slf4jLoggerFactory.java:95] - closeChannel: close the connection to remote address[] result: true
[${project.name}][${env:SERVER_PORT}] 2023-05-31 23:05:48,439 INFO [NettyClientSelector_1][Slf4jLoggerFactory.java:95] - closeChannel: close the connection to remote address[] result: true
[${project.name}][${env:SERVER_PORT}] 2023-05-31 23:06:17,701 INFO [NettyClientSelector_1][Slf4jLoggerFactory.java:95] - closeChannel: close the connection to remote address[] result: true
[${project.name}][${env:SERVER_PORT}] 2023-05-31 23:06:18,464 INFO [NettyClientSelector_1][Slf4jLoggerFactory.java:95] - closeChannel: close the connection to remote address[] result: true
[${project.name}][${env:SERVER_PORT}] 2023-05-31 23:06:47,669 INFO [NettyClientSelector_1][Slf4jLoggerFactory.java:95] - closeChannel: close the connection to remote address[] result: true
[${project.name}][${env:SERVER_PORT}] 2023-05-31 23:06:48,435 INFO [NettyClientSelector_1][Slf4jLoggerFactory.java:95] - closeChannel: close the connection to remote address[] result: true
[${project.name}][${env:SERVER_PORT}] 2023-05-31 23:07:17,698 INFO [NettyClientSelector_1][Slf4jLoggerFactory.java:95] - closeChannel: close the connection to remote address[] result: true
[${project.name}][${env:SERVER_PORT}] 2023-05-31 23:07:18,432 INFO [NettyClientSelector_1][Slf4jLoggerFactory.java:95] - closeChannel: close the connection to remote address[] result: true
[${project.name}][${env:SERVER_PORT}] 2023-05-31 23:07:47,657 INFO [NettyClientSelector_1][Slf4jLoggerFactory.java:95] - closeChannel: close the connection to remote address[] result: true
[${project.name}][${env:SERVER_PORT}] 2023-05-31 23:07:48,418 INFO [NettyClientSelector_1][Slf4jLoggerFactory.java:95] - closeChannel: close the connection to remote address[] result: true
[${project.name}][${env:SERVER_PORT}] 2023-05-31 23:07:52,371 INFO [AsyncResolver-bootstrap-executor-0][ConfigClusterResolver.java:43] - Resolving eureka endpoints via configuration
[${project.name}][${env:SERVER_PORT}] 2023-05-31 23:08:17,683 INFO [NettyClientSelector_1][Slf4jLoggerFactory.java:95] - closeChannel: close the connection to remote address[] result: true
[${project.name}][${env:SERVER_PORT}] 2023-05-31 23:08:18,517 INFO [NettyClientSelector_1][Slf4jLoggerFactory.java:95] - closeChannel: close the connection to remote address[] result: true
[${project.name}][${env:SERVER_PORT}] 2023-05-31 23:08:47,669 INFO [NettyClientSelector_1][Slf4jLoggerFactory.java:95] - closeChannel: close the connection to remote address[] result: true
[${project.name}][${env:SERVER_PORT}] 2023-05-31 23:08:48,437 INFO [NettyClientSelector_1][Slf4jLoggerFactory.java:95] - closeChannel: close the connection to remote address[] result: true
[${project.name}][${env:SERVER_PORT}] 2023-05-31 23:09:17,668 INFO [NettyClientSelector_1][Slf4jLoggerFactory.java:95] - closeChannel: close the connection to remote address[] result: true
[${project.name}][${env:SERVER_PORT}] 2023-05-31 23:09:18,449 INFO [NettyClientSelector_1][Slf4jLoggerFactory.java:95] - closeChannel: close the connection to remote address[] result: true
[${project.name}][${env:SERVER_PORT}] 2023-05-31 23:09:43,998 DEBUG [http-nio-53030-exec-2][BaseJdbcLogger.java:159] - ==>  Preparing: SELECT ID,USERNAME,MOBILE,PASSWORD,SALT,STATUS,DOMAIN FROM account WHERE USERNAME = ? 
[${project.name}][${env:SERVER_PORT}] 2023-05-31 23:09:43,999 DEBUG [http-nio-53030-exec-2][BaseJdbcLogger.java:159] - ==> Parameters: admin(String)
[${project.name}][${env:SERVER_PORT}] 2023-05-31 23:09:44,000 DEBUG [http-nio-53030-exec-2][BaseJdbcLogger.java:159] - <==      Total: 1
[${project.name}][${env:SERVER_PORT}] 2023-05-31 23:09:47,644 INFO [NettyClientSelector_1][Slf4jLoggerFactory.java:95] - closeChannel: close the connection to remote address[] result: true
[${project.name}][${env:SERVER_PORT}] 2023-05-31 23:09:48,452 INFO [NettyClientSelector_1][Slf4jLoggerFactory.java:95] - closeChannel: close the connection to remote address[] result: true
[${project.name}][${env:SERVER_PORT}] 2023-05-31 23:10:17,669 INFO [NettyClientSelector_1][Slf4jLoggerFactory.java:95] - closeChannel: close the connection to remote address[] result: true
[${project.name}][${env:SERVER_PORT}] 2023-05-31 23:10:18,406 INFO [NettyClientSelector_1][Slf4jLoggerFactory.java:95] - closeChannel: close the connection to remote address[] result: true
[${project.name}][${env:SERVER_PORT}] 2023-05-31 23:10:47,683 INFO [NettyClientSelector_1][Slf4jLoggerFactory.java:95] - closeChannel: close the connection to remote address[] result: true
[${project.name}][${env:SERVER_PORT}] 2023-05-31 23:10:48,448 INFO [NettyClientSelector_1][Slf4jLoggerFactory.java:95] - closeChannel: close the connection to remote address[] result: true
[${project.name}][${env:SERVER_PORT}] 2023-05-31 23:11:17,668 INFO [NettyClientSelector_1][Slf4jLoggerFactory.java:95] - closeChannel: close the connection to remote address[] result: true
[${project.name}][${env:SERVER_PORT}] 2023-05-31 23:11:18,450 INFO [NettyClientSelector_1][Slf4jLoggerFactory.java:95] - closeChannel: close the connection to remote address[] result: true
[${project.name}][${env:SERVER_PORT}] 2023-05-31 23:11:47,647 INFO [NettyClientSelector_1][Slf4jLoggerFactory.java:95] - closeChannel: close the connection to remote address[] result: true
[${project.name}][${env:SERVER_PORT}] 2023-05-31 23:11:48,446 INFO [NettyClientSelector_1][Slf4jLoggerFactory.java:95] - closeChannel: close the connection to remote address[] result: true
[${project.name}][${env:SERVER_PORT}] 2023-05-31 23:12:17,684 INFO [NettyClientSelector_1][Slf4jLoggerFactory.java:95] - closeChannel: close the connection to remote address[] result: true
[${project.name}][${env:SERVER_PORT}] 2023-05-31 23:12:18,466 INFO [NettyClientSelector_1][Slf4jLoggerFactory.java:95] - closeChannel: close the connection to remote address[] result: true
[${project.name}][${env:SERVER_PORT}] 2023-05-31 23:12:47,658 INFO [NettyClientSelector_1][Slf4jLoggerFactory.java:95] - closeChannel: close the connection to remote address[] result: true
[${project.name}][${env:SERVER_PORT}] 2023-05-31 23:12:48,436 INFO [NettyClientSelector_1][Slf4jLoggerFactory.java:95] - closeChannel: close the connection to remote address[] result: true
[${project.name}][${env:SERVER_PORT}] 2023-05-31 23:12:52,386 INFO [AsyncResolver-bootstrap-executor-0][ConfigClusterResolver.java:43] - Resolving eureka endpoints via configuration
[${project.name}][${env:SERVER_PORT}] 2023-05-31 23:13:17,774 INFO [NettyClientSelector_1][Slf4jLoggerFactory.java:95] - closeChannel: close the connection to remote address[] result: true
[${project.name}][${env:SERVER_PORT}] 2023-05-31 23:13:18,547 INFO [NettyClientSelector_1][Slf4jLoggerFactory.java:95] - closeChannel: close the connection to remote address[] result: true
[${project.name}][${env:SERVER_PORT}] 2023-05-31 23:13:47,700 INFO [NettyClientSelector_1][Slf4jLoggerFactory.java:95] - closeChannel: close the connection to remote address[] result: true
[${project.name}][${env:SERVER_PORT}] 2023-05-31 23:13:48,585 INFO [NettyClientSelector_1][Slf4jLoggerFactory.java:95] - closeChannel: close the connection to remote address[] result: true
[${project.name}][${env:SERVER_PORT}] 2023-05-31 23:14:17,871 INFO [NettyClientSelector_1][Slf4jLoggerFactory.java:95] - closeChannel: close the connection to remote address[] result: true
[${project.name}][${env:SERVER_PORT}] 2023-05-31 23:14:18,414 INFO [NettyClientSelector_1][Slf4jLoggerFactory.java:95] - closeChannel: close the connection to remote address[] result: true
[${project.name}][${env:SERVER_PORT}] 2023-05-31 23:14:47,750 INFO [NettyClientSelector_1][Slf4jLoggerFactory.java:95] - closeChannel: close the connection to remote address[] result: true
[${project.name}][${env:SERVER_PORT}] 2023-05-31 23:14:48,446 INFO [NettyClientSelector_1][Slf4jLoggerFactory.java:95] - closeChannel: close the connection to remote address[] result: true
[${project.name}][${env:SERVER_PORT}] 2023-05-31 23:15:17,792 INFO [NettyClientSelector_1][Slf4jLoggerFactory.java:95] - closeChannel: close the connection to remote address[] result: true
[${project.name}][${env:SERVER_PORT}] 2023-05-31 23:15:18,441 INFO [NettyClientSelector_1][Slf4jLoggerFactory.java:95] - closeChannel: close the connection to remote address[] result: true
[${project.name}][${env:SERVER_PORT}] 2023-05-31 23:15:47,783 INFO [NettyClientSelector_1][Slf4jLoggerFactory.java:95] - closeChannel: close the connection to remote address[] result: true
[${project.name}][${env:SERVER_PORT}] 2023-05-31 23:15:48,441 INFO [NettyClientSelector_1][Slf4jLoggerFactory.java:95] - closeChannel: close the connection to remote address[] result: true
[${project.name}][${env:SERVER_PORT}] 2023-05-31 23:16:17,684 INFO [NettyClientSelector_1][Slf4jLoggerFactory.java:95] - closeChannel: close the connection to remote address[] result: true
[${project.name}][${env:SERVER_PORT}] 2023-05-31 23:16:18,463 INFO [NettyClientSelector_1][Slf4jLoggerFactory.java:95] - closeChannel: close the connection to remote address[] result: true
[${project.name}][${env:SERVER_PORT}] 2023-05-31 23:16:47,678 INFO [NettyClientSelector_1][Slf4jLoggerFactory.java:95] - closeChannel: close the connection to remote address[] result: true
[${project.name}][${env:SERVER_PORT}] 2023-05-31 23:16:48,417 INFO [NettyClientSelector_1][Slf4jLoggerFactory.java:95] - closeChannel: close the connection to remote address[] result: true
[${project.name}][${env:SERVER_PORT}] 2023-05-31 23:17:17,713 INFO [NettyClientSelector_1][Slf4jLoggerFactory.java:95] - closeChannel: close the connection to remote address[] result: true
[${project.name}][${env:SERVER_PORT}] 2023-05-31 23:17:18,449 INFO [NettyClientSelector_1][Slf4jLoggerFactory.java:95] - closeChannel: close the connection to remote address[] result: true
[${project.name}][${env:SERVER_PORT}] 2023-05-31 23:17:47,715 INFO [NettyClientSelector_1][Slf4jLoggerFactory.java:95] - closeChannel: close the connection to remote address[] result: true
[${project.name}][${env:SERVER_PORT}] 2023-05-31 23:17:48,420 INFO [NettyClientSelector_1][Slf4jLoggerFactory.java:95] - closeChannel: close the connection to remote address[] result: true
[${project.name}][${env:SERVER_PORT}] 2023-05-31 23:17:52,403 INFO [AsyncResolver-bootstrap-executor-0][ConfigClusterResolver.java:43] - Resolving eureka endpoints via configuration
[${project.name}][${env:SERVER_PORT}] 2023-05-31 23:18:17,671 INFO [NettyClientSelector_1][Slf4jLoggerFactory.java:95] - closeChannel: close the connection to remote address[] result: true
[${project.name}][${env:SERVER_PORT}] 2023-05-31 23:18:18,419 INFO [NettyClientSelector_1][Slf4jLoggerFactory.java:95] - closeChannel: close the connection to remote address[] result: true
[${project.name}][${env:SERVER_PORT}] 2023-05-31 23:18:47,714 INFO [NettyClientSelector_1][Slf4jLoggerFactory.java:95] - closeChannel: close the connection to remote address[] result: true
[${project.name}][${env:SERVER_PORT}] 2023-05-31 23:18:48,388 INFO [NettyClientSelector_1][Slf4jLoggerFactory.java:95] - closeChannel: close the connection to remote address[] result: true
[${project.name}][${env:SERVER_PORT}] 2023-05-31 23:19:17,661 INFO [NettyClientSelector_1][Slf4jLoggerFactory.java:95] - closeChannel: close the connection to remote address[] result: true
[${project.name}][${env:SERVER_PORT}] 2023-05-31 23:19:18,450 INFO [NettyClientSelector_1][Slf4jLoggerFactory.java:95] - closeChannel: close the connection to remote address[] result: true
[${project.name}][${env:SERVER_PORT}] 2023-05-31 23:19:47,670 INFO [NettyClientSelector_1][Slf4jLoggerFactory.java:95] - closeChannel: close the connection to remote address[] result: true
[${project.name}][${env:SERVER_PORT}] 2023-05-31 23:19:48,421 INFO [NettyClientSelector_1][Slf4jLoggerFactory.java:95] - closeChannel: close the connection to remote address[] result: true
[${project.name}][${env:SERVER_PORT}] 2023-05-31 23:20:17,673 INFO [NettyClientSelector_1][Slf4jLoggerFactory.java:95] - closeChannel: close the connection to remote address[] result: true
[${project.name}][${env:SERVER_PORT}] 2023-05-31 23:20:18,409 INFO [NettyClientSelector_1][Slf4jLoggerFactory.java:95] - closeChannel: close the connection to remote address[] result: true
[${project.name}][${env:SERVER_PORT}] 2023-05-31 23:20:47,665 INFO [NettyClientSelector_1][Slf4jLoggerFactory.java:95] - closeChannel: close the connection to remote address[] result: true
[${project.name}][${env:SERVER_PORT}] 2023-05-31 23:20:48,427 INFO [NettyClientSelector_1][Slf4jLoggerFactory.java:95] - closeChannel: close the connection to remote address[] result: true
[${project.name}][${env:SERVER_PORT}] 2023-05-31 23:21:17,664 INFO [NettyClientSelector_1][Slf4jLoggerFactory.java:95] - closeChannel: close the connection to remote address[] result: true
[${project.name}][${env:SERVER_PORT}] 2023-05-31 23:21:18,400 INFO [NettyClientSelector_1][Slf4jLoggerFactory.java:95] - closeChannel: close the connection to remote address[] result: true
[${project.name}][${env:SERVER_PORT}] 2023-05-31 23:21:47,755 INFO [NettyClientSelector_1][Slf4jLoggerFactory.java:95] - closeChannel: close the connection to remote address[] result: true
[${project.name}][${env:SERVER_PORT}] 2023-05-31 23:21:48,420 INFO [NettyClientSelector_1][Slf4jLoggerFactory.java:95] - closeChannel: close the connection to remote address[] result: true
[${project.name}][${env:SERVER_PORT}] 2023-05-31 23:22:17,679 INFO [NettyClientSelector_1][Slf4jLoggerFactory.java:95] - closeChannel: close the connection to remote address[] result: true
[${project.name}][${env:SERVER_PORT}] 2023-05-31 23:22:18,430 INFO [NettyClientSelector_1][Slf4jLoggerFactory.java:95] - closeChannel: close the connection to remote address[] result: true
[${project.name}][${env:SERVER_PORT}] 2023-05-31 23:22:47,664 INFO [NettyClientSelector_1][Slf4jLoggerFactory.java:95] - closeChannel: close the connection to remote address[] result: true
[${project.name}][${env:SERVER_PORT}] 2023-05-31 23:22:48,526 INFO [NettyClientSelector_1][Slf4jLoggerFactory.java:95] - closeChannel: close the connection to remote address[] result: true
[${project.name}][${env:SERVER_PORT}] 2023-05-31 23:22:52,404 INFO [AsyncResolver-bootstrap-executor-0][ConfigClusterResolver.java:43] - Resolving eureka endpoints via configuration
[${project.name}][${env:SERVER_PORT}] 2023-05-31 23:23:17,674 INFO [NettyClientSelector_1][Slf4jLoggerFactory.java:95] - closeChannel: close the connection to remote address[] result: true
[${project.name}][${env:SERVER_PORT}] 2023-05-31 23:23:18,533 INFO [NettyClientSelector_1][Slf4jLoggerFactory.java:95] - closeChannel: close the connection to remote address[] result: true
[${project.name}][${env:SERVER_PORT}] 2023-05-31 23:23:47,664 INFO [NettyClientSelector_1][Slf4jLoggerFactory.java:95] - closeChannel: close the connection to remote address[] result: true
[${project.name}][${env:SERVER_PORT}] 2023-05-31 23:23:48,427 INFO [NettyClientSelector_1][Slf4jLoggerFactory.java:95] - closeChannel: close the connection to remote address[] result: true
[${project.name}][${env:SERVER_PORT}] 2023-05-31 23:24:17,665 INFO [NettyClientSelector_1][Slf4jLoggerFactory.java:95] - closeChannel: close the connection to remote address[] result: true
[${project.name}][${env:SERVER_PORT}] 2023-05-31 23:24:18,429 INFO [NettyClientSelector_1][Slf4jLoggerFactory.java:95] - closeChannel: close the connection to remote address[] result: true
[${project.name}][${env:SERVER_PORT}] 2023-05-31 23:24:47,661 INFO [NettyClientSelector_1][Slf4jLoggerFactory.java:95] - closeChannel: close the connection to remote address[] result: true
[${project.name}][${env:SERVER_PORT}] 2023-05-31 23:24:48,416 INFO [NettyClientSelector_1][Slf4jLoggerFactory.java:95] - closeChannel: close the connection to remote address[] result: true
[${project.name}][${env:SERVER_PORT}] 2023-05-31 23:25:17,675 INFO [NettyClientSelector_1][Slf4jLoggerFactory.java:95] - closeChannel: close the connection to remote address[] result: true
[${project.name}][${env:SERVER_PORT}] 2023-05-31 23:25:18,409 INFO [NettyClientSelector_1][Slf4jLoggerFactory.java:95] - closeChannel: close the connection to remote address[] result: true
[${project.name}][${env:SERVER_PORT}] 2023-05-31 23:25:47,749 INFO [NettyClientSelector_1][Slf4jLoggerFactory.java:95] - closeChannel: close the connection to remote address[] result: true
[${project.name}][${env:SERVER_PORT}] 2023-05-31 23:25:48,433 INFO [NettyClientSelector_1][Slf4jLoggerFactory.java:95] - closeChannel: close the connection to remote address[] result: true
[${project.name}][${env:SERVER_PORT}] 2023-05-31 23:26:17,653 INFO [NettyClientSelector_1][Slf4jLoggerFactory.java:95] - closeChannel: close the connection to remote address[] result: true
[${project.name}][${env:SERVER_PORT}] 2023-05-31 23:26:18,394 INFO [NettyClientSelector_1][Slf4jLoggerFactory.java:95] - closeChannel: close the connection to remote address[] result: true
[${project.name}][${env:SERVER_PORT}] 2023-05-31 23:26:47,667 INFO [NettyClientSelector_1][Slf4jLoggerFactory.java:95] - closeChannel: close the connection to remote address[] result: true
[${project.name}][${env:SERVER_PORT}] 2023-05-31 23:26:48,417 INFO [NettyClientSelector_1][Slf4jLoggerFactory.java:95] - closeChannel: close the connection to remote address[] result: true
[${project.name}][${env:SERVER_PORT}] 2023-05-31 23:27:17,673 INFO [NettyClientSelector_1][Slf4jLoggerFactory.java:95] - closeChannel: close the connection to remote address[] result: true
[${project.name}][${env:SERVER_PORT}] 2023-05-31 23:27:18,438 INFO [NettyClientSelector_1][Slf4jLoggerFactory.java:95] - closeChannel: close the connection to remote address[] result: true
[${project.name}][${env:SERVER_PORT}] 2023-05-31 23:27:47,659 INFO [NettyClientSelector_1][Slf4jLoggerFactory.java:95] - closeChannel: close the connection to remote address[] result: true
[${project.name}][${env:SERVER_PORT}] 2023-05-31 23:27:48,436 INFO [NettyClientSelector_1][Slf4jLoggerFactory.java:95] - closeChannel: close the connection to remote address[] result: true
[${project.name}][${env:SERVER_PORT}] 2023-05-31 23:27:52,415 INFO [AsyncResolver-bootstrap-executor-0][ConfigClusterResolver.java:43] - Resolving eureka endpoints via configuration
[${project.name}][${env:SERVER_PORT}] 2023-05-31 23:28:17,682 INFO [NettyClientSelector_1][Slf4jLoggerFactory.java:95] - closeChannel: close the connection to remote address[] result: true
[${project.name}][${env:SERVER_PORT}] 2023-05-31 23:28:18,420 INFO [NettyClientSelector_1][Slf4jLoggerFactory.java:95] - closeChannel: close the connection to remote address[] result: true
[${project.name}][${env:SERVER_PORT}] 2023-05-31 23:28:47,696 INFO [NettyClientSelector_1][Slf4jLoggerFactory.java:95] - closeChannel: close the connection to remote address[] result: true
[${project.name}][${env:SERVER_PORT}] 2023-05-31 23:28:48,524 INFO [NettyClientSelector_1][Slf4jLoggerFactory.java:95] - closeChannel: close the connection to remote address[] result: true
[${project.name}][${env:SERVER_PORT}] 2023-05-31 23:29:17,691 INFO [NettyClientSelector_1][Slf4jLoggerFactory.java:95] - closeChannel: close the connection to remote address[] result: true
[${project.name}][${env:SERVER_PORT}] 2023-05-31 23:29:18,517 INFO [NettyClientSelector_1][Slf4jLoggerFactory.java:95] - closeChannel: close the connection to remote address[] result: true
[${project.name}][${env:SERVER_PORT}] 2023-05-31 23:29:47,680 INFO [NettyClientSelector_1][Slf4jLoggerFactory.java:95] - closeChannel: close the connection to remote address[] result: true
[${project.name}][${env:SERVER_PORT}] 2023-05-31 23:29:48,444 INFO [NettyClientSelector_1][Slf4jLoggerFactory.java:95] - closeChannel: close the connection to remote address[] result: true
[${project.name}][${env:SERVER_PORT}] 2023-05-31 23:30:17,650 INFO [NettyClientSelector_1][Slf4jLoggerFactory.java:95] - closeChannel: close the connection to remote address[] result: true
[${project.name}][${env:SERVER_PORT}] 2023-05-31 23:30:18,429 INFO [NettyClientSelector_1][Slf4jLoggerFactory.java:95] - closeChannel: close the connection to remote address[] result: true
[${project.name}][${env:SERVER_PORT}] 2023-05-31 23:30:47,686 INFO [NettyClientSelector_1][Slf4jLoggerFactory.java:95] - closeChannel: close the connection to remote address[] result: true
[${project.name}][${env:SERVER_PORT}] 2023-05-31 23:30:48,431 INFO [NettyClientSelector_1][Slf4jLoggerFactory.java:95] - closeChannel: close the connection to remote address[] result: true
[${project.name}][${env:SERVER_PORT}] 2023-05-31 23:31:17,670 INFO [NettyClientSelector_1][Slf4jLoggerFactory.java:95] - closeChannel: close the connection to remote address[] result: true
[${project.name}][${env:SERVER_PORT}] 2023-05-31 23:31:18,432 INFO [NettyClientSelector_1][Slf4jLoggerFactory.java:95] - closeChannel: close the connection to remote address[] result: true
[${project.name}][${env:SERVER_PORT}] 2023-05-31 23:31:47,684 INFO [NettyClientSelector_1][Slf4jLoggerFactory.java:95] - closeChannel: close the connection to remote address[] result: true
[${project.name}][${env:SERVER_PORT}] 2023-05-31 23:31:48,435 INFO [NettyClientSelector_1][Slf4jLoggerFactory.java:95] - closeChannel: close the connection to remote address[] result: true
[${project.name}][${env:SERVER_PORT}] 2023-05-31 23:32:17,659 INFO [NettyClientSelector_1][Slf4jLoggerFactory.java:95] - closeChannel: close the connection to remote address[] result: true
[${project.name}][${env:SERVER_PORT}] 2023-05-31 23:32:18,452 INFO [NettyClientSelector_1][Slf4jLoggerFactory.java:95] - closeChannel: close the connection to remote address[] result: true
[${project.name}][${env:SERVER_PORT}] 2023-05-31 23:32:47,923 INFO [NettyClientSelector_1][Slf4jLoggerFactory.java:95] - closeChannel: close the connection to remote address[] result: true
[${project.name}][${env:SERVER_PORT}] 2023-05-31 23:32:48,421 INFO [NettyClientSelector_1][Slf4jLoggerFactory.java:95] - closeChannel: close the connection to remote address[] result: true
[${project.name}][${env:SERVER_PORT}] 2023-05-31 23:32:52,431 INFO [AsyncResolver-bootstrap-executor-0][ConfigClusterResolver.java:43] - Resolving eureka endpoints via configuration
[${project.name}][${env:SERVER_PORT}] 2023-05-31 23:33:17,682 INFO [NettyClientSelector_1][Slf4jLoggerFactory.java:95] - closeChannel: close the connection to remote address[] result: true
[${project.name}][${env:SERVER_PORT}] 2023-05-31 23:33:18,544 INFO [NettyClientSelector_1][Slf4jLoggerFactory.java:95] - closeChannel: close the connection to remote address[] result: true
[${project.name}][${env:SERVER_PORT}] 2023-05-31 23:33:47,684 INFO [NettyClientSelector_1][Slf4jLoggerFactory.java:95] - closeChannel: close the connection to remote address[] result: true
[${project.name}][${env:SERVER_PORT}] 2023-05-31 23:33:48,431 INFO [NettyClientSelector_1][Slf4jLoggerFactory.java:95] - closeChannel: close the connection to remote address[] result: true
[${project.name}][${env:SERVER_PORT}] 2023-05-31 23:34:17,665 INFO [NettyClientSelector_1][Slf4jLoggerFactory.java:95] - closeChannel: close the connection to remote address[] result: true
[${project.name}][${env:SERVER_PORT}] 2023-05-31 23:34:18,428 INFO [NettyClientSelector_1][Slf4jLoggerFactory.java:95] - closeChannel: close the connection to remote address[] result: true
[${project.name}][${env:SERVER_PORT}] 2023-05-31 23:34:47,669 INFO [NettyClientSelector_1][Slf4jLoggerFactory.java:95] - closeChannel: close the connection to remote address[] result: true
[${project.name}][${env:SERVER_PORT}] 2023-05-31 23:34:48,436 INFO [NettyClientSelector_1][Slf4jLoggerFactory.java:95] - closeChannel: close the connection to remote address[] result: true
[${project.name}][${env:SERVER_PORT}] 2023-05-31 23:35:17,683 INFO [NettyClientSelector_1][Slf4jLoggerFactory.java:95] - closeChannel: close the connection to remote address[] result: true
[${project.name}][${env:SERVER_PORT}] 2023-05-31 23:35:18,555 INFO [NettyClientSelector_1][Slf4jLoggerFactory.java:95] - closeChannel: close the connection to remote address[] result: true
[${project.name}][${env:SERVER_PORT}] 2023-05-31 23:35:47,681 INFO [NettyClientSelector_1][Slf4jLoggerFactory.java:95] - closeChannel: close the connection to remote address[] result: true
[${project.name}][${env:SERVER_PORT}] 2023-05-31 23:35:48,408 INFO [NettyClientSelector_1][Slf4jLoggerFactory.java:95] - closeChannel: close the connection to remote address[] result: true
[${project.name}][${env:SERVER_PORT}] 2023-05-31 23:36:17,662 INFO [NettyClientSelector_1][Slf4jLoggerFactory.java:95] - closeChannel: close the connection to remote address[] result: true
[${project.name}][${env:SERVER_PORT}] 2023-05-31 23:36:18,420 INFO [NettyClientSelector_1][Slf4jLoggerFactory.java:95] - closeChannel: close the connection to remote address[] result: true
[${project.name}][${env:SERVER_PORT}] 2023-05-31 23:36:47,678 INFO [NettyClientSelector_1][Slf4jLoggerFactory.java:95] - closeChannel: close the connection to remote address[] result: true
[${project.name}][${env:SERVER_PORT}] 2023-05-31 23:36:48,426 INFO [NettyClientSelector_1][Slf4jLoggerFactory.java:95] - closeChannel: close the connection to remote address[] result: true
[${project.name}][${env:SERVER_PORT}] 2023-05-31 23:37:17,673 INFO [NettyClientSelector_1][Slf4jLoggerFactory.java:95] - closeChannel: close the connection to remote address[] result: true
[${project.name}][${env:SERVER_PORT}] 2023-05-31 23:37:18,456 INFO [NettyClientSelector_1][Slf4jLoggerFactory.java:95] - closeChannel: close the connection to remote address[] result: true
[${project.name}][${env:SERVER_PORT}] 2023-05-31 23:37:47,681 INFO [NettyClientSelector_1][Slf4jLoggerFactory.java:95] - closeChannel: close the connection to remote address[] result: true
[${project.name}][${env:SERVER_PORT}] 2023-05-31 23:37:48,429 INFO [NettyClientSelector_1][Slf4jLoggerFactory.java:95] - closeChannel: close the connection to remote address[] result: true
[${project.name}][${env:SERVER_PORT}] 2023-05-31 23:37:52,438 INFO [AsyncResolver-bootstrap-executor-0][ConfigClusterResolver.java:43] - Resolving eureka endpoints via configuration
[${project.name}][${env:SERVER_PORT}] 2023-05-31 23:38:17,680 INFO [NettyClientSelector_1][Slf4jLoggerFactory.java:95] - closeChannel: close the connection to remote address[] result: true
[${project.name}][${env:SERVER_PORT}] 2023-05-31 23:38:18,446 INFO [NettyClientSelector_1][Slf4jLoggerFactory.java:95] - closeChannel: close the connection to remote address[] result: true
[${project.name}][${env:SERVER_PORT}] 2023-05-31 23:38:47,652 INFO [NettyClientSelector_1][Slf4jLoggerFactory.java:95] - closeChannel: close the connection to remote address[] result: true
[${project.name}][${env:SERVER_PORT}] 2023-05-31 23:38:48,415 INFO [NettyClientSelector_1][Slf4jLoggerFactory.java:95] - closeChannel: close the connection to remote address[] result: true
[${project.name}][${env:SERVER_PORT}] 2023-05-31 23:39:17,680 INFO [NettyClientSelector_1][Slf4jLoggerFactory.java:95] - closeChannel: close the connection to remote address[] result: true
[${project.name}][${env:SERVER_PORT}] 2023-05-31 23:39:18,431 INFO [NettyClientSelector_1][Slf4jLoggerFactory.java:95] - closeChannel: close the connection to remote address[] result: true
[${project.name}][${env:SERVER_PORT}] 2023-05-31 23:39:47,670 INFO [NettyClientSelector_1][Slf4jLoggerFactory.java:95] - closeChannel: close the connection to remote address[] result: true
[${project.name}][${env:SERVER_PORT}] 2023-05-31 23:39:48,451 INFO [NettyClientSelector_1][Slf4jLoggerFactory.java:95] - closeChannel: close the connection to remote address[] result: true
[${project.name}][${env:SERVER_PORT}] 2023-05-31 23:40:17,665 INFO [NettyClientSelector_1][Slf4jLoggerFactory.java:95] - closeChannel: close the connection to remote address[] result: true
[${project.name}][${env:SERVER_PORT}] 2023-05-31 23:40:18,445 INFO [NettyClientSelector_1][Slf4jLoggerFactory.java:95] - closeChannel: close the connection to remote address[] result: true
[${project.name}][${env:SERVER_PORT}] 2023-05-31 23:40:47,677 INFO [NettyClientSelector_1][Slf4jLoggerFactory.java:95] - closeChannel: close the connection to remote address[] result: true
[${project.name}][${env:SERVER_PORT}] 2023-05-31 23:40:48,413 INFO [NettyClientSelector_1][Slf4jLoggerFactory.java:95] - closeChannel: close the connection to remote address[] result: true
[${project.name}][${env:SERVER_PORT}] 2023-05-31 23:41:17,671 INFO [NettyClientSelector_1][Slf4jLoggerFactory.java:95] - closeChannel: close the connection to remote address[] result: true
[${project.name}][${env:SERVER_PORT}] 2023-05-31 23:41:18,447 INFO [NettyClientSelector_1][Slf4jLoggerFactory.java:95] - closeChannel: close the connection to remote address[] result: true
[${project.name}][${env:SERVER_PORT}] 2023-05-31 23:41:47,657 INFO [NettyClientSelector_1][Slf4jLoggerFactory.java:95] - closeChannel: close the connection to remote address[] result: true
[${project.name}][${env:SERVER_PORT}] 2023-05-31 23:41:48,417 INFO [NettyClientSelector_1][Slf4jLoggerFactory.java:95] - closeChannel: close the connection to remote address[] result: true
[${project.name}][${env:SERVER_PORT}] 2023-05-31 23:42:17,684 INFO [NettyClientSelector_1][Slf4jLoggerFactory.java:95] - closeChannel: close the connection to remote address[] result: true
[${project.name}][${env:SERVER_PORT}] 2023-05-31 23:42:18,434 INFO [NettyClientSelector_1][Slf4jLoggerFactory.java:95] - closeChannel: close the connection to remote address[] result: true
[${project.name}][${env:SERVER_PORT}] 2023-05-31 23:42:47,664 INFO [NettyClientSelector_1][Slf4jLoggerFactory.java:95] - closeChannel: close the connection to remote address[] result: true
[${project.name}][${env:SERVER_PORT}] 2023-05-31 23:42:48,430 INFO [NettyClientSelector_1][Slf4jLoggerFactory.java:95] - closeChannel: close the connection to remote address[] result: true
[${project.name}][${env:SERVER_PORT}] 2023-05-31 23:42:52,442 INFO [AsyncResolver-bootstrap-executor-0][ConfigClusterResolver.java:43] - Resolving eureka endpoints via configuration
[${project.name}][${env:SERVER_PORT}] 2023-05-31 23:43:17,674 INFO [NettyClientSelector_1][Slf4jLoggerFactory.java:95] - closeChannel: close the connection to remote address[] result: true
[${project.name}][${env:SERVER_PORT}] 2023-05-31 23:43:18,436 INFO [NettyClientSelector_1][Slf4jLoggerFactory.java:95] - closeChannel: close the connection to remote address[] result: true
[${project.name}][${env:SERVER_PORT}] 2023-05-31 23:43:47,692 INFO [NettyClientSelector_1][Slf4jLoggerFactory.java:95] - closeChannel: close the connection to remote address[] result: true
[${project.name}][${env:SERVER_PORT}] 2023-05-31 23:43:48,438 INFO [NettyClientSelector_1][Slf4jLoggerFactory.java:95] - closeChannel: close the connection to remote address[] result: true
[${project.name}][${env:SERVER_PORT}] 2023-05-31 23:44:17,669 INFO [NettyClientSelector_1][Slf4jLoggerFactory.java:95] - closeChannel: close the connection to remote address[] result: true
[${project.name}][${env:SERVER_PORT}] 2023-05-31 23:44:18,422 INFO [NettyClientSelector_1][Slf4jLoggerFactory.java:95] - closeChannel: close the connection to remote address[] result: true
[${project.name}][${env:SERVER_PORT}] 2023-05-31 23:44:47,652 INFO [NettyClientSelector_1][Slf4jLoggerFactory.java:95] - closeChannel: close the connection to remote address[] result: true
[${project.name}][${env:SERVER_PORT}] 2023-05-31 23:44:48,433 INFO [NettyClientSelector_1][Slf4jLoggerFactory.java:95] - closeChannel: close the connection to remote address[] result: true
[${project.name}][${env:SERVER_PORT}] 2023-05-31 23:45:17,673 INFO [NettyClientSelector_1][Slf4jLoggerFactory.java:95] - closeChannel: close the connection to remote address[] result: true
[${project.name}][${env:SERVER_PORT}] 2023-05-31 23:45:18,409 INFO [NettyClientSelector_1][Slf4jLoggerFactory.java:95] - closeChannel: close the connection to remote address[] result: true
[${project.name}][${env:SERVER_PORT}] 2023-05-31 23:45:47,757 INFO [NettyClientSelector_1][Slf4jLoggerFactory.java:95] - closeChannel: close the connection to remote address[] result: true
[${project.name}][${env:SERVER_PORT}] 2023-05-31 23:45:48,416 INFO [NettyClientSelector_1][Slf4jLoggerFactory.java:95] - closeChannel: close the connection to remote address[] result: true
[${project.name}][${env:SERVER_PORT}] 2023-05-31 23:46:17,672 INFO [NettyClientSelector_1][Slf4jLoggerFactory.java:95] - closeChannel: close the connection to remote address[] result: true
[${project.name}][${env:SERVER_PORT}] 2023-05-31 23:46:18,403 INFO [NettyClientSelector_1][Slf4jLoggerFactory.java:95] - closeChannel: close the connection to remote address[] result: true
[${project.name}][${env:SERVER_PORT}] 2023-05-31 23:46:47,687 INFO [NettyClientSelector_1][Slf4jLoggerFactory.java:95] - closeChannel: close the connection to remote address[] result: true
[${project.name}][${env:SERVER_PORT}] 2023-05-31 23:46:48,422 INFO [NettyClientSelector_1][Slf4jLoggerFactory.java:95] - closeChannel: close the connection to remote address[] result: true
[${project.name}][${env:SERVER_PORT}] 2023-05-31 23:47:17,669 INFO [NettyClientSelector_1][Slf4jLoggerFactory.java:95] - closeChannel: close the connection to remote address[] result: true
[${project.name}][${env:SERVER_PORT}] 2023-05-31 23:47:18,420 INFO [NettyClientSelector_1][Slf4jLoggerFactory.java:95] - closeChannel: close the connection to remote address[] result: true
[${project.name}][${env:SERVER_PORT}] 2023-05-31 23:47:47,653 INFO [NettyClientSelector_1][Slf4jLoggerFactory.java:95] - closeChannel: close the connection to remote address[] result: true
[${project.name}][${env:SERVER_PORT}] 2023-05-31 23:47:48,429 INFO [NettyClientSelector_1][Slf4jLoggerFactory.java:95] - closeChannel: close the connection to remote address[] result: true
[${project.name}][${env:SERVER_PORT}] 2023-05-31 23:47:52,448 INFO [AsyncResolver-bootstrap-executor-0][ConfigClusterResolver.java:43] - Resolving eureka endpoints via configuration
[${project.name}][${env:SERVER_PORT}] 2023-05-31 23:48:17,660 INFO [NettyClientSelector_1][Slf4jLoggerFactory.java:95] - closeChannel: close the connection to remote address[] result: true
[${project.name}][${env:SERVER_PORT}] 2023-05-31 23:48:18,403 INFO [NettyClientSelector_1][Slf4jLoggerFactory.java:95] - closeChannel: close the connection to remote address[] result: true
[${project.name}][${env:SERVER_PORT}] 2023-05-31 23:48:47,686 INFO [NettyClientSelector_1][Slf4jLoggerFactory.java:95] - closeChannel: close the connection to remote address[] result: true
[${project.name}][${env:SERVER_PORT}] 2023-05-31 23:48:48,416 INFO [NettyClientSelector_1][Slf4jLoggerFactory.java:95] - closeChannel: close the connection to remote address[] result: true
[${project.name}][${env:SERVER_PORT}] 2023-05-31 23:49:17,663 INFO [NettyClientSelector_1][Slf4jLoggerFactory.java:95] - closeChannel: close the connection to remote address[] result: true
[${project.name}][${env:SERVER_PORT}] 2023-05-31 23:49:18,430 INFO [NettyClientSelector_1][Slf4jLoggerFactory.java:95] - closeChannel: close the connection to remote address[] result: true
[${project.name}][${env:SERVER_PORT}] 2023-05-31 23:49:47,664 INFO [NettyClientSelector_1][Slf4jLoggerFactory.java:95] - closeChannel: close the connection to remote address[] result: true
[${project.name}][${env:SERVER_PORT}] 2023-05-31 23:49:48,403 INFO [NettyClientSelector_1][Slf4jLoggerFactory.java:95] - closeChannel: close the connection to remote address[] result: true
[${project.name}][${env:SERVER_PORT}] 2023-05-31 23:50:17,655 INFO [NettyClientSelector_1][Slf4jLoggerFactory.java:95] - closeChannel: close the connection to remote address[] result: true
[${project.name}][${env:SERVER_PORT}] 2023-05-31 23:50:18,416 INFO [NettyClientSelector_1][Slf4jLoggerFactory.java:95] - closeChannel: close the connection to remote address[] result: true
[${project.name}][${env:SERVER_PORT}] 2023-05-31 23:50:47,653 INFO [NettyClientSelector_1][Slf4jLoggerFactory.java:95] - closeChannel: close the connection to remote address[] result: true
[${project.name}][${env:SERVER_PORT}] 2023-05-31 23:50:48,407 INFO [NettyClientSelector_1][Slf4jLoggerFactory.java:95] - closeChannel: close the connection to remote address[] result: true
[${project.name}][${env:SERVER_PORT}] 2023-05-31 23:51:17,666 INFO [NettyClientSelector_1][Slf4jLoggerFactory.java:95] - closeChannel: close the connection to remote address[] result: true
[${project.name}][${env:SERVER_PORT}] 2023-05-31 23:51:18,406 INFO [NettyClientSelector_1][Slf4jLoggerFactory.java:95] - closeChannel: close the connection to remote address[] result: true
[${project.name}][${env:SERVER_PORT}] 2023-05-31 23:51:47,652 INFO [NettyClientSelector_1][Slf4jLoggerFactory.java:95] - closeChannel: close the connection to remote address[] result: true
[${project.name}][${env:SERVER_PORT}] 2023-05-31 23:51:48,409 INFO [NettyClientSelector_1][Slf4jLoggerFactory.java:95] - closeChannel: close the connection to remote address[] result: true
[${project.name}][${env:SERVER_PORT}] 2023-05-31 23:52:17,669 INFO [NettyClientSelector_1][Slf4jLoggerFactory.java:95] - closeChannel: close the connection to remote address[] result: true
[${project.name}][${env:SERVER_PORT}] 2023-05-31 23:52:18,418 INFO [NettyClientSelector_1][Slf4jLoggerFactory.java:95] - closeChannel: close the connection to remote address[] result: true
[${project.name}][${env:SERVER_PORT}] 2023-05-31 23:52:47,675 INFO [NettyClientSelector_1][Slf4jLoggerFactory.java:95] - closeChannel: close the connection to remote address[] result: true
[${project.name}][${env:SERVER_PORT}] 2023-05-31 23:52:48,416 INFO [NettyClientSelector_1][Slf4jLoggerFactory.java:95] - closeChannel: close the connection to remote address[] result: true
[${project.name}][${env:SERVER_PORT}] 2023-05-31 23:52:52,464 INFO [AsyncResolver-bootstrap-executor-0][ConfigClusterResolver.java:43] - Resolving eureka endpoints via configuration
[${project.name}][${env:SERVER_PORT}] 2023-05-31 23:53:17,657 INFO [NettyClientSelector_1][Slf4jLoggerFactory.java:95] - closeChannel: close the connection to remote address[] result: true
[${project.name}][${env:SERVER_PORT}] 2023-05-31 23:53:18,416 INFO [NettyClientSelector_1][Slf4jLoggerFactory.java:95] - closeChannel: close the connection to remote address[] result: true
[${project.name}][${env:SERVER_PORT}] 2023-05-31 23:53:47,659 INFO [NettyClientSelector_1][Slf4jLoggerFactory.java:95] - closeChannel: close the connection to remote address[] result: true
[${project.name}][${env:SERVER_PORT}] 2023-05-31 23:53:48,398 INFO [NettyClientSelector_1][Slf4jLoggerFactory.java:95] - closeChannel: close the connection to remote address[] result: true
[${project.name}][${env:SERVER_PORT}] 2023-05-31 23:54:17,672 INFO [NettyClientSelector_1][Slf4jLoggerFactory.java:95] - closeChannel: close the connection to remote address[] result: true
[${project.name}][${env:SERVER_PORT}] 2023-05-31 23:54:18,415 INFO [NettyClientSelector_1][Slf4jLoggerFactory.java:95] - closeChannel: close the connection to remote address[] result: true
[${project.name}][${env:SERVER_PORT}] 2023-05-31 23:54:47,678 INFO [NettyClientSelector_1][Slf4jLoggerFactory.java:95] - closeChannel: close the connection to remote address[] result: true
[${project.name}][${env:SERVER_PORT}] 2023-05-31 23:54:48,431 INFO [NettyClientSelector_1][Slf4jLoggerFactory.java:95] - closeChannel: close the connection to remote address[] result: true
[${project.name}][${env:SERVER_PORT}] 2023-05-31 23:55:17,756 INFO [NettyClientSelector_1][Slf4jLoggerFactory.java:95] - closeChannel: close the connection to remote address[] result: true
[${project.name}][${env:SERVER_PORT}] 2023-05-31 23:55:18,408 INFO [NettyClientSelector_1][Slf4jLoggerFactory.java:95] - closeChannel: close the connection to remote address[] result: true
[${project.name}][${env:SERVER_PORT}] 2023-05-31 23:55:47,666 INFO [NettyClientSelector_1][Slf4jLoggerFactory.java:95] - closeChannel: close the connection to remote address[] result: true
[${project.name}][${env:SERVER_PORT}] 2023-05-31 23:55:48,421 INFO [NettyClientSelector_1][Slf4jLoggerFactory.java:95] - closeChannel: close the connection to remote address[] result: true
[${project.name}][${env:SERVER_PORT}] 2023-05-31 23:56:17,646 INFO [NettyClientSelector_1][Slf4jLoggerFactory.java:95] - closeChannel: close the connection to remote address[] result: true
[${project.name}][${env:SERVER_PORT}] 2023-05-31 23:56:18,414 INFO [NettyClientSelector_1][Slf4jLoggerFactory.java:95] - closeChannel: close the connection to remote address[] result: true
[${project.name}][${env:SERVER_PORT}] 2023-05-31 23:56:47,657 INFO [NettyClientSelector_1][Slf4jLoggerFactory.java:95] - closeChannel: close the connection to remote address[] result: true
[${project.name}][${env:SERVER_PORT}] 2023-05-31 23:56:48,414 INFO [NettyClientSelector_1][Slf4jLoggerFactory.java:95] - closeChannel: close the connection to remote address[] result: true
[${project.name}][${env:SERVER_PORT}] 2023-05-31 23:57:17,677 INFO [NettyClientSelector_1][Slf4jLoggerFactory.java:95] - closeChannel: close the connection to remote address[] result: true
[${project.name}][${env:SERVER_PORT}] 2023-05-31 23:57:18,457 INFO [NettyClientSelector_1][Slf4jLoggerFactory.java:95] - closeChannel: close the connection to remote address[] result: true
[${project.name}][${env:SERVER_PORT}] 2023-05-31 23:57:47,675 INFO [NettyClientSelector_1][Slf4jLoggerFactory.java:95] - closeChannel: close the connection to remote address[] result: true
[${project.name}][${env:SERVER_PORT}] 2023-05-31 23:57:48,408 INFO [NettyClientSelector_1][Slf4jLoggerFactory.java:95] - closeChannel: close the connection to remote address[] result: true
[${project.name}][${env:SERVER_PORT}] 2023-05-31 23:57:52,478 INFO [AsyncResolver-bootstrap-executor-0][ConfigClusterResolver.java:43] - Resolving eureka endpoints via configuration
[${project.name}][${env:SERVER_PORT}] 2023-05-31 23:58:17,673 INFO [NettyClientSelector_1][Slf4jLoggerFactory.java:95] - closeChannel: close the connection to remote address[] result: true
[${project.name}][${env:SERVER_PORT}] 2023-05-31 23:58:18,414 INFO [NettyClientSelector_1][Slf4jLoggerFactory.java:95] - closeChannel: close the connection to remote address[] result: true
[${project.name}][${env:SERVER_PORT}] 2023-05-31 23:58:47,664 INFO [NettyClientSelector_1][Slf4jLoggerFactory.java:95] - closeChannel: close the connection to remote address[] result: true
[${project.name}][${env:SERVER_PORT}] 2023-05-31 23:58:48,417 INFO [NettyClientSelector_1][Slf4jLoggerFactory.java:95] - closeChannel: close the connection to remote address[] result: true
[${project.name}][${env:SERVER_PORT}] 2023-05-31 23:59:17,666 INFO [NettyClientSelector_1][Slf4jLoggerFactory.java:95] - closeChannel: close the connection to remote address[] result: true
[${project.name}][${env:SERVER_PORT}] 2023-05-31 23:59:18,416 INFO [NettyClientSelector_1][Slf4jLoggerFactory.java:95] - closeChannel: close the connection to remote address[] result: true
[${project.name}][${env:SERVER_PORT}] 2023-05-31 23:59:47,693 INFO [NettyClientSelector_1][Slf4jLoggerFactory.java:95] - closeChannel: close the connection to remote address[] result: true
[${project.name}][${env:SERVER_PORT}] 2023-05-31 23:59:48,412 INFO [NettyClientSelector_1][Slf4jLoggerFactory.java:95] - closeChannel: close the connection to remote address[] result: true
