[wanxinp2p-gateway-server][${env:SERVER_PORT}] 2023-05-31 22:04:29,472 INFO [AsyncResolver-bootstrap-executor-0][ConfigClusterResolver.java:43] - Resolving eureka endpoints via configuration
[wanxinp2p-gateway-server][${env:SERVER_PORT}] 2023-05-31 22:09:29,482 INFO [AsyncResolver-bootstrap-executor-0][ConfigClusterResolver.java:43] - Resolving eureka endpoints via configuration
[wanxinp2p-gateway-server][${env:SERVER_PORT}] 2023-05-31 22:14:29,490 INFO [AsyncResolver-bootstrap-executor-0][ConfigClusterResolver.java:43] - Resolving eureka endpoints via configuration
[wanxinp2p-gateway-server][${env:SERVER_PORT}] 2023-05-31 22:19:29,504 INFO [AsyncResolver-bootstrap-executor-0][ConfigClusterResolver.java:43] - Resolving eureka endpoints via configuration
[wanxinp2p-gateway-server][${env:SERVER_PORT}] 2023-05-31 22:24:29,508 INFO [AsyncResolver-bootstrap-executor-0][ConfigClusterResolver.java:43] - Resolving eureka endpoints via configuration
[wanxinp2p-gateway-server][${env:SERVER_PORT}] 2023-05-31 22:26:30,598 INFO [http-nio-53010-exec-9][ChainedDynamicProperty.java:115] - Flipping property: uaa-service.ribbon.ActiveConnectionsLimit to use NEXT property: niws.loadbalancer.availabilityFilteringRule.activeConnectionsLimit = 2147483647
[wanxinp2p-gateway-server][${env:SERVER_PORT}] 2023-05-31 22:26:30,678 INFO [http-nio-53010-exec-9][ShutdownEnabledTimer.java:58] - Shutdown hook installed for: NFLoadBalancer-PingTimer-uaa-service
[wanxinp2p-gateway-server][${env:SERVER_PORT}] 2023-05-31 22:26:30,679 INFO [http-nio-53010-exec-9][BaseLoadBalancer.java:197] - Client: uaa-service instantiated a LoadBalancer: DynamicServerListLoadBalancer:{NFLoadBalancer:name=uaa-service,current list of Servers=[],Load balancer stats=Zone stats: {},Server stats: []}ServerList:null
[wanxinp2p-gateway-server][${env:SERVER_PORT}] 2023-05-31 22:26:30,728 INFO [http-nio-53010-exec-9][DynamicServerListLoadBalancer.java:222] - Using serverListUpdater PollingServerListUpdater
[wanxinp2p-gateway-server][${env:SERVER_PORT}] 2023-05-31 22:26:30,943 INFO [http-nio-53010-exec-9][ChainedDynamicProperty.java:115] - Flipping property: uaa-service.ribbon.ActiveConnectionsLimit to use NEXT property: niws.loadbalancer.availabilityFilteringRule.activeConnectionsLimit = 2147483647
[wanxinp2p-gateway-server][${env:SERVER_PORT}] 2023-05-31 22:26:30,973 INFO [http-nio-53010-exec-9][DynamicServerListLoadBalancer.java:150] - DynamicServerListLoadBalancer for client uaa-service initialized: DynamicServerListLoadBalancer:{NFLoadBalancer:name=uaa-service,current list of Servers=[10.18.35.163:53020],Load balancer stats=Zone stats: {defaultzone=[Zone:defaultzone;	Instance count:1;	Active connections count: 0;	Circuit breaker tripped count: 0;	Active connections per server: 0.0;]
},Server stats: [[Server:10.18.35.163:53020;	Zone:defaultZone;	Total Requests:0;	Successive connection failure:0;	Total blackout seconds:0;	Last connection made:Thu Jan 01 08:00:00 CST 1970;	First connection made: Thu Jan 01 08:00:00 CST 1970;	Active Connections:0;	total failure count in last (1000) msecs:0;	average resp time:0.0;	90 percentile resp time:0.0;	95 percentile resp time:0.0;	min resp time:0.0;	max resp time:0.0;	stddev resp time:0.0]
]}ServerList:org.springframework.cloud.netflix.ribbon.eureka.DomainExtractingServerList@2a1cd146
[wanxinp2p-gateway-server][${env:SERVER_PORT}] 2023-05-31 22:26:31,760 INFO [PollingServerListUpdater-0][ChainedDynamicProperty.java:115] - Flipping property: uaa-service.ribbon.ActiveConnectionsLimit to use NEXT property: niws.loadbalancer.availabilityFilteringRule.activeConnectionsLimit = 2147483647
[wanxinp2p-gateway-server][${env:SERVER_PORT}] 2023-05-31 22:27:27,396 INFO [DiscoveryClient-HeartbeatExecutor-0][DiscoveryClient.java:850] - DiscoveryClient_GATEWAY-SERVER/gateway-server:10.18.35.163:53010 - Re-registering apps/GATEWAY-SERVER
[wanxinp2p-gateway-server][${env:SERVER_PORT}] 2023-05-31 22:27:27,396 INFO [DiscoveryClient-HeartbeatExecutor-0][DiscoveryClient.java:826] - DiscoveryClient_GATEWAY-SERVER/gateway-server:10.18.35.163:53010: registering service...
[wanxinp2p-gateway-server][${env:SERVER_PORT}] 2023-05-31 22:27:27,479 INFO [DiscoveryClient-HeartbeatExecutor-0][DiscoveryClient.java:835] - DiscoveryClient_GATEWAY-SERVER/gateway-server:10.18.35.163:53010 - registration status: 204
[wanxinp2p-gateway-server][${env:SERVER_PORT}] 2023-05-31 22:29:29,509 INFO [AsyncResolver-bootstrap-executor-0][ConfigClusterResolver.java:43] - Resolving eureka endpoints via configuration
[wanxinp2p-gateway-server][${env:SERVER_PORT}] 2023-05-31 22:34:29,519 INFO [AsyncResolver-bootstrap-executor-0][ConfigClusterResolver.java:43] - Resolving eureka endpoints via configuration
[wanxinp2p-gateway-server][${env:SERVER_PORT}] 2023-05-31 22:39:11,206 INFO [http-nio-53010-exec-3][ChainedDynamicProperty.java:115] - Flipping property: account-service.ribbon.ActiveConnectionsLimit to use NEXT property: niws.loadbalancer.availabilityFilteringRule.activeConnectionsLimit = 2147483647
[wanxinp2p-gateway-server][${env:SERVER_PORT}] 2023-05-31 22:39:11,211 INFO [http-nio-53010-exec-3][ShutdownEnabledTimer.java:58] - Shutdown hook installed for: NFLoadBalancer-PingTimer-account-service
[wanxinp2p-gateway-server][${env:SERVER_PORT}] 2023-05-31 22:39:11,212 INFO [http-nio-53010-exec-3][BaseLoadBalancer.java:197] - Client: account-service instantiated a LoadBalancer: DynamicServerListLoadBalancer:{NFLoadBalancer:name=account-service,current list of Servers=[],Load balancer stats=Zone stats: {},Server stats: []}ServerList:null
[wanxinp2p-gateway-server][${env:SERVER_PORT}] 2023-05-31 22:39:11,215 INFO [http-nio-53010-exec-3][DynamicServerListLoadBalancer.java:222] - Using serverListUpdater PollingServerListUpdater
[wanxinp2p-gateway-server][${env:SERVER_PORT}] 2023-05-31 22:39:11,217 INFO [http-nio-53010-exec-3][ChainedDynamicProperty.java:115] - Flipping property: account-service.ribbon.ActiveConnectionsLimit to use NEXT property: niws.loadbalancer.availabilityFilteringRule.activeConnectionsLimit = 2147483647
[wanxinp2p-gateway-server][${env:SERVER_PORT}] 2023-05-31 22:39:11,219 INFO [http-nio-53010-exec-3][DynamicServerListLoadBalancer.java:150] - DynamicServerListLoadBalancer for client account-service initialized: DynamicServerListLoadBalancer:{NFLoadBalancer:name=account-service,current list of Servers=[10.18.35.163:53030],Load balancer stats=Zone stats: {defaultzone=[Zone:defaultzone;	Instance count:1;	Active connections count: 0;	Circuit breaker tripped count: 0;	Active connections per server: 0.0;]
},Server stats: [[Server:10.18.35.163:53030;	Zone:defaultZone;	Total Requests:0;	Successive connection failure:0;	Total blackout seconds:0;	Last connection made:Thu Jan 01 08:00:00 CST 1970;	First connection made: Thu Jan 01 08:00:00 CST 1970;	Active Connections:0;	total failure count in last (1000) msecs:0;	average resp time:0.0;	90 percentile resp time:0.0;	95 percentile resp time:0.0;	min resp time:0.0;	max resp time:0.0;	stddev resp time:0.0]
]}ServerList:org.springframework.cloud.netflix.ribbon.eureka.DomainExtractingServerList@3a9eaa78
[wanxinp2p-gateway-server][${env:SERVER_PORT}] 2023-05-31 22:39:12,220 INFO [PollingServerListUpdater-0][ChainedDynamicProperty.java:115] - Flipping property: account-service.ribbon.ActiveConnectionsLimit to use NEXT property: niws.loadbalancer.availabilityFilteringRule.activeConnectionsLimit = 2147483647
[wanxinp2p-gateway-server][${env:SERVER_PORT}] 2023-05-31 22:39:29,524 INFO [AsyncResolver-bootstrap-executor-0][ConfigClusterResolver.java:43] - Resolving eureka endpoints via configuration
[wanxinp2p-gateway-server][${env:SERVER_PORT}] 2023-05-31 22:39:49,843 INFO [Thread-84][PollingServerListUpdater.java:53] - Shutting down the Executor Pool for PollingServerListUpdater
[wanxinp2p-gateway-server][${env:SERVER_PORT}] 2023-05-31 22:39:49,947 INFO [Thread-68][EurekaServiceRegistry.java:65] - Unregistering application GATEWAY-SERVER with eureka with status DOWN
[wanxinp2p-gateway-server][${env:SERVER_PORT}] 2023-05-31 22:39:49,988 WARN [Thread-68][DiscoveryClient.java:1303] - Saw local status change event StatusChangeEvent [timestamp=1685543989988, current=DOWN, previous=UP]
[wanxinp2p-gateway-server][${env:SERVER_PORT}] 2023-05-31 22:39:50,022 INFO [DiscoveryClient-InstanceInfoReplicator-0][DiscoveryClient.java:826] - DiscoveryClient_GATEWAY-SERVER/gateway-server:10.18.35.163:53010: registering service...
[wanxinp2p-gateway-server][${env:SERVER_PORT}] 2023-05-31 22:39:50,042 INFO [DiscoveryClient-InstanceInfoReplicator-0][DiscoveryClient.java:835] - DiscoveryClient_GATEWAY-SERVER/gateway-server:10.18.35.163:53010 - registration status: 204
[wanxinp2p-gateway-server][${env:SERVER_PORT}] 2023-05-31 22:39:50,060 INFO [Thread-68][ZuulFilterInitializer.java:77] - Stopping filter initializer
[wanxinp2p-gateway-server][${env:SERVER_PORT}] 2023-05-31 22:39:50,110 INFO [Thread-68][ShutdownEnabledTimer.java:67] - Shutdown hook removed for: NFLoadBalancer-PingTimer-account-service
[wanxinp2p-gateway-server][${env:SERVER_PORT}] 2023-05-31 22:39:50,110 INFO [Thread-68][ShutdownEnabledTimer.java:72] - Exception caught (might be ok if at shutdown)
java.lang.IllegalStateException: Shutdown in progress
	at java.lang.ApplicationShutdownHooks.remove(ApplicationShutdownHooks.java:82)
	at java.lang.Runtime.removeShutdownHook(Runtime.java:239)
	at com.netflix.util.concurrent.ShutdownEnabledTimer.cancel(ShutdownEnabledTimer.java:70)
	at com.netflix.loadbalancer.BaseLoadBalancer.cancelPingTask(BaseLoadBalancer.java:632)
	at com.netflix.loadbalancer.BaseLoadBalancer.shutdown(BaseLoadBalancer.java:883)
	at com.netflix.loadbalancer.DynamicServerListLoadBalancer.shutdown(DynamicServerListLoadBalancer.java:285)
	at sun.reflect.NativeMethodAccessorImpl.invoke0(Native Method)
	at sun.reflect.NativeMethodAccessorImpl.invoke(NativeMethodAccessorImpl.java:62)
	at sun.reflect.DelegatingMethodAccessorImpl.invoke(DelegatingMethodAccessorImpl.java:43)
	at java.lang.reflect.Method.invoke(Method.java:483)
	at org.springframework.beans.factory.support.DisposableBeanAdapter.invokeCustomDestroyMethod(DisposableBeanAdapter.java:337)
	at org.springframework.beans.factory.support.DisposableBeanAdapter.destroy(DisposableBeanAdapter.java:271)
	at org.springframework.beans.factory.support.DefaultSingletonBeanRegistry.destroyBean(DefaultSingletonBeanRegistry.java:571)
	at org.springframework.beans.factory.support.DefaultSingletonBeanRegistry.destroySingleton(DefaultSingletonBeanRegistry.java:543)
	at org.springframework.beans.factory.support.DefaultListableBeanFactory.destroySingleton(DefaultListableBeanFactory.java:1055)
	at org.springframework.beans.factory.support.DefaultSingletonBeanRegistry.destroySingletons(DefaultSingletonBeanRegistry.java:504)
	at org.springframework.beans.factory.support.DefaultListableBeanFactory.destroySingletons(DefaultListableBeanFactory.java:1062)
	at org.springframework.context.support.AbstractApplicationContext.destroyBeans(AbstractApplicationContext.java:1057)
	at org.springframework.context.support.AbstractApplicationContext.doClose(AbstractApplicationContext.java:1026)
	at org.springframework.context.support.AbstractApplicationContext.close(AbstractApplicationContext.java:975)
	at org.springframework.cloud.context.named.NamedContextFactory.destroy(NamedContextFactory.java:79)
	at org.springframework.beans.factory.support.DisposableBeanAdapter.destroy(DisposableBeanAdapter.java:256)
	at org.springframework.beans.factory.support.DefaultSingletonBeanRegistry.destroyBean(DefaultSingletonBeanRegistry.java:571)
	at org.springframework.beans.factory.support.DefaultSingletonBeanRegistry.destroySingleton(DefaultSingletonBeanRegistry.java:543)
	at org.springframework.beans.factory.support.DefaultListableBeanFactory.destroySingleton(DefaultListableBeanFactory.java:1055)
	at org.springframework.beans.factory.support.DefaultSingletonBeanRegistry.destroySingletons(DefaultSingletonBeanRegistry.java:504)
	at org.springframework.beans.factory.support.DefaultListableBeanFactory.destroySingletons(DefaultListableBeanFactory.java:1062)
	at org.springframework.context.support.AbstractApplicationContext.destroyBeans(AbstractApplicationContext.java:1057)
	at org.springframework.context.support.AbstractApplicationContext.doClose(AbstractApplicationContext.java:1026)
	at org.springframework.context.support.AbstractApplicationContext$1.run(AbstractApplicationContext.java:945)
[wanxinp2p-gateway-server][${env:SERVER_PORT}] 2023-05-31 22:39:50,147 INFO [Thread-68][ShutdownEnabledTimer.java:67] - Shutdown hook removed for: NFLoadBalancer-PingTimer-uaa-service
[wanxinp2p-gateway-server][${env:SERVER_PORT}] 2023-05-31 22:39:50,148 INFO [Thread-68][ShutdownEnabledTimer.java:72] - Exception caught (might be ok if at shutdown)
java.lang.IllegalStateException: Shutdown in progress
	at java.lang.ApplicationShutdownHooks.remove(ApplicationShutdownHooks.java:82)
	at java.lang.Runtime.removeShutdownHook(Runtime.java:239)
	at com.netflix.util.concurrent.ShutdownEnabledTimer.cancel(ShutdownEnabledTimer.java:70)
	at com.netflix.loadbalancer.BaseLoadBalancer.cancelPingTask(BaseLoadBalancer.java:632)
	at com.netflix.loadbalancer.BaseLoadBalancer.shutdown(BaseLoadBalancer.java:883)
	at com.netflix.loadbalancer.DynamicServerListLoadBalancer.shutdown(DynamicServerListLoadBalancer.java:285)
	at sun.reflect.NativeMethodAccessorImpl.invoke0(Native Method)
	at sun.reflect.NativeMethodAccessorImpl.invoke(NativeMethodAccessorImpl.java:62)
	at sun.reflect.DelegatingMethodAccessorImpl.invoke(DelegatingMethodAccessorImpl.java:43)
	at java.lang.reflect.Method.invoke(Method.java:483)
	at org.springframework.beans.factory.support.DisposableBeanAdapter.invokeCustomDestroyMethod(DisposableBeanAdapter.java:337)
	at org.springframework.beans.factory.support.DisposableBeanAdapter.destroy(DisposableBeanAdapter.java:271)
	at org.springframework.beans.factory.support.DefaultSingletonBeanRegistry.destroyBean(DefaultSingletonBeanRegistry.java:571)
	at org.springframework.beans.factory.support.DefaultSingletonBeanRegistry.destroySingleton(DefaultSingletonBeanRegistry.java:543)
	at org.springframework.beans.factory.support.DefaultListableBeanFactory.destroySingleton(DefaultListableBeanFactory.java:1055)
	at org.springframework.beans.factory.support.DefaultSingletonBeanRegistry.destroySingletons(DefaultSingletonBeanRegistry.java:504)
	at org.springframework.beans.factory.support.DefaultListableBeanFactory.destroySingletons(DefaultListableBeanFactory.java:1062)
	at org.springframework.context.support.AbstractApplicationContext.destroyBeans(AbstractApplicationContext.java:1057)
	at org.springframework.context.support.AbstractApplicationContext.doClose(AbstractApplicationContext.java:1026)
	at org.springframework.context.support.AbstractApplicationContext.close(AbstractApplicationContext.java:975)
	at org.springframework.cloud.context.named.NamedContextFactory.destroy(NamedContextFactory.java:79)
	at org.springframework.beans.factory.support.DisposableBeanAdapter.destroy(DisposableBeanAdapter.java:256)
	at org.springframework.beans.factory.support.DefaultSingletonBeanRegistry.destroyBean(DefaultSingletonBeanRegistry.java:571)
	at org.springframework.beans.factory.support.DefaultSingletonBeanRegistry.destroySingleton(DefaultSingletonBeanRegistry.java:543)
	at org.springframework.beans.factory.support.DefaultListableBeanFactory.destroySingleton(DefaultListableBeanFactory.java:1055)
	at org.springframework.beans.factory.support.DefaultSingletonBeanRegistry.destroySingletons(DefaultSingletonBeanRegistry.java:504)
	at org.springframework.beans.factory.support.DefaultListableBeanFactory.destroySingletons(DefaultListableBeanFactory.java:1062)
	at org.springframework.context.support.AbstractApplicationContext.destroyBeans(AbstractApplicationContext.java:1057)
	at org.springframework.context.support.AbstractApplicationContext.doClose(AbstractApplicationContext.java:1026)
	at org.springframework.context.support.AbstractApplicationContext$1.run(AbstractApplicationContext.java:945)
[wanxinp2p-gateway-server][${env:SERVER_PORT}] 2023-05-31 22:39:50,268 INFO [Thread-68][ExecutorConfigurationSupport.java:208] - Shutting down ExecutorService 'applicationTaskExecutor'
[wanxinp2p-gateway-server][${env:SERVER_PORT}] 2023-05-31 22:39:52,033 INFO [Thread-68][DiscoveryClient.java:888] - Shutting down DiscoveryClient ...
[wanxinp2p-gateway-server][${env:SERVER_PORT}] 2023-05-31 22:39:55,048 INFO [Thread-68][DiscoveryClient.java:922] - Unregistering ...
[wanxinp2p-gateway-server][${env:SERVER_PORT}] 2023-05-31 22:39:55,067 INFO [Thread-68][DiscoveryClient.java:924] - DiscoveryClient_GATEWAY-SERVER/gateway-server:10.18.35.163:53010 - deregister  status: 200
[wanxinp2p-gateway-server][${env:SERVER_PORT}] 2023-05-31 22:39:55,089 INFO [Thread-68][DiscoveryClient.java:911] - Completed shut down of DiscoveryClient
[wanxinp2p-gateway-server][${env:SERVER_PORT}] 2023-05-31 22:40:03,208 INFO [main][DefaultApplicationProvider.java:85] - App ID is set to gateway-server by app.id property from System Property
[wanxinp2p-gateway-server][${env:SERVER_PORT}] 2023-05-31 22:40:03,213 INFO [main][DefaultServerProvider.java:108] - Environment is set to [dev] by JVM system property 'env'.
[wanxinp2p-gateway-server][${env:SERVER_PORT}] 2023-05-31 22:40:03,251 WARN [main][DefaultMetaServerProvider.java:39] - Could not find meta server address, because it is not available in neither (1) JVM system property 'apollo.meta', (2) OS env variable 'APOLLO_META' (3) property 'apollo.meta' from server.properties nor (4) property 'apollo.meta' from app.properties
[wanxinp2p-gateway-server][${env:SERVER_PORT}] 2023-05-31 22:40:03,255 INFO [main][MetaDomainConsts.java:93] - Located meta server address http://localhost:8080 for env DEV from com.ctrip.framework.apollo.core.internals.LegacyMetaServerProvider
[wanxinp2p-gateway-server][${env:SERVER_PORT}] 2023-05-31 22:40:22,294 INFO [main][SpringApplication.java:675] - No active profile set, falling back to default profiles: default
[wanxinp2p-gateway-server][${env:SERVER_PORT}] 2023-05-31 22:40:23,616 INFO [main][RepositoryConfigurationDelegate.java:244] - Multiple Spring Data modules found, entering strict repository configuration mode!
[wanxinp2p-gateway-server][${env:SERVER_PORT}] 2023-05-31 22:40:23,623 INFO [main][RepositoryConfigurationDelegate.java:126] - Bootstrapping Spring Data repositories in DEFAULT mode.
[wanxinp2p-gateway-server][${env:SERVER_PORT}] 2023-05-31 22:40:23,673 INFO [main][RepositoryConfigurationDelegate.java:182] - Finished Spring Data repository scanning in 27ms. Found 0 repository interfaces.
[wanxinp2p-gateway-server][${env:SERVER_PORT}] 2023-05-31 22:40:23,829 WARN [main][EndpointId.java:135] - Endpoint ID 'service-registry' contains invalid characters, please migrate to a valid format.
[wanxinp2p-gateway-server][${env:SERVER_PORT}] 2023-05-31 22:40:23,849 WARN [main][EndpointId.java:135] - Endpoint ID 'hystrix.stream' contains invalid characters, please migrate to a valid format.
[wanxinp2p-gateway-server][${env:SERVER_PORT}] 2023-05-31 22:40:24,031 INFO [main][ConfigurationClassPostProcessor.java:380] - Cannot enhance @Configuration bean definition 'com.ctrip.framework.apollo.spring.boot.ApolloAutoConfiguration' since its singleton instance has been created too early. The typical cause is a non-static @Bean method with a BeanDefinitionRegistryPostProcessor return type: Consider declaring such methods as 'static'.
[wanxinp2p-gateway-server][${env:SERVER_PORT}] 2023-05-31 22:40:24,246 INFO [main][GenericScope.java:294] - BeanFactory id=f3c7da29-578f-3fbb-b3c7-c5ced24a30c1
[wanxinp2p-gateway-server][${env:SERVER_PORT}] 2023-05-31 22:40:24,280 WARN [main][PropertySourcesDeducer.java:75] - Multiple PropertySourcesPlaceholderConfigurer beans registered [propertySourcesPlaceholderConfigurer, org.springframework.context.support.PropertySourcesPlaceholderConfigurer], falling back to Environment
[wanxinp2p-gateway-server][${env:SERVER_PORT}] 2023-05-31 22:40:24,607 INFO [main][PostProcessorRegistrationDelegate.java:330] - Bean 'org.springframework.cloud.autoconfigure.ConfigurationPropertiesRebinderAutoConfiguration' of type [org.springframework.cloud.autoconfigure.ConfigurationPropertiesRebinderAutoConfiguration$$EnhancerBySpringCGLIB$$b3f32a1f] is not eligible for getting processed by all BeanPostProcessors (for example: not eligible for auto-proxying)
[wanxinp2p-gateway-server][${env:SERVER_PORT}] 2023-05-31 22:40:25,044 INFO [main][TomcatWebServer.java:90] - Tomcat initialized with port(s): 53010 (http)
[wanxinp2p-gateway-server][${env:SERVER_PORT}] 2023-05-31 22:40:25,066 INFO [main][DirectJDKLog.java:173] - Initializing ProtocolHandler ["http-nio-53010"]
[wanxinp2p-gateway-server][${env:SERVER_PORT}] 2023-05-31 22:40:25,078 INFO [main][DirectJDKLog.java:173] - Starting service [Tomcat]
[wanxinp2p-gateway-server][${env:SERVER_PORT}] 2023-05-31 22:40:25,079 INFO [main][DirectJDKLog.java:173] - Starting Servlet engine: [Apache Tomcat/9.0.16]
[wanxinp2p-gateway-server][${env:SERVER_PORT}] 2023-05-31 22:40:25,091 INFO [main][DirectJDKLog.java:173] - The APR based Apache Tomcat Native library which allows optimal performance in production environments was not found on the java.library.path: [D:\java\javaSE1.8\jdk1.8\bin;C:\WINDOWS\Sun\Java\bin;C:\WINDOWS\system32;C:\WINDOWS;E:\VMware\bin\;C:\Program Files\NVIDIA GPU Computing Toolkit\CUDA\v11.4\bin;C:\Program Files\NVIDIA GPU Computing Toolkit\CUDA\v11.4\libnvvp;C:\WINDOWS\system32;C:\WINDOWS;C:\WINDOWS\System32\Wbem;C:\WINDOWS\System32\WindowsPowerShell\v1.0\;C:\WINDOWS\System32\OpenSSH\;C:\Program Files (x86)\NVIDIA Corporation\PhysX\Common;C:\Program Files\NVIDIA Corporation\NVIDIA NvDLISR;C:\Program Files\dotnet\;E:\opencv_4.5.0\opencv_vs2019\install\x64\vc16\bin;C:\MinGW\bin;C:\Users\yy228\Anaconda3;C:\Users\yy228\Anaconda3\Library\mingw-w64\bin;C:\Users\yy228\Anaconda3\Library\usr\bin;C:\Users\yy228\Anaconda3\Library\bin;C:\Users\yy228\Anaconda3\Scripts;C:\Program Files\NVIDIA Corporation\Nsight Compute 2019.1\;D:\java\javaSE1.8\jdk1.8\bin;D:\java\javaSE1.8\jdk1.8\jre\bin;D:\apache-maven-3.6.0\bin;C:\Program Files\Git\cmd;C:\Program Files (x86)\NetSarang\Xshell 7\;C:\Program Files (x86)\NetSarang\Xftp 7\;C:\Users\yy228\AppData\Local\Yarn\bin;C:\texlive\2022\bin\win32;C:\Program Files (x86)\Git\cmd;C:\Program Files\TortoiseGit\bin;D:\nodejs\;D:\Microsoft VS Code\bin;D:\java\javaSE1.8\jdk1.8\bin;D:\java\javaSE1.8\jdk1.8\jre\bin;C:\Users\yy228\AppData\Local\Microsoft\WindowsApps;C:\Users\yy228\.dotnet\tools;C:\Program Files\Bandizip\;C:\Program Files\CMake\bin;C:\Program Files\JetBrains\PyCharm 2020.1.3\bin;;D:\mysql\mysql-5.7.19-winx64\bin;C:\Users\yy228\AppData\Roaming\npm;D:\nodejs\node_global;D:\datagrip\DataGrip 2022.2.2\bin;;C:\Users\yy228\AppData\Local\GitHubDesktop\bin;E:\JetBrains\IntelliJ IDEA 2022.1.1\bin;;D:\VSCode\Microsoft VS Code\bin;.]
[wanxinp2p-gateway-server][${env:SERVER_PORT}] 2023-05-31 22:40:25,328 INFO [main][DirectJDKLog.java:173] - Initializing Spring embedded WebApplicationContext
[wanxinp2p-gateway-server][${env:SERVER_PORT}] 2023-05-31 22:40:25,328 INFO [main][ServletWebServerApplicationContext.java:296] - Root WebApplicationContext: initialization completed in 3018 ms
[wanxinp2p-gateway-server][${env:SERVER_PORT}] 2023-05-31 22:40:25,491 WARN [main][URLConfigurationSource.java:121] - No URLs will be polled as dynamic configuration sources.
[wanxinp2p-gateway-server][${env:SERVER_PORT}] 2023-05-31 22:40:25,492 INFO [main][URLConfigurationSource.java:122] - To enable URLs as dynamic configuration sources, define System property archaius.configurationSource.additionalUrls or make config.properties available on classpath.
[wanxinp2p-gateway-server][${env:SERVER_PORT}] 2023-05-31 22:40:25,509 INFO [main][DynamicPropertyFactory.java:281] - DynamicPropertyFactory is initialized with configuration sources: com.netflix.config.ConcurrentCompositeConfiguration@37c37d67
[wanxinp2p-gateway-server][${env:SERVER_PORT}] 2023-05-31 22:40:28,518 INFO [main][EndpointLinksResolver.java:59] - Exposing 2 endpoint(s) beneath base path '/actuator'
[wanxinp2p-gateway-server][${env:SERVER_PORT}] 2023-05-31 22:40:28,626 WARN [main][JwtAccessTokenConverter.java:302] - Unable to create an RSA verifier from verifierKey (ignoreable if using MAC)
[wanxinp2p-gateway-server][${env:SERVER_PORT}] 2023-05-31 22:40:28,738 INFO [main][PropertySourcedRequestMappingHandlerMapping.java:69] - Mapped URL path [/v2/api-docs] onto method [public org.springframework.http.ResponseEntity<springfox.documentation.spring.web.json.Json> springfox.documentation.swagger2.web.Swagger2Controller.getDocumentation(java.lang.String,javax.servlet.http.HttpServletRequest)]
[wanxinp2p-gateway-server][${env:SERVER_PORT}] 2023-05-31 22:40:28,757 WARN [main][URLConfigurationSource.java:121] - No URLs will be polled as dynamic configuration sources.
[wanxinp2p-gateway-server][${env:SERVER_PORT}] 2023-05-31 22:40:28,757 INFO [main][URLConfigurationSource.java:122] - To enable URLs as dynamic configuration sources, define System property archaius.configurationSource.additionalUrls or make config.properties available on classpath.
[wanxinp2p-gateway-server][${env:SERVER_PORT}] 2023-05-31 22:40:29,007 INFO [main][ExecutorConfigurationSupport.java:171] - Initializing ExecutorService 'applicationTaskExecutor'
[wanxinp2p-gateway-server][${env:SERVER_PORT}] 2023-05-31 22:40:29,504 INFO [main][UserDetailsServiceAutoConfiguration.java:86] - 

Using generated security password: ca50d2cf-17c8-4ee5-9558-1530d663d567

[wanxinp2p-gateway-server][${env:SERVER_PORT}] 2023-05-31 22:40:29,699 INFO [main][DefaultSecurityFilterChain.java:43] - Creating filter chain: any request, [org.springframework.security.web.context.request.async.WebAsyncManagerIntegrationFilter@68e62b3b, org.springframework.security.web.context.SecurityContextPersistenceFilter@6bd8c398, org.springframework.security.web.header.HeaderWriterFilter@75d9b73c, org.springframework.security.web.authentication.logout.LogoutFilter@3cc548f6, org.springframework.security.oauth2.provider.authentication.OAuth2AuthenticationProcessingFilter@67cd193d, org.springframework.security.web.savedrequest.RequestCacheAwareFilter@1e487d57, org.springframework.security.web.servletapi.SecurityContextHolderAwareRequestFilter@6b60d99c, org.springframework.security.web.authentication.AnonymousAuthenticationFilter@34c2e03d, org.springframework.security.web.session.SessionManagementFilter@16279a5d, org.springframework.security.web.access.ExceptionTranslationFilter@66d73e2d, org.springframework.security.web.access.intercept.FilterSecurityInterceptor@4bd1b07d]
[wanxinp2p-gateway-server][${env:SERVER_PORT}] 2023-05-31 22:40:30,700 INFO [main][ZuulFilterInitializer.java:65] - Starting filter initializer
[wanxinp2p-gateway-server][${env:SERVER_PORT}] 2023-05-31 22:40:30,895 INFO [main][InstanceInfoFactory.java:71] - Setting initial instance status as: STARTING
[wanxinp2p-gateway-server][${env:SERVER_PORT}] 2023-05-31 22:40:30,959 INFO [main][DiscoveryClient.java:349] - Initializing Eureka in region us-east-1
[wanxinp2p-gateway-server][${env:SERVER_PORT}] 2023-05-31 22:40:31,050 INFO [main][DiscoveryJerseyProvider.java:70] - Using JSON encoding codec LegacyJacksonJson
[wanxinp2p-gateway-server][${env:SERVER_PORT}] 2023-05-31 22:40:31,051 INFO [main][DiscoveryJerseyProvider.java:71] - Using JSON decoding codec LegacyJacksonJson
[wanxinp2p-gateway-server][${env:SERVER_PORT}] 2023-05-31 22:40:31,236 INFO [main][DiscoveryJerseyProvider.java:80] - Using XML encoding codec XStreamXml
[wanxinp2p-gateway-server][${env:SERVER_PORT}] 2023-05-31 22:40:31,236 INFO [main][DiscoveryJerseyProvider.java:81] - Using XML decoding codec XStreamXml
[wanxinp2p-gateway-server][${env:SERVER_PORT}] 2023-05-31 22:40:31,692 INFO [main][ConfigClusterResolver.java:43] - Resolving eureka endpoints via configuration
[wanxinp2p-gateway-server][${env:SERVER_PORT}] 2023-05-31 22:40:32,182 INFO [main][DiscoveryClient.java:958] - Disable delta property : false
[wanxinp2p-gateway-server][${env:SERVER_PORT}] 2023-05-31 22:40:32,183 INFO [main][DiscoveryClient.java:959] - Single vip registry refresh property : null
[wanxinp2p-gateway-server][${env:SERVER_PORT}] 2023-05-31 22:40:32,183 INFO [main][DiscoveryClient.java:960] - Force full registry fetch : false
[wanxinp2p-gateway-server][${env:SERVER_PORT}] 2023-05-31 22:40:32,183 INFO [main][DiscoveryClient.java:961] - Application is null : false
[wanxinp2p-gateway-server][${env:SERVER_PORT}] 2023-05-31 22:40:32,183 INFO [main][DiscoveryClient.java:962] - Registered Applications size is zero : true
[wanxinp2p-gateway-server][${env:SERVER_PORT}] 2023-05-31 22:40:32,184 INFO [main][DiscoveryClient.java:964] - Application version is -1: true
[wanxinp2p-gateway-server][${env:SERVER_PORT}] 2023-05-31 22:40:32,184 INFO [main][DiscoveryClient.java:1047] - Getting all instance registry info from the eureka server
[wanxinp2p-gateway-server][${env:SERVER_PORT}] 2023-05-31 22:40:32,390 INFO [main][DiscoveryClient.java:1056] - The response status is 200
[wanxinp2p-gateway-server][${env:SERVER_PORT}] 2023-05-31 22:40:32,394 INFO [main][DiscoveryClient.java:1270] - Starting heartbeat executor: renew interval is: 30
[wanxinp2p-gateway-server][${env:SERVER_PORT}] 2023-05-31 22:40:32,398 INFO [main][InstanceInfoReplicator.java:60] - InstanceInfoReplicator onDemand update allowed rate per min is 4
[wanxinp2p-gateway-server][${env:SERVER_PORT}] 2023-05-31 22:40:32,404 INFO [main][DiscoveryClient.java:449] - Discovery Client initialized at timestamp 1685544032403 with initial instances count: 3
[wanxinp2p-gateway-server][${env:SERVER_PORT}] 2023-05-31 22:40:32,409 INFO [main][EurekaServiceRegistry.java:42] - Registering application GATEWAY-SERVER with eureka with status UP
[wanxinp2p-gateway-server][${env:SERVER_PORT}] 2023-05-31 22:40:32,410 INFO [main][DiscoveryClient.java:1305] - Saw local status change event StatusChangeEvent [timestamp=1685544032410, current=UP, previous=STARTING]
[wanxinp2p-gateway-server][${env:SERVER_PORT}] 2023-05-31 22:40:32,413 INFO [DiscoveryClient-InstanceInfoReplicator-0][DiscoveryClient.java:826] - DiscoveryClient_GATEWAY-SERVER/gateway-server:10.18.35.163:53010: registering service...
[wanxinp2p-gateway-server][${env:SERVER_PORT}] 2023-05-31 22:40:32,414 INFO [main][DocumentationPluginsBootstrapper.java:160] - Context refreshed
[wanxinp2p-gateway-server][${env:SERVER_PORT}] 2023-05-31 22:40:32,431 INFO [main][DocumentationPluginsBootstrapper.java:163] - Found 1 custom documentation plugin(s)
[wanxinp2p-gateway-server][${env:SERVER_PORT}] 2023-05-31 22:40:32,507 INFO [DiscoveryClient-InstanceInfoReplicator-0][DiscoveryClient.java:835] - DiscoveryClient_GATEWAY-SERVER/gateway-server:10.18.35.163:53010 - registration status: 204
[wanxinp2p-gateway-server][${env:SERVER_PORT}] 2023-05-31 22:40:32,533 INFO [main][ApiListingReferenceScanner.java:41] - Scanning for api listing references
[wanxinp2p-gateway-server][${env:SERVER_PORT}] 2023-05-31 22:40:32,733 INFO [main][CachingOperationNameGenerator.java:40] - Generating unique operation named: handleUsingGET_1
[wanxinp2p-gateway-server][${env:SERVER_PORT}] 2023-05-31 22:40:32,735 INFO [main][CachingOperationNameGenerator.java:40] - Generating unique operation named: handleUsingGET_2
[wanxinp2p-gateway-server][${env:SERVER_PORT}] 2023-05-31 22:40:32,737 INFO [main][CachingOperationNameGenerator.java:40] - Generating unique operation named: handleUsingGET_3
[wanxinp2p-gateway-server][${env:SERVER_PORT}] 2023-05-31 22:40:32,778 INFO [main][DirectJDKLog.java:173] - Starting ProtocolHandler ["http-nio-53010"]
[wanxinp2p-gateway-server][${env:SERVER_PORT}] 2023-05-31 22:40:32,817 INFO [main][TomcatWebServer.java:204] - Tomcat started on port(s): 53010 (http) with context path ''
[wanxinp2p-gateway-server][${env:SERVER_PORT}] 2023-05-31 22:40:32,819 INFO [main][EurekaAutoServiceRegistration.java:141] - Updating port to 53010
[wanxinp2p-gateway-server][${env:SERVER_PORT}] 2023-05-31 22:40:32,823 INFO [main][StartupInfoLogger.java:59] - Started GatewayServer in 32.029 seconds (JVM running for 34.169)
[wanxinp2p-gateway-server][${env:SERVER_PORT}] 2023-05-31 22:40:34,046 INFO [RMI TCP Connection(3)-192.168.101.1][DirectJDKLog.java:173] - Initializing Spring DispatcherServlet 'dispatcherServlet'
[wanxinp2p-gateway-server][${env:SERVER_PORT}] 2023-05-31 22:40:34,047 INFO [RMI TCP Connection(3)-192.168.101.1][FrameworkServlet.java:524] - Initializing Servlet 'dispatcherServlet'
[wanxinp2p-gateway-server][${env:SERVER_PORT}] 2023-05-31 22:40:34,062 INFO [RMI TCP Connection(3)-192.168.101.1][FrameworkServlet.java:546] - Completed initialization in 15 ms
[wanxinp2p-gateway-server][${env:SERVER_PORT}] 2023-05-31 22:40:34,218 INFO [RMI TCP Connection(4)-192.168.101.1][EpollProvider.java:68] - Starting without optional epoll library
[wanxinp2p-gateway-server][${env:SERVER_PORT}] 2023-05-31 22:40:34,223 INFO [RMI TCP Connection(4)-192.168.101.1][KqueueProvider.java:70] - Starting without optional kqueue library
[wanxinp2p-gateway-server][${env:SERVER_PORT}] 2023-05-31 22:45:32,199 INFO [AsyncResolver-bootstrap-executor-0][ConfigClusterResolver.java:43] - Resolving eureka endpoints via configuration
[wanxinp2p-gateway-server][${env:SERVER_PORT}] 2023-05-31 22:45:46,515 INFO [Thread-71][EurekaServiceRegistry.java:65] - Unregistering application GATEWAY-SERVER with eureka with status DOWN
[wanxinp2p-gateway-server][${env:SERVER_PORT}] 2023-05-31 22:45:46,515 WARN [Thread-71][DiscoveryClient.java:1303] - Saw local status change event StatusChangeEvent [timestamp=1685544346515, current=DOWN, previous=UP]
[wanxinp2p-gateway-server][${env:SERVER_PORT}] 2023-05-31 22:45:46,516 INFO [DiscoveryClient-InstanceInfoReplicator-0][DiscoveryClient.java:826] - DiscoveryClient_GATEWAY-SERVER/gateway-server:10.18.35.163:53010: registering service...
[wanxinp2p-gateway-server][${env:SERVER_PORT}] 2023-05-31 22:45:46,522 INFO [Thread-71][ZuulFilterInitializer.java:77] - Stopping filter initializer
[wanxinp2p-gateway-server][${env:SERVER_PORT}] 2023-05-31 22:45:46,529 INFO [Thread-71][ExecutorConfigurationSupport.java:208] - Shutting down ExecutorService 'applicationTaskExecutor'
[wanxinp2p-gateway-server][${env:SERVER_PORT}] 2023-05-31 22:45:46,536 INFO [DiscoveryClient-InstanceInfoReplicator-0][DiscoveryClient.java:835] - DiscoveryClient_GATEWAY-SERVER/gateway-server:10.18.35.163:53010 - registration status: 204
[wanxinp2p-gateway-server][${env:SERVER_PORT}] 2023-05-31 22:45:47,812 INFO [Thread-71][DiscoveryClient.java:888] - Shutting down DiscoveryClient ...
[wanxinp2p-gateway-server][${env:SERVER_PORT}] 2023-05-31 22:45:50,816 INFO [Thread-71][DiscoveryClient.java:922] - Unregistering ...
[wanxinp2p-gateway-server][${env:SERVER_PORT}] 2023-05-31 22:45:50,835 INFO [Thread-71][DiscoveryClient.java:924] - DiscoveryClient_GATEWAY-SERVER/gateway-server:10.18.35.163:53010 - deregister  status: 200
[wanxinp2p-gateway-server][${env:SERVER_PORT}] 2023-05-31 22:45:50,844 INFO [Thread-71][DiscoveryClient.java:911] - Completed shut down of DiscoveryClient
[wanxinp2p-gateway-server][${env:SERVER_PORT}] 2023-05-31 22:46:00,584 INFO [main][DefaultApplicationProvider.java:85] - App ID is set to gateway-server by app.id property from System Property
[wanxinp2p-gateway-server][${env:SERVER_PORT}] 2023-05-31 22:46:00,590 INFO [main][DefaultServerProvider.java:108] - Environment is set to [dev] by JVM system property 'env'.
[wanxinp2p-gateway-server][${env:SERVER_PORT}] 2023-05-31 22:46:00,643 WARN [main][DefaultMetaServerProvider.java:39] - Could not find meta server address, because it is not available in neither (1) JVM system property 'apollo.meta', (2) OS env variable 'APOLLO_META' (3) property 'apollo.meta' from server.properties nor (4) property 'apollo.meta' from app.properties
[wanxinp2p-gateway-server][${env:SERVER_PORT}] 2023-05-31 22:46:00,649 INFO [main][MetaDomainConsts.java:93] - Located meta server address http://localhost:8080 for env DEV from com.ctrip.framework.apollo.core.internals.LegacyMetaServerProvider
[wanxinp2p-gateway-server][${env:SERVER_PORT}] 2023-05-31 22:46:19,561 INFO [main][SpringApplication.java:675] - No active profile set, falling back to default profiles: default
[wanxinp2p-gateway-server][${env:SERVER_PORT}] 2023-05-31 22:46:20,864 INFO [main][RepositoryConfigurationDelegate.java:244] - Multiple Spring Data modules found, entering strict repository configuration mode!
[wanxinp2p-gateway-server][${env:SERVER_PORT}] 2023-05-31 22:46:20,867 INFO [main][RepositoryConfigurationDelegate.java:126] - Bootstrapping Spring Data repositories in DEFAULT mode.
[wanxinp2p-gateway-server][${env:SERVER_PORT}] 2023-05-31 22:46:20,900 INFO [main][RepositoryConfigurationDelegate.java:182] - Finished Spring Data repository scanning in 17ms. Found 0 repository interfaces.
[wanxinp2p-gateway-server][${env:SERVER_PORT}] 2023-05-31 22:46:21,013 WARN [main][EndpointId.java:135] - Endpoint ID 'service-registry' contains invalid characters, please migrate to a valid format.
[wanxinp2p-gateway-server][${env:SERVER_PORT}] 2023-05-31 22:46:21,026 WARN [main][EndpointId.java:135] - Endpoint ID 'hystrix.stream' contains invalid characters, please migrate to a valid format.
[wanxinp2p-gateway-server][${env:SERVER_PORT}] 2023-05-31 22:46:21,130 INFO [main][ConfigurationClassPostProcessor.java:380] - Cannot enhance @Configuration bean definition 'com.ctrip.framework.apollo.spring.boot.ApolloAutoConfiguration' since its singleton instance has been created too early. The typical cause is a non-static @Bean method with a BeanDefinitionRegistryPostProcessor return type: Consider declaring such methods as 'static'.
[wanxinp2p-gateway-server][${env:SERVER_PORT}] 2023-05-31 22:46:21,306 INFO [main][GenericScope.java:294] - BeanFactory id=f3c7da29-578f-3fbb-b3c7-c5ced24a30c1
[wanxinp2p-gateway-server][${env:SERVER_PORT}] 2023-05-31 22:46:21,335 WARN [main][PropertySourcesDeducer.java:75] - Multiple PropertySourcesPlaceholderConfigurer beans registered [propertySourcesPlaceholderConfigurer, org.springframework.context.support.PropertySourcesPlaceholderConfigurer], falling back to Environment
[wanxinp2p-gateway-server][${env:SERVER_PORT}] 2023-05-31 22:46:21,611 INFO [main][PostProcessorRegistrationDelegate.java:330] - Bean 'org.springframework.cloud.autoconfigure.ConfigurationPropertiesRebinderAutoConfiguration' of type [org.springframework.cloud.autoconfigure.ConfigurationPropertiesRebinderAutoConfiguration$$EnhancerBySpringCGLIB$$2424105b] is not eligible for getting processed by all BeanPostProcessors (for example: not eligible for auto-proxying)
[wanxinp2p-gateway-server][${env:SERVER_PORT}] 2023-05-31 22:46:22,039 INFO [main][TomcatWebServer.java:90] - Tomcat initialized with port(s): 53010 (http)
[wanxinp2p-gateway-server][${env:SERVER_PORT}] 2023-05-31 22:46:22,056 INFO [main][DirectJDKLog.java:173] - Initializing ProtocolHandler ["http-nio-53010"]
[wanxinp2p-gateway-server][${env:SERVER_PORT}] 2023-05-31 22:46:22,066 INFO [main][DirectJDKLog.java:173] - Starting service [Tomcat]
[wanxinp2p-gateway-server][${env:SERVER_PORT}] 2023-05-31 22:46:22,067 INFO [main][DirectJDKLog.java:173] - Starting Servlet engine: [Apache Tomcat/9.0.16]
[wanxinp2p-gateway-server][${env:SERVER_PORT}] 2023-05-31 22:46:22,076 INFO [main][DirectJDKLog.java:173] - The APR based Apache Tomcat Native library which allows optimal performance in production environments was not found on the java.library.path: [D:\java\javaSE1.8\jdk1.8\bin;C:\WINDOWS\Sun\Java\bin;C:\WINDOWS\system32;C:\WINDOWS;E:\VMware\bin\;C:\Program Files\NVIDIA GPU Computing Toolkit\CUDA\v11.4\bin;C:\Program Files\NVIDIA GPU Computing Toolkit\CUDA\v11.4\libnvvp;C:\WINDOWS\system32;C:\WINDOWS;C:\WINDOWS\System32\Wbem;C:\WINDOWS\System32\WindowsPowerShell\v1.0\;C:\WINDOWS\System32\OpenSSH\;C:\Program Files (x86)\NVIDIA Corporation\PhysX\Common;C:\Program Files\NVIDIA Corporation\NVIDIA NvDLISR;C:\Program Files\dotnet\;E:\opencv_4.5.0\opencv_vs2019\install\x64\vc16\bin;C:\MinGW\bin;C:\Users\yy228\Anaconda3;C:\Users\yy228\Anaconda3\Library\mingw-w64\bin;C:\Users\yy228\Anaconda3\Library\usr\bin;C:\Users\yy228\Anaconda3\Library\bin;C:\Users\yy228\Anaconda3\Scripts;C:\Program Files\NVIDIA Corporation\Nsight Compute 2019.1\;D:\java\javaSE1.8\jdk1.8\bin;D:\java\javaSE1.8\jdk1.8\jre\bin;D:\apache-maven-3.6.0\bin;C:\Program Files\Git\cmd;C:\Program Files (x86)\NetSarang\Xshell 7\;C:\Program Files (x86)\NetSarang\Xftp 7\;C:\Users\yy228\AppData\Local\Yarn\bin;C:\texlive\2022\bin\win32;C:\Program Files (x86)\Git\cmd;C:\Program Files\TortoiseGit\bin;D:\nodejs\;D:\Microsoft VS Code\bin;D:\java\javaSE1.8\jdk1.8\bin;D:\java\javaSE1.8\jdk1.8\jre\bin;C:\Users\yy228\AppData\Local\Microsoft\WindowsApps;C:\Users\yy228\.dotnet\tools;C:\Program Files\Bandizip\;C:\Program Files\CMake\bin;C:\Program Files\JetBrains\PyCharm 2020.1.3\bin;;D:\mysql\mysql-5.7.19-winx64\bin;C:\Users\yy228\AppData\Roaming\npm;D:\nodejs\node_global;D:\datagrip\DataGrip 2022.2.2\bin;;C:\Users\yy228\AppData\Local\GitHubDesktop\bin;E:\JetBrains\IntelliJ IDEA 2022.1.1\bin;;D:\VSCode\Microsoft VS Code\bin;.]
[wanxinp2p-gateway-server][${env:SERVER_PORT}] 2023-05-31 22:46:22,269 INFO [main][DirectJDKLog.java:173] - Initializing Spring embedded WebApplicationContext
[wanxinp2p-gateway-server][${env:SERVER_PORT}] 2023-05-31 22:46:22,269 INFO [main][ServletWebServerApplicationContext.java:296] - Root WebApplicationContext: initialization completed in 2690 ms
[wanxinp2p-gateway-server][${env:SERVER_PORT}] 2023-05-31 22:46:22,411 WARN [main][URLConfigurationSource.java:121] - No URLs will be polled as dynamic configuration sources.
[wanxinp2p-gateway-server][${env:SERVER_PORT}] 2023-05-31 22:46:22,412 INFO [main][URLConfigurationSource.java:122] - To enable URLs as dynamic configuration sources, define System property archaius.configurationSource.additionalUrls or make config.properties available on classpath.
[wanxinp2p-gateway-server][${env:SERVER_PORT}] 2023-05-31 22:46:22,427 INFO [main][DynamicPropertyFactory.java:281] - DynamicPropertyFactory is initialized with configuration sources: com.netflix.config.ConcurrentCompositeConfiguration@3a7d914c
[wanxinp2p-gateway-server][${env:SERVER_PORT}] 2023-05-31 22:46:24,884 INFO [main][EndpointLinksResolver.java:59] - Exposing 2 endpoint(s) beneath base path '/actuator'
[wanxinp2p-gateway-server][${env:SERVER_PORT}] 2023-05-31 22:46:24,970 WARN [main][JwtAccessTokenConverter.java:302] - Unable to create an RSA verifier from verifierKey (ignoreable if using MAC)
[wanxinp2p-gateway-server][${env:SERVER_PORT}] 2023-05-31 22:46:25,057 INFO [main][PropertySourcedRequestMappingHandlerMapping.java:69] - Mapped URL path [/v2/api-docs] onto method [public org.springframework.http.ResponseEntity<springfox.documentation.spring.web.json.Json> springfox.documentation.swagger2.web.Swagger2Controller.getDocumentation(java.lang.String,javax.servlet.http.HttpServletRequest)]
[wanxinp2p-gateway-server][${env:SERVER_PORT}] 2023-05-31 22:46:25,069 WARN [main][URLConfigurationSource.java:121] - No URLs will be polled as dynamic configuration sources.
[wanxinp2p-gateway-server][${env:SERVER_PORT}] 2023-05-31 22:46:25,069 INFO [main][URLConfigurationSource.java:122] - To enable URLs as dynamic configuration sources, define System property archaius.configurationSource.additionalUrls or make config.properties available on classpath.
[wanxinp2p-gateway-server][${env:SERVER_PORT}] 2023-05-31 22:46:25,252 INFO [main][ExecutorConfigurationSupport.java:171] - Initializing ExecutorService 'applicationTaskExecutor'
[wanxinp2p-gateway-server][${env:SERVER_PORT}] 2023-05-31 22:46:25,594 INFO [main][UserDetailsServiceAutoConfiguration.java:86] - 

Using generated security password: 0d5e5ab6-96f9-46ae-a78f-21464f248b9e

[wanxinp2p-gateway-server][${env:SERVER_PORT}] 2023-05-31 22:46:25,721 INFO [main][DefaultSecurityFilterChain.java:43] - Creating filter chain: any request, [org.springframework.security.web.context.request.async.WebAsyncManagerIntegrationFilter@45a4587d, org.springframework.security.web.context.SecurityContextPersistenceFilter@33997e07, org.springframework.security.web.header.HeaderWriterFilter@16279a5d, org.springframework.security.web.authentication.logout.LogoutFilter@71e9640, org.springframework.security.oauth2.provider.authentication.OAuth2AuthenticationProcessingFilter@6d2f910b, org.springframework.security.web.savedrequest.RequestCacheAwareFilter@eda7dd3, org.springframework.security.web.servletapi.SecurityContextHolderAwareRequestFilter@22cce199, org.springframework.security.web.authentication.AnonymousAuthenticationFilter@70a91d72, org.springframework.security.web.session.SessionManagementFilter@6b60d99c, org.springframework.security.web.access.ExceptionTranslationFilter@677274e7, org.springframework.security.web.access.intercept.FilterSecurityInterceptor@34c2e03d]
[wanxinp2p-gateway-server][${env:SERVER_PORT}] 2023-05-31 22:46:26,452 INFO [main][ZuulFilterInitializer.java:65] - Starting filter initializer
[wanxinp2p-gateway-server][${env:SERVER_PORT}] 2023-05-31 22:46:26,594 INFO [main][InstanceInfoFactory.java:71] - Setting initial instance status as: STARTING
[wanxinp2p-gateway-server][${env:SERVER_PORT}] 2023-05-31 22:46:26,653 INFO [main][DiscoveryClient.java:349] - Initializing Eureka in region us-east-1
[wanxinp2p-gateway-server][${env:SERVER_PORT}] 2023-05-31 22:46:26,732 INFO [main][DiscoveryJerseyProvider.java:70] - Using JSON encoding codec LegacyJacksonJson
[wanxinp2p-gateway-server][${env:SERVER_PORT}] 2023-05-31 22:46:26,733 INFO [main][DiscoveryJerseyProvider.java:71] - Using JSON decoding codec LegacyJacksonJson
[wanxinp2p-gateway-server][${env:SERVER_PORT}] 2023-05-31 22:46:26,897 INFO [main][DiscoveryJerseyProvider.java:80] - Using XML encoding codec XStreamXml
[wanxinp2p-gateway-server][${env:SERVER_PORT}] 2023-05-31 22:46:26,897 INFO [main][DiscoveryJerseyProvider.java:81] - Using XML decoding codec XStreamXml
[wanxinp2p-gateway-server][${env:SERVER_PORT}] 2023-05-31 22:46:27,254 INFO [main][ConfigClusterResolver.java:43] - Resolving eureka endpoints via configuration
[wanxinp2p-gateway-server][${env:SERVER_PORT}] 2023-05-31 22:46:27,769 INFO [main][DiscoveryClient.java:958] - Disable delta property : false
[wanxinp2p-gateway-server][${env:SERVER_PORT}] 2023-05-31 22:46:27,769 INFO [main][DiscoveryClient.java:959] - Single vip registry refresh property : null
[wanxinp2p-gateway-server][${env:SERVER_PORT}] 2023-05-31 22:46:27,769 INFO [main][DiscoveryClient.java:960] - Force full registry fetch : false
[wanxinp2p-gateway-server][${env:SERVER_PORT}] 2023-05-31 22:46:27,770 INFO [main][DiscoveryClient.java:961] - Application is null : false
[wanxinp2p-gateway-server][${env:SERVER_PORT}] 2023-05-31 22:46:27,770 INFO [main][DiscoveryClient.java:962] - Registered Applications size is zero : true
[wanxinp2p-gateway-server][${env:SERVER_PORT}] 2023-05-31 22:46:27,770 INFO [main][DiscoveryClient.java:964] - Application version is -1: true
[wanxinp2p-gateway-server][${env:SERVER_PORT}] 2023-05-31 22:46:27,770 INFO [main][DiscoveryClient.java:1047] - Getting all instance registry info from the eureka server
[wanxinp2p-gateway-server][${env:SERVER_PORT}] 2023-05-31 22:46:27,988 INFO [main][DiscoveryClient.java:1056] - The response status is 200
[wanxinp2p-gateway-server][${env:SERVER_PORT}] 2023-05-31 22:46:27,992 INFO [main][DiscoveryClient.java:1270] - Starting heartbeat executor: renew interval is: 30
[wanxinp2p-gateway-server][${env:SERVER_PORT}] 2023-05-31 22:46:27,996 INFO [main][InstanceInfoReplicator.java:60] - InstanceInfoReplicator onDemand update allowed rate per min is 4
[wanxinp2p-gateway-server][${env:SERVER_PORT}] 2023-05-31 22:46:28,002 INFO [main][DiscoveryClient.java:449] - Discovery Client initialized at timestamp 1685544388002 with initial instances count: 3
[wanxinp2p-gateway-server][${env:SERVER_PORT}] 2023-05-31 22:46:28,006 INFO [main][EurekaServiceRegistry.java:42] - Registering application GATEWAY-SERVER with eureka with status UP
[wanxinp2p-gateway-server][${env:SERVER_PORT}] 2023-05-31 22:46:28,007 INFO [main][DiscoveryClient.java:1305] - Saw local status change event StatusChangeEvent [timestamp=1685544388007, current=UP, previous=STARTING]
[wanxinp2p-gateway-server][${env:SERVER_PORT}] 2023-05-31 22:46:28,009 INFO [DiscoveryClient-InstanceInfoReplicator-0][DiscoveryClient.java:826] - DiscoveryClient_GATEWAY-SERVER/gateway-server:10.18.35.163:53010: registering service...
[wanxinp2p-gateway-server][${env:SERVER_PORT}] 2023-05-31 22:46:28,010 INFO [main][DocumentationPluginsBootstrapper.java:160] - Context refreshed
[wanxinp2p-gateway-server][${env:SERVER_PORT}] 2023-05-31 22:46:28,024 INFO [main][DocumentationPluginsBootstrapper.java:163] - Found 1 custom documentation plugin(s)
[wanxinp2p-gateway-server][${env:SERVER_PORT}] 2023-05-31 22:46:28,061 INFO [DiscoveryClient-InstanceInfoReplicator-0][DiscoveryClient.java:835] - DiscoveryClient_GATEWAY-SERVER/gateway-server:10.18.35.163:53010 - registration status: 204
[wanxinp2p-gateway-server][${env:SERVER_PORT}] 2023-05-31 22:46:28,068 INFO [main][ApiListingReferenceScanner.java:41] - Scanning for api listing references
[wanxinp2p-gateway-server][${env:SERVER_PORT}] 2023-05-31 22:46:28,206 INFO [main][CachingOperationNameGenerator.java:40] - Generating unique operation named: handleUsingGET_1
[wanxinp2p-gateway-server][${env:SERVER_PORT}] 2023-05-31 22:46:28,208 INFO [main][CachingOperationNameGenerator.java:40] - Generating unique operation named: handleUsingGET_2
[wanxinp2p-gateway-server][${env:SERVER_PORT}] 2023-05-31 22:46:28,210 INFO [main][CachingOperationNameGenerator.java:40] - Generating unique operation named: handleUsingGET_3
[wanxinp2p-gateway-server][${env:SERVER_PORT}] 2023-05-31 22:46:28,252 INFO [main][DirectJDKLog.java:173] - Starting ProtocolHandler ["http-nio-53010"]
[wanxinp2p-gateway-server][${env:SERVER_PORT}] 2023-05-31 22:46:28,289 INFO [main][TomcatWebServer.java:204] - Tomcat started on port(s): 53010 (http) with context path ''
[wanxinp2p-gateway-server][${env:SERVER_PORT}] 2023-05-31 22:46:28,291 INFO [main][EurekaAutoServiceRegistration.java:141] - Updating port to 53010
[wanxinp2p-gateway-server][${env:SERVER_PORT}] 2023-05-31 22:46:28,295 INFO [main][StartupInfoLogger.java:59] - Started GatewayServer in 31.484 seconds (JVM running for 33.848)
[wanxinp2p-gateway-server][${env:SERVER_PORT}] 2023-05-31 22:46:29,778 INFO [RMI TCP Connection(5)-192.168.101.1][DirectJDKLog.java:173] - Initializing Spring DispatcherServlet 'dispatcherServlet'
[wanxinp2p-gateway-server][${env:SERVER_PORT}] 2023-05-31 22:46:29,779 INFO [RMI TCP Connection(5)-192.168.101.1][FrameworkServlet.java:524] - Initializing Servlet 'dispatcherServlet'
[wanxinp2p-gateway-server][${env:SERVER_PORT}] 2023-05-31 22:46:29,796 INFO [RMI TCP Connection(5)-192.168.101.1][FrameworkServlet.java:546] - Completed initialization in 17 ms
[wanxinp2p-gateway-server][${env:SERVER_PORT}] 2023-05-31 22:46:29,958 INFO [RMI TCP Connection(6)-192.168.101.1][EpollProvider.java:68] - Starting without optional epoll library
[wanxinp2p-gateway-server][${env:SERVER_PORT}] 2023-05-31 22:46:29,964 INFO [RMI TCP Connection(6)-192.168.101.1][KqueueProvider.java:70] - Starting without optional kqueue library
[wanxinp2p-gateway-server][${env:SERVER_PORT}] 2023-05-31 22:51:27,780 INFO [AsyncResolver-bootstrap-executor-0][ConfigClusterResolver.java:43] - Resolving eureka endpoints via configuration
[wanxinp2p-gateway-server][${env:SERVER_PORT}] 2023-05-31 22:56:27,793 INFO [AsyncResolver-bootstrap-executor-0][ConfigClusterResolver.java:43] - Resolving eureka endpoints via configuration
[wanxinp2p-gateway-server][${env:SERVER_PORT}] 2023-05-31 22:56:50,013 INFO [http-nio-53010-exec-1][ChainedDynamicProperty.java:115] - Flipping property: uaa-service.ribbon.ActiveConnectionsLimit to use NEXT property: niws.loadbalancer.availabilityFilteringRule.activeConnectionsLimit = 2147483647
[wanxinp2p-gateway-server][${env:SERVER_PORT}] 2023-05-31 22:56:50,041 INFO [http-nio-53010-exec-1][ShutdownEnabledTimer.java:58] - Shutdown hook installed for: NFLoadBalancer-PingTimer-uaa-service
[wanxinp2p-gateway-server][${env:SERVER_PORT}] 2023-05-31 22:56:50,041 INFO [http-nio-53010-exec-1][BaseLoadBalancer.java:197] - Client: uaa-service instantiated a LoadBalancer: DynamicServerListLoadBalancer:{NFLoadBalancer:name=uaa-service,current list of Servers=[],Load balancer stats=Zone stats: {},Server stats: []}ServerList:null
[wanxinp2p-gateway-server][${env:SERVER_PORT}] 2023-05-31 22:56:50,049 INFO [http-nio-53010-exec-1][DynamicServerListLoadBalancer.java:222] - Using serverListUpdater PollingServerListUpdater
[wanxinp2p-gateway-server][${env:SERVER_PORT}] 2023-05-31 22:56:50,068 INFO [http-nio-53010-exec-1][ChainedDynamicProperty.java:115] - Flipping property: uaa-service.ribbon.ActiveConnectionsLimit to use NEXT property: niws.loadbalancer.availabilityFilteringRule.activeConnectionsLimit = 2147483647
[wanxinp2p-gateway-server][${env:SERVER_PORT}] 2023-05-31 22:56:50,070 INFO [http-nio-53010-exec-1][DynamicServerListLoadBalancer.java:150] - DynamicServerListLoadBalancer for client uaa-service initialized: DynamicServerListLoadBalancer:{NFLoadBalancer:name=uaa-service,current list of Servers=[10.18.35.163:53020],Load balancer stats=Zone stats: {defaultzone=[Zone:defaultzone;	Instance count:1;	Active connections count: 0;	Circuit breaker tripped count: 0;	Active connections per server: 0.0;]
},Server stats: [[Server:10.18.35.163:53020;	Zone:defaultZone;	Total Requests:0;	Successive connection failure:0;	Total blackout seconds:0;	Last connection made:Thu Jan 01 08:00:00 CST 1970;	First connection made: Thu Jan 01 08:00:00 CST 1970;	Active Connections:0;	total failure count in last (1000) msecs:0;	average resp time:0.0;	90 percentile resp time:0.0;	95 percentile resp time:0.0;	min resp time:0.0;	max resp time:0.0;	stddev resp time:0.0]
]}ServerList:org.springframework.cloud.netflix.ribbon.eureka.DomainExtractingServerList@7ad9f537
[wanxinp2p-gateway-server][${env:SERVER_PORT}] 2023-05-31 22:56:51,060 INFO [PollingServerListUpdater-0][ChainedDynamicProperty.java:115] - Flipping property: uaa-service.ribbon.ActiveConnectionsLimit to use NEXT property: niws.loadbalancer.availabilityFilteringRule.activeConnectionsLimit = 2147483647
[wanxinp2p-gateway-server][${env:SERVER_PORT}] 2023-05-31 22:57:13,094 INFO [http-nio-53010-exec-2][ChainedDynamicProperty.java:115] - Flipping property: consumer-service.ribbon.ActiveConnectionsLimit to use NEXT property: niws.loadbalancer.availabilityFilteringRule.activeConnectionsLimit = 2147483647
[wanxinp2p-gateway-server][${env:SERVER_PORT}] 2023-05-31 22:57:13,096 INFO [http-nio-53010-exec-2][ShutdownEnabledTimer.java:58] - Shutdown hook installed for: NFLoadBalancer-PingTimer-consumer-service
[wanxinp2p-gateway-server][${env:SERVER_PORT}] 2023-05-31 22:57:13,097 INFO [http-nio-53010-exec-2][BaseLoadBalancer.java:197] - Client: consumer-service instantiated a LoadBalancer: DynamicServerListLoadBalancer:{NFLoadBalancer:name=consumer-service,current list of Servers=[],Load balancer stats=Zone stats: {},Server stats: []}ServerList:null
[wanxinp2p-gateway-server][${env:SERVER_PORT}] 2023-05-31 22:57:13,098 INFO [http-nio-53010-exec-2][DynamicServerListLoadBalancer.java:222] - Using serverListUpdater PollingServerListUpdater
[wanxinp2p-gateway-server][${env:SERVER_PORT}] 2023-05-31 22:57:13,100 INFO [http-nio-53010-exec-2][ChainedDynamicProperty.java:115] - Flipping property: consumer-service.ribbon.ActiveConnectionsLimit to use NEXT property: niws.loadbalancer.availabilityFilteringRule.activeConnectionsLimit = 2147483647
[wanxinp2p-gateway-server][${env:SERVER_PORT}] 2023-05-31 22:57:13,101 INFO [http-nio-53010-exec-2][DynamicServerListLoadBalancer.java:150] - DynamicServerListLoadBalancer for client consumer-service initialized: DynamicServerListLoadBalancer:{NFLoadBalancer:name=consumer-service,current list of Servers=[10.18.35.163:53050],Load balancer stats=Zone stats: {defaultzone=[Zone:defaultzone;	Instance count:1;	Active connections count: 0;	Circuit breaker tripped count: 0;	Active connections per server: 0.0;]
},Server stats: [[Server:10.18.35.163:53050;	Zone:defaultZone;	Total Requests:0;	Successive connection failure:0;	Total blackout seconds:0;	Last connection made:Thu Jan 01 08:00:00 CST 1970;	First connection made: Thu Jan 01 08:00:00 CST 1970;	Active Connections:0;	total failure count in last (1000) msecs:0;	average resp time:0.0;	90 percentile resp time:0.0;	95 percentile resp time:0.0;	min resp time:0.0;	max resp time:0.0;	stddev resp time:0.0]
]}ServerList:org.springframework.cloud.netflix.ribbon.eureka.DomainExtractingServerList@6cc33a3c
[wanxinp2p-gateway-server][${env:SERVER_PORT}] 2023-05-31 22:57:14,115 INFO [PollingServerListUpdater-0][ChainedDynamicProperty.java:115] - Flipping property: consumer-service.ribbon.ActiveConnectionsLimit to use NEXT property: niws.loadbalancer.availabilityFilteringRule.activeConnectionsLimit = 2147483647
