[wanxinp2p-discover-server][${env:SERVER_PORT}] 2023-05-31 13:00:02,411 INFO [Eureka-EvictionTimer][AbstractInstanceRegistry.java:1250] - Running the evict task with compensationTime 8ms
[wanxinp2p-discover-server][${env:SERVER_PORT}] 2023-05-31 13:00:12,418 INFO [Eureka-EvictionTimer][AbstractInstanceRegistry.java:1250] - Running the evict task with compensationTime 8ms
[wanxinp2p-discover-server][${env:SERVER_PORT}] 2023-05-31 13:00:22,418 INFO [Eureka-EvictionTimer][AbstractInstanceRegistry.java:1250] - Running the evict task with compensationTime 0ms
[wanxinp2p-discover-server][${env:SERVER_PORT}] 2023-05-31 13:00:32,418 INFO [Eureka-EvictionTimer][AbstractInstanceRegistry.java:1250] - Running the evict task with compensationTime 0ms
[wanxinp2p-discover-server][${env:SERVER_PORT}] 2023-05-31 13:00:42,434 INFO [Eureka-EvictionTimer][AbstractInstanceRegistry.java:1250] - Running the evict task with compensationTime 15ms
[wanxinp2p-discover-server][${env:SERVER_PORT}] 2023-05-31 13:00:52,448 INFO [Eureka-EvictionTimer][AbstractInstanceRegistry.java:1250] - Running the evict task with compensationTime 14ms
[wanxinp2p-discover-server][${env:SERVER_PORT}] 2023-05-31 13:01:02,457 INFO [Eureka-EvictionTimer][AbstractInstanceRegistry.java:1250] - Running the evict task with compensationTime 8ms
[wanxinp2p-discover-server][${env:SERVER_PORT}] 2023-05-31 13:01:12,471 INFO [Eureka-EvictionTimer][AbstractInstanceRegistry.java:1250] - Running the evict task with compensationTime 14ms
[wanxinp2p-discover-server][${env:SERVER_PORT}] 2023-05-31 13:01:22,482 INFO [Eureka-EvictionTimer][AbstractInstanceRegistry.java:1250] - Running the evict task with compensationTime 10ms
[wanxinp2p-discover-server][${env:SERVER_PORT}] 2023-05-31 13:01:32,495 INFO [Eureka-EvictionTimer][AbstractInstanceRegistry.java:1250] - Running the evict task with compensationTime 13ms
[wanxinp2p-discover-server][${env:SERVER_PORT}] 2023-05-31 13:01:42,509 INFO [Eureka-EvictionTimer][AbstractInstanceRegistry.java:1250] - Running the evict task with compensationTime 13ms
[wanxinp2p-discover-server][${env:SERVER_PORT}] 2023-05-31 13:01:52,520 INFO [Eureka-EvictionTimer][AbstractInstanceRegistry.java:1250] - Running the evict task with compensationTime 11ms
[wanxinp2p-discover-server][${env:SERVER_PORT}] 2023-05-31 13:02:02,530 INFO [Eureka-EvictionTimer][AbstractInstanceRegistry.java:1250] - Running the evict task with compensationTime 10ms
[wanxinp2p-discover-server][${env:SERVER_PORT}] 2023-05-31 13:02:12,543 INFO [Eureka-EvictionTimer][AbstractInstanceRegistry.java:1250] - Running the evict task with compensationTime 11ms
[wanxinp2p-discover-server][${env:SERVER_PORT}] 2023-05-31 13:02:22,543 INFO [Eureka-EvictionTimer][AbstractInstanceRegistry.java:1250] - Running the evict task with compensationTime 0ms
[wanxinp2p-discover-server][${env:SERVER_PORT}] 2023-05-31 13:02:32,548 INFO [Eureka-EvictionTimer][AbstractInstanceRegistry.java:1250] - Running the evict task with compensationTime 4ms
[wanxinp2p-discover-server][${env:SERVER_PORT}] 2023-05-31 13:02:42,554 INFO [Eureka-EvictionTimer][AbstractInstanceRegistry.java:1250] - Running the evict task with compensationTime 6ms
[wanxinp2p-discover-server][${env:SERVER_PORT}] 2023-05-31 13:02:52,080 INFO [http-nio-53000-exec-10][AbstractInstanceRegistry.java:266] - Registered instance UAA-SERVICE/uaa-service:10.18.35.163:53020 with status DOWN (replication=false)
[wanxinp2p-discover-server][${env:SERVER_PORT}] 2023-05-31 13:02:52,566 INFO [Eureka-EvictionTimer][AbstractInstanceRegistry.java:1250] - Running the evict task with compensationTime 11ms
[wanxinp2p-discover-server][${env:SERVER_PORT}] 2023-05-31 13:02:52,600 INFO [http-nio-53000-exec-6][AbstractInstanceRegistry.java:266] - Registered instance UAA-SERVICE/uaa-service:10.18.35.163:53020 with status DOWN (replication=true)
[wanxinp2p-discover-server][${env:SERVER_PORT}] 2023-05-31 13:02:56,303 INFO [http-nio-53000-exec-8][AbstractInstanceRegistry.java:330] - Cancelled instance UAA-SERVICE/uaa-service:10.18.35.163:53020 (replication=false)
[wanxinp2p-discover-server][${env:SERVER_PORT}] 2023-05-31 13:02:56,821 WARN [http-nio-53000-exec-6][AbstractInstanceRegistry.java:315] - DS: Registry: cancel failed because Lease is not registered for: UAA-SERVICE/uaa-service:10.18.35.163:53020
[wanxinp2p-discover-server][${env:SERVER_PORT}] 2023-05-31 13:02:56,821 INFO [http-nio-53000-exec-6][InstanceResource.java:288] - Not Found (Cancel): UAA-SERVICE - uaa-service:10.18.35.163:53020
[wanxinp2p-discover-server][${env:SERVER_PORT}] 2023-05-31 13:02:56,825 WARN [TaskBatchingWorker-target_localhost-6][ReplicationTask.java:35] - The replication of task UAA-SERVICE/uaa-service:10.18.35.163:53020:Cancel@localhost failed with response code 404
[wanxinp2p-discover-server][${env:SERVER_PORT}] 2023-05-31 13:02:56,826 WARN [TaskBatchingWorker-target_localhost-6][PeerEurekaNode.java:171] - UAA-SERVICE/uaa-service:10.18.35.163:53020:Cancel@localhost: missing entry.
[wanxinp2p-discover-server][${env:SERVER_PORT}] 2023-05-31 13:03:02,577 INFO [Eureka-EvictionTimer][AbstractInstanceRegistry.java:1250] - Running the evict task with compensationTime 11ms
[wanxinp2p-discover-server][${env:SERVER_PORT}] 2023-05-31 13:03:12,592 INFO [Eureka-EvictionTimer][AbstractInstanceRegistry.java:1250] - Running the evict task with compensationTime 15ms
[wanxinp2p-discover-server][${env:SERVER_PORT}] 2023-05-31 13:03:22,605 INFO [Eureka-EvictionTimer][AbstractInstanceRegistry.java:1250] - Running the evict task with compensationTime 12ms
[wanxinp2p-discover-server][${env:SERVER_PORT}] 2023-05-31 13:03:32,606 INFO [Eureka-EvictionTimer][AbstractInstanceRegistry.java:1250] - Running the evict task with compensationTime 0ms
[wanxinp2p-discover-server][${env:SERVER_PORT}] 2023-05-31 13:03:36,853 INFO [http-nio-53000-exec-5][AbstractInstanceRegistry.java:266] - Registered instance UAA-SERVICE/uaa-service:10.18.35.163:53020 with status UP (replication=false)
[wanxinp2p-discover-server][${env:SERVER_PORT}] 2023-05-31 13:03:37,375 INFO [http-nio-53000-exec-3][AbstractInstanceRegistry.java:266] - Registered instance UAA-SERVICE/uaa-service:10.18.35.163:53020 with status UP (replication=true)
[wanxinp2p-discover-server][${env:SERVER_PORT}] 2023-05-31 13:03:42,621 INFO [Eureka-EvictionTimer][AbstractInstanceRegistry.java:1250] - Running the evict task with compensationTime 14ms
[wanxinp2p-discover-server][${env:SERVER_PORT}] 2023-05-31 13:03:52,623 INFO [Eureka-EvictionTimer][AbstractInstanceRegistry.java:1250] - Running the evict task with compensationTime 2ms
[wanxinp2p-discover-server][${env:SERVER_PORT}] 2023-05-31 13:04:02,626 INFO [Eureka-EvictionTimer][AbstractInstanceRegistry.java:1250] - Running the evict task with compensationTime 3ms
[wanxinp2p-discover-server][${env:SERVER_PORT}] 2023-05-31 13:04:12,640 INFO [Eureka-EvictionTimer][AbstractInstanceRegistry.java:1250] - Running the evict task with compensationTime 13ms
[wanxinp2p-discover-server][${env:SERVER_PORT}] 2023-05-31 13:04:22,648 INFO [Eureka-EvictionTimer][AbstractInstanceRegistry.java:1250] - Running the evict task with compensationTime 8ms
[wanxinp2p-discover-server][${env:SERVER_PORT}] 2023-05-31 13:04:32,655 INFO [Eureka-EvictionTimer][AbstractInstanceRegistry.java:1250] - Running the evict task with compensationTime 6ms
[wanxinp2p-discover-server][${env:SERVER_PORT}] 2023-05-31 13:04:42,667 INFO [Eureka-EvictionTimer][AbstractInstanceRegistry.java:1250] - Running the evict task with compensationTime 11ms
[wanxinp2p-discover-server][${env:SERVER_PORT}] 2023-05-31 13:04:52,680 INFO [Eureka-EvictionTimer][AbstractInstanceRegistry.java:1250] - Running the evict task with compensationTime 13ms
[wanxinp2p-discover-server][${env:SERVER_PORT}] 2023-05-31 13:05:02,688 INFO [Eureka-EvictionTimer][AbstractInstanceRegistry.java:1250] - Running the evict task with compensationTime 7ms
[wanxinp2p-discover-server][${env:SERVER_PORT}] 2023-05-31 13:05:12,698 INFO [Eureka-EvictionTimer][AbstractInstanceRegistry.java:1250] - Running the evict task with compensationTime 9ms
[wanxinp2p-discover-server][${env:SERVER_PORT}] 2023-05-31 13:05:22,701 INFO [Eureka-EvictionTimer][AbstractInstanceRegistry.java:1250] - Running the evict task with compensationTime 3ms
[wanxinp2p-discover-server][${env:SERVER_PORT}] 2023-05-31 13:05:32,712 INFO [Eureka-EvictionTimer][AbstractInstanceRegistry.java:1250] - Running the evict task with compensationTime 10ms
[wanxinp2p-discover-server][${env:SERVER_PORT}] 2023-05-31 13:05:42,722 INFO [Eureka-EvictionTimer][AbstractInstanceRegistry.java:1250] - Running the evict task with compensationTime 10ms
[wanxinp2p-discover-server][${env:SERVER_PORT}] 2023-05-31 13:05:52,732 INFO [Eureka-EvictionTimer][AbstractInstanceRegistry.java:1250] - Running the evict task with compensationTime 9ms
[wanxinp2p-discover-server][${env:SERVER_PORT}] 2023-05-31 13:06:02,745 INFO [Eureka-EvictionTimer][AbstractInstanceRegistry.java:1250] - Running the evict task with compensationTime 12ms
[wanxinp2p-discover-server][${env:SERVER_PORT}] 2023-05-31 13:06:12,754 INFO [Eureka-EvictionTimer][AbstractInstanceRegistry.java:1250] - Running the evict task with compensationTime 9ms
[wanxinp2p-discover-server][${env:SERVER_PORT}] 2023-05-31 13:06:22,765 INFO [Eureka-EvictionTimer][AbstractInstanceRegistry.java:1250] - Running the evict task with compensationTime 11ms
[wanxinp2p-discover-server][${env:SERVER_PORT}] 2023-05-31 13:06:32,765 INFO [Eureka-EvictionTimer][AbstractInstanceRegistry.java:1250] - Running the evict task with compensationTime 0ms
[wanxinp2p-discover-server][${env:SERVER_PORT}] 2023-05-31 13:06:42,779 INFO [Eureka-EvictionTimer][AbstractInstanceRegistry.java:1250] - Running the evict task with compensationTime 13ms
[wanxinp2p-discover-server][${env:SERVER_PORT}] 2023-05-31 13:06:52,794 INFO [Eureka-EvictionTimer][AbstractInstanceRegistry.java:1250] - Running the evict task with compensationTime 14ms
[wanxinp2p-discover-server][${env:SERVER_PORT}] 2023-05-31 13:07:02,805 INFO [Eureka-EvictionTimer][AbstractInstanceRegistry.java:1250] - Running the evict task with compensationTime 11ms
[wanxinp2p-discover-server][${env:SERVER_PORT}] 2023-05-31 13:07:12,807 INFO [Eureka-EvictionTimer][AbstractInstanceRegistry.java:1250] - Running the evict task with compensationTime 1ms
[wanxinp2p-discover-server][${env:SERVER_PORT}] 2023-05-31 13:07:22,821 INFO [Eureka-EvictionTimer][AbstractInstanceRegistry.java:1250] - Running the evict task with compensationTime 13ms
[wanxinp2p-discover-server][${env:SERVER_PORT}] 2023-05-31 13:07:32,834 INFO [Eureka-EvictionTimer][AbstractInstanceRegistry.java:1250] - Running the evict task with compensationTime 13ms
[wanxinp2p-discover-server][${env:SERVER_PORT}] 2023-05-31 13:07:42,841 INFO [Eureka-EvictionTimer][AbstractInstanceRegistry.java:1250] - Running the evict task with compensationTime 6ms
[wanxinp2p-discover-server][${env:SERVER_PORT}] 2023-05-31 13:07:52,843 INFO [Eureka-EvictionTimer][AbstractInstanceRegistry.java:1250] - Running the evict task with compensationTime 1ms
[wanxinp2p-discover-server][${env:SERVER_PORT}] 2023-05-31 13:08:02,847 INFO [Eureka-EvictionTimer][AbstractInstanceRegistry.java:1250] - Running the evict task with compensationTime 4ms
[wanxinp2p-discover-server][${env:SERVER_PORT}] 2023-05-31 13:08:12,853 INFO [Eureka-EvictionTimer][AbstractInstanceRegistry.java:1250] - Running the evict task with compensationTime 6ms
[wanxinp2p-discover-server][${env:SERVER_PORT}] 2023-05-31 13:08:22,866 INFO [Eureka-EvictionTimer][AbstractInstanceRegistry.java:1250] - Running the evict task with compensationTime 12ms
[wanxinp2p-discover-server][${env:SERVER_PORT}] 2023-05-31 13:08:32,868 INFO [Eureka-EvictionTimer][AbstractInstanceRegistry.java:1250] - Running the evict task with compensationTime 1ms
[wanxinp2p-discover-server][${env:SERVER_PORT}] 2023-05-31 13:08:42,880 INFO [Eureka-EvictionTimer][AbstractInstanceRegistry.java:1250] - Running the evict task with compensationTime 11ms
[wanxinp2p-discover-server][${env:SERVER_PORT}] 2023-05-31 13:08:52,883 INFO [Eureka-EvictionTimer][AbstractInstanceRegistry.java:1250] - Running the evict task with compensationTime 3ms
[wanxinp2p-discover-server][${env:SERVER_PORT}] 2023-05-31 13:09:02,899 INFO [Eureka-EvictionTimer][AbstractInstanceRegistry.java:1250] - Running the evict task with compensationTime 15ms
[wanxinp2p-discover-server][${env:SERVER_PORT}] 2023-05-31 13:09:12,904 INFO [Eureka-EvictionTimer][AbstractInstanceRegistry.java:1250] - Running the evict task with compensationTime 5ms
[wanxinp2p-discover-server][${env:SERVER_PORT}] 2023-05-31 13:09:22,910 INFO [Eureka-EvictionTimer][AbstractInstanceRegistry.java:1250] - Running the evict task with compensationTime 5ms
[wanxinp2p-discover-server][${env:SERVER_PORT}] 2023-05-31 13:09:32,914 INFO [Eureka-EvictionTimer][AbstractInstanceRegistry.java:1250] - Running the evict task with compensationTime 4ms
[wanxinp2p-discover-server][${env:SERVER_PORT}] 2023-05-31 13:09:42,915 INFO [Eureka-EvictionTimer][AbstractInstanceRegistry.java:1250] - Running the evict task with compensationTime 1ms
[wanxinp2p-discover-server][${env:SERVER_PORT}] 2023-05-31 13:09:52,920 INFO [Eureka-EvictionTimer][AbstractInstanceRegistry.java:1250] - Running the evict task with compensationTime 4ms
[wanxinp2p-discover-server][${env:SERVER_PORT}] 2023-05-31 13:10:02,920 INFO [Eureka-EvictionTimer][AbstractInstanceRegistry.java:1250] - Running the evict task with compensationTime 0ms
[wanxinp2p-discover-server][${env:SERVER_PORT}] 2023-05-31 13:10:12,922 INFO [Eureka-EvictionTimer][AbstractInstanceRegistry.java:1250] - Running the evict task with compensationTime 1ms
[wanxinp2p-discover-server][${env:SERVER_PORT}] 2023-05-31 13:10:22,929 INFO [Eureka-EvictionTimer][AbstractInstanceRegistry.java:1250] - Running the evict task with compensationTime 7ms
[wanxinp2p-discover-server][${env:SERVER_PORT}] 2023-05-31 13:10:32,940 INFO [Eureka-EvictionTimer][AbstractInstanceRegistry.java:1250] - Running the evict task with compensationTime 11ms
[wanxinp2p-discover-server][${env:SERVER_PORT}] 2023-05-31 13:10:42,952 INFO [Eureka-EvictionTimer][AbstractInstanceRegistry.java:1250] - Running the evict task with compensationTime 11ms
[wanxinp2p-discover-server][${env:SERVER_PORT}] 2023-05-31 13:10:52,961 INFO [Eureka-EvictionTimer][AbstractInstanceRegistry.java:1250] - Running the evict task with compensationTime 9ms
[wanxinp2p-discover-server][${env:SERVER_PORT}] 2023-05-31 13:11:02,975 INFO [Eureka-EvictionTimer][AbstractInstanceRegistry.java:1250] - Running the evict task with compensationTime 14ms
[wanxinp2p-discover-server][${env:SERVER_PORT}] 2023-05-31 13:11:12,981 INFO [Eureka-EvictionTimer][AbstractInstanceRegistry.java:1250] - Running the evict task with compensationTime 5ms
[wanxinp2p-discover-server][${env:SERVER_PORT}] 2023-05-31 13:11:22,986 INFO [Eureka-EvictionTimer][AbstractInstanceRegistry.java:1250] - Running the evict task with compensationTime 4ms
[wanxinp2p-discover-server][${env:SERVER_PORT}] 2023-05-31 13:11:32,989 INFO [Eureka-EvictionTimer][AbstractInstanceRegistry.java:1250] - Running the evict task with compensationTime 3ms
[wanxinp2p-discover-server][${env:SERVER_PORT}] 2023-05-31 13:11:42,994 INFO [Eureka-EvictionTimer][AbstractInstanceRegistry.java:1250] - Running the evict task with compensationTime 5ms
[wanxinp2p-discover-server][${env:SERVER_PORT}] 2023-05-31 13:11:52,995 INFO [Eureka-EvictionTimer][AbstractInstanceRegistry.java:1250] - Running the evict task with compensationTime 0ms
[wanxinp2p-discover-server][${env:SERVER_PORT}] 2023-05-31 13:12:03,003 INFO [Eureka-EvictionTimer][AbstractInstanceRegistry.java:1250] - Running the evict task with compensationTime 8ms
[wanxinp2p-discover-server][${env:SERVER_PORT}] 2023-05-31 13:12:13,006 INFO [Eureka-EvictionTimer][AbstractInstanceRegistry.java:1250] - Running the evict task with compensationTime 2ms
[wanxinp2p-discover-server][${env:SERVER_PORT}] 2023-05-31 13:12:23,010 INFO [Eureka-EvictionTimer][AbstractInstanceRegistry.java:1250] - Running the evict task with compensationTime 4ms
[wanxinp2p-discover-server][${env:SERVER_PORT}] 2023-05-31 13:12:33,020 INFO [Eureka-EvictionTimer][AbstractInstanceRegistry.java:1250] - Running the evict task with compensationTime 9ms
[wanxinp2p-discover-server][${env:SERVER_PORT}] 2023-05-31 13:12:43,034 INFO [Eureka-EvictionTimer][AbstractInstanceRegistry.java:1250] - Running the evict task with compensationTime 13ms
[wanxinp2p-discover-server][${env:SERVER_PORT}] 2023-05-31 13:12:53,035 INFO [Eureka-EvictionTimer][AbstractInstanceRegistry.java:1250] - Running the evict task with compensationTime 1ms
[wanxinp2p-discover-server][${env:SERVER_PORT}] 2023-05-31 13:13:03,035 INFO [Eureka-EvictionTimer][AbstractInstanceRegistry.java:1250] - Running the evict task with compensationTime 0ms
[wanxinp2p-discover-server][${env:SERVER_PORT}] 2023-05-31 13:13:13,037 INFO [Eureka-EvictionTimer][AbstractInstanceRegistry.java:1250] - Running the evict task with compensationTime 1ms
[wanxinp2p-discover-server][${env:SERVER_PORT}] 2023-05-31 13:13:23,052 INFO [Eureka-EvictionTimer][AbstractInstanceRegistry.java:1250] - Running the evict task with compensationTime 15ms
[wanxinp2p-discover-server][${env:SERVER_PORT}] 2023-05-31 13:13:33,067 INFO [Eureka-EvictionTimer][AbstractInstanceRegistry.java:1250] - Running the evict task with compensationTime 14ms
[wanxinp2p-discover-server][${env:SERVER_PORT}] 2023-05-31 13:13:41,512 INFO [ReplicaAwareInstanceRegistry - RenewalThresholdUpdater][PeerAwareInstanceRegistryImpl.java:539] - Current renewal threshold is : 0
[wanxinp2p-discover-server][${env:SERVER_PORT}] 2023-05-31 13:13:43,072 INFO [Eureka-EvictionTimer][AbstractInstanceRegistry.java:1250] - Running the evict task with compensationTime 5ms
[wanxinp2p-discover-server][${env:SERVER_PORT}] 2023-05-31 13:13:53,077 INFO [Eureka-EvictionTimer][AbstractInstanceRegistry.java:1250] - Running the evict task with compensationTime 4ms
[wanxinp2p-discover-server][${env:SERVER_PORT}] 2023-05-31 13:14:03,092 INFO [Eureka-EvictionTimer][AbstractInstanceRegistry.java:1250] - Running the evict task with compensationTime 15ms
[wanxinp2p-discover-server][${env:SERVER_PORT}] 2023-05-31 13:14:13,104 INFO [Eureka-EvictionTimer][AbstractInstanceRegistry.java:1250] - Running the evict task with compensationTime 11ms
[wanxinp2p-discover-server][${env:SERVER_PORT}] 2023-05-31 13:14:23,107 INFO [Eureka-EvictionTimer][AbstractInstanceRegistry.java:1250] - Running the evict task with compensationTime 3ms
[wanxinp2p-discover-server][${env:SERVER_PORT}] 2023-05-31 13:14:33,121 INFO [Eureka-EvictionTimer][AbstractInstanceRegistry.java:1250] - Running the evict task with compensationTime 13ms
[wanxinp2p-discover-server][${env:SERVER_PORT}] 2023-05-31 13:14:43,133 INFO [Eureka-EvictionTimer][AbstractInstanceRegistry.java:1250] - Running the evict task with compensationTime 12ms
[wanxinp2p-discover-server][${env:SERVER_PORT}] 2023-05-31 13:14:53,145 INFO [Eureka-EvictionTimer][AbstractInstanceRegistry.java:1250] - Running the evict task with compensationTime 11ms
[wanxinp2p-discover-server][${env:SERVER_PORT}] 2023-05-31 13:15:03,153 INFO [Eureka-EvictionTimer][AbstractInstanceRegistry.java:1250] - Running the evict task with compensationTime 8ms
[wanxinp2p-discover-server][${env:SERVER_PORT}] 2023-05-31 13:15:13,155 INFO [Eureka-EvictionTimer][AbstractInstanceRegistry.java:1250] - Running the evict task with compensationTime 1ms
[wanxinp2p-discover-server][${env:SERVER_PORT}] 2023-05-31 13:15:23,165 INFO [Eureka-EvictionTimer][AbstractInstanceRegistry.java:1250] - Running the evict task with compensationTime 9ms
[wanxinp2p-discover-server][${env:SERVER_PORT}] 2023-05-31 13:15:33,169 INFO [Eureka-EvictionTimer][AbstractInstanceRegistry.java:1250] - Running the evict task with compensationTime 4ms
[wanxinp2p-discover-server][${env:SERVER_PORT}] 2023-05-31 13:15:43,169 INFO [Eureka-EvictionTimer][AbstractInstanceRegistry.java:1250] - Running the evict task with compensationTime 0ms
[wanxinp2p-discover-server][${env:SERVER_PORT}] 2023-05-31 13:15:53,175 INFO [Eureka-EvictionTimer][AbstractInstanceRegistry.java:1250] - Running the evict task with compensationTime 5ms
[wanxinp2p-discover-server][${env:SERVER_PORT}] 2023-05-31 13:16:03,184 INFO [Eureka-EvictionTimer][AbstractInstanceRegistry.java:1250] - Running the evict task with compensationTime 9ms
[wanxinp2p-discover-server][${env:SERVER_PORT}] 2023-05-31 13:16:13,192 INFO [Eureka-EvictionTimer][AbstractInstanceRegistry.java:1250] - Running the evict task with compensationTime 7ms
[wanxinp2p-discover-server][${env:SERVER_PORT}] 2023-05-31 13:16:23,203 INFO [Eureka-EvictionTimer][AbstractInstanceRegistry.java:1250] - Running the evict task with compensationTime 11ms
[wanxinp2p-discover-server][${env:SERVER_PORT}] 2023-05-31 13:16:33,209 INFO [Eureka-EvictionTimer][AbstractInstanceRegistry.java:1250] - Running the evict task with compensationTime 6ms
[wanxinp2p-discover-server][${env:SERVER_PORT}] 2023-05-31 13:16:43,211 INFO [Eureka-EvictionTimer][AbstractInstanceRegistry.java:1250] - Running the evict task with compensationTime 1ms
[wanxinp2p-discover-server][${env:SERVER_PORT}] 2023-05-31 13:16:53,211 INFO [Eureka-EvictionTimer][AbstractInstanceRegistry.java:1250] - Running the evict task with compensationTime 0ms
[wanxinp2p-discover-server][${env:SERVER_PORT}] 2023-05-31 13:17:03,216 INFO [Eureka-EvictionTimer][AbstractInstanceRegistry.java:1250] - Running the evict task with compensationTime 4ms
[wanxinp2p-discover-server][${env:SERVER_PORT}] 2023-05-31 13:17:13,225 INFO [Eureka-EvictionTimer][AbstractInstanceRegistry.java:1250] - Running the evict task with compensationTime 9ms
[wanxinp2p-discover-server][${env:SERVER_PORT}] 2023-05-31 13:17:23,232 INFO [Eureka-EvictionTimer][AbstractInstanceRegistry.java:1250] - Running the evict task with compensationTime 6ms
[wanxinp2p-discover-server][${env:SERVER_PORT}] 2023-05-31 13:17:33,244 INFO [Eureka-EvictionTimer][AbstractInstanceRegistry.java:1250] - Running the evict task with compensationTime 12ms
[wanxinp2p-discover-server][${env:SERVER_PORT}] 2023-05-31 13:17:43,259 INFO [Eureka-EvictionTimer][AbstractInstanceRegistry.java:1250] - Running the evict task with compensationTime 14ms
[wanxinp2p-discover-server][${env:SERVER_PORT}] 2023-05-31 13:17:53,267 INFO [Eureka-EvictionTimer][AbstractInstanceRegistry.java:1250] - Running the evict task with compensationTime 7ms
[wanxinp2p-discover-server][${env:SERVER_PORT}] 2023-05-31 13:18:03,269 INFO [Eureka-EvictionTimer][AbstractInstanceRegistry.java:1250] - Running the evict task with compensationTime 2ms
[wanxinp2p-discover-server][${env:SERVER_PORT}] 2023-05-31 13:18:13,273 INFO [Eureka-EvictionTimer][AbstractInstanceRegistry.java:1250] - Running the evict task with compensationTime 3ms
[wanxinp2p-discover-server][${env:SERVER_PORT}] 2023-05-31 13:18:23,287 INFO [Eureka-EvictionTimer][AbstractInstanceRegistry.java:1250] - Running the evict task with compensationTime 14ms
[wanxinp2p-discover-server][${env:SERVER_PORT}] 2023-05-31 13:18:33,300 INFO [Eureka-EvictionTimer][AbstractInstanceRegistry.java:1250] - Running the evict task with compensationTime 12ms
[wanxinp2p-discover-server][${env:SERVER_PORT}] 2023-05-31 13:18:43,303 INFO [Eureka-EvictionTimer][AbstractInstanceRegistry.java:1250] - Running the evict task with compensationTime 3ms
[wanxinp2p-discover-server][${env:SERVER_PORT}] 2023-05-31 13:18:53,311 INFO [Eureka-EvictionTimer][AbstractInstanceRegistry.java:1250] - Running the evict task with compensationTime 7ms
[wanxinp2p-discover-server][${env:SERVER_PORT}] 2023-05-31 13:19:03,319 INFO [Eureka-EvictionTimer][AbstractInstanceRegistry.java:1250] - Running the evict task with compensationTime 8ms
[wanxinp2p-discover-server][${env:SERVER_PORT}] 2023-05-31 13:19:13,323 INFO [Eureka-EvictionTimer][AbstractInstanceRegistry.java:1250] - Running the evict task with compensationTime 3ms
[wanxinp2p-discover-server][${env:SERVER_PORT}] 2023-05-31 13:19:23,328 INFO [Eureka-EvictionTimer][AbstractInstanceRegistry.java:1250] - Running the evict task with compensationTime 4ms
[wanxinp2p-discover-server][${env:SERVER_PORT}] 2023-05-31 13:19:33,339 INFO [Eureka-EvictionTimer][AbstractInstanceRegistry.java:1250] - Running the evict task with compensationTime 10ms
[wanxinp2p-discover-server][${env:SERVER_PORT}] 2023-05-31 13:19:43,341 INFO [Eureka-EvictionTimer][AbstractInstanceRegistry.java:1250] - Running the evict task with compensationTime 2ms
[wanxinp2p-discover-server][${env:SERVER_PORT}] 2023-05-31 13:19:53,349 INFO [Eureka-EvictionTimer][AbstractInstanceRegistry.java:1250] - Running the evict task with compensationTime 7ms
[wanxinp2p-discover-server][${env:SERVER_PORT}] 2023-05-31 13:20:03,362 INFO [Eureka-EvictionTimer][AbstractInstanceRegistry.java:1250] - Running the evict task with compensationTime 13ms
[wanxinp2p-discover-server][${env:SERVER_PORT}] 2023-05-31 13:20:13,372 INFO [Eureka-EvictionTimer][AbstractInstanceRegistry.java:1250] - Running the evict task with compensationTime 9ms
[wanxinp2p-discover-server][${env:SERVER_PORT}] 2023-05-31 13:20:23,372 INFO [Eureka-EvictionTimer][AbstractInstanceRegistry.java:1250] - Running the evict task with compensationTime 0ms
[wanxinp2p-discover-server][${env:SERVER_PORT}] 2023-05-31 13:20:33,382 INFO [Eureka-EvictionTimer][AbstractInstanceRegistry.java:1250] - Running the evict task with compensationTime 10ms
[wanxinp2p-discover-server][${env:SERVER_PORT}] 2023-05-31 13:20:43,388 INFO [Eureka-EvictionTimer][AbstractInstanceRegistry.java:1250] - Running the evict task with compensationTime 5ms
[wanxinp2p-discover-server][${env:SERVER_PORT}] 2023-05-31 13:20:53,399 INFO [Eureka-EvictionTimer][AbstractInstanceRegistry.java:1250] - Running the evict task with compensationTime 10ms
[wanxinp2p-discover-server][${env:SERVER_PORT}] 2023-05-31 13:21:03,401 INFO [Eureka-EvictionTimer][AbstractInstanceRegistry.java:1250] - Running the evict task with compensationTime 1ms
[wanxinp2p-discover-server][${env:SERVER_PORT}] 2023-05-31 13:21:13,414 INFO [Eureka-EvictionTimer][AbstractInstanceRegistry.java:1250] - Running the evict task with compensationTime 13ms
[wanxinp2p-discover-server][${env:SERVER_PORT}] 2023-05-31 13:21:23,427 INFO [Eureka-EvictionTimer][AbstractInstanceRegistry.java:1250] - Running the evict task with compensationTime 12ms
[wanxinp2p-discover-server][${env:SERVER_PORT}] 2023-05-31 13:21:33,438 INFO [Eureka-EvictionTimer][AbstractInstanceRegistry.java:1250] - Running the evict task with compensationTime 11ms
[wanxinp2p-discover-server][${env:SERVER_PORT}] 2023-05-31 13:21:43,443 INFO [Eureka-EvictionTimer][AbstractInstanceRegistry.java:1250] - Running the evict task with compensationTime 5ms
[wanxinp2p-discover-server][${env:SERVER_PORT}] 2023-05-31 13:21:53,455 INFO [Eureka-EvictionTimer][AbstractInstanceRegistry.java:1250] - Running the evict task with compensationTime 11ms
[wanxinp2p-discover-server][${env:SERVER_PORT}] 2023-05-31 13:22:03,468 INFO [Eureka-EvictionTimer][AbstractInstanceRegistry.java:1250] - Running the evict task with compensationTime 13ms
[wanxinp2p-discover-server][${env:SERVER_PORT}] 2023-05-31 13:22:13,471 INFO [Eureka-EvictionTimer][AbstractInstanceRegistry.java:1250] - Running the evict task with compensationTime 2ms
[wanxinp2p-discover-server][${env:SERVER_PORT}] 2023-05-31 13:22:23,476 INFO [Eureka-EvictionTimer][AbstractInstanceRegistry.java:1250] - Running the evict task with compensationTime 5ms
[wanxinp2p-discover-server][${env:SERVER_PORT}] 2023-05-31 13:22:33,492 INFO [Eureka-EvictionTimer][AbstractInstanceRegistry.java:1250] - Running the evict task with compensationTime 15ms
[wanxinp2p-discover-server][${env:SERVER_PORT}] 2023-05-31 13:22:43,496 INFO [Eureka-EvictionTimer][AbstractInstanceRegistry.java:1250] - Running the evict task with compensationTime 4ms
[wanxinp2p-discover-server][${env:SERVER_PORT}] 2023-05-31 13:22:53,510 INFO [Eureka-EvictionTimer][AbstractInstanceRegistry.java:1250] - Running the evict task with compensationTime 13ms
[wanxinp2p-discover-server][${env:SERVER_PORT}] 2023-05-31 13:23:03,524 INFO [Eureka-EvictionTimer][AbstractInstanceRegistry.java:1250] - Running the evict task with compensationTime 14ms
[wanxinp2p-discover-server][${env:SERVER_PORT}] 2023-05-31 13:23:13,531 INFO [Eureka-EvictionTimer][AbstractInstanceRegistry.java:1250] - Running the evict task with compensationTime 6ms
[wanxinp2p-discover-server][${env:SERVER_PORT}] 2023-05-31 13:23:23,544 INFO [Eureka-EvictionTimer][AbstractInstanceRegistry.java:1250] - Running the evict task with compensationTime 13ms
[wanxinp2p-discover-server][${env:SERVER_PORT}] 2023-05-31 13:23:33,546 INFO [Eureka-EvictionTimer][AbstractInstanceRegistry.java:1250] - Running the evict task with compensationTime 2ms
[wanxinp2p-discover-server][${env:SERVER_PORT}] 2023-05-31 13:23:43,555 INFO [Eureka-EvictionTimer][AbstractInstanceRegistry.java:1250] - Running the evict task with compensationTime 9ms
[wanxinp2p-discover-server][${env:SERVER_PORT}] 2023-05-31 13:23:44,390 INFO [http-nio-53000-exec-9][AbstractInstanceRegistry.java:266] - Registered instance ACCOUNT-SERVICE/account-service:10.18.35.163:53030 with status DOWN (replication=false)
[wanxinp2p-discover-server][${env:SERVER_PORT}] 2023-05-31 13:23:44,918 INFO [http-nio-53000-exec-5][AbstractInstanceRegistry.java:266] - Registered instance ACCOUNT-SERVICE/account-service:10.18.35.163:53030 with status DOWN (replication=true)
[wanxinp2p-discover-server][${env:SERVER_PORT}] 2023-05-31 13:23:48,623 INFO [http-nio-53000-exec-4][AbstractInstanceRegistry.java:330] - Cancelled instance ACCOUNT-SERVICE/account-service:10.18.35.163:53030 (replication=false)
[wanxinp2p-discover-server][${env:SERVER_PORT}] 2023-05-31 13:23:48,719 WARN [http-nio-53000-exec-3][AbstractInstanceRegistry.java:353] - DS: Registry: lease doesn't exist, registering resource: ACCOUNT-SERVICE - account-service:10.18.35.163:53030
[wanxinp2p-discover-server][${env:SERVER_PORT}] 2023-05-31 13:23:48,720 WARN [http-nio-53000-exec-3][InstanceResource.java:116] - Not Found (Renew): ACCOUNT-SERVICE - account-service:10.18.35.163:53030
[wanxinp2p-discover-server][${env:SERVER_PORT}] 2023-05-31 13:23:48,720 WARN [http-nio-53000-exec-3][AbstractInstanceRegistry.java:315] - DS: Registry: cancel failed because Lease is not registered for: ACCOUNT-SERVICE/account-service:10.18.35.163:53030
[wanxinp2p-discover-server][${env:SERVER_PORT}] 2023-05-31 13:23:48,720 INFO [http-nio-53000-exec-3][InstanceResource.java:288] - Not Found (Cancel): ACCOUNT-SERVICE - account-service:10.18.35.163:53030
[wanxinp2p-discover-server][${env:SERVER_PORT}] 2023-05-31 13:23:48,721 WARN [TaskBatchingWorker-target_localhost-6][ReplicationTask.java:35] - The replication of task ACCOUNT-SERVICE/account-service:10.18.35.163:53030:Heartbeat@localhost failed with response code 404
[wanxinp2p-discover-server][${env:SERVER_PORT}] 2023-05-31 13:23:48,721 WARN [TaskBatchingWorker-target_localhost-6][PeerEurekaNode.java:212] - ACCOUNT-SERVICE/account-service:10.18.35.163:53030:Heartbeat@localhost: missing entry.
[wanxinp2p-discover-server][${env:SERVER_PORT}] 2023-05-31 13:23:48,721 WARN [TaskBatchingWorker-target_localhost-6][PeerEurekaNode.java:214] - ACCOUNT-SERVICE/account-service:10.18.35.163:53030:Heartbeat@localhost: cannot find instance id account-service:10.18.35.163:53030 and hence replicating the instance with status DOWN
[wanxinp2p-discover-server][${env:SERVER_PORT}] 2023-05-31 13:23:48,721 WARN [TaskBatchingWorker-target_localhost-6][ReplicationTask.java:35] - The replication of task ACCOUNT-SERVICE/account-service:10.18.35.163:53030:Cancel@localhost failed with response code 404
[wanxinp2p-discover-server][${env:SERVER_PORT}] 2023-05-31 13:23:48,721 WARN [TaskBatchingWorker-target_localhost-6][PeerEurekaNode.java:171] - ACCOUNT-SERVICE/account-service:10.18.35.163:53030:Cancel@localhost: missing entry.
[wanxinp2p-discover-server][${env:SERVER_PORT}] 2023-05-31 13:23:49,240 INFO [http-nio-53000-exec-10][AbstractInstanceRegistry.java:266] - Registered instance ACCOUNT-SERVICE/account-service:10.18.35.163:53030 with status DOWN (replication=true)
[wanxinp2p-discover-server][${env:SERVER_PORT}] 2023-05-31 13:23:53,560 INFO [Eureka-EvictionTimer][AbstractInstanceRegistry.java:1250] - Running the evict task with compensationTime 4ms
[wanxinp2p-discover-server][${env:SERVER_PORT}] 2023-05-31 13:24:03,572 INFO [Eureka-EvictionTimer][AbstractInstanceRegistry.java:1250] - Running the evict task with compensationTime 12ms
[wanxinp2p-discover-server][${env:SERVER_PORT}] 2023-05-31 13:24:13,584 INFO [Eureka-EvictionTimer][AbstractInstanceRegistry.java:1250] - Running the evict task with compensationTime 11ms
[wanxinp2p-discover-server][${env:SERVER_PORT}] 2023-05-31 13:24:23,598 INFO [Eureka-EvictionTimer][AbstractInstanceRegistry.java:1250] - Running the evict task with compensationTime 13ms
[wanxinp2p-discover-server][${env:SERVER_PORT}] 2023-05-31 13:24:33,613 INFO [Eureka-EvictionTimer][AbstractInstanceRegistry.java:1250] - Running the evict task with compensationTime 14ms
[wanxinp2p-discover-server][${env:SERVER_PORT}] 2023-05-31 13:24:43,624 INFO [Eureka-EvictionTimer][AbstractInstanceRegistry.java:1250] - Running the evict task with compensationTime 11ms
[wanxinp2p-discover-server][${env:SERVER_PORT}] 2023-05-31 13:24:53,635 INFO [Eureka-EvictionTimer][AbstractInstanceRegistry.java:1250] - Running the evict task with compensationTime 11ms
[wanxinp2p-discover-server][${env:SERVER_PORT}] 2023-05-31 13:25:03,647 INFO [Eureka-EvictionTimer][AbstractInstanceRegistry.java:1250] - Running the evict task with compensationTime 11ms
[wanxinp2p-discover-server][${env:SERVER_PORT}] 2023-05-31 13:25:13,648 INFO [Eureka-EvictionTimer][AbstractInstanceRegistry.java:1250] - Running the evict task with compensationTime 0ms
[wanxinp2p-discover-server][${env:SERVER_PORT}] 2023-05-31 13:25:23,661 INFO [Eureka-EvictionTimer][AbstractInstanceRegistry.java:1250] - Running the evict task with compensationTime 14ms
[wanxinp2p-discover-server][${env:SERVER_PORT}] 2023-05-31 13:25:23,662 INFO [Eureka-EvictionTimer][AbstractInstanceRegistry.java:611] - Evicting 1 items (expired=1, evictionLimit=1)
[wanxinp2p-discover-server][${env:SERVER_PORT}] 2023-05-31 13:25:23,662 WARN [Eureka-EvictionTimer][AbstractInstanceRegistry.java:623] - DS: Registry: expired lease for ACCOUNT-SERVICE/account-service:10.18.35.163:53030
[wanxinp2p-discover-server][${env:SERVER_PORT}] 2023-05-31 13:25:23,662 INFO [Eureka-EvictionTimer][AbstractInstanceRegistry.java:330] - Cancelled instance ACCOUNT-SERVICE/account-service:10.18.35.163:53030 (replication=false)
[wanxinp2p-discover-server][${env:SERVER_PORT}] 2023-05-31 13:25:33,670 INFO [Eureka-EvictionTimer][AbstractInstanceRegistry.java:1250] - Running the evict task with compensationTime 7ms
[wanxinp2p-discover-server][${env:SERVER_PORT}] 2023-05-31 13:25:43,671 INFO [Eureka-EvictionTimer][AbstractInstanceRegistry.java:1250] - Running the evict task with compensationTime 0ms
[wanxinp2p-discover-server][${env:SERVER_PORT}] 2023-05-31 13:25:53,682 INFO [Eureka-EvictionTimer][AbstractInstanceRegistry.java:1250] - Running the evict task with compensationTime 11ms
[wanxinp2p-discover-server][${env:SERVER_PORT}] 2023-05-31 13:26:03,687 INFO [Eureka-EvictionTimer][AbstractInstanceRegistry.java:1250] - Running the evict task with compensationTime 5ms
[wanxinp2p-discover-server][${env:SERVER_PORT}] 2023-05-31 13:26:13,691 INFO [Eureka-EvictionTimer][AbstractInstanceRegistry.java:1250] - Running the evict task with compensationTime 3ms
[wanxinp2p-discover-server][${env:SERVER_PORT}] 2023-05-31 13:26:23,700 INFO [Eureka-EvictionTimer][AbstractInstanceRegistry.java:1250] - Running the evict task with compensationTime 9ms
[wanxinp2p-discover-server][${env:SERVER_PORT}] 2023-05-31 13:26:33,712 INFO [Eureka-EvictionTimer][AbstractInstanceRegistry.java:1250] - Running the evict task with compensationTime 11ms
[wanxinp2p-discover-server][${env:SERVER_PORT}] 2023-05-31 13:26:43,726 INFO [Eureka-EvictionTimer][AbstractInstanceRegistry.java:1250] - Running the evict task with compensationTime 13ms
[wanxinp2p-discover-server][${env:SERVER_PORT}] 2023-05-31 13:26:53,741 INFO [Eureka-EvictionTimer][AbstractInstanceRegistry.java:1250] - Running the evict task with compensationTime 15ms
[wanxinp2p-discover-server][${env:SERVER_PORT}] 2023-05-31 13:27:03,745 INFO [Eureka-EvictionTimer][AbstractInstanceRegistry.java:1250] - Running the evict task with compensationTime 3ms
[wanxinp2p-discover-server][${env:SERVER_PORT}] 2023-05-31 13:27:13,756 INFO [Eureka-EvictionTimer][AbstractInstanceRegistry.java:1250] - Running the evict task with compensationTime 11ms
[wanxinp2p-discover-server][${env:SERVER_PORT}] 2023-05-31 13:27:23,768 INFO [Eureka-EvictionTimer][AbstractInstanceRegistry.java:1250] - Running the evict task with compensationTime 12ms
[wanxinp2p-discover-server][${env:SERVER_PORT}] 2023-05-31 13:27:33,777 INFO [Eureka-EvictionTimer][AbstractInstanceRegistry.java:1250] - Running the evict task with compensationTime 8ms
[wanxinp2p-discover-server][${env:SERVER_PORT}] 2023-05-31 13:27:43,787 INFO [Eureka-EvictionTimer][AbstractInstanceRegistry.java:1250] - Running the evict task with compensationTime 10ms
[wanxinp2p-discover-server][${env:SERVER_PORT}] 2023-05-31 13:27:53,796 INFO [Eureka-EvictionTimer][AbstractInstanceRegistry.java:1250] - Running the evict task with compensationTime 9ms
[wanxinp2p-discover-server][${env:SERVER_PORT}] 2023-05-31 13:28:03,802 INFO [Eureka-EvictionTimer][AbstractInstanceRegistry.java:1250] - Running the evict task with compensationTime 5ms
[wanxinp2p-discover-server][${env:SERVER_PORT}] 2023-05-31 13:28:13,810 INFO [Eureka-EvictionTimer][AbstractInstanceRegistry.java:1250] - Running the evict task with compensationTime 8ms
[wanxinp2p-discover-server][${env:SERVER_PORT}] 2023-05-31 13:28:22,742 INFO [Thread-29][EurekaServiceRegistry.java:65] - Unregistering application HNRADIO-DISCOVERY with eureka with status DOWN
[wanxinp2p-discover-server][${env:SERVER_PORT}] 2023-05-31 13:28:22,768 INFO [Thread-29][DefaultEurekaServerContext.java:76] - Shutting down ...
[wanxinp2p-discover-server][${env:SERVER_PORT}] 2023-05-31 13:28:22,808 INFO [Thread-29][DefaultEurekaServerContext.java:79] - Shut down
[wanxinp2p-discover-server][${env:SERVER_PORT}] 2023-05-31 13:28:22,814 INFO [Thread-29][ExecutorConfigurationSupport.java:208] - Shutting down ExecutorService 'applicationTaskExecutor'
[wanxinp2p-discover-server][${env:SERVER_PORT}] 2023-05-31 13:28:22,828 INFO [Thread-29][DiscoveryClient.java:888] - Shutting down DiscoveryClient ...
[wanxinp2p-discover-server][${env:SERVER_PORT}] 2023-05-31 13:28:22,828 INFO [Thread-29][DiscoveryClient.java:911] - Completed shut down of DiscoveryClient
[wanxinp2p-discover-server][${env:SERVER_PORT}] 2023-05-31 13:28:33,658 INFO [main][SpringApplication.java:675] - No active profile set, falling back to default profiles: default
[wanxinp2p-discover-server][${env:SERVER_PORT}] 2023-05-31 13:28:34,392 WARN [main][EndpointId.java:135] - Endpoint ID 'service-registry' contains invalid characters, please migrate to a valid format.
[wanxinp2p-discover-server][${env:SERVER_PORT}] 2023-05-31 13:28:34,630 INFO [main][GenericScope.java:294] - BeanFactory id=33c68227-122c-36dd-8028-a36de4f592a4
[wanxinp2p-discover-server][${env:SERVER_PORT}] 2023-05-31 13:28:34,743 INFO [main][PostProcessorRegistrationDelegate.java:330] - Bean 'org.springframework.cloud.autoconfigure.ConfigurationPropertiesRebinderAutoConfiguration' of type [org.springframework.cloud.autoconfigure.ConfigurationPropertiesRebinderAutoConfiguration$$EnhancerBySpringCGLIB$$3e48c2d0] is not eligible for getting processed by all BeanPostProcessors (for example: not eligible for auto-proxying)
[wanxinp2p-discover-server][${env:SERVER_PORT}] 2023-05-31 13:28:35,117 INFO [main][TomcatWebServer.java:90] - Tomcat initialized with port(s): 53000 (http)
[wanxinp2p-discover-server][${env:SERVER_PORT}] 2023-05-31 13:28:35,133 INFO [main][DirectJDKLog.java:173] - Initializing ProtocolHandler ["http-nio-53000"]
[wanxinp2p-discover-server][${env:SERVER_PORT}] 2023-05-31 13:28:35,146 INFO [main][DirectJDKLog.java:173] - Starting service [Tomcat]
[wanxinp2p-discover-server][${env:SERVER_PORT}] 2023-05-31 13:28:35,146 INFO [main][DirectJDKLog.java:173] - Starting Servlet engine: [Apache Tomcat/9.0.16]
[wanxinp2p-discover-server][${env:SERVER_PORT}] 2023-05-31 13:28:35,156 INFO [main][DirectJDKLog.java:173] - The APR based Apache Tomcat Native library which allows optimal performance in production environments was not found on the java.library.path: [D:\java\javaSE1.8\jdk1.8\bin;C:\WINDOWS\Sun\Java\bin;C:\WINDOWS\system32;C:\WINDOWS;E:\VMware\bin\;C:\Program Files\NVIDIA GPU Computing Toolkit\CUDA\v11.4\bin;C:\Program Files\NVIDIA GPU Computing Toolkit\CUDA\v11.4\libnvvp;C:\WINDOWS\system32;C:\WINDOWS;C:\WINDOWS\System32\Wbem;C:\WINDOWS\System32\WindowsPowerShell\v1.0\;C:\WINDOWS\System32\OpenSSH\;C:\Program Files (x86)\NVIDIA Corporation\PhysX\Common;C:\Program Files\NVIDIA Corporation\NVIDIA NvDLISR;C:\Program Files\dotnet\;E:\opencv_4.5.0\opencv_vs2019\install\x64\vc16\bin;C:\MinGW\bin;C:\Users\yy228\Anaconda3;C:\Users\yy228\Anaconda3\Library\mingw-w64\bin;C:\Users\yy228\Anaconda3\Library\usr\bin;C:\Users\yy228\Anaconda3\Library\bin;C:\Users\yy228\Anaconda3\Scripts;C:\Program Files\NVIDIA Corporation\Nsight Compute 2019.1\;D:\java\javaSE1.8\jdk1.8\bin;D:\java\javaSE1.8\jdk1.8\jre\bin;D:\apache-maven-3.6.0\bin;C:\Program Files\Git\cmd;C:\Program Files (x86)\NetSarang\Xshell 7\;C:\Program Files (x86)\NetSarang\Xftp 7\;C:\Users\yy228\AppData\Local\Yarn\bin;C:\texlive\2022\bin\win32;C:\Program Files (x86)\Git\cmd;C:\Program Files\TortoiseGit\bin;D:\nodejs\;D:\Microsoft VS Code\bin;D:\java\javaSE1.8\jdk1.8\bin;D:\java\javaSE1.8\jdk1.8\jre\bin;C:\Users\yy228\AppData\Local\Microsoft\WindowsApps;C:\Users\yy228\.dotnet\tools;C:\Program Files\Bandizip\;C:\Program Files\CMake\bin;C:\Program Files\JetBrains\PyCharm 2020.1.3\bin;;D:\mysql\mysql-5.7.19-winx64\bin;C:\Users\yy228\AppData\Roaming\npm;D:\nodejs\node_global;D:\datagrip\DataGrip 2022.2.2\bin;;C:\Users\yy228\AppData\Local\GitHubDesktop\bin;E:\JetBrains\IntelliJ IDEA 2022.1.1\bin;;D:\VSCode\Microsoft VS Code\bin;.]
[wanxinp2p-discover-server][${env:SERVER_PORT}] 2023-05-31 13:28:35,361 INFO [main][DirectJDKLog.java:173] - Initializing Spring embedded WebApplicationContext
[wanxinp2p-discover-server][${env:SERVER_PORT}] 2023-05-31 13:28:35,361 INFO [main][ServletWebServerApplicationContext.java:296] - Root WebApplicationContext: initialization completed in 1686 ms
[wanxinp2p-discover-server][${env:SERVER_PORT}] 2023-05-31 13:28:35,506 WARN [main][URLConfigurationSource.java:121] - No URLs will be polled as dynamic configuration sources.
[wanxinp2p-discover-server][${env:SERVER_PORT}] 2023-05-31 13:28:35,507 INFO [main][URLConfigurationSource.java:122] - To enable URLs as dynamic configuration sources, define System property archaius.configurationSource.additionalUrls or make config.properties available on classpath.
[wanxinp2p-discover-server][${env:SERVER_PORT}] 2023-05-31 13:28:35,530 INFO [main][DynamicPropertyFactory.java:281] - DynamicPropertyFactory is initialized with configuration sources: com.netflix.config.ConcurrentCompositeConfiguration@216372b7
[wanxinp2p-discover-server][${env:SERVER_PORT}] 2023-05-31 13:28:36,998 INFO [main][WebApplicationImpl.java:815] - Initiating Jersey application, version 'Jersey: 1.19.1 03/11/2016 02:08 PM'
[wanxinp2p-discover-server][${env:SERVER_PORT}] 2023-05-31 13:28:37,095 INFO [main][DiscoveryJerseyProvider.java:70] - Using JSON encoding codec LegacyJacksonJson
[wanxinp2p-discover-server][${env:SERVER_PORT}] 2023-05-31 13:28:37,097 INFO [main][DiscoveryJerseyProvider.java:71] - Using JSON decoding codec LegacyJacksonJson
[wanxinp2p-discover-server][${env:SERVER_PORT}] 2023-05-31 13:28:37,273 INFO [main][DiscoveryJerseyProvider.java:80] - Using XML encoding codec XStreamXml
[wanxinp2p-discover-server][${env:SERVER_PORT}] 2023-05-31 13:28:37,273 INFO [main][DiscoveryJerseyProvider.java:81] - Using XML decoding codec XStreamXml
[wanxinp2p-discover-server][${env:SERVER_PORT}] 2023-05-31 13:28:38,823 WARN [main][URLConfigurationSource.java:121] - No URLs will be polled as dynamic configuration sources.
[wanxinp2p-discover-server][${env:SERVER_PORT}] 2023-05-31 13:28:38,824 INFO [main][URLConfigurationSource.java:122] - To enable URLs as dynamic configuration sources, define System property archaius.configurationSource.additionalUrls or make config.properties available on classpath.
[wanxinp2p-discover-server][${env:SERVER_PORT}] 2023-05-31 13:28:39,081 INFO [main][ExecutorConfigurationSupport.java:171] - Initializing ExecutorService 'applicationTaskExecutor'
[wanxinp2p-discover-server][${env:SERVER_PORT}] 2023-05-31 13:28:40,798 INFO [main][InstanceInfoFactory.java:71] - Setting initial instance status as: STARTING
[wanxinp2p-discover-server][${env:SERVER_PORT}] 2023-05-31 13:28:40,834 INFO [main][DiscoveryClient.java:349] - Initializing Eureka in region us-east-1
[wanxinp2p-discover-server][${env:SERVER_PORT}] 2023-05-31 13:28:40,835 INFO [main][DiscoveryClient.java:352] - Client configured to neither register nor query for data.
[wanxinp2p-discover-server][${env:SERVER_PORT}] 2023-05-31 13:28:40,845 INFO [main][DiscoveryClient.java:365] - Discovery Client initialized at timestamp 1685510920844 with initial instances count: 0
[wanxinp2p-discover-server][${env:SERVER_PORT}] 2023-05-31 13:28:40,920 INFO [main][DefaultEurekaServerContext.java:63] - Initializing ...
[wanxinp2p-discover-server][${env:SERVER_PORT}] 2023-05-31 13:28:40,927 INFO [main][PeerEurekaNodes.java:188] - Adding new peer nodes [http://localhost:53000/eureka/]
[wanxinp2p-discover-server][${env:SERVER_PORT}] 2023-05-31 13:28:41,076 INFO [main][DiscoveryJerseyProvider.java:70] - Using JSON encoding codec LegacyJacksonJson
[wanxinp2p-discover-server][${env:SERVER_PORT}] 2023-05-31 13:28:41,076 INFO [main][DiscoveryJerseyProvider.java:71] - Using JSON decoding codec LegacyJacksonJson
[wanxinp2p-discover-server][${env:SERVER_PORT}] 2023-05-31 13:28:41,077 INFO [main][DiscoveryJerseyProvider.java:80] - Using XML encoding codec XStreamXml
[wanxinp2p-discover-server][${env:SERVER_PORT}] 2023-05-31 13:28:41,077 INFO [main][DiscoveryJerseyProvider.java:81] - Using XML decoding codec XStreamXml
[wanxinp2p-discover-server][${env:SERVER_PORT}] 2023-05-31 13:28:41,297 INFO [main][PeerEurekaNodes.java:110] - Replica node URL:  http://localhost:53000/eureka/
[wanxinp2p-discover-server][${env:SERVER_PORT}] 2023-05-31 13:28:41,307 INFO [main][AbstractInstanceRegistry.java:151] - Finished initializing remote region registries. All known remote regions: []
[wanxinp2p-discover-server][${env:SERVER_PORT}] 2023-05-31 13:28:41,308 INFO [main][DefaultEurekaServerContext.java:70] - Initialized
[wanxinp2p-discover-server][${env:SERVER_PORT}] 2023-05-31 13:28:41,319 INFO [main][EndpointLinksResolver.java:59] - Exposing 2 endpoint(s) beneath base path '/actuator'
[wanxinp2p-discover-server][${env:SERVER_PORT}] 2023-05-31 13:28:41,416 INFO [main][EurekaServiceRegistry.java:42] - Registering application HNRADIO-DISCOVERY with eureka with status UP
[wanxinp2p-discover-server][${env:SERVER_PORT}] 2023-05-31 13:28:41,420 INFO [Thread-30][EurekaServerBootstrap.java:109] - Setting the eureka configuration..
[wanxinp2p-discover-server][${env:SERVER_PORT}] 2023-05-31 13:28:41,421 INFO [Thread-30][EurekaServerBootstrap.java:114] - Eureka data center value eureka.datacenter is not set, defaulting to default
[wanxinp2p-discover-server][${env:SERVER_PORT}] 2023-05-31 13:28:41,422 INFO [Thread-30][EurekaServerBootstrap.java:128] - Eureka environment value eureka.environment is not set, defaulting to test
[wanxinp2p-discover-server][${env:SERVER_PORT}] 2023-05-31 13:28:41,434 INFO [Thread-30][EurekaServerBootstrap.java:184] - isAws returned false
[wanxinp2p-discover-server][${env:SERVER_PORT}] 2023-05-31 13:28:41,435 INFO [main][DirectJDKLog.java:173] - Starting ProtocolHandler ["http-nio-53000"]
[wanxinp2p-discover-server][${env:SERVER_PORT}] 2023-05-31 13:28:41,435 INFO [Thread-30][EurekaServerBootstrap.java:152] - Initialized server context
[wanxinp2p-discover-server][${env:SERVER_PORT}] 2023-05-31 13:28:41,435 INFO [Thread-30][PeerAwareInstanceRegistryImpl.java:241] - Got 1 instances from neighboring DS node
[wanxinp2p-discover-server][${env:SERVER_PORT}] 2023-05-31 13:28:41,436 INFO [Thread-30][PeerAwareInstanceRegistryImpl.java:242] - Renew threshold is: 1
[wanxinp2p-discover-server][${env:SERVER_PORT}] 2023-05-31 13:28:41,436 INFO [Thread-30][PeerAwareInstanceRegistryImpl.java:253] - Changing status to UP
[wanxinp2p-discover-server][${env:SERVER_PORT}] 2023-05-31 13:28:41,444 INFO [Thread-30][EurekaServerInitializerConfiguration.java:72] - Started Eureka Server
[wanxinp2p-discover-server][${env:SERVER_PORT}] 2023-05-31 13:28:41,466 INFO [main][TomcatWebServer.java:204] - Tomcat started on port(s): 53000 (http) with context path ''
[wanxinp2p-discover-server][${env:SERVER_PORT}] 2023-05-31 13:28:41,467 INFO [main][EurekaAutoServiceRegistration.java:141] - Updating port to 53000
[wanxinp2p-discover-server][${env:SERVER_PORT}] 2023-05-31 13:28:41,469 INFO [main][StartupInfoLogger.java:59] - Started DiscoveryServer in 11.607 seconds (JVM running for 14.036)
[wanxinp2p-discover-server][${env:SERVER_PORT}] 2023-05-31 13:28:41,630 INFO [http-nio-53000-exec-1][DirectJDKLog.java:173] - Initializing Spring DispatcherServlet 'dispatcherServlet'
[wanxinp2p-discover-server][${env:SERVER_PORT}] 2023-05-31 13:28:41,630 INFO [http-nio-53000-exec-1][FrameworkServlet.java:524] - Initializing Servlet 'dispatcherServlet'
[wanxinp2p-discover-server][${env:SERVER_PORT}] 2023-05-31 13:28:41,639 INFO [http-nio-53000-exec-1][FrameworkServlet.java:546] - Completed initialization in 9 ms
[wanxinp2p-discover-server][${env:SERVER_PORT}] 2023-05-31 13:28:41,675 WARN [http-nio-53000-exec-2][AbstractInstanceRegistry.java:315] - DS: Registry: cancel failed because Lease is not registered for: CONSUMER-SERVICE/consumer-service:10.18.35.163:53050
[wanxinp2p-discover-server][${env:SERVER_PORT}] 2023-05-31 13:28:41,676 INFO [http-nio-53000-exec-2][InstanceResource.java:288] - Not Found (Cancel): CONSUMER-SERVICE - consumer-service:10.18.35.163:53050
[wanxinp2p-discover-server][${env:SERVER_PORT}] 2023-05-31 13:28:41,700 WARN [http-nio-53000-exec-5][AbstractInstanceRegistry.java:353] - DS: Registry: lease doesn't exist, registering resource: UAA-SERVICE - uaa-service:10.18.35.163:53020
[wanxinp2p-discover-server][${env:SERVER_PORT}] 2023-05-31 13:28:41,700 WARN [http-nio-53000-exec-5][InstanceResource.java:116] - Not Found (Renew): UAA-SERVICE - uaa-service:10.18.35.163:53020
[wanxinp2p-discover-server][${env:SERVER_PORT}] 2023-05-31 13:28:41,764 WARN [http-nio-53000-exec-8][AbstractInstanceRegistry.java:315] - DS: Registry: cancel failed because Lease is not registered for: GATEWAY-SERVER/gateway-server:10.18.35.163:53010
[wanxinp2p-discover-server][${env:SERVER_PORT}] 2023-05-31 13:28:41,765 INFO [http-nio-53000-exec-8][InstanceResource.java:288] - Not Found (Cancel): GATEWAY-SERVER - gateway-server:10.18.35.163:53010
[wanxinp2p-discover-server][${env:SERVER_PORT}] 2023-05-31 13:28:41,769 INFO [http-nio-53000-exec-4][AbstractInstanceRegistry.java:266] - Registered instance UAA-SERVICE/uaa-service:10.18.35.163:53020 with status DOWN (replication=false)
[wanxinp2p-discover-server][${env:SERVER_PORT}] 2023-05-31 13:28:41,770 INFO [http-nio-53000-exec-1][AbstractInstanceRegistry.java:266] - Registered instance UAA-SERVICE/uaa-service:10.18.35.163:53020 with status DOWN (replication=false)
[wanxinp2p-discover-server][${env:SERVER_PORT}] 2023-05-31 13:28:41,803 INFO [http-nio-53000-exec-7][AbstractInstanceRegistry.java:330] - Cancelled instance UAA-SERVICE/uaa-service:10.18.35.163:53020 (replication=false)
[wanxinp2p-discover-server][${env:SERVER_PORT}] 2023-05-31 13:28:42,429 INFO [http-nio-53000-exec-8][AbstractInstanceRegistry.java:266] - Registered instance UAA-SERVICE/uaa-service:10.18.35.163:53020 with status DOWN (replication=true)
[wanxinp2p-discover-server][${env:SERVER_PORT}] 2023-05-31 13:28:42,429 INFO [http-nio-53000-exec-8][AbstractInstanceRegistry.java:330] - Cancelled instance UAA-SERVICE/uaa-service:10.18.35.163:53020 (replication=true)
[wanxinp2p-discover-server][${env:SERVER_PORT}] 2023-05-31 13:28:51,448 INFO [Eureka-EvictionTimer][AbstractInstanceRegistry.java:1250] - Running the evict task with compensationTime 0ms
[wanxinp2p-discover-server][${env:SERVER_PORT}] 2023-05-31 13:29:01,460 INFO [Eureka-EvictionTimer][AbstractInstanceRegistry.java:1250] - Running the evict task with compensationTime 12ms
[wanxinp2p-discover-server][${env:SERVER_PORT}] 2023-05-31 13:29:11,466 INFO [Eureka-EvictionTimer][AbstractInstanceRegistry.java:1250] - Running the evict task with compensationTime 5ms
[wanxinp2p-discover-server][${env:SERVER_PORT}] 2023-05-31 13:29:21,466 INFO [Eureka-EvictionTimer][AbstractInstanceRegistry.java:1250] - Running the evict task with compensationTime 0ms
[wanxinp2p-discover-server][${env:SERVER_PORT}] 2023-05-31 13:29:28,804 INFO [http-nio-53000-exec-4][AbstractInstanceRegistry.java:266] - Registered instance GATEWAY-SERVER/gateway-server:10.18.35.163:53010 with status UP (replication=false)
[wanxinp2p-discover-server][${env:SERVER_PORT}] 2023-05-31 13:29:29,335 INFO [http-nio-53000-exec-6][AbstractInstanceRegistry.java:266] - Registered instance GATEWAY-SERVER/gateway-server:10.18.35.163:53010 with status UP (replication=true)
[wanxinp2p-discover-server][${env:SERVER_PORT}] 2023-05-31 13:29:31,481 INFO [Eureka-EvictionTimer][AbstractInstanceRegistry.java:1250] - Running the evict task with compensationTime 15ms
[wanxinp2p-discover-server][${env:SERVER_PORT}] 2023-05-31 13:29:41,482 INFO [Eureka-EvictionTimer][AbstractInstanceRegistry.java:1250] - Running the evict task with compensationTime 1ms
[wanxinp2p-discover-server][${env:SERVER_PORT}] 2023-05-31 13:29:46,383 INFO [http-nio-53000-exec-9][AbstractInstanceRegistry.java:266] - Registered instance CONSUMER-SERVICE/consumer-service:10.18.35.163:53050 with status UP (replication=false)
[wanxinp2p-discover-server][${env:SERVER_PORT}] 2023-05-31 13:29:46,906 INFO [http-nio-53000-exec-2][AbstractInstanceRegistry.java:266] - Registered instance CONSUMER-SERVICE/consumer-service:10.18.35.163:53050 with status UP (replication=true)
[wanxinp2p-discover-server][${env:SERVER_PORT}] 2023-05-31 13:29:51,493 INFO [Eureka-EvictionTimer][AbstractInstanceRegistry.java:1250] - Running the evict task with compensationTime 10ms
[wanxinp2p-discover-server][${env:SERVER_PORT}] 2023-05-31 13:29:58,072 INFO [http-nio-53000-exec-5][AbstractInstanceRegistry.java:266] - Registered instance UAA-SERVICE/uaa-service:10.18.35.163:53020 with status UP (replication=false)
[wanxinp2p-discover-server][${env:SERVER_PORT}] 2023-05-31 13:29:58,595 INFO [http-nio-53000-exec-3][AbstractInstanceRegistry.java:266] - Registered instance UAA-SERVICE/uaa-service:10.18.35.163:53020 with status UP (replication=true)
[wanxinp2p-discover-server][${env:SERVER_PORT}] 2023-05-31 13:30:01,500 INFO [Eureka-EvictionTimer][AbstractInstanceRegistry.java:1250] - Running the evict task with compensationTime 7ms
[wanxinp2p-discover-server][${env:SERVER_PORT}] 2023-05-31 13:30:11,512 INFO [Eureka-EvictionTimer][AbstractInstanceRegistry.java:1250] - Running the evict task with compensationTime 12ms
[wanxinp2p-discover-server][${env:SERVER_PORT}] 2023-05-31 13:30:21,523 INFO [Eureka-EvictionTimer][AbstractInstanceRegistry.java:1250] - Running the evict task with compensationTime 11ms
[wanxinp2p-discover-server][${env:SERVER_PORT}] 2023-05-31 13:30:31,528 INFO [Eureka-EvictionTimer][AbstractInstanceRegistry.java:1250] - Running the evict task with compensationTime 4ms
[wanxinp2p-discover-server][${env:SERVER_PORT}] 2023-05-31 13:30:41,541 INFO [Eureka-EvictionTimer][AbstractInstanceRegistry.java:1250] - Running the evict task with compensationTime 13ms
[wanxinp2p-discover-server][${env:SERVER_PORT}] 2023-05-31 13:30:51,556 INFO [Eureka-EvictionTimer][AbstractInstanceRegistry.java:1250] - Running the evict task with compensationTime 14ms
[wanxinp2p-discover-server][${env:SERVER_PORT}] 2023-05-31 13:31:01,559 INFO [Eureka-EvictionTimer][AbstractInstanceRegistry.java:1250] - Running the evict task with compensationTime 2ms
[wanxinp2p-discover-server][${env:SERVER_PORT}] 2023-05-31 13:31:11,560 INFO [Eureka-EvictionTimer][AbstractInstanceRegistry.java:1250] - Running the evict task with compensationTime 1ms
[wanxinp2p-discover-server][${env:SERVER_PORT}] 2023-05-31 13:31:21,574 INFO [Eureka-EvictionTimer][AbstractInstanceRegistry.java:1250] - Running the evict task with compensationTime 13ms
[wanxinp2p-discover-server][${env:SERVER_PORT}] 2023-05-31 13:31:31,588 INFO [Eureka-EvictionTimer][AbstractInstanceRegistry.java:1250] - Running the evict task with compensationTime 14ms
[wanxinp2p-discover-server][${env:SERVER_PORT}] 2023-05-31 13:31:41,589 INFO [Eureka-EvictionTimer][AbstractInstanceRegistry.java:1250] - Running the evict task with compensationTime 0ms
[wanxinp2p-discover-server][${env:SERVER_PORT}] 2023-05-31 13:31:51,591 INFO [Eureka-EvictionTimer][AbstractInstanceRegistry.java:1250] - Running the evict task with compensationTime 2ms
[wanxinp2p-discover-server][${env:SERVER_PORT}] 2023-05-31 13:32:01,591 INFO [Eureka-EvictionTimer][AbstractInstanceRegistry.java:1250] - Running the evict task with compensationTime 0ms
[wanxinp2p-discover-server][${env:SERVER_PORT}] 2023-05-31 13:32:11,598 INFO [Eureka-EvictionTimer][AbstractInstanceRegistry.java:1250] - Running the evict task with compensationTime 6ms
[wanxinp2p-discover-server][${env:SERVER_PORT}] 2023-05-31 13:32:21,606 INFO [Eureka-EvictionTimer][AbstractInstanceRegistry.java:1250] - Running the evict task with compensationTime 8ms
[wanxinp2p-discover-server][${env:SERVER_PORT}] 2023-05-31 13:32:31,620 INFO [Eureka-EvictionTimer][AbstractInstanceRegistry.java:1250] - Running the evict task with compensationTime 13ms
[wanxinp2p-discover-server][${env:SERVER_PORT}] 2023-05-31 13:32:41,633 INFO [Eureka-EvictionTimer][AbstractInstanceRegistry.java:1250] - Running the evict task with compensationTime 13ms
[wanxinp2p-discover-server][${env:SERVER_PORT}] 2023-05-31 13:32:51,636 INFO [Eureka-EvictionTimer][AbstractInstanceRegistry.java:1250] - Running the evict task with compensationTime 2ms
[wanxinp2p-discover-server][${env:SERVER_PORT}] 2023-05-31 13:32:51,663 INFO [http-nio-53000-exec-6][AbstractInstanceRegistry.java:266] - Registered instance ACCOUNT-SERVICE/account-service:10.18.35.163:53030 with status UP (replication=false)
[wanxinp2p-discover-server][${env:SERVER_PORT}] 2023-05-31 13:32:52,188 INFO [http-nio-53000-exec-7][AbstractInstanceRegistry.java:266] - Registered instance ACCOUNT-SERVICE/account-service:10.18.35.163:53030 with status UP (replication=true)
[wanxinp2p-discover-server][${env:SERVER_PORT}] 2023-05-31 13:33:01,644 INFO [Eureka-EvictionTimer][AbstractInstanceRegistry.java:1250] - Running the evict task with compensationTime 9ms
[wanxinp2p-discover-server][${env:SERVER_PORT}] 2023-05-31 13:33:11,652 INFO [Eureka-EvictionTimer][AbstractInstanceRegistry.java:1250] - Running the evict task with compensationTime 7ms
[wanxinp2p-discover-server][${env:SERVER_PORT}] 2023-05-31 13:33:21,654 INFO [Eureka-EvictionTimer][AbstractInstanceRegistry.java:1250] - Running the evict task with compensationTime 2ms
[wanxinp2p-discover-server][${env:SERVER_PORT}] 2023-05-31 13:33:31,662 INFO [Eureka-EvictionTimer][AbstractInstanceRegistry.java:1250] - Running the evict task with compensationTime 7ms
[wanxinp2p-discover-server][${env:SERVER_PORT}] 2023-05-31 13:33:41,666 INFO [Eureka-EvictionTimer][AbstractInstanceRegistry.java:1250] - Running the evict task with compensationTime 3ms
[wanxinp2p-discover-server][${env:SERVER_PORT}] 2023-05-31 13:33:51,666 INFO [Eureka-EvictionTimer][AbstractInstanceRegistry.java:1250] - Running the evict task with compensationTime 0ms
[wanxinp2p-discover-server][${env:SERVER_PORT}] 2023-05-31 13:34:01,674 INFO [Eureka-EvictionTimer][AbstractInstanceRegistry.java:1250] - Running the evict task with compensationTime 8ms
[wanxinp2p-discover-server][${env:SERVER_PORT}] 2023-05-31 13:34:11,676 INFO [Eureka-EvictionTimer][AbstractInstanceRegistry.java:1250] - Running the evict task with compensationTime 1ms
[wanxinp2p-discover-server][${env:SERVER_PORT}] 2023-05-31 13:34:21,685 INFO [Eureka-EvictionTimer][AbstractInstanceRegistry.java:1250] - Running the evict task with compensationTime 9ms
[wanxinp2p-discover-server][${env:SERVER_PORT}] 2023-05-31 13:34:31,686 INFO [Eureka-EvictionTimer][AbstractInstanceRegistry.java:1250] - Running the evict task with compensationTime 0ms
[wanxinp2p-discover-server][${env:SERVER_PORT}] 2023-05-31 13:34:41,689 INFO [Eureka-EvictionTimer][AbstractInstanceRegistry.java:1250] - Running the evict task with compensationTime 3ms
[wanxinp2p-discover-server][${env:SERVER_PORT}] 2023-05-31 13:34:51,699 INFO [Eureka-EvictionTimer][AbstractInstanceRegistry.java:1250] - Running the evict task with compensationTime 10ms
[wanxinp2p-discover-server][${env:SERVER_PORT}] 2023-05-31 13:35:01,710 INFO [Eureka-EvictionTimer][AbstractInstanceRegistry.java:1250] - Running the evict task with compensationTime 10ms
[wanxinp2p-discover-server][${env:SERVER_PORT}] 2023-05-31 13:35:11,714 INFO [Eureka-EvictionTimer][AbstractInstanceRegistry.java:1250] - Running the evict task with compensationTime 4ms
[wanxinp2p-discover-server][${env:SERVER_PORT}] 2023-05-31 13:35:21,722 INFO [Eureka-EvictionTimer][AbstractInstanceRegistry.java:1250] - Running the evict task with compensationTime 7ms
[wanxinp2p-discover-server][${env:SERVER_PORT}] 2023-05-31 13:35:31,734 INFO [Eureka-EvictionTimer][AbstractInstanceRegistry.java:1250] - Running the evict task with compensationTime 12ms
[wanxinp2p-discover-server][${env:SERVER_PORT}] 2023-05-31 13:35:41,745 INFO [Eureka-EvictionTimer][AbstractInstanceRegistry.java:1250] - Running the evict task with compensationTime 10ms
[wanxinp2p-discover-server][${env:SERVER_PORT}] 2023-05-31 13:35:51,752 INFO [Eureka-EvictionTimer][AbstractInstanceRegistry.java:1250] - Running the evict task with compensationTime 7ms
[wanxinp2p-discover-server][${env:SERVER_PORT}] 2023-05-31 13:36:01,763 INFO [Eureka-EvictionTimer][AbstractInstanceRegistry.java:1250] - Running the evict task with compensationTime 10ms
[wanxinp2p-discover-server][${env:SERVER_PORT}] 2023-05-31 13:36:11,773 INFO [Eureka-EvictionTimer][AbstractInstanceRegistry.java:1250] - Running the evict task with compensationTime 10ms
[wanxinp2p-discover-server][${env:SERVER_PORT}] 2023-05-31 13:36:21,780 INFO [Eureka-EvictionTimer][AbstractInstanceRegistry.java:1250] - Running the evict task with compensationTime 6ms
[wanxinp2p-discover-server][${env:SERVER_PORT}] 2023-05-31 13:36:31,795 INFO [Eureka-EvictionTimer][AbstractInstanceRegistry.java:1250] - Running the evict task with compensationTime 14ms
[wanxinp2p-discover-server][${env:SERVER_PORT}] 2023-05-31 13:36:41,802 INFO [Eureka-EvictionTimer][AbstractInstanceRegistry.java:1250] - Running the evict task with compensationTime 8ms
[wanxinp2p-discover-server][${env:SERVER_PORT}] 2023-05-31 13:36:51,810 INFO [Eureka-EvictionTimer][AbstractInstanceRegistry.java:1250] - Running the evict task with compensationTime 7ms
[wanxinp2p-discover-server][${env:SERVER_PORT}] 2023-05-31 13:37:01,825 INFO [Eureka-EvictionTimer][AbstractInstanceRegistry.java:1250] - Running the evict task with compensationTime 15ms
[wanxinp2p-discover-server][${env:SERVER_PORT}] 2023-05-31 13:37:11,839 INFO [Eureka-EvictionTimer][AbstractInstanceRegistry.java:1250] - Running the evict task with compensationTime 14ms
[wanxinp2p-discover-server][${env:SERVER_PORT}] 2023-05-31 13:37:21,840 INFO [Eureka-EvictionTimer][AbstractInstanceRegistry.java:1250] - Running the evict task with compensationTime 1ms
[wanxinp2p-discover-server][${env:SERVER_PORT}] 2023-05-31 13:37:31,855 INFO [Eureka-EvictionTimer][AbstractInstanceRegistry.java:1250] - Running the evict task with compensationTime 15ms
[wanxinp2p-discover-server][${env:SERVER_PORT}] 2023-05-31 13:37:41,864 INFO [Eureka-EvictionTimer][AbstractInstanceRegistry.java:1250] - Running the evict task with compensationTime 8ms
[wanxinp2p-discover-server][${env:SERVER_PORT}] 2023-05-31 13:37:51,868 INFO [Eureka-EvictionTimer][AbstractInstanceRegistry.java:1250] - Running the evict task with compensationTime 4ms
[wanxinp2p-discover-server][${env:SERVER_PORT}] 2023-05-31 13:38:01,874 INFO [Eureka-EvictionTimer][AbstractInstanceRegistry.java:1250] - Running the evict task with compensationTime 5ms
[wanxinp2p-discover-server][${env:SERVER_PORT}] 2023-05-31 13:38:11,884 INFO [Eureka-EvictionTimer][AbstractInstanceRegistry.java:1250] - Running the evict task with compensationTime 9ms
[wanxinp2p-discover-server][${env:SERVER_PORT}] 2023-05-31 13:38:21,884 INFO [Eureka-EvictionTimer][AbstractInstanceRegistry.java:1250] - Running the evict task with compensationTime 0ms
[wanxinp2p-discover-server][${env:SERVER_PORT}] 2023-05-31 13:38:31,891 INFO [Eureka-EvictionTimer][AbstractInstanceRegistry.java:1250] - Running the evict task with compensationTime 7ms
[wanxinp2p-discover-server][${env:SERVER_PORT}] 2023-05-31 13:38:41,899 INFO [Eureka-EvictionTimer][AbstractInstanceRegistry.java:1250] - Running the evict task with compensationTime 8ms
[wanxinp2p-discover-server][${env:SERVER_PORT}] 2023-05-31 13:38:51,901 INFO [Eureka-EvictionTimer][AbstractInstanceRegistry.java:1250] - Running the evict task with compensationTime 1ms
[wanxinp2p-discover-server][${env:SERVER_PORT}] 2023-05-31 13:39:01,911 INFO [Eureka-EvictionTimer][AbstractInstanceRegistry.java:1250] - Running the evict task with compensationTime 10ms
[wanxinp2p-discover-server][${env:SERVER_PORT}] 2023-05-31 13:39:11,925 INFO [Eureka-EvictionTimer][AbstractInstanceRegistry.java:1250] - Running the evict task with compensationTime 13ms
[wanxinp2p-discover-server][${env:SERVER_PORT}] 2023-05-31 13:39:21,928 INFO [Eureka-EvictionTimer][AbstractInstanceRegistry.java:1250] - Running the evict task with compensationTime 2ms
[wanxinp2p-discover-server][${env:SERVER_PORT}] 2023-05-31 13:39:31,935 INFO [Eureka-EvictionTimer][AbstractInstanceRegistry.java:1250] - Running the evict task with compensationTime 7ms
[wanxinp2p-discover-server][${env:SERVER_PORT}] 2023-05-31 13:39:41,943 INFO [Eureka-EvictionTimer][AbstractInstanceRegistry.java:1250] - Running the evict task with compensationTime 7ms
[wanxinp2p-discover-server][${env:SERVER_PORT}] 2023-05-31 13:39:51,948 INFO [Eureka-EvictionTimer][AbstractInstanceRegistry.java:1250] - Running the evict task with compensationTime 5ms
[wanxinp2p-discover-server][${env:SERVER_PORT}] 2023-05-31 13:40:01,962 INFO [Eureka-EvictionTimer][AbstractInstanceRegistry.java:1250] - Running the evict task with compensationTime 14ms
[wanxinp2p-discover-server][${env:SERVER_PORT}] 2023-05-31 13:40:11,974 INFO [Eureka-EvictionTimer][AbstractInstanceRegistry.java:1250] - Running the evict task with compensationTime 12ms
[wanxinp2p-discover-server][${env:SERVER_PORT}] 2023-05-31 13:40:21,982 INFO [Eureka-EvictionTimer][AbstractInstanceRegistry.java:1250] - Running the evict task with compensationTime 8ms
[wanxinp2p-discover-server][${env:SERVER_PORT}] 2023-05-31 13:40:31,994 INFO [Eureka-EvictionTimer][AbstractInstanceRegistry.java:1250] - Running the evict task with compensationTime 11ms
[wanxinp2p-discover-server][${env:SERVER_PORT}] 2023-05-31 13:40:42,006 INFO [Eureka-EvictionTimer][AbstractInstanceRegistry.java:1250] - Running the evict task with compensationTime 12ms
[wanxinp2p-discover-server][${env:SERVER_PORT}] 2023-05-31 13:40:52,013 INFO [Eureka-EvictionTimer][AbstractInstanceRegistry.java:1250] - Running the evict task with compensationTime 7ms
[wanxinp2p-discover-server][${env:SERVER_PORT}] 2023-05-31 13:41:02,014 INFO [Eureka-EvictionTimer][AbstractInstanceRegistry.java:1250] - Running the evict task with compensationTime 0ms
[wanxinp2p-discover-server][${env:SERVER_PORT}] 2023-05-31 13:41:12,024 INFO [Eureka-EvictionTimer][AbstractInstanceRegistry.java:1250] - Running the evict task with compensationTime 10ms
[wanxinp2p-discover-server][${env:SERVER_PORT}] 2023-05-31 13:41:22,029 INFO [Eureka-EvictionTimer][AbstractInstanceRegistry.java:1250] - Running the evict task with compensationTime 5ms
[wanxinp2p-discover-server][${env:SERVER_PORT}] 2023-05-31 13:41:32,040 INFO [Eureka-EvictionTimer][AbstractInstanceRegistry.java:1250] - Running the evict task with compensationTime 10ms
[wanxinp2p-discover-server][${env:SERVER_PORT}] 2023-05-31 13:41:42,052 INFO [Eureka-EvictionTimer][AbstractInstanceRegistry.java:1250] - Running the evict task with compensationTime 11ms
[wanxinp2p-discover-server][${env:SERVER_PORT}] 2023-05-31 13:41:52,067 INFO [Eureka-EvictionTimer][AbstractInstanceRegistry.java:1250] - Running the evict task with compensationTime 15ms
[wanxinp2p-discover-server][${env:SERVER_PORT}] 2023-05-31 13:42:02,081 INFO [Eureka-EvictionTimer][AbstractInstanceRegistry.java:1250] - Running the evict task with compensationTime 13ms
[wanxinp2p-discover-server][${env:SERVER_PORT}] 2023-05-31 13:42:12,090 INFO [Eureka-EvictionTimer][AbstractInstanceRegistry.java:1250] - Running the evict task with compensationTime 8ms
[wanxinp2p-discover-server][${env:SERVER_PORT}] 2023-05-31 13:42:22,098 INFO [Eureka-EvictionTimer][AbstractInstanceRegistry.java:1250] - Running the evict task with compensationTime 7ms
[wanxinp2p-discover-server][${env:SERVER_PORT}] 2023-05-31 13:42:32,104 INFO [Eureka-EvictionTimer][AbstractInstanceRegistry.java:1250] - Running the evict task with compensationTime 5ms
[wanxinp2p-discover-server][${env:SERVER_PORT}] 2023-05-31 13:42:42,108 INFO [Eureka-EvictionTimer][AbstractInstanceRegistry.java:1250] - Running the evict task with compensationTime 4ms
[wanxinp2p-discover-server][${env:SERVER_PORT}] 2023-05-31 13:42:52,114 INFO [Eureka-EvictionTimer][AbstractInstanceRegistry.java:1250] - Running the evict task with compensationTime 5ms
[wanxinp2p-discover-server][${env:SERVER_PORT}] 2023-05-31 13:43:02,129 INFO [Eureka-EvictionTimer][AbstractInstanceRegistry.java:1250] - Running the evict task with compensationTime 15ms
[wanxinp2p-discover-server][${env:SERVER_PORT}] 2023-05-31 13:43:12,133 INFO [Eureka-EvictionTimer][AbstractInstanceRegistry.java:1250] - Running the evict task with compensationTime 4ms
[wanxinp2p-discover-server][${env:SERVER_PORT}] 2023-05-31 13:43:22,145 INFO [Eureka-EvictionTimer][AbstractInstanceRegistry.java:1250] - Running the evict task with compensationTime 11ms
[wanxinp2p-discover-server][${env:SERVER_PORT}] 2023-05-31 13:43:32,153 INFO [Eureka-EvictionTimer][AbstractInstanceRegistry.java:1250] - Running the evict task with compensationTime 7ms
[wanxinp2p-discover-server][${env:SERVER_PORT}] 2023-05-31 13:43:41,318 INFO [ReplicaAwareInstanceRegistry - RenewalThresholdUpdater][PeerAwareInstanceRegistryImpl.java:539] - Current renewal threshold is : 0
[wanxinp2p-discover-server][${env:SERVER_PORT}] 2023-05-31 13:43:42,160 INFO [Eureka-EvictionTimer][AbstractInstanceRegistry.java:1250] - Running the evict task with compensationTime 7ms
[wanxinp2p-discover-server][${env:SERVER_PORT}] 2023-05-31 13:43:52,163 INFO [Eureka-EvictionTimer][AbstractInstanceRegistry.java:1250] - Running the evict task with compensationTime 2ms
[wanxinp2p-discover-server][${env:SERVER_PORT}] 2023-05-31 13:44:02,177 INFO [Eureka-EvictionTimer][AbstractInstanceRegistry.java:1250] - Running the evict task with compensationTime 14ms
[wanxinp2p-discover-server][${env:SERVER_PORT}] 2023-05-31 13:44:12,188 INFO [Eureka-EvictionTimer][AbstractInstanceRegistry.java:1250] - Running the evict task with compensationTime 11ms
[wanxinp2p-discover-server][${env:SERVER_PORT}] 2023-05-31 13:44:22,203 INFO [Eureka-EvictionTimer][AbstractInstanceRegistry.java:1250] - Running the evict task with compensationTime 15ms
[wanxinp2p-discover-server][${env:SERVER_PORT}] 2023-05-31 13:44:32,217 INFO [Eureka-EvictionTimer][AbstractInstanceRegistry.java:1250] - Running the evict task with compensationTime 13ms
[wanxinp2p-discover-server][${env:SERVER_PORT}] 2023-05-31 13:44:42,225 INFO [Eureka-EvictionTimer][AbstractInstanceRegistry.java:1250] - Running the evict task with compensationTime 7ms
[wanxinp2p-discover-server][${env:SERVER_PORT}] 2023-05-31 13:44:52,232 INFO [Eureka-EvictionTimer][AbstractInstanceRegistry.java:1250] - Running the evict task with compensationTime 7ms
[wanxinp2p-discover-server][${env:SERVER_PORT}] 2023-05-31 13:45:02,234 INFO [Eureka-EvictionTimer][AbstractInstanceRegistry.java:1250] - Running the evict task with compensationTime 1ms
[wanxinp2p-discover-server][${env:SERVER_PORT}] 2023-05-31 13:45:12,243 INFO [Eureka-EvictionTimer][AbstractInstanceRegistry.java:1250] - Running the evict task with compensationTime 9ms
[wanxinp2p-discover-server][${env:SERVER_PORT}] 2023-05-31 13:45:22,245 INFO [Eureka-EvictionTimer][AbstractInstanceRegistry.java:1250] - Running the evict task with compensationTime 2ms
[wanxinp2p-discover-server][${env:SERVER_PORT}] 2023-05-31 13:45:32,258 INFO [Eureka-EvictionTimer][AbstractInstanceRegistry.java:1250] - Running the evict task with compensationTime 13ms
[wanxinp2p-discover-server][${env:SERVER_PORT}] 2023-05-31 13:45:42,267 INFO [Eureka-EvictionTimer][AbstractInstanceRegistry.java:1250] - Running the evict task with compensationTime 8ms
[wanxinp2p-discover-server][${env:SERVER_PORT}] 2023-05-31 13:45:52,271 INFO [Eureka-EvictionTimer][AbstractInstanceRegistry.java:1250] - Running the evict task with compensationTime 3ms
[wanxinp2p-discover-server][${env:SERVER_PORT}] 2023-05-31 13:46:02,278 INFO [Eureka-EvictionTimer][AbstractInstanceRegistry.java:1250] - Running the evict task with compensationTime 7ms
[wanxinp2p-discover-server][${env:SERVER_PORT}] 2023-05-31 13:46:12,293 INFO [Eureka-EvictionTimer][AbstractInstanceRegistry.java:1250] - Running the evict task with compensationTime 14ms
[wanxinp2p-discover-server][${env:SERVER_PORT}] 2023-05-31 13:46:22,294 INFO [Eureka-EvictionTimer][AbstractInstanceRegistry.java:1250] - Running the evict task with compensationTime 1ms
[wanxinp2p-discover-server][${env:SERVER_PORT}] 2023-05-31 13:46:32,294 INFO [Eureka-EvictionTimer][AbstractInstanceRegistry.java:1250] - Running the evict task with compensationTime 0ms
[wanxinp2p-discover-server][${env:SERVER_PORT}] 2023-05-31 13:46:42,300 INFO [Eureka-EvictionTimer][AbstractInstanceRegistry.java:1250] - Running the evict task with compensationTime 5ms
[wanxinp2p-discover-server][${env:SERVER_PORT}] 2023-05-31 13:46:52,302 INFO [Eureka-EvictionTimer][AbstractInstanceRegistry.java:1250] - Running the evict task with compensationTime 2ms
[wanxinp2p-discover-server][${env:SERVER_PORT}] 2023-05-31 13:47:02,314 INFO [Eureka-EvictionTimer][AbstractInstanceRegistry.java:1250] - Running the evict task with compensationTime 11ms
[wanxinp2p-discover-server][${env:SERVER_PORT}] 2023-05-31 13:47:12,329 INFO [Eureka-EvictionTimer][AbstractInstanceRegistry.java:1250] - Running the evict task with compensationTime 15ms
[wanxinp2p-discover-server][${env:SERVER_PORT}] 2023-05-31 13:47:22,340 INFO [Eureka-EvictionTimer][AbstractInstanceRegistry.java:1250] - Running the evict task with compensationTime 10ms
[wanxinp2p-discover-server][${env:SERVER_PORT}] 2023-05-31 13:47:32,352 INFO [Eureka-EvictionTimer][AbstractInstanceRegistry.java:1250] - Running the evict task with compensationTime 12ms
[wanxinp2p-discover-server][${env:SERVER_PORT}] 2023-05-31 13:47:42,355 INFO [Eureka-EvictionTimer][AbstractInstanceRegistry.java:1250] - Running the evict task with compensationTime 2ms
[wanxinp2p-discover-server][${env:SERVER_PORT}] 2023-05-31 13:47:52,356 INFO [Eureka-EvictionTimer][AbstractInstanceRegistry.java:1250] - Running the evict task with compensationTime 0ms
[wanxinp2p-discover-server][${env:SERVER_PORT}] 2023-05-31 13:48:02,368 INFO [Eureka-EvictionTimer][AbstractInstanceRegistry.java:1250] - Running the evict task with compensationTime 11ms
[wanxinp2p-discover-server][${env:SERVER_PORT}] 2023-05-31 13:48:12,376 INFO [Eureka-EvictionTimer][AbstractInstanceRegistry.java:1250] - Running the evict task with compensationTime 8ms
[wanxinp2p-discover-server][${env:SERVER_PORT}] 2023-05-31 13:48:22,381 INFO [Eureka-EvictionTimer][AbstractInstanceRegistry.java:1250] - Running the evict task with compensationTime 4ms
[wanxinp2p-discover-server][${env:SERVER_PORT}] 2023-05-31 13:48:32,391 INFO [Eureka-EvictionTimer][AbstractInstanceRegistry.java:1250] - Running the evict task with compensationTime 10ms
[wanxinp2p-discover-server][${env:SERVER_PORT}] 2023-05-31 13:48:42,404 INFO [Eureka-EvictionTimer][AbstractInstanceRegistry.java:1250] - Running the evict task with compensationTime 12ms
[wanxinp2p-discover-server][${env:SERVER_PORT}] 2023-05-31 13:48:52,417 INFO [Eureka-EvictionTimer][AbstractInstanceRegistry.java:1250] - Running the evict task with compensationTime 13ms
[wanxinp2p-discover-server][${env:SERVER_PORT}] 2023-05-31 13:49:02,429 INFO [Eureka-EvictionTimer][AbstractInstanceRegistry.java:1250] - Running the evict task with compensationTime 12ms
[wanxinp2p-discover-server][${env:SERVER_PORT}] 2023-05-31 13:49:12,433 INFO [Eureka-EvictionTimer][AbstractInstanceRegistry.java:1250] - Running the evict task with compensationTime 3ms
[wanxinp2p-discover-server][${env:SERVER_PORT}] 2023-05-31 13:49:22,443 INFO [Eureka-EvictionTimer][AbstractInstanceRegistry.java:1250] - Running the evict task with compensationTime 10ms
[wanxinp2p-discover-server][${env:SERVER_PORT}] 2023-05-31 13:49:32,457 INFO [Eureka-EvictionTimer][AbstractInstanceRegistry.java:1250] - Running the evict task with compensationTime 14ms
[wanxinp2p-discover-server][${env:SERVER_PORT}] 2023-05-31 13:49:42,461 INFO [Eureka-EvictionTimer][AbstractInstanceRegistry.java:1250] - Running the evict task with compensationTime 3ms
[wanxinp2p-discover-server][${env:SERVER_PORT}] 2023-05-31 13:49:52,469 INFO [Eureka-EvictionTimer][AbstractInstanceRegistry.java:1250] - Running the evict task with compensationTime 8ms
[wanxinp2p-discover-server][${env:SERVER_PORT}] 2023-05-31 13:49:58,482 INFO [http-nio-53000-exec-6][AbstractInstanceRegistry.java:266] - Registered instance CONSUMER-SERVICE/consumer-service:10.18.35.163:53050 with status DOWN (replication=false)
[wanxinp2p-discover-server][${env:SERVER_PORT}] 2023-05-31 13:49:59,013 INFO [http-nio-53000-exec-7][AbstractInstanceRegistry.java:266] - Registered instance CONSUMER-SERVICE/consumer-service:10.18.35.163:53050 with status DOWN (replication=true)
[wanxinp2p-discover-server][${env:SERVER_PORT}] 2023-05-31 13:50:02,478 INFO [Eureka-EvictionTimer][AbstractInstanceRegistry.java:1250] - Running the evict task with compensationTime 9ms
[wanxinp2p-discover-server][${env:SERVER_PORT}] 2023-05-31 13:50:02,686 INFO [http-nio-53000-exec-4][AbstractInstanceRegistry.java:330] - Cancelled instance CONSUMER-SERVICE/consumer-service:10.18.35.163:53050 (replication=false)
[wanxinp2p-discover-server][${env:SERVER_PORT}] 2023-05-31 13:50:03,216 WARN [http-nio-53000-exec-2][AbstractInstanceRegistry.java:315] - DS: Registry: cancel failed because Lease is not registered for: CONSUMER-SERVICE/consumer-service:10.18.35.163:53050
[wanxinp2p-discover-server][${env:SERVER_PORT}] 2023-05-31 13:50:03,217 INFO [http-nio-53000-exec-2][InstanceResource.java:288] - Not Found (Cancel): CONSUMER-SERVICE - consumer-service:10.18.35.163:53050
[wanxinp2p-discover-server][${env:SERVER_PORT}] 2023-05-31 13:50:03,217 WARN [TaskBatchingWorker-target_localhost-12][ReplicationTask.java:35] - The replication of task CONSUMER-SERVICE/consumer-service:10.18.35.163:53050:Cancel@localhost failed with response code 404
[wanxinp2p-discover-server][${env:SERVER_PORT}] 2023-05-31 13:50:03,218 WARN [TaskBatchingWorker-target_localhost-12][PeerEurekaNode.java:171] - CONSUMER-SERVICE/consumer-service:10.18.35.163:53050:Cancel@localhost: missing entry.
[wanxinp2p-discover-server][${env:SERVER_PORT}] 2023-05-31 13:50:12,492 INFO [Eureka-EvictionTimer][AbstractInstanceRegistry.java:1250] - Running the evict task with compensationTime 13ms
[wanxinp2p-discover-server][${env:SERVER_PORT}] 2023-05-31 13:50:22,503 INFO [Eureka-EvictionTimer][AbstractInstanceRegistry.java:1250] - Running the evict task with compensationTime 10ms
[wanxinp2p-discover-server][${env:SERVER_PORT}] 2023-05-31 13:50:32,510 INFO [Eureka-EvictionTimer][AbstractInstanceRegistry.java:1250] - Running the evict task with compensationTime 7ms
[wanxinp2p-discover-server][${env:SERVER_PORT}] 2023-05-31 13:50:37,227 INFO [http-nio-53000-exec-3][AbstractInstanceRegistry.java:266] - Registered instance CONSUMER-SERVICE/consumer-service:10.18.35.163:53050 with status UP (replication=false)
[wanxinp2p-discover-server][${env:SERVER_PORT}] 2023-05-31 13:50:37,751 INFO [http-nio-53000-exec-9][AbstractInstanceRegistry.java:266] - Registered instance CONSUMER-SERVICE/consumer-service:10.18.35.163:53050 with status UP (replication=true)
[wanxinp2p-discover-server][${env:SERVER_PORT}] 2023-05-31 13:50:42,514 INFO [Eureka-EvictionTimer][AbstractInstanceRegistry.java:1250] - Running the evict task with compensationTime 4ms
[wanxinp2p-discover-server][${env:SERVER_PORT}] 2023-05-31 13:50:52,524 INFO [Eureka-EvictionTimer][AbstractInstanceRegistry.java:1250] - Running the evict task with compensationTime 9ms
[wanxinp2p-discover-server][${env:SERVER_PORT}] 2023-05-31 13:51:02,526 INFO [Eureka-EvictionTimer][AbstractInstanceRegistry.java:1250] - Running the evict task with compensationTime 2ms
[wanxinp2p-discover-server][${env:SERVER_PORT}] 2023-05-31 13:51:12,541 INFO [Eureka-EvictionTimer][AbstractInstanceRegistry.java:1250] - Running the evict task with compensationTime 14ms
[wanxinp2p-discover-server][${env:SERVER_PORT}] 2023-05-31 13:51:22,546 INFO [Eureka-EvictionTimer][AbstractInstanceRegistry.java:1250] - Running the evict task with compensationTime 5ms
[wanxinp2p-discover-server][${env:SERVER_PORT}] 2023-05-31 13:51:32,558 INFO [Eureka-EvictionTimer][AbstractInstanceRegistry.java:1250] - Running the evict task with compensationTime 11ms
[wanxinp2p-discover-server][${env:SERVER_PORT}] 2023-05-31 13:51:42,573 INFO [Eureka-EvictionTimer][AbstractInstanceRegistry.java:1250] - Running the evict task with compensationTime 14ms
[wanxinp2p-discover-server][${env:SERVER_PORT}] 2023-05-31 13:51:52,586 INFO [Eureka-EvictionTimer][AbstractInstanceRegistry.java:1250] - Running the evict task with compensationTime 13ms
[wanxinp2p-discover-server][${env:SERVER_PORT}] 2023-05-31 13:52:02,602 INFO [Eureka-EvictionTimer][AbstractInstanceRegistry.java:1250] - Running the evict task with compensationTime 15ms
[wanxinp2p-discover-server][${env:SERVER_PORT}] 2023-05-31 13:52:12,605 INFO [Eureka-EvictionTimer][AbstractInstanceRegistry.java:1250] - Running the evict task with compensationTime 3ms
[wanxinp2p-discover-server][${env:SERVER_PORT}] 2023-05-31 13:52:22,606 INFO [Eureka-EvictionTimer][AbstractInstanceRegistry.java:1250] - Running the evict task with compensationTime 0ms
[wanxinp2p-discover-server][${env:SERVER_PORT}] 2023-05-31 13:52:32,615 INFO [Eureka-EvictionTimer][AbstractInstanceRegistry.java:1250] - Running the evict task with compensationTime 9ms
[wanxinp2p-discover-server][${env:SERVER_PORT}] 2023-05-31 13:52:42,624 INFO [Eureka-EvictionTimer][AbstractInstanceRegistry.java:1250] - Running the evict task with compensationTime 8ms
[wanxinp2p-discover-server][${env:SERVER_PORT}] 2023-05-31 13:52:52,635 INFO [Eureka-EvictionTimer][AbstractInstanceRegistry.java:1250] - Running the evict task with compensationTime 10ms
[wanxinp2p-discover-server][${env:SERVER_PORT}] 2023-05-31 13:53:02,639 INFO [Eureka-EvictionTimer][AbstractInstanceRegistry.java:1250] - Running the evict task with compensationTime 4ms
[wanxinp2p-discover-server][${env:SERVER_PORT}] 2023-05-31 13:53:12,640 INFO [Eureka-EvictionTimer][AbstractInstanceRegistry.java:1250] - Running the evict task with compensationTime 1ms
[wanxinp2p-discover-server][${env:SERVER_PORT}] 2023-05-31 13:53:22,656 INFO [Eureka-EvictionTimer][AbstractInstanceRegistry.java:1250] - Running the evict task with compensationTime 15ms
[wanxinp2p-discover-server][${env:SERVER_PORT}] 2023-05-31 13:53:32,665 INFO [Eureka-EvictionTimer][AbstractInstanceRegistry.java:1250] - Running the evict task with compensationTime 8ms
[wanxinp2p-discover-server][${env:SERVER_PORT}] 2023-05-31 13:53:42,669 INFO [Eureka-EvictionTimer][AbstractInstanceRegistry.java:1250] - Running the evict task with compensationTime 4ms
[wanxinp2p-discover-server][${env:SERVER_PORT}] 2023-05-31 13:53:52,678 INFO [Eureka-EvictionTimer][AbstractInstanceRegistry.java:1250] - Running the evict task with compensationTime 8ms
[wanxinp2p-discover-server][${env:SERVER_PORT}] 2023-05-31 13:54:02,689 INFO [Eureka-EvictionTimer][AbstractInstanceRegistry.java:1250] - Running the evict task with compensationTime 11ms
[wanxinp2p-discover-server][${env:SERVER_PORT}] 2023-05-31 13:54:12,704 INFO [Eureka-EvictionTimer][AbstractInstanceRegistry.java:1250] - Running the evict task with compensationTime 14ms
[wanxinp2p-discover-server][${env:SERVER_PORT}] 2023-05-31 13:54:22,711 INFO [Eureka-EvictionTimer][AbstractInstanceRegistry.java:1250] - Running the evict task with compensationTime 7ms
[wanxinp2p-discover-server][${env:SERVER_PORT}] 2023-05-31 13:54:32,713 INFO [Eureka-EvictionTimer][AbstractInstanceRegistry.java:1250] - Running the evict task with compensationTime 2ms
[wanxinp2p-discover-server][${env:SERVER_PORT}] 2023-05-31 13:54:42,714 INFO [Eureka-EvictionTimer][AbstractInstanceRegistry.java:1250] - Running the evict task with compensationTime 0ms
[wanxinp2p-discover-server][${env:SERVER_PORT}] 2023-05-31 13:54:52,724 INFO [Eureka-EvictionTimer][AbstractInstanceRegistry.java:1250] - Running the evict task with compensationTime 10ms
[wanxinp2p-discover-server][${env:SERVER_PORT}] 2023-05-31 13:55:02,729 INFO [Eureka-EvictionTimer][AbstractInstanceRegistry.java:1250] - Running the evict task with compensationTime 4ms
[wanxinp2p-discover-server][${env:SERVER_PORT}] 2023-05-31 13:55:12,742 INFO [Eureka-EvictionTimer][AbstractInstanceRegistry.java:1250] - Running the evict task with compensationTime 13ms
[wanxinp2p-discover-server][${env:SERVER_PORT}] 2023-05-31 13:55:22,754 INFO [Eureka-EvictionTimer][AbstractInstanceRegistry.java:1250] - Running the evict task with compensationTime 12ms
[wanxinp2p-discover-server][${env:SERVER_PORT}] 2023-05-31 13:55:32,760 INFO [Eureka-EvictionTimer][AbstractInstanceRegistry.java:1250] - Running the evict task with compensationTime 7ms
[wanxinp2p-discover-server][${env:SERVER_PORT}] 2023-05-31 13:55:38,670 INFO [http-nio-53000-exec-9][AbstractInstanceRegistry.java:266] - Registered instance CONSUMER-SERVICE/consumer-service:10.18.35.163:53050 with status DOWN (replication=false)
[wanxinp2p-discover-server][${env:SERVER_PORT}] 2023-05-31 13:55:39,145 INFO [http-nio-53000-exec-10][AbstractInstanceRegistry.java:266] - Registered instance CONSUMER-SERVICE/consumer-service:10.18.35.163:53050 with status DOWN (replication=true)
[wanxinp2p-discover-server][${env:SERVER_PORT}] 2023-05-31 13:55:39,148 WARN [TaskBatchingWorker-target_localhost-14][ReplicationTask.java:35] - The replication of task CONSUMER-SERVICE/consumer-service:10.18.35.163:53050:Heartbeat@localhost failed with response code 409
[wanxinp2p-discover-server][${env:SERVER_PORT}] 2023-05-31 13:55:39,148 WARN [TaskBatchingWorker-target_localhost-14][PeerEurekaNode.java:361] - Peer wants us to take the instance information from it, since the timestamp differs,Id : consumer-service:10.18.35.163:53050 My Timestamp : 1685512237185, Peer's timestamp: 1685512538652
[wanxinp2p-discover-server][${env:SERVER_PORT}] 2023-05-31 13:55:39,148 INFO [TaskBatchingWorker-target_localhost-14][AbstractInstanceRegistry.java:266] - Registered instance CONSUMER-SERVICE/consumer-service:10.18.35.163:53050 with status DOWN (replication=true)
[wanxinp2p-discover-server][${env:SERVER_PORT}] 2023-05-31 13:55:42,765 INFO [Eureka-EvictionTimer][AbstractInstanceRegistry.java:1250] - Running the evict task with compensationTime 4ms
[wanxinp2p-discover-server][${env:SERVER_PORT}] 2023-05-31 13:55:42,844 INFO [http-nio-53000-exec-8][AbstractInstanceRegistry.java:330] - Cancelled instance CONSUMER-SERVICE/consumer-service:10.18.35.163:53050 (replication=false)
[wanxinp2p-discover-server][${env:SERVER_PORT}] 2023-05-31 13:55:43,373 WARN [http-nio-53000-exec-1][AbstractInstanceRegistry.java:315] - DS: Registry: cancel failed because Lease is not registered for: CONSUMER-SERVICE/consumer-service:10.18.35.163:53050
[wanxinp2p-discover-server][${env:SERVER_PORT}] 2023-05-31 13:55:43,373 INFO [http-nio-53000-exec-1][InstanceResource.java:288] - Not Found (Cancel): CONSUMER-SERVICE - consumer-service:10.18.35.163:53050
[wanxinp2p-discover-server][${env:SERVER_PORT}] 2023-05-31 13:55:43,374 WARN [TaskBatchingWorker-target_localhost-16][ReplicationTask.java:35] - The replication of task CONSUMER-SERVICE/consumer-service:10.18.35.163:53050:Cancel@localhost failed with response code 404
[wanxinp2p-discover-server][${env:SERVER_PORT}] 2023-05-31 13:55:43,374 WARN [TaskBatchingWorker-target_localhost-16][PeerEurekaNode.java:171] - CONSUMER-SERVICE/consumer-service:10.18.35.163:53050:Cancel@localhost: missing entry.
[wanxinp2p-discover-server][${env:SERVER_PORT}] 2023-05-31 13:55:52,771 INFO [Eureka-EvictionTimer][AbstractInstanceRegistry.java:1250] - Running the evict task with compensationTime 5ms
[wanxinp2p-discover-server][${env:SERVER_PORT}] 2023-05-31 13:56:02,783 INFO [Eureka-EvictionTimer][AbstractInstanceRegistry.java:1250] - Running the evict task with compensationTime 11ms
[wanxinp2p-discover-server][${env:SERVER_PORT}] 2023-05-31 13:56:12,787 INFO [Eureka-EvictionTimer][AbstractInstanceRegistry.java:1250] - Running the evict task with compensationTime 4ms
[wanxinp2p-discover-server][${env:SERVER_PORT}] 2023-05-31 13:56:22,789 INFO [Eureka-EvictionTimer][AbstractInstanceRegistry.java:1250] - Running the evict task with compensationTime 1ms
[wanxinp2p-discover-server][${env:SERVER_PORT}] 2023-05-31 13:56:25,679 INFO [http-nio-53000-exec-9][AbstractInstanceRegistry.java:266] - Registered instance CONSUMER-SERVICE/consumer-service:10.18.35.163:53050 with status UP (replication=false)
[wanxinp2p-discover-server][${env:SERVER_PORT}] 2023-05-31 13:56:26,200 INFO [http-nio-53000-exec-2][AbstractInstanceRegistry.java:266] - Registered instance CONSUMER-SERVICE/consumer-service:10.18.35.163:53050 with status UP (replication=true)
[wanxinp2p-discover-server][${env:SERVER_PORT}] 2023-05-31 13:56:32,790 INFO [Eureka-EvictionTimer][AbstractInstanceRegistry.java:1250] - Running the evict task with compensationTime 1ms
[wanxinp2p-discover-server][${env:SERVER_PORT}] 2023-05-31 13:56:42,802 INFO [Eureka-EvictionTimer][AbstractInstanceRegistry.java:1250] - Running the evict task with compensationTime 11ms
[wanxinp2p-discover-server][${env:SERVER_PORT}] 2023-05-31 13:56:52,814 INFO [Eureka-EvictionTimer][AbstractInstanceRegistry.java:1250] - Running the evict task with compensationTime 12ms
[wanxinp2p-discover-server][${env:SERVER_PORT}] 2023-05-31 13:57:02,828 INFO [Eureka-EvictionTimer][AbstractInstanceRegistry.java:1250] - Running the evict task with compensationTime 13ms
[wanxinp2p-discover-server][${env:SERVER_PORT}] 2023-05-31 13:57:12,837 INFO [Eureka-EvictionTimer][AbstractInstanceRegistry.java:1250] - Running the evict task with compensationTime 8ms
[wanxinp2p-discover-server][${env:SERVER_PORT}] 2023-05-31 13:57:22,848 INFO [Eureka-EvictionTimer][AbstractInstanceRegistry.java:1250] - Running the evict task with compensationTime 11ms
[wanxinp2p-discover-server][${env:SERVER_PORT}] 2023-05-31 13:57:32,858 INFO [Eureka-EvictionTimer][AbstractInstanceRegistry.java:1250] - Running the evict task with compensationTime 10ms
[wanxinp2p-discover-server][${env:SERVER_PORT}] 2023-05-31 13:57:37,574 INFO [http-nio-53000-exec-10][AbstractInstanceRegistry.java:266] - Registered instance CONSUMER-SERVICE/consumer-service:10.18.35.163:53050 with status DOWN (replication=false)
[wanxinp2p-discover-server][${env:SERVER_PORT}] 2023-05-31 13:57:38,096 INFO [http-nio-53000-exec-8][AbstractInstanceRegistry.java:266] - Registered instance CONSUMER-SERVICE/consumer-service:10.18.35.163:53050 with status DOWN (replication=true)
[wanxinp2p-discover-server][${env:SERVER_PORT}] 2023-05-31 13:57:41,731 INFO [http-nio-53000-exec-4][AbstractInstanceRegistry.java:330] - Cancelled instance CONSUMER-SERVICE/consumer-service:10.18.35.163:53050 (replication=false)
[wanxinp2p-discover-server][${env:SERVER_PORT}] 2023-05-31 13:57:42,263 WARN [http-nio-53000-exec-1][AbstractInstanceRegistry.java:315] - DS: Registry: cancel failed because Lease is not registered for: CONSUMER-SERVICE/consumer-service:10.18.35.163:53050
[wanxinp2p-discover-server][${env:SERVER_PORT}] 2023-05-31 13:57:42,264 INFO [http-nio-53000-exec-1][InstanceResource.java:288] - Not Found (Cancel): CONSUMER-SERVICE - consumer-service:10.18.35.163:53050
[wanxinp2p-discover-server][${env:SERVER_PORT}] 2023-05-31 13:57:42,265 WARN [TaskBatchingWorker-target_localhost-16][ReplicationTask.java:35] - The replication of task CONSUMER-SERVICE/consumer-service:10.18.35.163:53050:Cancel@localhost failed with response code 404
[wanxinp2p-discover-server][${env:SERVER_PORT}] 2023-05-31 13:57:42,265 WARN [TaskBatchingWorker-target_localhost-16][PeerEurekaNode.java:171] - CONSUMER-SERVICE/consumer-service:10.18.35.163:53050:Cancel@localhost: missing entry.
[wanxinp2p-discover-server][${env:SERVER_PORT}] 2023-05-31 13:57:42,873 INFO [Eureka-EvictionTimer][AbstractInstanceRegistry.java:1250] - Running the evict task with compensationTime 14ms
[wanxinp2p-discover-server][${env:SERVER_PORT}] 2023-05-31 13:57:52,877 INFO [Eureka-EvictionTimer][AbstractInstanceRegistry.java:1250] - Running the evict task with compensationTime 4ms
[wanxinp2p-discover-server][${env:SERVER_PORT}] 2023-05-31 13:58:02,885 INFO [Eureka-EvictionTimer][AbstractInstanceRegistry.java:1250] - Running the evict task with compensationTime 8ms
[wanxinp2p-discover-server][${env:SERVER_PORT}] 2023-05-31 13:58:12,899 INFO [Eureka-EvictionTimer][AbstractInstanceRegistry.java:1250] - Running the evict task with compensationTime 13ms
[wanxinp2p-discover-server][${env:SERVER_PORT}] 2023-05-31 13:58:22,902 INFO [Eureka-EvictionTimer][AbstractInstanceRegistry.java:1250] - Running the evict task with compensationTime 2ms
[wanxinp2p-discover-server][${env:SERVER_PORT}] 2023-05-31 13:58:24,085 INFO [http-nio-53000-exec-2][AbstractInstanceRegistry.java:266] - Registered instance CONSUMER-SERVICE/consumer-service:10.18.35.163:53050 with status UP (replication=false)
[wanxinp2p-discover-server][${env:SERVER_PORT}] 2023-05-31 13:58:24,605 INFO [http-nio-53000-exec-10][AbstractInstanceRegistry.java:266] - Registered instance CONSUMER-SERVICE/consumer-service:10.18.35.163:53050 with status UP (replication=true)
[wanxinp2p-discover-server][${env:SERVER_PORT}] 2023-05-31 13:58:32,903 INFO [Eureka-EvictionTimer][AbstractInstanceRegistry.java:1250] - Running the evict task with compensationTime 1ms
[wanxinp2p-discover-server][${env:SERVER_PORT}] 2023-05-31 13:58:41,330 INFO [ReplicaAwareInstanceRegistry - RenewalThresholdUpdater][PeerAwareInstanceRegistryImpl.java:539] - Current renewal threshold is : 0
[wanxinp2p-discover-server][${env:SERVER_PORT}] 2023-05-31 13:58:42,905 INFO [Eureka-EvictionTimer][AbstractInstanceRegistry.java:1250] - Running the evict task with compensationTime 2ms
[wanxinp2p-discover-server][${env:SERVER_PORT}] 2023-05-31 13:58:52,920 INFO [Eureka-EvictionTimer][AbstractInstanceRegistry.java:1250] - Running the evict task with compensationTime 15ms
[wanxinp2p-discover-server][${env:SERVER_PORT}] 2023-05-31 13:59:02,935 INFO [Eureka-EvictionTimer][AbstractInstanceRegistry.java:1250] - Running the evict task with compensationTime 14ms
[wanxinp2p-discover-server][${env:SERVER_PORT}] 2023-05-31 13:59:12,946 INFO [Eureka-EvictionTimer][AbstractInstanceRegistry.java:1250] - Running the evict task with compensationTime 10ms
[wanxinp2p-discover-server][${env:SERVER_PORT}] 2023-05-31 13:59:22,960 INFO [Eureka-EvictionTimer][AbstractInstanceRegistry.java:1250] - Running the evict task with compensationTime 13ms
[wanxinp2p-discover-server][${env:SERVER_PORT}] 2023-05-31 13:59:32,961 INFO [Eureka-EvictionTimer][AbstractInstanceRegistry.java:1250] - Running the evict task with compensationTime 1ms
[wanxinp2p-discover-server][${env:SERVER_PORT}] 2023-05-31 13:59:42,962 INFO [Eureka-EvictionTimer][AbstractInstanceRegistry.java:1250] - Running the evict task with compensationTime 1ms
[wanxinp2p-discover-server][${env:SERVER_PORT}] 2023-05-31 13:59:52,974 INFO [Eureka-EvictionTimer][AbstractInstanceRegistry.java:1250] - Running the evict task with compensationTime 12ms
