[wanxinp2p-discover-server][${env:SERVER_PORT}] 2023-05-31 23:00:07,838 INFO [Eureka-EvictionTimer][AbstractInstanceRegistry.java:1250] - Running the evict task with compensationTime 6ms
[wanxinp2p-discover-server][${env:SERVER_PORT}] 2023-05-31 23:00:17,848 INFO [Eureka-EvictionTimer][AbstractInstanceRegistry.java:1250] - Running the evict task with compensationTime 9ms
[wanxinp2p-discover-server][${env:SERVER_PORT}] 2023-05-31 23:00:27,855 INFO [Eureka-EvictionTimer][AbstractInstanceRegistry.java:1250] - Running the evict task with compensationTime 7ms
[wanxinp2p-discover-server][${env:SERVER_PORT}] 2023-05-31 23:00:37,863 INFO [Eureka-EvictionTimer][AbstractInstanceRegistry.java:1250] - Running the evict task with compensationTime 7ms
[wanxinp2p-discover-server][${env:SERVER_PORT}] 2023-05-31 23:00:47,875 INFO [Eureka-EvictionTimer][AbstractInstanceRegistry.java:1250] - Running the evict task with compensationTime 12ms
[wanxinp2p-discover-server][${env:SERVER_PORT}] 2023-05-31 23:00:57,887 INFO [Eureka-EvictionTimer][AbstractInstanceRegistry.java:1250] - Running the evict task with compensationTime 11ms
[wanxinp2p-discover-server][${env:SERVER_PORT}] 2023-05-31 23:01:07,891 INFO [Eureka-EvictionTimer][AbstractInstanceRegistry.java:1250] - Running the evict task with compensationTime 4ms
[wanxinp2p-discover-server][${env:SERVER_PORT}] 2023-05-31 23:01:17,900 INFO [Eureka-EvictionTimer][AbstractInstanceRegistry.java:1250] - Running the evict task with compensationTime 9ms
[wanxinp2p-discover-server][${env:SERVER_PORT}] 2023-05-31 23:01:27,902 INFO [Eureka-EvictionTimer][AbstractInstanceRegistry.java:1250] - Running the evict task with compensationTime 1ms
[wanxinp2p-discover-server][${env:SERVER_PORT}] 2023-05-31 23:01:37,911 INFO [Eureka-EvictionTimer][AbstractInstanceRegistry.java:1250] - Running the evict task with compensationTime 9ms
[wanxinp2p-discover-server][${env:SERVER_PORT}] 2023-05-31 23:01:47,926 INFO [Eureka-EvictionTimer][AbstractInstanceRegistry.java:1250] - Running the evict task with compensationTime 15ms
[wanxinp2p-discover-server][${env:SERVER_PORT}] 2023-05-31 23:01:57,934 INFO [Eureka-EvictionTimer][AbstractInstanceRegistry.java:1250] - Running the evict task with compensationTime 7ms
[wanxinp2p-discover-server][${env:SERVER_PORT}] 2023-05-31 23:02:07,936 INFO [Eureka-EvictionTimer][AbstractInstanceRegistry.java:1250] - Running the evict task with compensationTime 2ms
[wanxinp2p-discover-server][${env:SERVER_PORT}] 2023-05-31 23:02:17,948 INFO [Eureka-EvictionTimer][AbstractInstanceRegistry.java:1250] - Running the evict task with compensationTime 11ms
[wanxinp2p-discover-server][${env:SERVER_PORT}] 2023-05-31 23:02:27,950 INFO [Eureka-EvictionTimer][AbstractInstanceRegistry.java:1250] - Running the evict task with compensationTime 1ms
[wanxinp2p-discover-server][${env:SERVER_PORT}] 2023-05-31 23:02:37,960 INFO [Eureka-EvictionTimer][AbstractInstanceRegistry.java:1250] - Running the evict task with compensationTime 10ms
[wanxinp2p-discover-server][${env:SERVER_PORT}] 2023-05-31 23:02:47,970 INFO [Eureka-EvictionTimer][AbstractInstanceRegistry.java:1250] - Running the evict task with compensationTime 9ms
[wanxinp2p-discover-server][${env:SERVER_PORT}] 2023-05-31 23:02:57,976 INFO [Eureka-EvictionTimer][AbstractInstanceRegistry.java:1250] - Running the evict task with compensationTime 5ms
[wanxinp2p-discover-server][${env:SERVER_PORT}] 2023-05-31 23:03:07,977 INFO [Eureka-EvictionTimer][AbstractInstanceRegistry.java:1250] - Running the evict task with compensationTime 0ms
[wanxinp2p-discover-server][${env:SERVER_PORT}] 2023-05-31 23:03:17,981 INFO [Eureka-EvictionTimer][AbstractInstanceRegistry.java:1250] - Running the evict task with compensationTime 3ms
[wanxinp2p-discover-server][${env:SERVER_PORT}] 2023-05-31 23:03:27,982 INFO [Eureka-EvictionTimer][AbstractInstanceRegistry.java:1250] - Running the evict task with compensationTime 1ms
[wanxinp2p-discover-server][${env:SERVER_PORT}] 2023-05-31 23:03:37,989 INFO [Eureka-EvictionTimer][AbstractInstanceRegistry.java:1250] - Running the evict task with compensationTime 6ms
[wanxinp2p-discover-server][${env:SERVER_PORT}] 2023-05-31 23:03:47,995 INFO [Eureka-EvictionTimer][AbstractInstanceRegistry.java:1250] - Running the evict task with compensationTime 6ms
[wanxinp2p-discover-server][${env:SERVER_PORT}] 2023-05-31 23:03:58,009 INFO [Eureka-EvictionTimer][AbstractInstanceRegistry.java:1250] - Running the evict task with compensationTime 13ms
[wanxinp2p-discover-server][${env:SERVER_PORT}] 2023-05-31 23:04:08,020 INFO [Eureka-EvictionTimer][AbstractInstanceRegistry.java:1250] - Running the evict task with compensationTime 11ms
[wanxinp2p-discover-server][${env:SERVER_PORT}] 2023-05-31 23:04:18,027 INFO [Eureka-EvictionTimer][AbstractInstanceRegistry.java:1250] - Running the evict task with compensationTime 6ms
[wanxinp2p-discover-server][${env:SERVER_PORT}] 2023-05-31 23:04:28,035 INFO [Eureka-EvictionTimer][AbstractInstanceRegistry.java:1250] - Running the evict task with compensationTime 7ms
[wanxinp2p-discover-server][${env:SERVER_PORT}] 2023-05-31 23:04:38,037 INFO [Eureka-EvictionTimer][AbstractInstanceRegistry.java:1250] - Running the evict task with compensationTime 1ms
[wanxinp2p-discover-server][${env:SERVER_PORT}] 2023-05-31 23:04:48,043 INFO [Eureka-EvictionTimer][AbstractInstanceRegistry.java:1250] - Running the evict task with compensationTime 5ms
[wanxinp2p-discover-server][${env:SERVER_PORT}] 2023-05-31 23:04:58,044 INFO [Eureka-EvictionTimer][AbstractInstanceRegistry.java:1250] - Running the evict task with compensationTime 1ms
[wanxinp2p-discover-server][${env:SERVER_PORT}] 2023-05-31 23:05:08,051 INFO [Eureka-EvictionTimer][AbstractInstanceRegistry.java:1250] - Running the evict task with compensationTime 7ms
[wanxinp2p-discover-server][${env:SERVER_PORT}] 2023-05-31 23:05:18,061 INFO [Eureka-EvictionTimer][AbstractInstanceRegistry.java:1250] - Running the evict task with compensationTime 9ms
[wanxinp2p-discover-server][${env:SERVER_PORT}] 2023-05-31 23:05:28,068 INFO [Eureka-EvictionTimer][AbstractInstanceRegistry.java:1250] - Running the evict task with compensationTime 7ms
[wanxinp2p-discover-server][${env:SERVER_PORT}] 2023-05-31 23:05:38,080 INFO [Eureka-EvictionTimer][AbstractInstanceRegistry.java:1250] - Running the evict task with compensationTime 11ms
[wanxinp2p-discover-server][${env:SERVER_PORT}] 2023-05-31 23:05:48,094 INFO [Eureka-EvictionTimer][AbstractInstanceRegistry.java:1250] - Running the evict task with compensationTime 14ms
[wanxinp2p-discover-server][${env:SERVER_PORT}] 2023-05-31 23:05:58,099 INFO [Eureka-EvictionTimer][AbstractInstanceRegistry.java:1250] - Running the evict task with compensationTime 4ms
[wanxinp2p-discover-server][${env:SERVER_PORT}] 2023-05-31 23:06:08,105 INFO [Eureka-EvictionTimer][AbstractInstanceRegistry.java:1250] - Running the evict task with compensationTime 6ms
[wanxinp2p-discover-server][${env:SERVER_PORT}] 2023-05-31 23:06:18,105 INFO [Eureka-EvictionTimer][AbstractInstanceRegistry.java:1250] - Running the evict task with compensationTime 0ms
[wanxinp2p-discover-server][${env:SERVER_PORT}] 2023-05-31 23:06:28,114 INFO [Eureka-EvictionTimer][AbstractInstanceRegistry.java:1250] - Running the evict task with compensationTime 8ms
[wanxinp2p-discover-server][${env:SERVER_PORT}] 2023-05-31 23:06:38,125 INFO [Eureka-EvictionTimer][AbstractInstanceRegistry.java:1250] - Running the evict task with compensationTime 11ms
[wanxinp2p-discover-server][${env:SERVER_PORT}] 2023-05-31 23:06:48,136 INFO [Eureka-EvictionTimer][AbstractInstanceRegistry.java:1250] - Running the evict task with compensationTime 11ms
[wanxinp2p-discover-server][${env:SERVER_PORT}] 2023-05-31 23:06:58,137 INFO [Eureka-EvictionTimer][AbstractInstanceRegistry.java:1250] - Running the evict task with compensationTime 0ms
[wanxinp2p-discover-server][${env:SERVER_PORT}] 2023-05-31 23:07:08,150 INFO [Eureka-EvictionTimer][AbstractInstanceRegistry.java:1250] - Running the evict task with compensationTime 13ms
[wanxinp2p-discover-server][${env:SERVER_PORT}] 2023-05-31 23:07:18,164 INFO [Eureka-EvictionTimer][AbstractInstanceRegistry.java:1250] - Running the evict task with compensationTime 14ms
[wanxinp2p-discover-server][${env:SERVER_PORT}] 2023-05-31 23:07:28,179 INFO [Eureka-EvictionTimer][AbstractInstanceRegistry.java:1250] - Running the evict task with compensationTime 14ms
[wanxinp2p-discover-server][${env:SERVER_PORT}] 2023-05-31 23:07:38,185 INFO [Eureka-EvictionTimer][AbstractInstanceRegistry.java:1250] - Running the evict task with compensationTime 5ms
[wanxinp2p-discover-server][${env:SERVER_PORT}] 2023-05-31 23:07:48,198 INFO [Eureka-EvictionTimer][AbstractInstanceRegistry.java:1250] - Running the evict task with compensationTime 13ms
[wanxinp2p-discover-server][${env:SERVER_PORT}] 2023-05-31 23:07:58,211 INFO [Eureka-EvictionTimer][AbstractInstanceRegistry.java:1250] - Running the evict task with compensationTime 12ms
[wanxinp2p-discover-server][${env:SERVER_PORT}] 2023-05-31 23:08:08,223 INFO [Eureka-EvictionTimer][AbstractInstanceRegistry.java:1250] - Running the evict task with compensationTime 12ms
[wanxinp2p-discover-server][${env:SERVER_PORT}] 2023-05-31 23:08:18,232 INFO [Eureka-EvictionTimer][AbstractInstanceRegistry.java:1250] - Running the evict task with compensationTime 9ms
[wanxinp2p-discover-server][${env:SERVER_PORT}] 2023-05-31 23:08:27,804 INFO [http-nio-53000-exec-9][AbstractInstanceRegistry.java:266] - Registered instance GATEWAY-SERVER/gateway-server:10.18.35.163:53010 with status DOWN (replication=false)
[wanxinp2p-discover-server][${env:SERVER_PORT}] 2023-05-31 23:08:28,236 INFO [Eureka-EvictionTimer][AbstractInstanceRegistry.java:1250] - Running the evict task with compensationTime 3ms
[wanxinp2p-discover-server][${env:SERVER_PORT}] 2023-05-31 23:08:28,397 INFO [http-nio-53000-exec-4][AbstractInstanceRegistry.java:266] - Registered instance GATEWAY-SERVER/gateway-server:10.18.35.163:53010 with status DOWN (replication=true)
[wanxinp2p-discover-server][${env:SERVER_PORT}] 2023-05-31 23:08:32,168 INFO [http-nio-53000-exec-8][AbstractInstanceRegistry.java:330] - Cancelled instance GATEWAY-SERVER/gateway-server:10.18.35.163:53010 (replication=false)
[wanxinp2p-discover-server][${env:SERVER_PORT}] 2023-05-31 23:08:32,700 WARN [http-nio-53000-exec-10][AbstractInstanceRegistry.java:315] - DS: Registry: cancel failed because Lease is not registered for: GATEWAY-SERVER/gateway-server:10.18.35.163:53010
[wanxinp2p-discover-server][${env:SERVER_PORT}] 2023-05-31 23:08:32,701 INFO [http-nio-53000-exec-10][InstanceResource.java:288] - Not Found (Cancel): GATEWAY-SERVER - gateway-server:10.18.35.163:53010
[wanxinp2p-discover-server][${env:SERVER_PORT}] 2023-05-31 23:08:32,702 WARN [TaskBatchingWorker-target_localhost-2][ReplicationTask.java:35] - The replication of task GATEWAY-SERVER/gateway-server:10.18.35.163:53010:Cancel@localhost failed with response code 404
[wanxinp2p-discover-server][${env:SERVER_PORT}] 2023-05-31 23:08:32,702 WARN [TaskBatchingWorker-target_localhost-2][PeerEurekaNode.java:171] - GATEWAY-SERVER/gateway-server:10.18.35.163:53010:Cancel@localhost: missing entry.
[wanxinp2p-discover-server][${env:SERVER_PORT}] 2023-05-31 23:08:38,246 INFO [Eureka-EvictionTimer][AbstractInstanceRegistry.java:1250] - Running the evict task with compensationTime 10ms
[wanxinp2p-discover-server][${env:SERVER_PORT}] 2023-05-31 23:08:48,248 INFO [Eureka-EvictionTimer][AbstractInstanceRegistry.java:1250] - Running the evict task with compensationTime 2ms
[wanxinp2p-discover-server][${env:SERVER_PORT}] 2023-05-31 23:08:58,254 INFO [Eureka-EvictionTimer][AbstractInstanceRegistry.java:1250] - Running the evict task with compensationTime 5ms
[wanxinp2p-discover-server][${env:SERVER_PORT}] 2023-05-31 23:09:08,262 INFO [Eureka-EvictionTimer][AbstractInstanceRegistry.java:1250] - Running the evict task with compensationTime 8ms
[wanxinp2p-discover-server][${env:SERVER_PORT}] 2023-05-31 23:09:16,006 INFO [http-nio-53000-exec-10][AbstractInstanceRegistry.java:266] - Registered instance GATEWAY-SERVER/gateway-server:10.18.35.163:53010 with status UP (replication=false)
[wanxinp2p-discover-server][${env:SERVER_PORT}] 2023-05-31 23:09:16,529 INFO [http-nio-53000-exec-4][AbstractInstanceRegistry.java:266] - Registered instance GATEWAY-SERVER/gateway-server:10.18.35.163:53010 with status UP (replication=true)
[wanxinp2p-discover-server][${env:SERVER_PORT}] 2023-05-31 23:09:18,262 INFO [Eureka-EvictionTimer][AbstractInstanceRegistry.java:1250] - Running the evict task with compensationTime 0ms
[wanxinp2p-discover-server][${env:SERVER_PORT}] 2023-05-31 23:09:28,275 INFO [Eureka-EvictionTimer][AbstractInstanceRegistry.java:1250] - Running the evict task with compensationTime 13ms
[wanxinp2p-discover-server][${env:SERVER_PORT}] 2023-05-31 23:09:38,290 INFO [Eureka-EvictionTimer][AbstractInstanceRegistry.java:1250] - Running the evict task with compensationTime 14ms
[wanxinp2p-discover-server][${env:SERVER_PORT}] 2023-05-31 23:09:48,296 INFO [Eureka-EvictionTimer][AbstractInstanceRegistry.java:1250] - Running the evict task with compensationTime 6ms
[wanxinp2p-discover-server][${env:SERVER_PORT}] 2023-05-31 23:09:58,304 INFO [Eureka-EvictionTimer][AbstractInstanceRegistry.java:1250] - Running the evict task with compensationTime 7ms
[wanxinp2p-discover-server][${env:SERVER_PORT}] 2023-05-31 23:10:08,314 INFO [Eureka-EvictionTimer][AbstractInstanceRegistry.java:1250] - Running the evict task with compensationTime 10ms
[wanxinp2p-discover-server][${env:SERVER_PORT}] 2023-05-31 23:10:18,327 INFO [Eureka-EvictionTimer][AbstractInstanceRegistry.java:1250] - Running the evict task with compensationTime 12ms
[wanxinp2p-discover-server][${env:SERVER_PORT}] 2023-05-31 23:10:28,342 INFO [Eureka-EvictionTimer][AbstractInstanceRegistry.java:1250] - Running the evict task with compensationTime 14ms
[wanxinp2p-discover-server][${env:SERVER_PORT}] 2023-05-31 23:10:38,356 INFO [Eureka-EvictionTimer][AbstractInstanceRegistry.java:1250] - Running the evict task with compensationTime 14ms
[wanxinp2p-discover-server][${env:SERVER_PORT}] 2023-05-31 23:10:48,369 INFO [Eureka-EvictionTimer][AbstractInstanceRegistry.java:1250] - Running the evict task with compensationTime 13ms
[wanxinp2p-discover-server][${env:SERVER_PORT}] 2023-05-31 23:10:58,371 INFO [Eureka-EvictionTimer][AbstractInstanceRegistry.java:1250] - Running the evict task with compensationTime 2ms
[wanxinp2p-discover-server][${env:SERVER_PORT}] 2023-05-31 23:11:08,375 INFO [Eureka-EvictionTimer][AbstractInstanceRegistry.java:1250] - Running the evict task with compensationTime 3ms
[wanxinp2p-discover-server][${env:SERVER_PORT}] 2023-05-31 23:11:18,387 INFO [Eureka-EvictionTimer][AbstractInstanceRegistry.java:1250] - Running the evict task with compensationTime 12ms
[wanxinp2p-discover-server][${env:SERVER_PORT}] 2023-05-31 23:11:28,391 INFO [Eureka-EvictionTimer][AbstractInstanceRegistry.java:1250] - Running the evict task with compensationTime 4ms
[wanxinp2p-discover-server][${env:SERVER_PORT}] 2023-05-31 23:11:38,403 INFO [Eureka-EvictionTimer][AbstractInstanceRegistry.java:1250] - Running the evict task with compensationTime 11ms
[wanxinp2p-discover-server][${env:SERVER_PORT}] 2023-05-31 23:11:48,410 INFO [Eureka-EvictionTimer][AbstractInstanceRegistry.java:1250] - Running the evict task with compensationTime 7ms
[wanxinp2p-discover-server][${env:SERVER_PORT}] 2023-05-31 23:11:58,416 INFO [Eureka-EvictionTimer][AbstractInstanceRegistry.java:1250] - Running the evict task with compensationTime 6ms
[wanxinp2p-discover-server][${env:SERVER_PORT}] 2023-05-31 23:12:08,428 INFO [Eureka-EvictionTimer][AbstractInstanceRegistry.java:1250] - Running the evict task with compensationTime 11ms
[wanxinp2p-discover-server][${env:SERVER_PORT}] 2023-05-31 23:12:18,433 INFO [Eureka-EvictionTimer][AbstractInstanceRegistry.java:1250] - Running the evict task with compensationTime 4ms
[wanxinp2p-discover-server][${env:SERVER_PORT}] 2023-05-31 23:12:26,237 INFO [ReplicaAwareInstanceRegistry - RenewalThresholdUpdater][PeerAwareInstanceRegistryImpl.java:539] - Current renewal threshold is : 0
[wanxinp2p-discover-server][${env:SERVER_PORT}] 2023-05-31 23:12:28,442 INFO [Eureka-EvictionTimer][AbstractInstanceRegistry.java:1250] - Running the evict task with compensationTime 9ms
[wanxinp2p-discover-server][${env:SERVER_PORT}] 2023-05-31 23:12:38,443 INFO [Eureka-EvictionTimer][AbstractInstanceRegistry.java:1250] - Running the evict task with compensationTime 0ms
[wanxinp2p-discover-server][${env:SERVER_PORT}] 2023-05-31 23:12:48,449 INFO [Eureka-EvictionTimer][AbstractInstanceRegistry.java:1250] - Running the evict task with compensationTime 6ms
[wanxinp2p-discover-server][${env:SERVER_PORT}] 2023-05-31 23:12:58,459 INFO [Eureka-EvictionTimer][AbstractInstanceRegistry.java:1250] - Running the evict task with compensationTime 9ms
[wanxinp2p-discover-server][${env:SERVER_PORT}] 2023-05-31 23:13:08,464 INFO [Eureka-EvictionTimer][AbstractInstanceRegistry.java:1250] - Running the evict task with compensationTime 5ms
[wanxinp2p-discover-server][${env:SERVER_PORT}] 2023-05-31 23:13:18,474 INFO [Eureka-EvictionTimer][AbstractInstanceRegistry.java:1250] - Running the evict task with compensationTime 10ms
[wanxinp2p-discover-server][${env:SERVER_PORT}] 2023-05-31 23:13:28,478 INFO [Eureka-EvictionTimer][AbstractInstanceRegistry.java:1250] - Running the evict task with compensationTime 4ms
[wanxinp2p-discover-server][${env:SERVER_PORT}] 2023-05-31 23:13:38,483 INFO [Eureka-EvictionTimer][AbstractInstanceRegistry.java:1250] - Running the evict task with compensationTime 4ms
[wanxinp2p-discover-server][${env:SERVER_PORT}] 2023-05-31 23:13:48,493 INFO [Eureka-EvictionTimer][AbstractInstanceRegistry.java:1250] - Running the evict task with compensationTime 10ms
[wanxinp2p-discover-server][${env:SERVER_PORT}] 2023-05-31 23:13:58,502 INFO [Eureka-EvictionTimer][AbstractInstanceRegistry.java:1250] - Running the evict task with compensationTime 9ms
[wanxinp2p-discover-server][${env:SERVER_PORT}] 2023-05-31 23:14:08,513 INFO [Eureka-EvictionTimer][AbstractInstanceRegistry.java:1250] - Running the evict task with compensationTime 10ms
[wanxinp2p-discover-server][${env:SERVER_PORT}] 2023-05-31 23:14:18,522 INFO [Eureka-EvictionTimer][AbstractInstanceRegistry.java:1250] - Running the evict task with compensationTime 9ms
[wanxinp2p-discover-server][${env:SERVER_PORT}] 2023-05-31 23:14:28,529 INFO [Eureka-EvictionTimer][AbstractInstanceRegistry.java:1250] - Running the evict task with compensationTime 7ms
[wanxinp2p-discover-server][${env:SERVER_PORT}] 2023-05-31 23:14:38,543 INFO [Eureka-EvictionTimer][AbstractInstanceRegistry.java:1250] - Running the evict task with compensationTime 13ms
[wanxinp2p-discover-server][${env:SERVER_PORT}] 2023-05-31 23:14:48,554 INFO [Eureka-EvictionTimer][AbstractInstanceRegistry.java:1250] - Running the evict task with compensationTime 11ms
[wanxinp2p-discover-server][${env:SERVER_PORT}] 2023-05-31 23:14:58,562 INFO [Eureka-EvictionTimer][AbstractInstanceRegistry.java:1250] - Running the evict task with compensationTime 8ms
[wanxinp2p-discover-server][${env:SERVER_PORT}] 2023-05-31 23:15:08,566 INFO [Eureka-EvictionTimer][AbstractInstanceRegistry.java:1250] - Running the evict task with compensationTime 4ms
[wanxinp2p-discover-server][${env:SERVER_PORT}] 2023-05-31 23:15:18,573 INFO [Eureka-EvictionTimer][AbstractInstanceRegistry.java:1250] - Running the evict task with compensationTime 6ms
[wanxinp2p-discover-server][${env:SERVER_PORT}] 2023-05-31 23:15:28,573 INFO [Eureka-EvictionTimer][AbstractInstanceRegistry.java:1250] - Running the evict task with compensationTime 0ms
[wanxinp2p-discover-server][${env:SERVER_PORT}] 2023-05-31 23:15:38,577 INFO [Eureka-EvictionTimer][AbstractInstanceRegistry.java:1250] - Running the evict task with compensationTime 4ms
[wanxinp2p-discover-server][${env:SERVER_PORT}] 2023-05-31 23:15:48,579 INFO [Eureka-EvictionTimer][AbstractInstanceRegistry.java:1250] - Running the evict task with compensationTime 2ms
[wanxinp2p-discover-server][${env:SERVER_PORT}] 2023-05-31 23:15:58,592 INFO [Eureka-EvictionTimer][AbstractInstanceRegistry.java:1250] - Running the evict task with compensationTime 12ms
[wanxinp2p-discover-server][${env:SERVER_PORT}] 2023-05-31 23:16:08,605 INFO [Eureka-EvictionTimer][AbstractInstanceRegistry.java:1250] - Running the evict task with compensationTime 13ms
[wanxinp2p-discover-server][${env:SERVER_PORT}] 2023-05-31 23:16:18,605 INFO [Eureka-EvictionTimer][AbstractInstanceRegistry.java:1250] - Running the evict task with compensationTime 0ms
[wanxinp2p-discover-server][${env:SERVER_PORT}] 2023-05-31 23:16:28,607 INFO [Eureka-EvictionTimer][AbstractInstanceRegistry.java:1250] - Running the evict task with compensationTime 1ms
[wanxinp2p-discover-server][${env:SERVER_PORT}] 2023-05-31 23:16:38,622 INFO [Eureka-EvictionTimer][AbstractInstanceRegistry.java:1250] - Running the evict task with compensationTime 14ms
[wanxinp2p-discover-server][${env:SERVER_PORT}] 2023-05-31 23:16:48,634 INFO [Eureka-EvictionTimer][AbstractInstanceRegistry.java:1250] - Running the evict task with compensationTime 12ms
[wanxinp2p-discover-server][${env:SERVER_PORT}] 2023-05-31 23:16:58,642 INFO [Eureka-EvictionTimer][AbstractInstanceRegistry.java:1250] - Running the evict task with compensationTime 7ms
[wanxinp2p-discover-server][${env:SERVER_PORT}] 2023-05-31 23:17:08,651 INFO [Eureka-EvictionTimer][AbstractInstanceRegistry.java:1250] - Running the evict task with compensationTime 9ms
[wanxinp2p-discover-server][${env:SERVER_PORT}] 2023-05-31 23:17:18,665 INFO [Eureka-EvictionTimer][AbstractInstanceRegistry.java:1250] - Running the evict task with compensationTime 13ms
[wanxinp2p-discover-server][${env:SERVER_PORT}] 2023-05-31 23:17:28,667 INFO [Eureka-EvictionTimer][AbstractInstanceRegistry.java:1250] - Running the evict task with compensationTime 2ms
[wanxinp2p-discover-server][${env:SERVER_PORT}] 2023-05-31 23:17:38,679 INFO [Eureka-EvictionTimer][AbstractInstanceRegistry.java:1250] - Running the evict task with compensationTime 11ms
[wanxinp2p-discover-server][${env:SERVER_PORT}] 2023-05-31 23:17:48,683 INFO [Eureka-EvictionTimer][AbstractInstanceRegistry.java:1250] - Running the evict task with compensationTime 4ms
[wanxinp2p-discover-server][${env:SERVER_PORT}] 2023-05-31 23:17:58,695 INFO [Eureka-EvictionTimer][AbstractInstanceRegistry.java:1250] - Running the evict task with compensationTime 12ms
[wanxinp2p-discover-server][${env:SERVER_PORT}] 2023-05-31 23:18:08,698 INFO [Eureka-EvictionTimer][AbstractInstanceRegistry.java:1250] - Running the evict task with compensationTime 3ms
[wanxinp2p-discover-server][${env:SERVER_PORT}] 2023-05-31 23:18:18,701 INFO [Eureka-EvictionTimer][AbstractInstanceRegistry.java:1250] - Running the evict task with compensationTime 2ms
[wanxinp2p-discover-server][${env:SERVER_PORT}] 2023-05-31 23:18:28,712 INFO [Eureka-EvictionTimer][AbstractInstanceRegistry.java:1250] - Running the evict task with compensationTime 11ms
[wanxinp2p-discover-server][${env:SERVER_PORT}] 2023-05-31 23:18:38,727 INFO [Eureka-EvictionTimer][AbstractInstanceRegistry.java:1250] - Running the evict task with compensationTime 15ms
[wanxinp2p-discover-server][${env:SERVER_PORT}] 2023-05-31 23:18:48,730 INFO [Eureka-EvictionTimer][AbstractInstanceRegistry.java:1250] - Running the evict task with compensationTime 2ms
[wanxinp2p-discover-server][${env:SERVER_PORT}] 2023-05-31 23:18:58,738 INFO [Eureka-EvictionTimer][AbstractInstanceRegistry.java:1250] - Running the evict task with compensationTime 7ms
[wanxinp2p-discover-server][${env:SERVER_PORT}] 2023-05-31 23:19:08,741 INFO [Eureka-EvictionTimer][AbstractInstanceRegistry.java:1250] - Running the evict task with compensationTime 3ms
[wanxinp2p-discover-server][${env:SERVER_PORT}] 2023-05-31 23:19:18,746 INFO [Eureka-EvictionTimer][AbstractInstanceRegistry.java:1250] - Running the evict task with compensationTime 4ms
[wanxinp2p-discover-server][${env:SERVER_PORT}] 2023-05-31 23:19:28,759 INFO [Eureka-EvictionTimer][AbstractInstanceRegistry.java:1250] - Running the evict task with compensationTime 12ms
[wanxinp2p-discover-server][${env:SERVER_PORT}] 2023-05-31 23:19:38,763 INFO [Eureka-EvictionTimer][AbstractInstanceRegistry.java:1250] - Running the evict task with compensationTime 3ms
[wanxinp2p-discover-server][${env:SERVER_PORT}] 2023-05-31 23:19:48,765 INFO [Eureka-EvictionTimer][AbstractInstanceRegistry.java:1250] - Running the evict task with compensationTime 1ms
[wanxinp2p-discover-server][${env:SERVER_PORT}] 2023-05-31 23:19:58,768 INFO [Eureka-EvictionTimer][AbstractInstanceRegistry.java:1250] - Running the evict task with compensationTime 3ms
[wanxinp2p-discover-server][${env:SERVER_PORT}] 2023-05-31 23:20:08,778 INFO [Eureka-EvictionTimer][AbstractInstanceRegistry.java:1250] - Running the evict task with compensationTime 10ms
[wanxinp2p-discover-server][${env:SERVER_PORT}] 2023-05-31 23:20:18,784 INFO [Eureka-EvictionTimer][AbstractInstanceRegistry.java:1250] - Running the evict task with compensationTime 6ms
[wanxinp2p-discover-server][${env:SERVER_PORT}] 2023-05-31 23:20:28,785 INFO [Eureka-EvictionTimer][AbstractInstanceRegistry.java:1250] - Running the evict task with compensationTime 0ms
[wanxinp2p-discover-server][${env:SERVER_PORT}] 2023-05-31 23:20:38,791 INFO [Eureka-EvictionTimer][AbstractInstanceRegistry.java:1250] - Running the evict task with compensationTime 6ms
[wanxinp2p-discover-server][${env:SERVER_PORT}] 2023-05-31 23:20:48,801 INFO [Eureka-EvictionTimer][AbstractInstanceRegistry.java:1250] - Running the evict task with compensationTime 9ms
[wanxinp2p-discover-server][${env:SERVER_PORT}] 2023-05-31 23:20:58,808 INFO [Eureka-EvictionTimer][AbstractInstanceRegistry.java:1250] - Running the evict task with compensationTime 7ms
[wanxinp2p-discover-server][${env:SERVER_PORT}] 2023-05-31 23:21:08,814 INFO [Eureka-EvictionTimer][AbstractInstanceRegistry.java:1250] - Running the evict task with compensationTime 6ms
[wanxinp2p-discover-server][${env:SERVER_PORT}] 2023-05-31 23:21:18,820 INFO [Eureka-EvictionTimer][AbstractInstanceRegistry.java:1250] - Running the evict task with compensationTime 5ms
[wanxinp2p-discover-server][${env:SERVER_PORT}] 2023-05-31 23:21:28,824 INFO [Eureka-EvictionTimer][AbstractInstanceRegistry.java:1250] - Running the evict task with compensationTime 4ms
[wanxinp2p-discover-server][${env:SERVER_PORT}] 2023-05-31 23:21:38,835 INFO [Eureka-EvictionTimer][AbstractInstanceRegistry.java:1250] - Running the evict task with compensationTime 10ms
[wanxinp2p-discover-server][${env:SERVER_PORT}] 2023-05-31 23:21:48,840 INFO [Eureka-EvictionTimer][AbstractInstanceRegistry.java:1250] - Running the evict task with compensationTime 5ms
[wanxinp2p-discover-server][${env:SERVER_PORT}] 2023-05-31 23:21:58,851 INFO [Eureka-EvictionTimer][AbstractInstanceRegistry.java:1250] - Running the evict task with compensationTime 10ms
[wanxinp2p-discover-server][${env:SERVER_PORT}] 2023-05-31 23:22:08,854 INFO [Eureka-EvictionTimer][AbstractInstanceRegistry.java:1250] - Running the evict task with compensationTime 2ms
[wanxinp2p-discover-server][${env:SERVER_PORT}] 2023-05-31 23:22:18,866 INFO [Eureka-EvictionTimer][AbstractInstanceRegistry.java:1250] - Running the evict task with compensationTime 11ms
[wanxinp2p-discover-server][${env:SERVER_PORT}] 2023-05-31 23:22:28,871 INFO [Eureka-EvictionTimer][AbstractInstanceRegistry.java:1250] - Running the evict task with compensationTime 5ms
[wanxinp2p-discover-server][${env:SERVER_PORT}] 2023-05-31 23:22:38,883 INFO [Eureka-EvictionTimer][AbstractInstanceRegistry.java:1250] - Running the evict task with compensationTime 11ms
[wanxinp2p-discover-server][${env:SERVER_PORT}] 2023-05-31 23:22:48,886 INFO [Eureka-EvictionTimer][AbstractInstanceRegistry.java:1250] - Running the evict task with compensationTime 3ms
[wanxinp2p-discover-server][${env:SERVER_PORT}] 2023-05-31 23:22:58,898 INFO [Eureka-EvictionTimer][AbstractInstanceRegistry.java:1250] - Running the evict task with compensationTime 12ms
[wanxinp2p-discover-server][${env:SERVER_PORT}] 2023-05-31 23:23:08,911 INFO [Eureka-EvictionTimer][AbstractInstanceRegistry.java:1250] - Running the evict task with compensationTime 12ms
[wanxinp2p-discover-server][${env:SERVER_PORT}] 2023-05-31 23:23:18,921 INFO [Eureka-EvictionTimer][AbstractInstanceRegistry.java:1250] - Running the evict task with compensationTime 9ms
[wanxinp2p-discover-server][${env:SERVER_PORT}] 2023-05-31 23:23:28,935 INFO [Eureka-EvictionTimer][AbstractInstanceRegistry.java:1250] - Running the evict task with compensationTime 14ms
[wanxinp2p-discover-server][${env:SERVER_PORT}] 2023-05-31 23:23:38,938 INFO [Eureka-EvictionTimer][AbstractInstanceRegistry.java:1250] - Running the evict task with compensationTime 3ms
[wanxinp2p-discover-server][${env:SERVER_PORT}] 2023-05-31 23:23:48,941 INFO [Eureka-EvictionTimer][AbstractInstanceRegistry.java:1250] - Running the evict task with compensationTime 2ms
[wanxinp2p-discover-server][${env:SERVER_PORT}] 2023-05-31 23:23:58,944 INFO [Eureka-EvictionTimer][AbstractInstanceRegistry.java:1250] - Running the evict task with compensationTime 3ms
[wanxinp2p-discover-server][${env:SERVER_PORT}] 2023-05-31 23:24:08,951 INFO [Eureka-EvictionTimer][AbstractInstanceRegistry.java:1250] - Running the evict task with compensationTime 6ms
[wanxinp2p-discover-server][${env:SERVER_PORT}] 2023-05-31 23:24:18,963 INFO [Eureka-EvictionTimer][AbstractInstanceRegistry.java:1250] - Running the evict task with compensationTime 11ms
[wanxinp2p-discover-server][${env:SERVER_PORT}] 2023-05-31 23:24:28,967 INFO [Eureka-EvictionTimer][AbstractInstanceRegistry.java:1250] - Running the evict task with compensationTime 3ms
[wanxinp2p-discover-server][${env:SERVER_PORT}] 2023-05-31 23:24:38,970 INFO [Eureka-EvictionTimer][AbstractInstanceRegistry.java:1250] - Running the evict task with compensationTime 3ms
[wanxinp2p-discover-server][${env:SERVER_PORT}] 2023-05-31 23:24:48,980 INFO [Eureka-EvictionTimer][AbstractInstanceRegistry.java:1250] - Running the evict task with compensationTime 9ms
[wanxinp2p-discover-server][${env:SERVER_PORT}] 2023-05-31 23:24:58,995 INFO [Eureka-EvictionTimer][AbstractInstanceRegistry.java:1250] - Running the evict task with compensationTime 15ms
[wanxinp2p-discover-server][${env:SERVER_PORT}] 2023-05-31 23:25:09,010 INFO [Eureka-EvictionTimer][AbstractInstanceRegistry.java:1250] - Running the evict task with compensationTime 14ms
[wanxinp2p-discover-server][${env:SERVER_PORT}] 2023-05-31 23:25:19,016 INFO [Eureka-EvictionTimer][AbstractInstanceRegistry.java:1250] - Running the evict task with compensationTime 5ms
[wanxinp2p-discover-server][${env:SERVER_PORT}] 2023-05-31 23:25:29,028 INFO [Eureka-EvictionTimer][AbstractInstanceRegistry.java:1250] - Running the evict task with compensationTime 11ms
[wanxinp2p-discover-server][${env:SERVER_PORT}] 2023-05-31 23:25:39,039 INFO [Eureka-EvictionTimer][AbstractInstanceRegistry.java:1250] - Running the evict task with compensationTime 11ms
[wanxinp2p-discover-server][${env:SERVER_PORT}] 2023-05-31 23:25:49,046 INFO [Eureka-EvictionTimer][AbstractInstanceRegistry.java:1250] - Running the evict task with compensationTime 6ms
[wanxinp2p-discover-server][${env:SERVER_PORT}] 2023-05-31 23:25:59,046 INFO [Eureka-EvictionTimer][AbstractInstanceRegistry.java:1250] - Running the evict task with compensationTime 0ms
[wanxinp2p-discover-server][${env:SERVER_PORT}] 2023-05-31 23:26:09,048 INFO [Eureka-EvictionTimer][AbstractInstanceRegistry.java:1250] - Running the evict task with compensationTime 1ms
[wanxinp2p-discover-server][${env:SERVER_PORT}] 2023-05-31 23:26:19,050 INFO [Eureka-EvictionTimer][AbstractInstanceRegistry.java:1250] - Running the evict task with compensationTime 1ms
[wanxinp2p-discover-server][${env:SERVER_PORT}] 2023-05-31 23:26:29,060 INFO [Eureka-EvictionTimer][AbstractInstanceRegistry.java:1250] - Running the evict task with compensationTime 10ms
[wanxinp2p-discover-server][${env:SERVER_PORT}] 2023-05-31 23:26:39,065 INFO [Eureka-EvictionTimer][AbstractInstanceRegistry.java:1250] - Running the evict task with compensationTime 4ms
[wanxinp2p-discover-server][${env:SERVER_PORT}] 2023-05-31 23:26:49,072 INFO [Eureka-EvictionTimer][AbstractInstanceRegistry.java:1250] - Running the evict task with compensationTime 7ms
[wanxinp2p-discover-server][${env:SERVER_PORT}] 2023-05-31 23:26:59,074 INFO [Eureka-EvictionTimer][AbstractInstanceRegistry.java:1250] - Running the evict task with compensationTime 1ms
[wanxinp2p-discover-server][${env:SERVER_PORT}] 2023-05-31 23:27:09,083 INFO [Eureka-EvictionTimer][AbstractInstanceRegistry.java:1250] - Running the evict task with compensationTime 8ms
[wanxinp2p-discover-server][${env:SERVER_PORT}] 2023-05-31 23:27:19,091 INFO [Eureka-EvictionTimer][AbstractInstanceRegistry.java:1250] - Running the evict task with compensationTime 8ms
[wanxinp2p-discover-server][${env:SERVER_PORT}] 2023-05-31 23:27:26,170 INFO [ReplicaAwareInstanceRegistry - RenewalThresholdUpdater][PeerAwareInstanceRegistryImpl.java:539] - Current renewal threshold is : 0
[wanxinp2p-discover-server][${env:SERVER_PORT}] 2023-05-31 23:27:29,094 INFO [Eureka-EvictionTimer][AbstractInstanceRegistry.java:1250] - Running the evict task with compensationTime 3ms
[wanxinp2p-discover-server][${env:SERVER_PORT}] 2023-05-31 23:27:39,101 INFO [Eureka-EvictionTimer][AbstractInstanceRegistry.java:1250] - Running the evict task with compensationTime 6ms
[wanxinp2p-discover-server][${env:SERVER_PORT}] 2023-05-31 23:27:49,115 INFO [Eureka-EvictionTimer][AbstractInstanceRegistry.java:1250] - Running the evict task with compensationTime 14ms
[wanxinp2p-discover-server][${env:SERVER_PORT}] 2023-05-31 23:27:59,119 INFO [Eureka-EvictionTimer][AbstractInstanceRegistry.java:1250] - Running the evict task with compensationTime 2ms
[wanxinp2p-discover-server][${env:SERVER_PORT}] 2023-05-31 23:28:09,127 INFO [Eureka-EvictionTimer][AbstractInstanceRegistry.java:1250] - Running the evict task with compensationTime 8ms
[wanxinp2p-discover-server][${env:SERVER_PORT}] 2023-05-31 23:28:19,132 INFO [Eureka-EvictionTimer][AbstractInstanceRegistry.java:1250] - Running the evict task with compensationTime 5ms
[wanxinp2p-discover-server][${env:SERVER_PORT}] 2023-05-31 23:28:29,133 INFO [Eureka-EvictionTimer][AbstractInstanceRegistry.java:1250] - Running the evict task with compensationTime 1ms
[wanxinp2p-discover-server][${env:SERVER_PORT}] 2023-05-31 23:28:39,148 INFO [Eureka-EvictionTimer][AbstractInstanceRegistry.java:1250] - Running the evict task with compensationTime 14ms
[wanxinp2p-discover-server][${env:SERVER_PORT}] 2023-05-31 23:28:49,163 INFO [Eureka-EvictionTimer][AbstractInstanceRegistry.java:1250] - Running the evict task with compensationTime 15ms
[wanxinp2p-discover-server][${env:SERVER_PORT}] 2023-05-31 23:28:59,164 INFO [Eureka-EvictionTimer][AbstractInstanceRegistry.java:1250] - Running the evict task with compensationTime 0ms
[wanxinp2p-discover-server][${env:SERVER_PORT}] 2023-05-31 23:29:09,170 INFO [Eureka-EvictionTimer][AbstractInstanceRegistry.java:1250] - Running the evict task with compensationTime 5ms
[wanxinp2p-discover-server][${env:SERVER_PORT}] 2023-05-31 23:29:19,171 INFO [Eureka-EvictionTimer][AbstractInstanceRegistry.java:1250] - Running the evict task with compensationTime 0ms
[wanxinp2p-discover-server][${env:SERVER_PORT}] 2023-05-31 23:29:29,185 INFO [Eureka-EvictionTimer][AbstractInstanceRegistry.java:1250] - Running the evict task with compensationTime 13ms
[wanxinp2p-discover-server][${env:SERVER_PORT}] 2023-05-31 23:29:39,198 INFO [Eureka-EvictionTimer][AbstractInstanceRegistry.java:1250] - Running the evict task with compensationTime 13ms
[wanxinp2p-discover-server][${env:SERVER_PORT}] 2023-05-31 23:29:49,207 INFO [Eureka-EvictionTimer][AbstractInstanceRegistry.java:1250] - Running the evict task with compensationTime 8ms
[wanxinp2p-discover-server][${env:SERVER_PORT}] 2023-05-31 23:29:59,210 INFO [Eureka-EvictionTimer][AbstractInstanceRegistry.java:1250] - Running the evict task with compensationTime 3ms
[wanxinp2p-discover-server][${env:SERVER_PORT}] 2023-05-31 23:30:09,215 INFO [Eureka-EvictionTimer][AbstractInstanceRegistry.java:1250] - Running the evict task with compensationTime 5ms
[wanxinp2p-discover-server][${env:SERVER_PORT}] 2023-05-31 23:30:19,224 INFO [Eureka-EvictionTimer][AbstractInstanceRegistry.java:1250] - Running the evict task with compensationTime 8ms
[wanxinp2p-discover-server][${env:SERVER_PORT}] 2023-05-31 23:30:29,241 INFO [Eureka-EvictionTimer][AbstractInstanceRegistry.java:1250] - Running the evict task with compensationTime 15ms
[wanxinp2p-discover-server][${env:SERVER_PORT}] 2023-05-31 23:30:39,243 INFO [Eureka-EvictionTimer][AbstractInstanceRegistry.java:1250] - Running the evict task with compensationTime 3ms
[wanxinp2p-discover-server][${env:SERVER_PORT}] 2023-05-31 23:30:49,255 INFO [Eureka-EvictionTimer][AbstractInstanceRegistry.java:1250] - Running the evict task with compensationTime 12ms
[wanxinp2p-discover-server][${env:SERVER_PORT}] 2023-05-31 23:30:59,261 INFO [Eureka-EvictionTimer][AbstractInstanceRegistry.java:1250] - Running the evict task with compensationTime 6ms
[wanxinp2p-discover-server][${env:SERVER_PORT}] 2023-05-31 23:31:09,276 INFO [Eureka-EvictionTimer][AbstractInstanceRegistry.java:1250] - Running the evict task with compensationTime 15ms
[wanxinp2p-discover-server][${env:SERVER_PORT}] 2023-05-31 23:31:19,290 INFO [Eureka-EvictionTimer][AbstractInstanceRegistry.java:1250] - Running the evict task with compensationTime 14ms
[wanxinp2p-discover-server][${env:SERVER_PORT}] 2023-05-31 23:31:29,304 INFO [Eureka-EvictionTimer][AbstractInstanceRegistry.java:1250] - Running the evict task with compensationTime 13ms
[wanxinp2p-discover-server][${env:SERVER_PORT}] 2023-05-31 23:31:39,307 INFO [Eureka-EvictionTimer][AbstractInstanceRegistry.java:1250] - Running the evict task with compensationTime 2ms
[wanxinp2p-discover-server][${env:SERVER_PORT}] 2023-05-31 23:31:49,324 INFO [Eureka-EvictionTimer][AbstractInstanceRegistry.java:1250] - Running the evict task with compensationTime 18ms
[wanxinp2p-discover-server][${env:SERVER_PORT}] 2023-05-31 23:31:59,326 INFO [Eureka-EvictionTimer][AbstractInstanceRegistry.java:1250] - Running the evict task with compensationTime 0ms
[wanxinp2p-discover-server][${env:SERVER_PORT}] 2023-05-31 23:32:09,337 INFO [Eureka-EvictionTimer][AbstractInstanceRegistry.java:1250] - Running the evict task with compensationTime 11ms
[wanxinp2p-discover-server][${env:SERVER_PORT}] 2023-05-31 23:32:19,341 INFO [Eureka-EvictionTimer][AbstractInstanceRegistry.java:1250] - Running the evict task with compensationTime 4ms
[wanxinp2p-discover-server][${env:SERVER_PORT}] 2023-05-31 23:32:29,349 INFO [Eureka-EvictionTimer][AbstractInstanceRegistry.java:1250] - Running the evict task with compensationTime 7ms
[wanxinp2p-discover-server][${env:SERVER_PORT}] 2023-05-31 23:32:39,360 INFO [Eureka-EvictionTimer][AbstractInstanceRegistry.java:1250] - Running the evict task with compensationTime 11ms
[wanxinp2p-discover-server][${env:SERVER_PORT}] 2023-05-31 23:32:49,373 INFO [Eureka-EvictionTimer][AbstractInstanceRegistry.java:1250] - Running the evict task with compensationTime 13ms
[wanxinp2p-discover-server][${env:SERVER_PORT}] 2023-05-31 23:32:59,373 INFO [Eureka-EvictionTimer][AbstractInstanceRegistry.java:1250] - Running the evict task with compensationTime 0ms
[wanxinp2p-discover-server][${env:SERVER_PORT}] 2023-05-31 23:33:09,384 INFO [Eureka-EvictionTimer][AbstractInstanceRegistry.java:1250] - Running the evict task with compensationTime 11ms
[wanxinp2p-discover-server][${env:SERVER_PORT}] 2023-05-31 23:33:19,398 INFO [Eureka-EvictionTimer][AbstractInstanceRegistry.java:1250] - Running the evict task with compensationTime 13ms
[wanxinp2p-discover-server][${env:SERVER_PORT}] 2023-05-31 23:33:29,413 INFO [Eureka-EvictionTimer][AbstractInstanceRegistry.java:1250] - Running the evict task with compensationTime 15ms
[wanxinp2p-discover-server][${env:SERVER_PORT}] 2023-05-31 23:33:39,421 INFO [Eureka-EvictionTimer][AbstractInstanceRegistry.java:1250] - Running the evict task with compensationTime 7ms
[wanxinp2p-discover-server][${env:SERVER_PORT}] 2023-05-31 23:33:49,432 INFO [Eureka-EvictionTimer][AbstractInstanceRegistry.java:1250] - Running the evict task with compensationTime 10ms
[wanxinp2p-discover-server][${env:SERVER_PORT}] 2023-05-31 23:33:59,433 INFO [Eureka-EvictionTimer][AbstractInstanceRegistry.java:1250] - Running the evict task with compensationTime 1ms
[wanxinp2p-discover-server][${env:SERVER_PORT}] 2023-05-31 23:34:09,444 INFO [Eureka-EvictionTimer][AbstractInstanceRegistry.java:1250] - Running the evict task with compensationTime 10ms
[wanxinp2p-discover-server][${env:SERVER_PORT}] 2023-05-31 23:34:19,448 INFO [Eureka-EvictionTimer][AbstractInstanceRegistry.java:1250] - Running the evict task with compensationTime 4ms
[wanxinp2p-discover-server][${env:SERVER_PORT}] 2023-05-31 23:34:29,461 INFO [Eureka-EvictionTimer][AbstractInstanceRegistry.java:1250] - Running the evict task with compensationTime 13ms
[wanxinp2p-discover-server][${env:SERVER_PORT}] 2023-05-31 23:34:39,462 INFO [Eureka-EvictionTimer][AbstractInstanceRegistry.java:1250] - Running the evict task with compensationTime 0ms
[wanxinp2p-discover-server][${env:SERVER_PORT}] 2023-05-31 23:34:49,462 INFO [Eureka-EvictionTimer][AbstractInstanceRegistry.java:1250] - Running the evict task with compensationTime 0ms
[wanxinp2p-discover-server][${env:SERVER_PORT}] 2023-05-31 23:34:59,466 INFO [Eureka-EvictionTimer][AbstractInstanceRegistry.java:1250] - Running the evict task with compensationTime 3ms
[wanxinp2p-discover-server][${env:SERVER_PORT}] 2023-05-31 23:35:09,478 INFO [Eureka-EvictionTimer][AbstractInstanceRegistry.java:1250] - Running the evict task with compensationTime 11ms
[wanxinp2p-discover-server][${env:SERVER_PORT}] 2023-05-31 23:35:19,480 INFO [Eureka-EvictionTimer][AbstractInstanceRegistry.java:1250] - Running the evict task with compensationTime 1ms
[wanxinp2p-discover-server][${env:SERVER_PORT}] 2023-05-31 23:35:29,489 INFO [Eureka-EvictionTimer][AbstractInstanceRegistry.java:1250] - Running the evict task with compensationTime 9ms
[wanxinp2p-discover-server][${env:SERVER_PORT}] 2023-05-31 23:35:39,499 INFO [Eureka-EvictionTimer][AbstractInstanceRegistry.java:1250] - Running the evict task with compensationTime 9ms
[wanxinp2p-discover-server][${env:SERVER_PORT}] 2023-05-31 23:35:49,503 INFO [Eureka-EvictionTimer][AbstractInstanceRegistry.java:1250] - Running the evict task with compensationTime 3ms
[wanxinp2p-discover-server][${env:SERVER_PORT}] 2023-05-31 23:35:59,513 INFO [Eureka-EvictionTimer][AbstractInstanceRegistry.java:1250] - Running the evict task with compensationTime 10ms
[wanxinp2p-discover-server][${env:SERVER_PORT}] 2023-05-31 23:36:09,522 INFO [Eureka-EvictionTimer][AbstractInstanceRegistry.java:1250] - Running the evict task with compensationTime 8ms
[wanxinp2p-discover-server][${env:SERVER_PORT}] 2023-05-31 23:36:19,527 INFO [Eureka-EvictionTimer][AbstractInstanceRegistry.java:1250] - Running the evict task with compensationTime 5ms
[wanxinp2p-discover-server][${env:SERVER_PORT}] 2023-05-31 23:36:29,527 INFO [Eureka-EvictionTimer][AbstractInstanceRegistry.java:1250] - Running the evict task with compensationTime 0ms
[wanxinp2p-discover-server][${env:SERVER_PORT}] 2023-05-31 23:36:39,540 INFO [Eureka-EvictionTimer][AbstractInstanceRegistry.java:1250] - Running the evict task with compensationTime 13ms
[wanxinp2p-discover-server][${env:SERVER_PORT}] 2023-05-31 23:36:49,548 INFO [Eureka-EvictionTimer][AbstractInstanceRegistry.java:1250] - Running the evict task with compensationTime 7ms
[wanxinp2p-discover-server][${env:SERVER_PORT}] 2023-05-31 23:36:59,552 INFO [Eureka-EvictionTimer][AbstractInstanceRegistry.java:1250] - Running the evict task with compensationTime 3ms
[wanxinp2p-discover-server][${env:SERVER_PORT}] 2023-05-31 23:37:09,554 INFO [Eureka-EvictionTimer][AbstractInstanceRegistry.java:1250] - Running the evict task with compensationTime 2ms
[wanxinp2p-discover-server][${env:SERVER_PORT}] 2023-05-31 23:37:19,565 INFO [Eureka-EvictionTimer][AbstractInstanceRegistry.java:1250] - Running the evict task with compensationTime 10ms
[wanxinp2p-discover-server][${env:SERVER_PORT}] 2023-05-31 23:37:29,579 INFO [Eureka-EvictionTimer][AbstractInstanceRegistry.java:1250] - Running the evict task with compensationTime 14ms
[wanxinp2p-discover-server][${env:SERVER_PORT}] 2023-05-31 23:37:39,587 INFO [Eureka-EvictionTimer][AbstractInstanceRegistry.java:1250] - Running the evict task with compensationTime 8ms
[wanxinp2p-discover-server][${env:SERVER_PORT}] 2023-05-31 23:37:49,601 INFO [Eureka-EvictionTimer][AbstractInstanceRegistry.java:1250] - Running the evict task with compensationTime 13ms
[wanxinp2p-discover-server][${env:SERVER_PORT}] 2023-05-31 23:37:59,615 INFO [Eureka-EvictionTimer][AbstractInstanceRegistry.java:1250] - Running the evict task with compensationTime 14ms
[wanxinp2p-discover-server][${env:SERVER_PORT}] 2023-05-31 23:38:09,618 INFO [Eureka-EvictionTimer][AbstractInstanceRegistry.java:1250] - Running the evict task with compensationTime 2ms
[wanxinp2p-discover-server][${env:SERVER_PORT}] 2023-05-31 23:38:19,624 INFO [Eureka-EvictionTimer][AbstractInstanceRegistry.java:1250] - Running the evict task with compensationTime 6ms
[wanxinp2p-discover-server][${env:SERVER_PORT}] 2023-05-31 23:38:29,638 INFO [Eureka-EvictionTimer][AbstractInstanceRegistry.java:1250] - Running the evict task with compensationTime 14ms
[wanxinp2p-discover-server][${env:SERVER_PORT}] 2023-05-31 23:38:39,651 INFO [Eureka-EvictionTimer][AbstractInstanceRegistry.java:1250] - Running the evict task with compensationTime 13ms
[wanxinp2p-discover-server][${env:SERVER_PORT}] 2023-05-31 23:38:49,660 INFO [Eureka-EvictionTimer][AbstractInstanceRegistry.java:1250] - Running the evict task with compensationTime 8ms
[wanxinp2p-discover-server][${env:SERVER_PORT}] 2023-05-31 23:38:59,668 INFO [Eureka-EvictionTimer][AbstractInstanceRegistry.java:1250] - Running the evict task with compensationTime 7ms
[wanxinp2p-discover-server][${env:SERVER_PORT}] 2023-05-31 23:39:09,674 INFO [Eureka-EvictionTimer][AbstractInstanceRegistry.java:1250] - Running the evict task with compensationTime 6ms
[wanxinp2p-discover-server][${env:SERVER_PORT}] 2023-05-31 23:39:19,675 INFO [Eureka-EvictionTimer][AbstractInstanceRegistry.java:1250] - Running the evict task with compensationTime 0ms
[wanxinp2p-discover-server][${env:SERVER_PORT}] 2023-05-31 23:39:29,679 INFO [Eureka-EvictionTimer][AbstractInstanceRegistry.java:1250] - Running the evict task with compensationTime 3ms
[wanxinp2p-discover-server][${env:SERVER_PORT}] 2023-05-31 23:39:39,684 INFO [Eureka-EvictionTimer][AbstractInstanceRegistry.java:1250] - Running the evict task with compensationTime 5ms
[wanxinp2p-discover-server][${env:SERVER_PORT}] 2023-05-31 23:39:49,685 INFO [Eureka-EvictionTimer][AbstractInstanceRegistry.java:1250] - Running the evict task with compensationTime 1ms
[wanxinp2p-discover-server][${env:SERVER_PORT}] 2023-05-31 23:39:59,699 INFO [Eureka-EvictionTimer][AbstractInstanceRegistry.java:1250] - Running the evict task with compensationTime 13ms
[wanxinp2p-discover-server][${env:SERVER_PORT}] 2023-05-31 23:40:09,700 INFO [Eureka-EvictionTimer][AbstractInstanceRegistry.java:1250] - Running the evict task with compensationTime 1ms
[wanxinp2p-discover-server][${env:SERVER_PORT}] 2023-05-31 23:40:19,709 INFO [Eureka-EvictionTimer][AbstractInstanceRegistry.java:1250] - Running the evict task with compensationTime 9ms
[wanxinp2p-discover-server][${env:SERVER_PORT}] 2023-05-31 23:40:29,714 INFO [Eureka-EvictionTimer][AbstractInstanceRegistry.java:1250] - Running the evict task with compensationTime 4ms
[wanxinp2p-discover-server][${env:SERVER_PORT}] 2023-05-31 23:40:39,721 INFO [Eureka-EvictionTimer][AbstractInstanceRegistry.java:1250] - Running the evict task with compensationTime 6ms
[wanxinp2p-discover-server][${env:SERVER_PORT}] 2023-05-31 23:40:49,727 INFO [Eureka-EvictionTimer][AbstractInstanceRegistry.java:1250] - Running the evict task with compensationTime 6ms
[wanxinp2p-discover-server][${env:SERVER_PORT}] 2023-05-31 23:40:59,731 INFO [Eureka-EvictionTimer][AbstractInstanceRegistry.java:1250] - Running the evict task with compensationTime 3ms
[wanxinp2p-discover-server][${env:SERVER_PORT}] 2023-05-31 23:41:09,737 INFO [Eureka-EvictionTimer][AbstractInstanceRegistry.java:1250] - Running the evict task with compensationTime 6ms
[wanxinp2p-discover-server][${env:SERVER_PORT}] 2023-05-31 23:41:19,749 INFO [Eureka-EvictionTimer][AbstractInstanceRegistry.java:1250] - Running the evict task with compensationTime 11ms
[wanxinp2p-discover-server][${env:SERVER_PORT}] 2023-05-31 23:41:29,753 INFO [Eureka-EvictionTimer][AbstractInstanceRegistry.java:1250] - Running the evict task with compensationTime 4ms
[wanxinp2p-discover-server][${env:SERVER_PORT}] 2023-05-31 23:41:39,754 INFO [Eureka-EvictionTimer][AbstractInstanceRegistry.java:1250] - Running the evict task with compensationTime 0ms
[wanxinp2p-discover-server][${env:SERVER_PORT}] 2023-05-31 23:41:49,763 INFO [Eureka-EvictionTimer][AbstractInstanceRegistry.java:1250] - Running the evict task with compensationTime 8ms
[wanxinp2p-discover-server][${env:SERVER_PORT}] 2023-05-31 23:41:59,777 INFO [Eureka-EvictionTimer][AbstractInstanceRegistry.java:1250] - Running the evict task with compensationTime 14ms
[wanxinp2p-discover-server][${env:SERVER_PORT}] 2023-05-31 23:42:09,784 INFO [Eureka-EvictionTimer][AbstractInstanceRegistry.java:1250] - Running the evict task with compensationTime 6ms
[wanxinp2p-discover-server][${env:SERVER_PORT}] 2023-05-31 23:42:19,792 INFO [Eureka-EvictionTimer][AbstractInstanceRegistry.java:1250] - Running the evict task with compensationTime 7ms
[wanxinp2p-discover-server][${env:SERVER_PORT}] 2023-05-31 23:42:26,319 INFO [ReplicaAwareInstanceRegistry - RenewalThresholdUpdater][PeerAwareInstanceRegistryImpl.java:539] - Current renewal threshold is : 0
[wanxinp2p-discover-server][${env:SERVER_PORT}] 2023-05-31 23:42:29,806 INFO [Eureka-EvictionTimer][AbstractInstanceRegistry.java:1250] - Running the evict task with compensationTime 14ms
[wanxinp2p-discover-server][${env:SERVER_PORT}] 2023-05-31 23:42:39,810 INFO [Eureka-EvictionTimer][AbstractInstanceRegistry.java:1250] - Running the evict task with compensationTime 4ms
[wanxinp2p-discover-server][${env:SERVER_PORT}] 2023-05-31 23:42:49,820 INFO [Eureka-EvictionTimer][AbstractInstanceRegistry.java:1250] - Running the evict task with compensationTime 9ms
[wanxinp2p-discover-server][${env:SERVER_PORT}] 2023-05-31 23:42:59,821 INFO [Eureka-EvictionTimer][AbstractInstanceRegistry.java:1250] - Running the evict task with compensationTime 0ms
[wanxinp2p-discover-server][${env:SERVER_PORT}] 2023-05-31 23:43:09,835 INFO [Eureka-EvictionTimer][AbstractInstanceRegistry.java:1250] - Running the evict task with compensationTime 14ms
[wanxinp2p-discover-server][${env:SERVER_PORT}] 2023-05-31 23:43:19,840 INFO [Eureka-EvictionTimer][AbstractInstanceRegistry.java:1250] - Running the evict task with compensationTime 4ms
[wanxinp2p-discover-server][${env:SERVER_PORT}] 2023-05-31 23:43:29,853 INFO [Eureka-EvictionTimer][AbstractInstanceRegistry.java:1250] - Running the evict task with compensationTime 12ms
[wanxinp2p-discover-server][${env:SERVER_PORT}] 2023-05-31 23:43:39,855 INFO [Eureka-EvictionTimer][AbstractInstanceRegistry.java:1250] - Running the evict task with compensationTime 1ms
[wanxinp2p-discover-server][${env:SERVER_PORT}] 2023-05-31 23:43:49,868 INFO [Eureka-EvictionTimer][AbstractInstanceRegistry.java:1250] - Running the evict task with compensationTime 13ms
[wanxinp2p-discover-server][${env:SERVER_PORT}] 2023-05-31 23:43:59,879 INFO [Eureka-EvictionTimer][AbstractInstanceRegistry.java:1250] - Running the evict task with compensationTime 11ms
[wanxinp2p-discover-server][${env:SERVER_PORT}] 2023-05-31 23:44:09,888 INFO [Eureka-EvictionTimer][AbstractInstanceRegistry.java:1250] - Running the evict task with compensationTime 8ms
[wanxinp2p-discover-server][${env:SERVER_PORT}] 2023-05-31 23:44:19,896 INFO [Eureka-EvictionTimer][AbstractInstanceRegistry.java:1250] - Running the evict task with compensationTime 9ms
[wanxinp2p-discover-server][${env:SERVER_PORT}] 2023-05-31 23:44:29,905 INFO [Eureka-EvictionTimer][AbstractInstanceRegistry.java:1250] - Running the evict task with compensationTime 8ms
[wanxinp2p-discover-server][${env:SERVER_PORT}] 2023-05-31 23:44:39,915 INFO [Eureka-EvictionTimer][AbstractInstanceRegistry.java:1250] - Running the evict task with compensationTime 9ms
[wanxinp2p-discover-server][${env:SERVER_PORT}] 2023-05-31 23:44:49,924 INFO [Eureka-EvictionTimer][AbstractInstanceRegistry.java:1250] - Running the evict task with compensationTime 9ms
[wanxinp2p-discover-server][${env:SERVER_PORT}] 2023-05-31 23:44:59,934 INFO [Eureka-EvictionTimer][AbstractInstanceRegistry.java:1250] - Running the evict task with compensationTime 9ms
[wanxinp2p-discover-server][${env:SERVER_PORT}] 2023-05-31 23:45:09,948 INFO [Eureka-EvictionTimer][AbstractInstanceRegistry.java:1250] - Running the evict task with compensationTime 14ms
[wanxinp2p-discover-server][${env:SERVER_PORT}] 2023-05-31 23:45:19,952 INFO [Eureka-EvictionTimer][AbstractInstanceRegistry.java:1250] - Running the evict task with compensationTime 3ms
[wanxinp2p-discover-server][${env:SERVER_PORT}] 2023-05-31 23:45:29,958 INFO [Eureka-EvictionTimer][AbstractInstanceRegistry.java:1250] - Running the evict task with compensationTime 6ms
[wanxinp2p-discover-server][${env:SERVER_PORT}] 2023-05-31 23:45:39,966 INFO [Eureka-EvictionTimer][AbstractInstanceRegistry.java:1250] - Running the evict task with compensationTime 7ms
[wanxinp2p-discover-server][${env:SERVER_PORT}] 2023-05-31 23:45:49,980 INFO [Eureka-EvictionTimer][AbstractInstanceRegistry.java:1250] - Running the evict task with compensationTime 14ms
[wanxinp2p-discover-server][${env:SERVER_PORT}] 2023-05-31 23:45:59,991 INFO [Eureka-EvictionTimer][AbstractInstanceRegistry.java:1250] - Running the evict task with compensationTime 11ms
[wanxinp2p-discover-server][${env:SERVER_PORT}] 2023-05-31 23:46:09,998 INFO [Eureka-EvictionTimer][AbstractInstanceRegistry.java:1250] - Running the evict task with compensationTime 6ms
[wanxinp2p-discover-server][${env:SERVER_PORT}] 2023-05-31 23:46:20,001 INFO [Eureka-EvictionTimer][AbstractInstanceRegistry.java:1250] - Running the evict task with compensationTime 2ms
[wanxinp2p-discover-server][${env:SERVER_PORT}] 2023-05-31 23:46:30,016 INFO [Eureka-EvictionTimer][AbstractInstanceRegistry.java:1250] - Running the evict task with compensationTime 15ms
[wanxinp2p-discover-server][${env:SERVER_PORT}] 2023-05-31 23:46:40,023 INFO [Eureka-EvictionTimer][AbstractInstanceRegistry.java:1250] - Running the evict task with compensationTime 7ms
[wanxinp2p-discover-server][${env:SERVER_PORT}] 2023-05-31 23:46:50,025 INFO [Eureka-EvictionTimer][AbstractInstanceRegistry.java:1250] - Running the evict task with compensationTime 1ms
[wanxinp2p-discover-server][${env:SERVER_PORT}] 2023-05-31 23:47:00,040 INFO [Eureka-EvictionTimer][AbstractInstanceRegistry.java:1250] - Running the evict task with compensationTime 15ms
[wanxinp2p-discover-server][${env:SERVER_PORT}] 2023-05-31 23:47:10,046 INFO [Eureka-EvictionTimer][AbstractInstanceRegistry.java:1250] - Running the evict task with compensationTime 6ms
[wanxinp2p-discover-server][${env:SERVER_PORT}] 2023-05-31 23:47:20,052 INFO [Eureka-EvictionTimer][AbstractInstanceRegistry.java:1250] - Running the evict task with compensationTime 4ms
[wanxinp2p-discover-server][${env:SERVER_PORT}] 2023-05-31 23:47:30,057 INFO [Eureka-EvictionTimer][AbstractInstanceRegistry.java:1250] - Running the evict task with compensationTime 5ms
[wanxinp2p-discover-server][${env:SERVER_PORT}] 2023-05-31 23:47:40,061 INFO [Eureka-EvictionTimer][AbstractInstanceRegistry.java:1250] - Running the evict task with compensationTime 4ms
[wanxinp2p-discover-server][${env:SERVER_PORT}] 2023-05-31 23:47:50,075 INFO [Eureka-EvictionTimer][AbstractInstanceRegistry.java:1250] - Running the evict task with compensationTime 13ms
[wanxinp2p-discover-server][${env:SERVER_PORT}] 2023-05-31 23:48:00,084 INFO [Eureka-EvictionTimer][AbstractInstanceRegistry.java:1250] - Running the evict task with compensationTime 9ms
[wanxinp2p-discover-server][${env:SERVER_PORT}] 2023-05-31 23:48:10,087 INFO [Eureka-EvictionTimer][AbstractInstanceRegistry.java:1250] - Running the evict task with compensationTime 3ms
[wanxinp2p-discover-server][${env:SERVER_PORT}] 2023-05-31 23:48:20,091 INFO [Eureka-EvictionTimer][AbstractInstanceRegistry.java:1250] - Running the evict task with compensationTime 3ms
[wanxinp2p-discover-server][${env:SERVER_PORT}] 2023-05-31 23:48:30,105 INFO [Eureka-EvictionTimer][AbstractInstanceRegistry.java:1250] - Running the evict task with compensationTime 14ms
[wanxinp2p-discover-server][${env:SERVER_PORT}] 2023-05-31 23:48:40,107 INFO [Eureka-EvictionTimer][AbstractInstanceRegistry.java:1250] - Running the evict task with compensationTime 1ms
[wanxinp2p-discover-server][${env:SERVER_PORT}] 2023-05-31 23:48:50,107 INFO [Eureka-EvictionTimer][AbstractInstanceRegistry.java:1250] - Running the evict task with compensationTime 0ms
[wanxinp2p-discover-server][${env:SERVER_PORT}] 2023-05-31 23:49:00,120 INFO [Eureka-EvictionTimer][AbstractInstanceRegistry.java:1250] - Running the evict task with compensationTime 12ms
[wanxinp2p-discover-server][${env:SERVER_PORT}] 2023-05-31 23:49:10,131 INFO [Eureka-EvictionTimer][AbstractInstanceRegistry.java:1250] - Running the evict task with compensationTime 11ms
[wanxinp2p-discover-server][${env:SERVER_PORT}] 2023-05-31 23:49:20,142 INFO [Eureka-EvictionTimer][AbstractInstanceRegistry.java:1250] - Running the evict task with compensationTime 11ms
[wanxinp2p-discover-server][${env:SERVER_PORT}] 2023-05-31 23:49:30,143 INFO [Eureka-EvictionTimer][AbstractInstanceRegistry.java:1250] - Running the evict task with compensationTime 0ms
[wanxinp2p-discover-server][${env:SERVER_PORT}] 2023-05-31 23:49:40,154 INFO [Eureka-EvictionTimer][AbstractInstanceRegistry.java:1250] - Running the evict task with compensationTime 11ms
[wanxinp2p-discover-server][${env:SERVER_PORT}] 2023-05-31 23:49:50,156 INFO [Eureka-EvictionTimer][AbstractInstanceRegistry.java:1250] - Running the evict task with compensationTime 2ms
[wanxinp2p-discover-server][${env:SERVER_PORT}] 2023-05-31 23:50:00,171 INFO [Eureka-EvictionTimer][AbstractInstanceRegistry.java:1250] - Running the evict task with compensationTime 14ms
[wanxinp2p-discover-server][${env:SERVER_PORT}] 2023-05-31 23:50:10,172 INFO [Eureka-EvictionTimer][AbstractInstanceRegistry.java:1250] - Running the evict task with compensationTime 1ms
[wanxinp2p-discover-server][${env:SERVER_PORT}] 2023-05-31 23:50:20,178 INFO [Eureka-EvictionTimer][AbstractInstanceRegistry.java:1250] - Running the evict task with compensationTime 5ms
[wanxinp2p-discover-server][${env:SERVER_PORT}] 2023-05-31 23:50:30,183 INFO [Eureka-EvictionTimer][AbstractInstanceRegistry.java:1250] - Running the evict task with compensationTime 5ms
[wanxinp2p-discover-server][${env:SERVER_PORT}] 2023-05-31 23:50:40,185 INFO [Eureka-EvictionTimer][AbstractInstanceRegistry.java:1250] - Running the evict task with compensationTime 1ms
[wanxinp2p-discover-server][${env:SERVER_PORT}] 2023-05-31 23:50:50,190 INFO [Eureka-EvictionTimer][AbstractInstanceRegistry.java:1250] - Running the evict task with compensationTime 4ms
[wanxinp2p-discover-server][${env:SERVER_PORT}] 2023-05-31 23:51:00,190 INFO [Eureka-EvictionTimer][AbstractInstanceRegistry.java:1250] - Running the evict task with compensationTime 0ms
[wanxinp2p-discover-server][${env:SERVER_PORT}] 2023-05-31 23:51:10,198 INFO [Eureka-EvictionTimer][AbstractInstanceRegistry.java:1250] - Running the evict task with compensationTime 8ms
[wanxinp2p-discover-server][${env:SERVER_PORT}] 2023-05-31 23:51:20,204 INFO [Eureka-EvictionTimer][AbstractInstanceRegistry.java:1250] - Running the evict task with compensationTime 5ms
[wanxinp2p-discover-server][${env:SERVER_PORT}] 2023-05-31 23:51:30,217 INFO [Eureka-EvictionTimer][AbstractInstanceRegistry.java:1250] - Running the evict task with compensationTime 13ms
[wanxinp2p-discover-server][${env:SERVER_PORT}] 2023-05-31 23:51:40,218 INFO [Eureka-EvictionTimer][AbstractInstanceRegistry.java:1250] - Running the evict task with compensationTime 0ms
[wanxinp2p-discover-server][${env:SERVER_PORT}] 2023-05-31 23:51:50,222 INFO [Eureka-EvictionTimer][AbstractInstanceRegistry.java:1250] - Running the evict task with compensationTime 4ms
[wanxinp2p-discover-server][${env:SERVER_PORT}] 2023-05-31 23:52:00,224 INFO [Eureka-EvictionTimer][AbstractInstanceRegistry.java:1250] - Running the evict task with compensationTime 1ms
[wanxinp2p-discover-server][${env:SERVER_PORT}] 2023-05-31 23:52:10,233 INFO [Eureka-EvictionTimer][AbstractInstanceRegistry.java:1250] - Running the evict task with compensationTime 9ms
[wanxinp2p-discover-server][${env:SERVER_PORT}] 2023-05-31 23:52:20,235 INFO [Eureka-EvictionTimer][AbstractInstanceRegistry.java:1250] - Running the evict task with compensationTime 1ms
[wanxinp2p-discover-server][${env:SERVER_PORT}] 2023-05-31 23:52:30,240 INFO [Eureka-EvictionTimer][AbstractInstanceRegistry.java:1250] - Running the evict task with compensationTime 4ms
[wanxinp2p-discover-server][${env:SERVER_PORT}] 2023-05-31 23:52:40,248 INFO [Eureka-EvictionTimer][AbstractInstanceRegistry.java:1250] - Running the evict task with compensationTime 8ms
[wanxinp2p-discover-server][${env:SERVER_PORT}] 2023-05-31 23:52:50,254 INFO [Eureka-EvictionTimer][AbstractInstanceRegistry.java:1250] - Running the evict task with compensationTime 6ms
[wanxinp2p-discover-server][${env:SERVER_PORT}] 2023-05-31 23:53:00,255 INFO [Eureka-EvictionTimer][AbstractInstanceRegistry.java:1250] - Running the evict task with compensationTime 1ms
[wanxinp2p-discover-server][${env:SERVER_PORT}] 2023-05-31 23:53:10,258 INFO [Eureka-EvictionTimer][AbstractInstanceRegistry.java:1250] - Running the evict task with compensationTime 2ms
[wanxinp2p-discover-server][${env:SERVER_PORT}] 2023-05-31 23:53:20,272 INFO [Eureka-EvictionTimer][AbstractInstanceRegistry.java:1250] - Running the evict task with compensationTime 14ms
[wanxinp2p-discover-server][${env:SERVER_PORT}] 2023-05-31 23:53:30,287 INFO [Eureka-EvictionTimer][AbstractInstanceRegistry.java:1250] - Running the evict task with compensationTime 15ms
[wanxinp2p-discover-server][${env:SERVER_PORT}] 2023-05-31 23:53:40,298 INFO [Eureka-EvictionTimer][AbstractInstanceRegistry.java:1250] - Running the evict task with compensationTime 10ms
[wanxinp2p-discover-server][${env:SERVER_PORT}] 2023-05-31 23:53:50,308 INFO [Eureka-EvictionTimer][AbstractInstanceRegistry.java:1250] - Running the evict task with compensationTime 10ms
[wanxinp2p-discover-server][${env:SERVER_PORT}] 2023-05-31 23:54:00,313 INFO [Eureka-EvictionTimer][AbstractInstanceRegistry.java:1250] - Running the evict task with compensationTime 4ms
[wanxinp2p-discover-server][${env:SERVER_PORT}] 2023-05-31 23:54:10,317 INFO [Eureka-EvictionTimer][AbstractInstanceRegistry.java:1250] - Running the evict task with compensationTime 4ms
[wanxinp2p-discover-server][${env:SERVER_PORT}] 2023-05-31 23:54:20,330 INFO [Eureka-EvictionTimer][AbstractInstanceRegistry.java:1250] - Running the evict task with compensationTime 12ms
[wanxinp2p-discover-server][${env:SERVER_PORT}] 2023-05-31 23:54:30,331 INFO [Eureka-EvictionTimer][AbstractInstanceRegistry.java:1250] - Running the evict task with compensationTime 1ms
[wanxinp2p-discover-server][${env:SERVER_PORT}] 2023-05-31 23:54:40,347 INFO [Eureka-EvictionTimer][AbstractInstanceRegistry.java:1250] - Running the evict task with compensationTime 15ms
[wanxinp2p-discover-server][${env:SERVER_PORT}] 2023-05-31 23:54:50,356 INFO [Eureka-EvictionTimer][AbstractInstanceRegistry.java:1250] - Running the evict task with compensationTime 9ms
[wanxinp2p-discover-server][${env:SERVER_PORT}] 2023-05-31 23:55:00,369 INFO [Eureka-EvictionTimer][AbstractInstanceRegistry.java:1250] - Running the evict task with compensationTime 12ms
[wanxinp2p-discover-server][${env:SERVER_PORT}] 2023-05-31 23:55:10,381 INFO [Eureka-EvictionTimer][AbstractInstanceRegistry.java:1250] - Running the evict task with compensationTime 12ms
[wanxinp2p-discover-server][${env:SERVER_PORT}] 2023-05-31 23:55:20,391 INFO [Eureka-EvictionTimer][AbstractInstanceRegistry.java:1250] - Running the evict task with compensationTime 9ms
[wanxinp2p-discover-server][${env:SERVER_PORT}] 2023-05-31 23:55:30,407 INFO [Eureka-EvictionTimer][AbstractInstanceRegistry.java:1250] - Running the evict task with compensationTime 15ms
[wanxinp2p-discover-server][${env:SERVER_PORT}] 2023-05-31 23:55:40,420 INFO [Eureka-EvictionTimer][AbstractInstanceRegistry.java:1250] - Running the evict task with compensationTime 13ms
[wanxinp2p-discover-server][${env:SERVER_PORT}] 2023-05-31 23:55:50,423 INFO [Eureka-EvictionTimer][AbstractInstanceRegistry.java:1250] - Running the evict task with compensationTime 2ms
[wanxinp2p-discover-server][${env:SERVER_PORT}] 2023-05-31 23:56:00,425 INFO [Eureka-EvictionTimer][AbstractInstanceRegistry.java:1250] - Running the evict task with compensationTime 2ms
[wanxinp2p-discover-server][${env:SERVER_PORT}] 2023-05-31 23:56:10,436 INFO [Eureka-EvictionTimer][AbstractInstanceRegistry.java:1250] - Running the evict task with compensationTime 10ms
[wanxinp2p-discover-server][${env:SERVER_PORT}] 2023-05-31 23:56:20,443 INFO [Eureka-EvictionTimer][AbstractInstanceRegistry.java:1250] - Running the evict task with compensationTime 7ms
[wanxinp2p-discover-server][${env:SERVER_PORT}] 2023-05-31 23:56:30,446 INFO [Eureka-EvictionTimer][AbstractInstanceRegistry.java:1250] - Running the evict task with compensationTime 3ms
[wanxinp2p-discover-server][${env:SERVER_PORT}] 2023-05-31 23:56:40,451 INFO [Eureka-EvictionTimer][AbstractInstanceRegistry.java:1250] - Running the evict task with compensationTime 4ms
[wanxinp2p-discover-server][${env:SERVER_PORT}] 2023-05-31 23:56:50,456 INFO [Eureka-EvictionTimer][AbstractInstanceRegistry.java:1250] - Running the evict task with compensationTime 5ms
[wanxinp2p-discover-server][${env:SERVER_PORT}] 2023-05-31 23:57:00,459 INFO [Eureka-EvictionTimer][AbstractInstanceRegistry.java:1250] - Running the evict task with compensationTime 3ms
[wanxinp2p-discover-server][${env:SERVER_PORT}] 2023-05-31 23:57:10,473 INFO [Eureka-EvictionTimer][AbstractInstanceRegistry.java:1250] - Running the evict task with compensationTime 13ms
[wanxinp2p-discover-server][${env:SERVER_PORT}] 2023-05-31 23:57:20,474 INFO [Eureka-EvictionTimer][AbstractInstanceRegistry.java:1250] - Running the evict task with compensationTime 1ms
[wanxinp2p-discover-server][${env:SERVER_PORT}] 2023-05-31 23:57:26,188 INFO [ReplicaAwareInstanceRegistry - RenewalThresholdUpdater][PeerAwareInstanceRegistryImpl.java:539] - Current renewal threshold is : 0
[wanxinp2p-discover-server][${env:SERVER_PORT}] 2023-05-31 23:57:30,482 INFO [Eureka-EvictionTimer][AbstractInstanceRegistry.java:1250] - Running the evict task with compensationTime 8ms
[wanxinp2p-discover-server][${env:SERVER_PORT}] 2023-05-31 23:57:40,483 INFO [Eureka-EvictionTimer][AbstractInstanceRegistry.java:1250] - Running the evict task with compensationTime 0ms
[wanxinp2p-discover-server][${env:SERVER_PORT}] 2023-05-31 23:57:50,483 INFO [Eureka-EvictionTimer][AbstractInstanceRegistry.java:1250] - Running the evict task with compensationTime 0ms
[wanxinp2p-discover-server][${env:SERVER_PORT}] 2023-05-31 23:58:00,490 INFO [Eureka-EvictionTimer][AbstractInstanceRegistry.java:1250] - Running the evict task with compensationTime 7ms
[wanxinp2p-discover-server][${env:SERVER_PORT}] 2023-05-31 23:58:10,500 INFO [Eureka-EvictionTimer][AbstractInstanceRegistry.java:1250] - Running the evict task with compensationTime 9ms
[wanxinp2p-discover-server][${env:SERVER_PORT}] 2023-05-31 23:58:20,512 INFO [Eureka-EvictionTimer][AbstractInstanceRegistry.java:1250] - Running the evict task with compensationTime 11ms
[wanxinp2p-discover-server][${env:SERVER_PORT}] 2023-05-31 23:58:30,517 INFO [Eureka-EvictionTimer][AbstractInstanceRegistry.java:1250] - Running the evict task with compensationTime 5ms
[wanxinp2p-discover-server][${env:SERVER_PORT}] 2023-05-31 23:58:40,530 INFO [Eureka-EvictionTimer][AbstractInstanceRegistry.java:1250] - Running the evict task with compensationTime 13ms
[wanxinp2p-discover-server][${env:SERVER_PORT}] 2023-05-31 23:58:50,540 INFO [Eureka-EvictionTimer][AbstractInstanceRegistry.java:1250] - Running the evict task with compensationTime 10ms
[wanxinp2p-discover-server][${env:SERVER_PORT}] 2023-05-31 23:59:00,546 INFO [Eureka-EvictionTimer][AbstractInstanceRegistry.java:1250] - Running the evict task with compensationTime 5ms
[wanxinp2p-discover-server][${env:SERVER_PORT}] 2023-05-31 23:59:10,547 INFO [Eureka-EvictionTimer][AbstractInstanceRegistry.java:1250] - Running the evict task with compensationTime 1ms
[wanxinp2p-discover-server][${env:SERVER_PORT}] 2023-05-31 23:59:20,549 INFO [Eureka-EvictionTimer][AbstractInstanceRegistry.java:1250] - Running the evict task with compensationTime 1ms
[wanxinp2p-discover-server][${env:SERVER_PORT}] 2023-05-31 23:59:30,560 INFO [Eureka-EvictionTimer][AbstractInstanceRegistry.java:1250] - Running the evict task with compensationTime 11ms
[wanxinp2p-discover-server][${env:SERVER_PORT}] 2023-05-31 23:59:40,563 INFO [Eureka-EvictionTimer][AbstractInstanceRegistry.java:1250] - Running the evict task with compensationTime 2ms
[wanxinp2p-discover-server][${env:SERVER_PORT}] 2023-05-31 23:59:50,569 INFO [Eureka-EvictionTimer][AbstractInstanceRegistry.java:1250] - Running the evict task with compensationTime 5ms
