[wanxinp2p-consumer-service][${env:SERVER_PORT}] 2023-06-01 18:00:14,486 INFO [NettyClientSelector_1][Slf4jLoggerFactory.java:95] - closeChannel: close the connection to remote address[] result: true
[wanxinp2p-consumer-service][${env:SERVER_PORT}] 2023-06-01 18:00:44,477 INFO [NettyClientSelector_1][Slf4jLoggerFactory.java:95] - closeChannel: close the connection to remote address[] result: true
[wanxinp2p-consumer-service][${env:SERVER_PORT}] 2023-06-01 18:01:14,468 INFO [NettyClientSelector_1][Slf4jLoggerFactory.java:95] - closeChannel: close the connection to remote address[] result: true
[wanxinp2p-consumer-service][${env:SERVER_PORT}] 2023-06-01 18:01:44,477 INFO [NettyClientSelector_1][Slf4jLoggerFactory.java:95] - closeChannel: close the connection to remote address[] result: true
[wanxinp2p-consumer-service][${env:SERVER_PORT}] 2023-06-01 18:02:14,486 INFO [NettyClientSelector_1][Slf4jLoggerFactory.java:95] - closeChannel: close the connection to remote address[] result: true
[wanxinp2p-consumer-service][${env:SERVER_PORT}] 2023-06-01 18:02:44,460 INFO [NettyClientSelector_1][Slf4jLoggerFactory.java:95] - closeChannel: close the connection to remote address[] result: true
[wanxinp2p-consumer-service][${env:SERVER_PORT}] 2023-06-01 18:03:14,481 INFO [NettyClientSelector_1][Slf4jLoggerFactory.java:95] - closeChannel: close the connection to remote address[] result: true
[wanxinp2p-consumer-service][${env:SERVER_PORT}] 2023-06-01 18:03:44,472 INFO [NettyClientSelector_1][Slf4jLoggerFactory.java:95] - closeChannel: close the connection to remote address[] result: true
[wanxinp2p-consumer-service][${env:SERVER_PORT}] 2023-06-01 18:04:14,500 INFO [NettyClientSelector_1][Slf4jLoggerFactory.java:95] - closeChannel: close the connection to remote address[] result: true
[wanxinp2p-consumer-service][${env:SERVER_PORT}] 2023-06-01 18:04:24,683 INFO [AsyncResolver-bootstrap-executor-0][ConfigClusterResolver.java:43] - Resolving eureka endpoints via configuration
[wanxinp2p-consumer-service][${env:SERVER_PORT}] 2023-06-01 18:04:44,485 INFO [NettyClientSelector_1][Slf4jLoggerFactory.java:95] - closeChannel: close the connection to remote address[] result: true
[wanxinp2p-consumer-service][${env:SERVER_PORT}] 2023-06-01 18:05:14,474 INFO [NettyClientSelector_1][Slf4jLoggerFactory.java:95] - closeChannel: close the connection to remote address[] result: true
[wanxinp2p-consumer-service][${env:SERVER_PORT}] 2023-06-01 18:05:44,472 INFO [NettyClientSelector_1][Slf4jLoggerFactory.java:95] - closeChannel: close the connection to remote address[] result: true
[wanxinp2p-consumer-service][${env:SERVER_PORT}] 2023-06-01 18:06:14,471 INFO [NettyClientSelector_1][Slf4jLoggerFactory.java:95] - closeChannel: close the connection to remote address[] result: true
[wanxinp2p-consumer-service][${env:SERVER_PORT}] 2023-06-01 18:06:44,465 INFO [NettyClientSelector_1][Slf4jLoggerFactory.java:95] - closeChannel: close the connection to remote address[] result: true
[wanxinp2p-consumer-service][${env:SERVER_PORT}] 2023-06-01 18:07:14,485 INFO [NettyClientSelector_1][Slf4jLoggerFactory.java:95] - closeChannel: close the connection to remote address[] result: true
[wanxinp2p-consumer-service][${env:SERVER_PORT}] 2023-06-01 18:07:44,463 INFO [NettyClientSelector_1][Slf4jLoggerFactory.java:95] - closeChannel: close the connection to remote address[] result: true
[wanxinp2p-consumer-service][${env:SERVER_PORT}] 2023-06-01 18:08:14,473 INFO [NettyClientSelector_1][Slf4jLoggerFactory.java:95] - closeChannel: close the connection to remote address[] result: true
[wanxinp2p-consumer-service][${env:SERVER_PORT}] 2023-06-01 18:08:44,504 INFO [NettyClientSelector_1][Slf4jLoggerFactory.java:95] - closeChannel: close the connection to remote address[] result: true
[wanxinp2p-consumer-service][${env:SERVER_PORT}] 2023-06-01 18:09:14,482 INFO [NettyClientSelector_1][Slf4jLoggerFactory.java:95] - closeChannel: close the connection to remote address[] result: true
[wanxinp2p-consumer-service][${env:SERVER_PORT}] 2023-06-01 18:09:24,686 INFO [AsyncResolver-bootstrap-executor-0][ConfigClusterResolver.java:43] - Resolving eureka endpoints via configuration
[wanxinp2p-consumer-service][${env:SERVER_PORT}] 2023-06-01 18:09:44,493 INFO [NettyClientSelector_1][Slf4jLoggerFactory.java:95] - closeChannel: close the connection to remote address[] result: true
[wanxinp2p-consumer-service][${env:SERVER_PORT}] 2023-06-01 18:10:14,458 INFO [NettyClientSelector_1][Slf4jLoggerFactory.java:95] - closeChannel: close the connection to remote address[] result: true
[wanxinp2p-consumer-service][${env:SERVER_PORT}] 2023-06-01 18:10:44,510 INFO [NettyClientSelector_1][Slf4jLoggerFactory.java:95] - closeChannel: close the connection to remote address[] result: true
[wanxinp2p-consumer-service][${env:SERVER_PORT}] 2023-06-01 18:11:14,482 INFO [NettyClientSelector_1][Slf4jLoggerFactory.java:95] - closeChannel: close the connection to remote address[] result: true
[wanxinp2p-consumer-service][${env:SERVER_PORT}] 2023-06-01 18:11:44,513 INFO [NettyClientSelector_1][Slf4jLoggerFactory.java:95] - closeChannel: close the connection to remote address[] result: true
[wanxinp2p-consumer-service][${env:SERVER_PORT}] 2023-06-01 18:12:14,482 INFO [NettyClientSelector_1][Slf4jLoggerFactory.java:95] - closeChannel: close the connection to remote address[] result: true
[wanxinp2p-consumer-service][${env:SERVER_PORT}] 2023-06-01 18:12:44,503 INFO [NettyClientSelector_1][Slf4jLoggerFactory.java:95] - closeChannel: close the connection to remote address[] result: true
[wanxinp2p-consumer-service][${env:SERVER_PORT}] 2023-06-01 18:13:14,461 INFO [NettyClientSelector_1][Slf4jLoggerFactory.java:95] - closeChannel: close the connection to remote address[] result: true
[wanxinp2p-consumer-service][${env:SERVER_PORT}] 2023-06-01 18:13:44,466 INFO [NettyClientSelector_1][Slf4jLoggerFactory.java:95] - closeChannel: close the connection to remote address[] result: true
[wanxinp2p-consumer-service][${env:SERVER_PORT}] 2023-06-01 18:14:14,507 INFO [NettyClientSelector_1][Slf4jLoggerFactory.java:95] - closeChannel: close the connection to remote address[] result: true
[wanxinp2p-consumer-service][${env:SERVER_PORT}] 2023-06-01 18:14:24,700 INFO [AsyncResolver-bootstrap-executor-0][ConfigClusterResolver.java:43] - Resolving eureka endpoints via configuration
[wanxinp2p-consumer-service][${env:SERVER_PORT}] 2023-06-01 18:14:44,480 INFO [NettyClientSelector_1][Slf4jLoggerFactory.java:95] - closeChannel: close the connection to remote address[] result: true
[wanxinp2p-consumer-service][${env:SERVER_PORT}] 2023-06-01 18:15:14,497 INFO [NettyClientSelector_1][Slf4jLoggerFactory.java:95] - closeChannel: close the connection to remote address[] result: true
[wanxinp2p-consumer-service][${env:SERVER_PORT}] 2023-06-01 18:15:44,479 INFO [NettyClientSelector_1][Slf4jLoggerFactory.java:95] - closeChannel: close the connection to remote address[] result: true
[wanxinp2p-consumer-service][${env:SERVER_PORT}] 2023-06-01 18:16:14,480 INFO [NettyClientSelector_1][Slf4jLoggerFactory.java:95] - closeChannel: close the connection to remote address[] result: true
[wanxinp2p-consumer-service][${env:SERVER_PORT}] 2023-06-01 18:16:44,484 INFO [NettyClientSelector_1][Slf4jLoggerFactory.java:95] - closeChannel: close the connection to remote address[] result: true
[wanxinp2p-consumer-service][${env:SERVER_PORT}] 2023-06-01 18:17:14,509 INFO [NettyClientSelector_1][Slf4jLoggerFactory.java:95] - closeChannel: close the connection to remote address[] result: true
[wanxinp2p-consumer-service][${env:SERVER_PORT}] 2023-06-01 18:17:44,498 INFO [NettyClientSelector_1][Slf4jLoggerFactory.java:95] - closeChannel: close the connection to remote address[] result: true
[wanxinp2p-consumer-service][${env:SERVER_PORT}] 2023-06-01 18:18:14,499 INFO [NettyClientSelector_1][Slf4jLoggerFactory.java:95] - closeChannel: close the connection to remote address[] result: true
[wanxinp2p-consumer-service][${env:SERVER_PORT}] 2023-06-01 18:18:44,507 INFO [NettyClientSelector_1][Slf4jLoggerFactory.java:95] - closeChannel: close the connection to remote address[] result: true
[wanxinp2p-consumer-service][${env:SERVER_PORT}] 2023-06-01 18:19:14,511 INFO [NettyClientSelector_1][Slf4jLoggerFactory.java:95] - closeChannel: close the connection to remote address[] result: true
[wanxinp2p-consumer-service][${env:SERVER_PORT}] 2023-06-01 18:19:24,712 INFO [AsyncResolver-bootstrap-executor-0][ConfigClusterResolver.java:43] - Resolving eureka endpoints via configuration
[wanxinp2p-consumer-service][${env:SERVER_PORT}] 2023-06-01 18:19:44,496 INFO [NettyClientSelector_1][Slf4jLoggerFactory.java:95] - closeChannel: close the connection to remote address[] result: true
[wanxinp2p-consumer-service][${env:SERVER_PORT}] 2023-06-01 18:20:14,509 INFO [NettyClientSelector_1][Slf4jLoggerFactory.java:95] - closeChannel: close the connection to remote address[] result: true
[wanxinp2p-consumer-service][${env:SERVER_PORT}] 2023-06-01 18:20:44,484 INFO [NettyClientSelector_1][Slf4jLoggerFactory.java:95] - closeChannel: close the connection to remote address[] result: true
[wanxinp2p-consumer-service][${env:SERVER_PORT}] 2023-06-01 18:21:14,485 INFO [NettyClientSelector_1][Slf4jLoggerFactory.java:95] - closeChannel: close the connection to remote address[] result: true
[wanxinp2p-consumer-service][${env:SERVER_PORT}] 2023-06-01 18:21:44,470 INFO [NettyClientSelector_1][Slf4jLoggerFactory.java:95] - closeChannel: close the connection to remote address[] result: true
[wanxinp2p-consumer-service][${env:SERVER_PORT}] 2023-06-01 18:22:14,632 INFO [NettyClientSelector_1][Slf4jLoggerFactory.java:95] - closeChannel: close the connection to remote address[] result: true
[wanxinp2p-consumer-service][${env:SERVER_PORT}] 2023-06-01 18:22:44,550 INFO [NettyClientSelector_1][Slf4jLoggerFactory.java:95] - closeChannel: close the connection to remote address[] result: true
[wanxinp2p-consumer-service][${env:SERVER_PORT}] 2023-06-01 18:23:14,496 INFO [NettyClientSelector_1][Slf4jLoggerFactory.java:95] - closeChannel: close the connection to remote address[] result: true
[wanxinp2p-consumer-service][${env:SERVER_PORT}] 2023-06-01 18:23:44,482 INFO [NettyClientSelector_1][Slf4jLoggerFactory.java:95] - closeChannel: close the connection to remote address[] result: true
[wanxinp2p-consumer-service][${env:SERVER_PORT}] 2023-06-01 18:24:14,488 INFO [NettyClientSelector_1][Slf4jLoggerFactory.java:95] - closeChannel: close the connection to remote address[] result: true
[wanxinp2p-consumer-service][${env:SERVER_PORT}] 2023-06-01 18:24:24,717 INFO [AsyncResolver-bootstrap-executor-0][ConfigClusterResolver.java:43] - Resolving eureka endpoints via configuration
[wanxinp2p-consumer-service][${env:SERVER_PORT}] 2023-06-01 18:24:44,490 INFO [NettyClientSelector_1][Slf4jLoggerFactory.java:95] - closeChannel: close the connection to remote address[] result: true
[wanxinp2p-consumer-service][${env:SERVER_PORT}] 2023-06-01 18:25:14,510 INFO [NettyClientSelector_1][Slf4jLoggerFactory.java:95] - closeChannel: close the connection to remote address[] result: true
[wanxinp2p-consumer-service][${env:SERVER_PORT}] 2023-06-01 18:25:44,459 INFO [NettyClientSelector_1][Slf4jLoggerFactory.java:95] - closeChannel: close the connection to remote address[] result: true
[wanxinp2p-consumer-service][${env:SERVER_PORT}] 2023-06-01 18:26:14,509 INFO [NettyClientSelector_1][Slf4jLoggerFactory.java:95] - closeChannel: close the connection to remote address[] result: true
[wanxinp2p-consumer-service][${env:SERVER_PORT}] 2023-06-01 18:26:44,477 INFO [NettyClientSelector_1][Slf4jLoggerFactory.java:95] - closeChannel: close the connection to remote address[] result: true
[wanxinp2p-consumer-service][${env:SERVER_PORT}] 2023-06-01 18:27:14,506 INFO [NettyClientSelector_1][Slf4jLoggerFactory.java:95] - closeChannel: close the connection to remote address[] result: true
[wanxinp2p-consumer-service][${env:SERVER_PORT}] 2023-06-01 18:27:44,482 INFO [NettyClientSelector_1][Slf4jLoggerFactory.java:95] - closeChannel: close the connection to remote address[] result: true
[wanxinp2p-consumer-service][${env:SERVER_PORT}] 2023-06-01 18:28:14,508 INFO [NettyClientSelector_1][Slf4jLoggerFactory.java:95] - closeChannel: close the connection to remote address[] result: true
[wanxinp2p-consumer-service][${env:SERVER_PORT}] 2023-06-01 18:28:44,479 INFO [NettyClientSelector_1][Slf4jLoggerFactory.java:95] - closeChannel: close the connection to remote address[] result: true
[wanxinp2p-consumer-service][${env:SERVER_PORT}] 2023-06-01 18:29:14,473 INFO [NettyClientSelector_1][Slf4jLoggerFactory.java:95] - closeChannel: close the connection to remote address[] result: true
[wanxinp2p-consumer-service][${env:SERVER_PORT}] 2023-06-01 18:29:24,726 INFO [AsyncResolver-bootstrap-executor-0][ConfigClusterResolver.java:43] - Resolving eureka endpoints via configuration
[wanxinp2p-consumer-service][${env:SERVER_PORT}] 2023-06-01 18:29:44,479 INFO [NettyClientSelector_1][Slf4jLoggerFactory.java:95] - closeChannel: close the connection to remote address[] result: true
[wanxinp2p-consumer-service][${env:SERVER_PORT}] 2023-06-01 18:30:14,483 INFO [NettyClientSelector_1][Slf4jLoggerFactory.java:95] - closeChannel: close the connection to remote address[] result: true
[wanxinp2p-consumer-service][${env:SERVER_PORT}] 2023-06-01 18:30:44,502 INFO [NettyClientSelector_1][Slf4jLoggerFactory.java:95] - closeChannel: close the connection to remote address[] result: true
[wanxinp2p-consumer-service][${env:SERVER_PORT}] 2023-06-01 18:31:14,491 INFO [NettyClientSelector_1][Slf4jLoggerFactory.java:95] - closeChannel: close the connection to remote address[] result: true
[wanxinp2p-consumer-service][${env:SERVER_PORT}] 2023-06-01 18:31:44,494 INFO [NettyClientSelector_1][Slf4jLoggerFactory.java:95] - closeChannel: close the connection to remote address[] result: true
[wanxinp2p-consumer-service][${env:SERVER_PORT}] 2023-06-01 18:32:14,533 INFO [NettyClientSelector_1][Slf4jLoggerFactory.java:95] - closeChannel: close the connection to remote address[] result: true
[wanxinp2p-consumer-service][${env:SERVER_PORT}] 2023-06-01 18:32:44,500 INFO [NettyClientSelector_1][Slf4jLoggerFactory.java:95] - closeChannel: close the connection to remote address[] result: true
[wanxinp2p-consumer-service][${env:SERVER_PORT}] 2023-06-01 18:33:14,478 INFO [NettyClientSelector_1][Slf4jLoggerFactory.java:95] - closeChannel: close the connection to remote address[] result: true
[wanxinp2p-consumer-service][${env:SERVER_PORT}] 2023-06-01 18:33:44,478 INFO [NettyClientSelector_1][Slf4jLoggerFactory.java:95] - closeChannel: close the connection to remote address[] result: true
[wanxinp2p-consumer-service][${env:SERVER_PORT}] 2023-06-01 18:34:14,491 INFO [NettyClientSelector_1][Slf4jLoggerFactory.java:95] - closeChannel: close the connection to remote address[] result: true
[wanxinp2p-consumer-service][${env:SERVER_PORT}] 2023-06-01 18:34:24,740 INFO [AsyncResolver-bootstrap-executor-0][ConfigClusterResolver.java:43] - Resolving eureka endpoints via configuration
[wanxinp2p-consumer-service][${env:SERVER_PORT}] 2023-06-01 18:34:44,510 INFO [NettyClientSelector_1][Slf4jLoggerFactory.java:95] - closeChannel: close the connection to remote address[] result: true
[wanxinp2p-consumer-service][${env:SERVER_PORT}] 2023-06-01 18:35:14,480 INFO [NettyClientSelector_1][Slf4jLoggerFactory.java:95] - closeChannel: close the connection to remote address[] result: true
[wanxinp2p-consumer-service][${env:SERVER_PORT}] 2023-06-01 18:35:44,503 INFO [NettyClientSelector_1][Slf4jLoggerFactory.java:95] - closeChannel: close the connection to remote address[] result: true
[wanxinp2p-consumer-service][${env:SERVER_PORT}] 2023-06-01 18:36:14,509 INFO [NettyClientSelector_1][Slf4jLoggerFactory.java:95] - closeChannel: close the connection to remote address[] result: true
[wanxinp2p-consumer-service][${env:SERVER_PORT}] 2023-06-01 18:36:44,480 INFO [NettyClientSelector_1][Slf4jLoggerFactory.java:95] - closeChannel: close the connection to remote address[] result: true
[wanxinp2p-consumer-service][${env:SERVER_PORT}] 2023-06-01 18:37:14,487 INFO [NettyClientSelector_1][Slf4jLoggerFactory.java:95] - closeChannel: close the connection to remote address[] result: true
[wanxinp2p-consumer-service][${env:SERVER_PORT}] 2023-06-01 18:37:44,498 INFO [NettyClientSelector_1][Slf4jLoggerFactory.java:95] - closeChannel: close the connection to remote address[] result: true
[wanxinp2p-consumer-service][${env:SERVER_PORT}] 2023-06-01 18:38:14,638 INFO [NettyClientSelector_1][Slf4jLoggerFactory.java:95] - closeChannel: close the connection to remote address[] result: true
[wanxinp2p-consumer-service][${env:SERVER_PORT}] 2023-06-01 18:38:44,480 INFO [NettyClientSelector_1][Slf4jLoggerFactory.java:95] - closeChannel: close the connection to remote address[] result: true
[wanxinp2p-consumer-service][${env:SERVER_PORT}] 2023-06-01 18:39:14,529 INFO [NettyClientSelector_1][Slf4jLoggerFactory.java:95] - closeChannel: close the connection to remote address[] result: true
[wanxinp2p-consumer-service][${env:SERVER_PORT}] 2023-06-01 18:39:24,753 INFO [AsyncResolver-bootstrap-executor-0][ConfigClusterResolver.java:43] - Resolving eureka endpoints via configuration
[wanxinp2p-consumer-service][${env:SERVER_PORT}] 2023-06-01 18:39:44,492 INFO [NettyClientSelector_1][Slf4jLoggerFactory.java:95] - closeChannel: close the connection to remote address[] result: true
[wanxinp2p-consumer-service][${env:SERVER_PORT}] 2023-06-01 18:40:14,559 INFO [NettyClientSelector_1][Slf4jLoggerFactory.java:95] - closeChannel: close the connection to remote address[] result: true
[wanxinp2p-consumer-service][${env:SERVER_PORT}] 2023-06-01 18:40:44,660 INFO [NettyClientSelector_1][Slf4jLoggerFactory.java:95] - closeChannel: close the connection to remote address[] result: true
[wanxinp2p-consumer-service][${env:SERVER_PORT}] 2023-06-01 18:41:14,502 INFO [NettyClientSelector_1][Slf4jLoggerFactory.java:95] - closeChannel: close the connection to remote address[] result: true
[wanxinp2p-consumer-service][${env:SERVER_PORT}] 2023-06-01 18:41:44,640 INFO [NettyClientSelector_1][Slf4jLoggerFactory.java:95] - closeChannel: close the connection to remote address[] result: true
[wanxinp2p-consumer-service][${env:SERVER_PORT}] 2023-06-01 18:42:14,508 INFO [NettyClientSelector_1][Slf4jLoggerFactory.java:95] - closeChannel: close the connection to remote address[] result: true
[wanxinp2p-consumer-service][${env:SERVER_PORT}] 2023-06-01 18:42:49,259 INFO [NettyClientSelector_1][Slf4jLoggerFactory.java:95] - closeChannel: close the connection to remote address[] result: true
[wanxinp2p-consumer-service][${env:SERVER_PORT}] 2023-06-01 18:43:16,104 INFO [NettyClientSelector_1][Slf4jLoggerFactory.java:95] - closeChannel: close the connection to remote address[] result: true
[wanxinp2p-consumer-service][${env:SERVER_PORT}] 2023-06-01 18:44:03,762 INFO [NettyClientSelector_1][Slf4jLoggerFactory.java:95] - closeChannel: close the connection to remote address[] result: true
[wanxinp2p-consumer-service][${env:SERVER_PORT}] 2023-06-01 18:44:25,604 INFO [NettyClientSelector_1][Slf4jLoggerFactory.java:95] - closeChannel: close the connection to remote address[] result: true
[wanxinp2p-consumer-service][${env:SERVER_PORT}] 2023-06-01 18:44:25,605 INFO [AsyncResolver-bootstrap-executor-0][ConfigClusterResolver.java:43] - Resolving eureka endpoints via configuration
[wanxinp2p-consumer-service][${env:SERVER_PORT}] 2023-06-01 18:45:14,956 INFO [NettyClientSelector_1][Slf4jLoggerFactory.java:95] - closeChannel: close the connection to remote address[] result: true
[wanxinp2p-consumer-service][${env:SERVER_PORT}] 2023-06-01 18:45:51,585 INFO [NettyClientSelector_1][Slf4jLoggerFactory.java:95] - closeChannel: close the connection to remote address[] result: true
[wanxinp2p-consumer-service][${env:SERVER_PORT}] 2023-06-01 18:45:52,974 WARN [Apollo-RemoteConfigRepository-1][AbstractConfigRepository.java:26] - Sync config failed, will retry. Repository class com.ctrip.framework.apollo.internals.RemoteConfigRepository, reason: Load Apollo Config failed - appId: consumer-service, cluster: DEFAULT, namespace: micro_service.spring-boot-druid, url: http://10.18.35.163:8080/configs/consumer-service/DEFAULT/micro_service.spring-boot-druid?ip=10.18.35.163&messages=%7B%22details%22%3A%7B%22common-template%2Bdefault%2Bmicro_service.spring-boot-druid%22%3A418%2C%22consumer-service%2Bdefault%2Bmicro_service.spring-boot-druid%22%3A444%7D%7D&releaseKey=20230502185139-540f5b3435d4626d%2B20190714192427-02cddc17e2ba5c23 [Cause: Could not complete get operation [Cause: Read timed out]]
[wanxinp2p-consumer-service][${env:SERVER_PORT}] 2023-06-01 18:45:57,617 WARN [Apollo-RemoteConfigLongPollService-1][RemoteConfigLongPollService.java:193] - Long polling failed, will retry in 1 seconds. appId: consumer-service, cluster: DEFAULT, namespaces: micro_service.spring-boot-redis+micro_service.spring-boot-http+micro_service.mybatis-plus+application+micro_service.spring-rocketmq+micro_service.spring-ribbon+micro_service.spring-boot-druid+micro_service.spring-eureka+micro_service.spring-hystrix, long polling url: http://10.18.35.163:8080/notifications/v2?cluster=DEFAULT&appId=consumer-service&ip=10.18.35.163&notifications=%5B%7B%22namespaceName%22%3A%22micro_service.mybatis-plus%22%2C%22notificationId%22%3A443%7D%2C%7B%22namespaceName%22%3A%22application%22%2C%22notificationId%22%3A433%7D%2C%7B%22namespaceName%22%3A%22micro_service.spring-rocketmq%22%2C%22notificationId%22%3A69%7D%2C%7B%22namespaceName%22%3A%22micro_service.spring-ribbon%22%2C%22notificationId%22%3A6%7D%2C%7B%22namespaceName%22%3A%22micro_service.spring-boot-druid%22%2C%22notificationId%22%3A444%7D%2C%7B%22namespaceName%22%3A%22micro_service.spring-boot-redis%22%2C%22notificationId%22%3A10%7D%2C%7B%22namespaceName%22%3A%22micro_service.spring-eureka%22%2C%22notificationId%22%3A431%7D%2C%7B%22namespaceName%22%3A%22micro_service.spring-hystrix%22%2C%22notificationId%22%3A5%7D%2C%7B%22namespaceName%22%3A%22micro_service.spring-boot-http%22%2C%22notificationId%22%3A399%7D%5D, reason: Could not complete get operation [Cause: Read timed out]
[wanxinp2p-consumer-service][${env:SERVER_PORT}] 2023-06-01 18:46:10,061 WARN [Apollo-RemoteConfigRepository-1][AbstractConfigRepository.java:26] - Sync config failed, will retry. Repository class com.ctrip.framework.apollo.internals.RemoteConfigRepository, reason: Load Apollo Config failed - appId: consumer-service, cluster: DEFAULT, namespace: micro_service.spring-boot-http, url: http://10.18.35.163:8080/configs/consumer-service/DEFAULT/micro_service.spring-boot-http?ip=10.18.35.163&messages=%7B%22details%22%3A%7B%22common-template%2Bdefault%2Bmicro_service.spring-boot-http%22%3A399%2C%22consumer-service%2Bdefault%2Bmicro_service.spring-boot-http%22%3A76%7D%7D&releaseKey=20190507091553-a493df137f2c9950%2B20190714173524-5351e374105b7a86 [Cause: Could not complete get operation [Cause: Read timed out]]
[wanxinp2p-consumer-service][${env:SERVER_PORT}] 2023-06-01 18:46:15,076 WARN [Apollo-RemoteConfigRepository-1][AbstractConfigRepository.java:26] - Sync config failed, will retry. Repository class com.ctrip.framework.apollo.internals.RemoteConfigRepository, reason: Load Apollo Config failed - appId: consumer-service, cluster: DEFAULT, namespace: micro_service.spring-eureka, url: http://10.18.35.163:8080/configs/consumer-service/DEFAULT/micro_service.spring-eureka?ip=10.18.35.163&messages=%7B%22details%22%3A%7B%22common-template%2Bdefault%2Bmicro_service.spring-eureka%22%3A431%7D%7D&releaseKey=20190715120722-61dfdc17e28c579b [Cause: Could not complete get operation [Cause: Read timed out]]
[wanxinp2p-consumer-service][${env:SERVER_PORT}] 2023-06-01 18:46:15,107 INFO [NettyClientSelector_1][Slf4jLoggerFactory.java:95] - closeChannel: close the connection to remote address[] result: true
[wanxinp2p-consumer-service][${env:SERVER_PORT}] 2023-06-01 18:46:20,090 WARN [Apollo-RemoteConfigRepository-1][AbstractConfigRepository.java:26] - Sync config failed, will retry. Repository class com.ctrip.framework.apollo.internals.RemoteConfigRepository, reason: Load Apollo Config failed - appId: consumer-service, cluster: DEFAULT, namespace: micro_service.spring-hystrix, url: http://10.18.35.163:8080/configs/consumer-service/DEFAULT/micro_service.spring-hystrix?ip=10.18.35.163&messages=%7B%22details%22%3A%7B%22common-template%2Bdefault%2Bmicro_service.spring-hystrix%22%3A5%7D%7D&releaseKey=20190505105232-227d48b816809daf [Cause: Could not complete get operation [Cause: Read timed out]]
[wanxinp2p-consumer-service][${env:SERVER_PORT}] 2023-06-01 18:46:45,907 INFO [NettyClientSelector_1][Slf4jLoggerFactory.java:95] - closeChannel: close the connection to remote address[] result: true
[wanxinp2p-consumer-service][${env:SERVER_PORT}] 2023-06-01 18:47:14,760 INFO [NettyClientSelector_1][Slf4jLoggerFactory.java:95] - closeChannel: close the connection to remote address[] result: true
[wanxinp2p-consumer-service][${env:SERVER_PORT}] 2023-06-01 18:47:45,736 INFO [NettyClientSelector_1][Slf4jLoggerFactory.java:95] - closeChannel: close the connection to remote address[] result: true
[wanxinp2p-consumer-service][${env:SERVER_PORT}] 2023-06-01 18:48:14,840 INFO [NettyClientSelector_1][Slf4jLoggerFactory.java:95] - closeChannel: close the connection to remote address[] result: true
[wanxinp2p-consumer-service][${env:SERVER_PORT}] 2023-06-01 18:48:46,272 INFO [NettyClientSelector_1][Slf4jLoggerFactory.java:95] - closeChannel: close the connection to remote address[] result: true
[wanxinp2p-consumer-service][${env:SERVER_PORT}] 2023-06-01 18:49:17,375 INFO [NettyClientSelector_1][Slf4jLoggerFactory.java:95] - closeChannel: close the connection to remote address[] result: true
[wanxinp2p-consumer-service][${env:SERVER_PORT}] 2023-06-01 18:49:25,980 INFO [AsyncResolver-bootstrap-executor-0][ConfigClusterResolver.java:43] - Resolving eureka endpoints via configuration
[wanxinp2p-consumer-service][${env:SERVER_PORT}] 2023-06-01 18:49:44,904 INFO [NettyClientSelector_1][Slf4jLoggerFactory.java:95] - closeChannel: close the connection to remote address[] result: true
[wanxinp2p-consumer-service][${env:SERVER_PORT}] 2023-06-01 18:50:15,224 INFO [NettyClientSelector_1][Slf4jLoggerFactory.java:95] - closeChannel: close the connection to remote address[] result: true
[wanxinp2p-consumer-service][${env:SERVER_PORT}] 2023-06-01 18:50:44,712 INFO [NettyClientSelector_1][Slf4jLoggerFactory.java:95] - closeChannel: close the connection to remote address[] result: true
[wanxinp2p-consumer-service][${env:SERVER_PORT}] 2023-06-01 18:51:14,531 INFO [NettyClientSelector_1][Slf4jLoggerFactory.java:95] - closeChannel: close the connection to remote address[] result: true
[wanxinp2p-consumer-service][${env:SERVER_PORT}] 2023-06-01 18:51:47,265 INFO [NettyClientSelector_1][Slf4jLoggerFactory.java:95] - closeChannel: close the connection to remote address[] result: true
[wanxinp2p-consumer-service][${env:SERVER_PORT}] 2023-06-01 18:52:14,608 INFO [NettyClientSelector_1][Slf4jLoggerFactory.java:95] - closeChannel: close the connection to remote address[] result: true
[wanxinp2p-consumer-service][${env:SERVER_PORT}] 2023-06-01 18:52:45,299 INFO [NettyClientSelector_1][Slf4jLoggerFactory.java:95] - closeChannel: close the connection to remote address[] result: true
[wanxinp2p-consumer-service][${env:SERVER_PORT}] 2023-06-01 18:53:28,739 INFO [NettyClientSelector_1][Slf4jLoggerFactory.java:95] - closeChannel: close the connection to remote address[] result: true
[wanxinp2p-consumer-service][${env:SERVER_PORT}] 2023-06-01 18:53:44,483 INFO [NettyClientSelector_1][Slf4jLoggerFactory.java:95] - closeChannel: close the connection to remote address[] result: true
[wanxinp2p-consumer-service][${env:SERVER_PORT}] 2023-06-01 18:54:14,678 INFO [NettyClientSelector_1][Slf4jLoggerFactory.java:95] - closeChannel: close the connection to remote address[] result: true
[wanxinp2p-consumer-service][${env:SERVER_PORT}] 2023-06-01 18:54:26,704 INFO [AsyncResolver-bootstrap-executor-0][ConfigClusterResolver.java:43] - Resolving eureka endpoints via configuration
[wanxinp2p-consumer-service][${env:SERVER_PORT}] 2023-06-01 18:54:44,610 INFO [NettyClientSelector_1][Slf4jLoggerFactory.java:95] - closeChannel: close the connection to remote address[] result: true
[wanxinp2p-consumer-service][${env:SERVER_PORT}] 2023-06-01 18:55:14,725 INFO [NettyClientSelector_1][Slf4jLoggerFactory.java:95] - closeChannel: close the connection to remote address[] result: true
[wanxinp2p-consumer-service][${env:SERVER_PORT}] 2023-06-01 18:55:44,490 INFO [NettyClientSelector_1][Slf4jLoggerFactory.java:95] - closeChannel: close the connection to remote address[] result: true
[wanxinp2p-consumer-service][${env:SERVER_PORT}] 2023-06-01 18:56:14,494 INFO [NettyClientSelector_1][Slf4jLoggerFactory.java:95] - closeChannel: close the connection to remote address[] result: true
[wanxinp2p-consumer-service][${env:SERVER_PORT}] 2023-06-01 18:56:44,881 INFO [NettyClientSelector_1][Slf4jLoggerFactory.java:95] - closeChannel: close the connection to remote address[] result: true
[wanxinp2p-consumer-service][${env:SERVER_PORT}] 2023-06-01 18:57:14,476 INFO [NettyClientSelector_1][Slf4jLoggerFactory.java:95] - closeChannel: close the connection to remote address[] result: true
[wanxinp2p-consumer-service][${env:SERVER_PORT}] 2023-06-01 18:57:44,490 INFO [NettyClientSelector_1][Slf4jLoggerFactory.java:95] - closeChannel: close the connection to remote address[] result: true
[wanxinp2p-consumer-service][${env:SERVER_PORT}] 2023-06-01 18:58:14,501 INFO [NettyClientSelector_1][Slf4jLoggerFactory.java:95] - closeChannel: close the connection to remote address[] result: true
[wanxinp2p-consumer-service][${env:SERVER_PORT}] 2023-06-01 18:58:44,575 INFO [NettyClientSelector_1][Slf4jLoggerFactory.java:95] - closeChannel: close the connection to remote address[] result: true
[wanxinp2p-consumer-service][${env:SERVER_PORT}] 2023-06-01 18:59:14,487 INFO [NettyClientSelector_1][Slf4jLoggerFactory.java:95] - closeChannel: close the connection to remote address[] result: true
[wanxinp2p-consumer-service][${env:SERVER_PORT}] 2023-06-01 18:59:26,705 INFO [AsyncResolver-bootstrap-executor-0][ConfigClusterResolver.java:43] - Resolving eureka endpoints via configuration
[wanxinp2p-consumer-service][${env:SERVER_PORT}] 2023-06-01 18:59:44,512 INFO [NettyClientSelector_1][Slf4jLoggerFactory.java:95] - closeChannel: close the connection to remote address[] result: true
