[${project.name}][${env:SERVER_PORT}] 2023-05-16 10:00:01,091 INFO [NettyClientSelector_1][Slf4jLoggerFactory.java:95] - closeChannel: close the connection to remote address[] result: true
[${project.name}][${env:SERVER_PORT}] 2023-05-16 10:00:01,313 INFO [NettyClientSelector_1][Slf4jLoggerFactory.java:95] - closeChannel: close the connection to remote address[] result: true
[${project.name}][${env:SERVER_PORT}] 2023-05-16 10:00:02,466 INFO [NettyClientSelector_1][Slf4jLoggerFactory.java:95] - closeChannel: close the connection to remote address[] result: true
[${project.name}][${env:SERVER_PORT}] 2023-05-16 10:00:03,118 INFO [NettyClientSelector_1][Slf4jLoggerFactory.java:95] - closeChannel: close the connection to remote address[] result: true
[${project.name}][${env:SERVER_PORT}] 2023-05-16 10:00:03,353 INFO [NettyClientSelector_1][Slf4jLoggerFactory.java:95] - closeChannel: close the connection to remote address[] result: true
[${project.name}][${env:SERVER_PORT}] 2023-05-16 10:00:04,488 INFO [NettyClientSelector_1][Slf4jLoggerFactory.java:95] - closeChannel: close the connection to remote address[] result: true
[${project.name}][${env:SERVER_PORT}] 2023-05-16 10:00:05,139 INFO [NettyClientSelector_1][Slf4jLoggerFactory.java:95] - closeChannel: close the connection to remote address[] result: true
[${project.name}][${env:SERVER_PORT}] 2023-05-16 10:00:05,375 INFO [NettyClientSelector_1][Slf4jLoggerFactory.java:95] - closeChannel: close the connection to remote address[] result: true
[${project.name}][${env:SERVER_PORT}] 2023-05-16 10:00:06,516 INFO [NettyClientSelector_1][Slf4jLoggerFactory.java:95] - closeChannel: close the connection to remote address[] result: true
[${project.name}][${env:SERVER_PORT}] 2023-05-16 10:00:07,195 INFO [NettyClientSelector_1][Slf4jLoggerFactory.java:95] - closeChannel: close the connection to remote address[] result: true
[${project.name}][${env:SERVER_PORT}] 2023-05-16 10:00:07,402 INFO [NettyClientSelector_1][Slf4jLoggerFactory.java:95] - closeChannel: close the connection to remote address[] result: true
[${project.name}][${env:SERVER_PORT}] 2023-05-16 10:00:08,574 INFO [NettyClientSelector_1][Slf4jLoggerFactory.java:95] - closeChannel: close the connection to remote address[] result: true
[${project.name}][${env:SERVER_PORT}] 2023-05-16 10:00:09,238 INFO [NettyClientSelector_1][Slf4jLoggerFactory.java:95] - closeChannel: close the connection to remote address[] result: true
[${project.name}][${env:SERVER_PORT}] 2023-05-16 10:00:09,426 INFO [NettyClientSelector_1][Slf4jLoggerFactory.java:95] - closeChannel: close the connection to remote address[] result: true
[${project.name}][${env:SERVER_PORT}] 2023-05-16 10:00:10,596 INFO [NettyClientSelector_1][Slf4jLoggerFactory.java:95] - closeChannel: close the connection to remote address[] result: true
[${project.name}][${env:SERVER_PORT}] 2023-05-16 10:00:11,005 INFO [Eureka-EvictionTimer][AbstractInstanceRegistry.java:1250] - Running the evict task with compensationTime 8ms
[${project.name}][${env:SERVER_PORT}] 2023-05-16 10:00:11,257 INFO [NettyClientSelector_1][Slf4jLoggerFactory.java:95] - closeChannel: close the connection to remote address[] result: true
[${project.name}][${env:SERVER_PORT}] 2023-05-16 10:00:11,445 INFO [NettyClientSelector_1][Slf4jLoggerFactory.java:95] - closeChannel: close the connection to remote address[] result: true
[${project.name}][${env:SERVER_PORT}] 2023-05-16 10:00:12,617 INFO [NettyClientSelector_1][Slf4jLoggerFactory.java:95] - closeChannel: close the connection to remote address[] result: true
[${project.name}][${env:SERVER_PORT}] 2023-05-16 10:00:13,280 INFO [NettyClientSelector_1][Slf4jLoggerFactory.java:95] - closeChannel: close the connection to remote address[] result: true
[${project.name}][${env:SERVER_PORT}] 2023-05-16 10:00:13,487 INFO [NettyClientSelector_1][Slf4jLoggerFactory.java:95] - closeChannel: close the connection to remote address[] result: true
[${project.name}][${env:SERVER_PORT}] 2023-05-16 10:00:14,639 INFO [NettyClientSelector_1][Slf4jLoggerFactory.java:95] - closeChannel: close the connection to remote address[] result: true
[${project.name}][${env:SERVER_PORT}] 2023-05-16 10:00:15,310 INFO [NettyClientSelector_1][Slf4jLoggerFactory.java:95] - closeChannel: close the connection to remote address[] result: true
[${project.name}][${env:SERVER_PORT}] 2023-05-16 10:00:15,514 INFO [NettyClientSelector_1][Slf4jLoggerFactory.java:95] - closeChannel: close the connection to remote address[] result: true
[${project.name}][${env:SERVER_PORT}] 2023-05-16 10:00:16,668 INFO [NettyClientSelector_1][Slf4jLoggerFactory.java:95] - closeChannel: close the connection to remote address[] result: true
[${project.name}][${env:SERVER_PORT}] 2023-05-16 10:00:17,326 INFO [NettyClientSelector_1][Slf4jLoggerFactory.java:95] - closeChannel: close the connection to remote address[] result: true
[${project.name}][${env:SERVER_PORT}] 2023-05-16 10:00:17,531 INFO [NettyClientSelector_1][Slf4jLoggerFactory.java:95] - closeChannel: close the connection to remote address[] result: true
[${project.name}][${env:SERVER_PORT}] 2023-05-16 10:00:18,305 WARN [Apollo-RemoteConfigLongPollService-1][RemoteConfigLongPollService.java:193] - Long polling failed, will retry in 120 seconds. appId: consumer-service, cluster: DEFAULT, namespaces: micro_service.spring-boot-redis+micro_service.spring-boot-http+micro_service.mybatis-plus+application+micro_service.spring-rocketmq+micro_service.spring-ribbon+micro_service.spring-boot-druid+micro_service.spring-eureka+micro_service.spring-hystrix, long polling url: http://192.168.10.27:8080/notifications/v2?cluster=DEFAULT&appId=consumer-service&ip=192.168.101.1&notifications=%5B%7B%22namespaceName%22%3A%22micro_service.mybatis-plus%22%2C%22notificationId%22%3A443%7D%2C%7B%22namespaceName%22%3A%22application%22%2C%22notificationId%22%3A433%7D%2C%7B%22namespaceName%22%3A%22micro_service.spring-rocketmq%22%2C%22notificationId%22%3A69%7D%2C%7B%22namespaceName%22%3A%22micro_service.spring-ribbon%22%2C%22notificationId%22%3A6%7D%2C%7B%22namespaceName%22%3A%22micro_service.spring-boot-druid%22%2C%22notificationId%22%3A444%7D%2C%7B%22namespaceName%22%3A%22micro_service.spring-boot-redis%22%2C%22notificationId%22%3A10%7D%2C%7B%22namespaceName%22%3A%22micro_service.spring-eureka%22%2C%22notificationId%22%3A431%7D%2C%7B%22namespaceName%22%3A%22micro_service.spring-hystrix%22%2C%22notificationId%22%3A5%7D%2C%7B%22namespaceName%22%3A%22micro_service.spring-boot-http%22%2C%22notificationId%22%3A399%7D%5D, reason: Could not complete get operation [Cause: connect timed out]
[${project.name}][${env:SERVER_PORT}] 2023-05-16 10:00:18,700 INFO [NettyClientSelector_1][Slf4jLoggerFactory.java:95] - closeChannel: close the connection to remote address[] result: true
[${project.name}][${env:SERVER_PORT}] 2023-05-16 10:00:19,345 INFO [NettyClientSelector_1][Slf4jLoggerFactory.java:95] - closeChannel: close the connection to remote address[] result: true
[${project.name}][${env:SERVER_PORT}] 2023-05-16 10:00:19,550 INFO [NettyClientSelector_1][Slf4jLoggerFactory.java:95] - closeChannel: close the connection to remote address[] result: true
[${project.name}][${env:SERVER_PORT}] 2023-05-16 10:00:20,724 INFO [NettyClientSelector_1][Slf4jLoggerFactory.java:95] - closeChannel: close the connection to remote address[] result: true
[${project.name}][${env:SERVER_PORT}] 2023-05-16 10:00:21,011 INFO [Eureka-EvictionTimer][AbstractInstanceRegistry.java:1250] - Running the evict task with compensationTime 5ms
[${project.name}][${env:SERVER_PORT}] 2023-05-16 10:00:21,375 INFO [NettyClientSelector_1][Slf4jLoggerFactory.java:95] - closeChannel: close the connection to remote address[] result: true
[${project.name}][${env:SERVER_PORT}] 2023-05-16 10:00:21,594 INFO [NettyClientSelector_1][Slf4jLoggerFactory.java:95] - closeChannel: close the connection to remote address[] result: true
[${project.name}][${env:SERVER_PORT}] 2023-05-16 10:00:22,768 INFO [NettyClientSelector_1][Slf4jLoggerFactory.java:95] - closeChannel: close the connection to remote address[] result: true
[${project.name}][${env:SERVER_PORT}] 2023-05-16 10:00:23,396 INFO [NettyClientSelector_1][Slf4jLoggerFactory.java:95] - closeChannel: close the connection to remote address[] result: true
[${project.name}][${env:SERVER_PORT}] 2023-05-16 10:00:23,616 INFO [NettyClientSelector_1][Slf4jLoggerFactory.java:95] - closeChannel: close the connection to remote address[] result: true
[${project.name}][${env:SERVER_PORT}] 2023-05-16 10:00:24,788 INFO [NettyClientSelector_1][Slf4jLoggerFactory.java:95] - closeChannel: close the connection to remote address[] result: true
[${project.name}][${env:SERVER_PORT}] 2023-05-16 10:00:25,454 INFO [NettyClientSelector_1][Slf4jLoggerFactory.java:95] - closeChannel: close the connection to remote address[] result: true
[${project.name}][${env:SERVER_PORT}] 2023-05-16 10:00:25,645 INFO [NettyClientSelector_1][Slf4jLoggerFactory.java:95] - closeChannel: close the connection to remote address[] result: true
[${project.name}][${env:SERVER_PORT}] 2023-05-16 10:00:26,816 INFO [NettyClientSelector_1][Slf4jLoggerFactory.java:95] - closeChannel: close the connection to remote address[] result: true
[${project.name}][${env:SERVER_PORT}] 2023-05-16 10:00:27,495 INFO [NettyClientSelector_1][Slf4jLoggerFactory.java:95] - closeChannel: close the connection to remote address[] result: true
[${project.name}][${env:SERVER_PORT}] 2023-05-16 10:00:27,670 INFO [NettyClientSelector_1][Slf4jLoggerFactory.java:95] - closeChannel: close the connection to remote address[] result: true
[${project.name}][${env:SERVER_PORT}] 2023-05-16 10:00:28,844 INFO [NettyClientSelector_1][Slf4jLoggerFactory.java:95] - closeChannel: close the connection to remote address[] result: true
[${project.name}][${env:SERVER_PORT}] 2023-05-16 10:00:29,526 INFO [NettyClientSelector_1][Slf4jLoggerFactory.java:95] - closeChannel: close the connection to remote address[] result: true
[${project.name}][${env:SERVER_PORT}] 2023-05-16 10:00:29,700 INFO [NettyClientSelector_1][Slf4jLoggerFactory.java:95] - closeChannel: close the connection to remote address[] result: true
[${project.name}][${env:SERVER_PORT}] 2023-05-16 10:00:30,870 INFO [NettyClientSelector_1][Slf4jLoggerFactory.java:95] - closeChannel: close the connection to remote address[] result: true
[${project.name}][${env:SERVER_PORT}] 2023-05-16 10:00:31,014 INFO [Eureka-EvictionTimer][AbstractInstanceRegistry.java:1250] - Running the evict task with compensationTime 2ms
[${project.name}][${env:SERVER_PORT}] 2023-05-16 10:00:31,549 INFO [NettyClientSelector_1][Slf4jLoggerFactory.java:95] - closeChannel: close the connection to remote address[] result: true
[${project.name}][${env:SERVER_PORT}] 2023-05-16 10:00:31,722 INFO [NettyClientSelector_1][Slf4jLoggerFactory.java:95] - closeChannel: close the connection to remote address[] result: true
[${project.name}][${env:SERVER_PORT}] 2023-05-16 10:00:32,889 INFO [NettyClientSelector_1][Slf4jLoggerFactory.java:95] - closeChannel: close the connection to remote address[] result: true
[${project.name}][${env:SERVER_PORT}] 2023-05-16 10:00:33,567 INFO [NettyClientSelector_1][Slf4jLoggerFactory.java:95] - closeChannel: close the connection to remote address[] result: true
[${project.name}][${env:SERVER_PORT}] 2023-05-16 10:00:33,759 INFO [NettyClientSelector_1][Slf4jLoggerFactory.java:95] - closeChannel: close the connection to remote address[] result: true
[${project.name}][${env:SERVER_PORT}] 2023-05-16 10:00:34,940 INFO [NettyClientSelector_1][Slf4jLoggerFactory.java:95] - closeChannel: close the connection to remote address[] result: true
[${project.name}][${env:SERVER_PORT}] 2023-05-16 10:00:35,586 INFO [NettyClientSelector_1][Slf4jLoggerFactory.java:95] - closeChannel: close the connection to remote address[] result: true
[${project.name}][${env:SERVER_PORT}] 2023-05-16 10:00:35,774 INFO [NettyClientSelector_1][Slf4jLoggerFactory.java:95] - closeChannel: close the connection to remote address[] result: true
[${project.name}][${env:SERVER_PORT}] 2023-05-16 10:00:35,790 WARN [Apollo-RemoteConfigLongPollService-1][RemoteConfigLongPollService.java:193] - Long polling failed, will retry in 120 seconds. appId: account-service, cluster: DEFAULT, namespaces: micro_service.spring-boot-redis+micro_service.spring-boot-http+micro_service.mybatis-plus+application+micro_service.spring-rocketmq+micro_service.spring-ribbon+micro_service.spring-boot-druid+micro_service.spring-eureka+micro_service.spring-hystrix, long polling url: http://192.168.10.27:8080/notifications/v2?cluster=DEFAULT&appId=account-service&ip=192.168.101.1&notifications=%5B%7B%22namespaceName%22%3A%22micro_service.mybatis-plus%22%2C%22notificationId%22%3A440%7D%2C%7B%22namespaceName%22%3A%22application%22%2C%22notificationId%22%3A439%7D%2C%7B%22namespaceName%22%3A%22micro_service.spring-rocketmq%22%2C%22notificationId%22%3A364%7D%2C%7B%22namespaceName%22%3A%22micro_service.spring-ribbon%22%2C%22notificationId%22%3A360%7D%2C%7B%22namespaceName%22%3A%22micro_service.spring-boot-druid%22%2C%22notificationId%22%3A442%7D%2C%7B%22namespaceName%22%3A%22micro_service.spring-boot-redis%22%2C%22notificationId%22%3A362%7D%2C%7B%22namespaceName%22%3A%22micro_service.spring-eureka%22%2C%22notificationId%22%3A431%7D%2C%7B%22namespaceName%22%3A%22micro_service.spring-hystrix%22%2C%22notificationId%22%3A359%7D%2C%7B%22namespaceName%22%3A%22micro_service.spring-boot-http%22%2C%22notificationId%22%3A435%7D%5D, reason: Could not complete get operation [Cause: connect timed out]
[${project.name}][${env:SERVER_PORT}] 2023-05-16 10:00:36,953 INFO [NettyClientSelector_1][Slf4jLoggerFactory.java:95] - closeChannel: close the connection to remote address[] result: true
[${project.name}][${env:SERVER_PORT}] 2023-05-16 10:00:37,628 INFO [NettyClientSelector_1][Slf4jLoggerFactory.java:95] - closeChannel: close the connection to remote address[] result: true
[${project.name}][${env:SERVER_PORT}] 2023-05-16 10:00:37,794 INFO [NettyClientSelector_1][Slf4jLoggerFactory.java:95] - closeChannel: close the connection to remote address[] result: true
[${project.name}][${env:SERVER_PORT}] 2023-05-16 10:00:38,998 INFO [NettyClientSelector_1][Slf4jLoggerFactory.java:95] - closeChannel: close the connection to remote address[] result: true
[${project.name}][${env:SERVER_PORT}] 2023-05-16 10:00:39,667 INFO [NettyClientSelector_1][Slf4jLoggerFactory.java:95] - closeChannel: close the connection to remote address[] result: true
[${project.name}][${env:SERVER_PORT}] 2023-05-16 10:00:39,824 INFO [NettyClientSelector_1][Slf4jLoggerFactory.java:95] - closeChannel: close the connection to remote address[] result: true
[${project.name}][${env:SERVER_PORT}] 2023-05-16 10:00:41,024 INFO [Eureka-EvictionTimer][AbstractInstanceRegistry.java:1250] - Running the evict task with compensationTime 10ms
[${project.name}][${env:SERVER_PORT}] 2023-05-16 10:00:41,039 INFO [NettyClientSelector_1][Slf4jLoggerFactory.java:95] - closeChannel: close the connection to remote address[] result: true
[${project.name}][${env:SERVER_PORT}] 2023-05-16 10:00:41,688 INFO [NettyClientSelector_1][Slf4jLoggerFactory.java:95] - closeChannel: close the connection to remote address[] result: true
[${project.name}][${env:SERVER_PORT}] 2023-05-16 10:00:41,878 INFO [NettyClientSelector_1][Slf4jLoggerFactory.java:95] - closeChannel: close the connection to remote address[] result: true
[${project.name}][${env:SERVER_PORT}] 2023-05-16 10:00:43,062 INFO [NettyClientSelector_1][Slf4jLoggerFactory.java:95] - closeChannel: close the connection to remote address[] result: true
[${project.name}][${env:SERVER_PORT}] 2023-05-16 10:00:43,728 INFO [NettyClientSelector_1][Slf4jLoggerFactory.java:95] - closeChannel: close the connection to remote address[] result: true
[${project.name}][${env:SERVER_PORT}] 2023-05-16 10:00:43,904 INFO [NettyClientSelector_1][Slf4jLoggerFactory.java:95] - closeChannel: close the connection to remote address[] result: true
[${project.name}][${env:SERVER_PORT}] 2023-05-16 10:00:45,087 INFO [NettyClientSelector_1][Slf4jLoggerFactory.java:95] - closeChannel: close the connection to remote address[] result: true
[${project.name}][${env:SERVER_PORT}] 2023-05-16 10:00:45,768 INFO [NettyClientSelector_1][Slf4jLoggerFactory.java:95] - closeChannel: close the connection to remote address[] result: true
[${project.name}][${env:SERVER_PORT}] 2023-05-16 10:00:45,928 INFO [NettyClientSelector_1][Slf4jLoggerFactory.java:95] - closeChannel: close the connection to remote address[] result: true
[${project.name}][${env:SERVER_PORT}] 2023-05-16 10:00:47,129 INFO [NettyClientSelector_1][Slf4jLoggerFactory.java:95] - closeChannel: close the connection to remote address[] result: true
[${project.name}][${env:SERVER_PORT}] 2023-05-16 10:00:47,794 INFO [NettyClientSelector_1][Slf4jLoggerFactory.java:95] - closeChannel: close the connection to remote address[] result: true
[${project.name}][${env:SERVER_PORT}] 2023-05-16 10:00:47,950 INFO [NettyClientSelector_1][Slf4jLoggerFactory.java:95] - closeChannel: close the connection to remote address[] result: true
[${project.name}][${env:SERVER_PORT}] 2023-05-16 10:00:49,178 INFO [NettyClientSelector_1][Slf4jLoggerFactory.java:95] - closeChannel: close the connection to remote address[] result: true
[${project.name}][${env:SERVER_PORT}] 2023-05-16 10:00:49,827 INFO [NettyClientSelector_1][Slf4jLoggerFactory.java:95] - closeChannel: close the connection to remote address[] result: true
[${project.name}][${env:SERVER_PORT}] 2023-05-16 10:00:49,968 INFO [NettyClientSelector_1][Slf4jLoggerFactory.java:95] - closeChannel: close the connection to remote address[] result: true
[${project.name}][${env:SERVER_PORT}] 2023-05-16 10:00:51,039 INFO [Eureka-EvictionTimer][AbstractInstanceRegistry.java:1250] - Running the evict task with compensationTime 14ms
[${project.name}][${env:SERVER_PORT}] 2023-05-16 10:00:51,197 INFO [NettyClientSelector_1][Slf4jLoggerFactory.java:95] - closeChannel: close the connection to remote address[] result: true
[${project.name}][${env:SERVER_PORT}] 2023-05-16 10:00:51,859 INFO [NettyClientSelector_1][Slf4jLoggerFactory.java:95] - closeChannel: close the connection to remote address[] result: true
[${project.name}][${env:SERVER_PORT}] 2023-05-16 10:00:51,983 INFO [NettyClientSelector_1][Slf4jLoggerFactory.java:95] - closeChannel: close the connection to remote address[] result: true
[${project.name}][${env:SERVER_PORT}] 2023-05-16 10:00:53,013 WARN [Apollo-RemoteConfigRepository-1][AbstractConfigRepository.java:26] - Sync config failed, will retry. Repository class com.ctrip.framework.apollo.internals.RemoteConfigRepository, reason: Load Apollo Config failed - appId: account-service, cluster: DEFAULT, namespace: application, url: http://192.168.10.27:8080/configs/account-service/DEFAULT/application?ip=192.168.101.1&messages=%7B%22details%22%3A%7B%22account-service%2Bdefault%2Bapplication%22%3A439%7D%7D&releaseKey=20230420212323-b1635b3435285170 [Cause: Could not complete get operation [Cause: connect timed out]]
[${project.name}][${env:SERVER_PORT}] 2023-05-16 10:00:53,216 INFO [NettyClientSelector_1][Slf4jLoggerFactory.java:95] - closeChannel: close the connection to remote address[] result: true
[${project.name}][${env:SERVER_PORT}] 2023-05-16 10:00:53,890 INFO [NettyClientSelector_1][Slf4jLoggerFactory.java:95] - closeChannel: close the connection to remote address[] result: true
[${project.name}][${env:SERVER_PORT}] 2023-05-16 10:00:54,018 WARN [Apollo-RemoteConfigRepository-1][AbstractConfigRepository.java:26] - Sync config failed, will retry. Repository class com.ctrip.framework.apollo.internals.RemoteConfigRepository, reason: Load Apollo Config failed - appId: account-service, cluster: DEFAULT, namespace: micro_service.spring-boot-druid, url: http://192.168.10.27:8080/configs/account-service/DEFAULT/micro_service.spring-boot-druid?ip=192.168.101.1&messages=%7B%22details%22%3A%7B%22common-template%2Bdefault%2Bmicro_service.spring-boot-druid%22%3A418%2C%22account-service%2Bdefault%2Bmicro_service.spring-boot-druid%22%3A442%7D%7D&releaseKey=20230430232630-41865b3435285173%2B20190714192427-02cddc17e2ba5c23 [Cause: Could not complete get operation [Cause: connect timed out]]
[${project.name}][${env:SERVER_PORT}] 2023-05-16 10:00:54,018 INFO [NettyClientSelector_1][Slf4jLoggerFactory.java:95] - closeChannel: close the connection to remote address[] result: true
[${project.name}][${env:SERVER_PORT}] 2023-05-16 10:00:55,031 WARN [Apollo-RemoteConfigRepository-1][AbstractConfigRepository.java:26] - Sync config failed, will retry. Repository class com.ctrip.framework.apollo.internals.RemoteConfigRepository, reason: Load Apollo Config failed - appId: account-service, cluster: DEFAULT, namespace: micro_service.spring-boot-http, url: http://192.168.10.27:8080/configs/account-service/DEFAULT/micro_service.spring-boot-http?ip=192.168.101.1&messages=%7B%22details%22%3A%7B%22common-template%2Bdefault%2Bmicro_service.spring-boot-http%22%3A399%2C%22account-service%2Bdefault%2Bmicro_service.spring-boot-http%22%3A435%7D%7D&releaseKey=20230418204739-920a5b343528516c%2B20190714173524-5351e374105b7a86 [Cause: Could not complete get operation [Cause: connect timed out]]
[${project.name}][${env:SERVER_PORT}] 2023-05-16 10:00:55,253 INFO [NettyClientSelector_1][Slf4jLoggerFactory.java:95] - closeChannel: close the connection to remote address[] result: true
[${project.name}][${env:SERVER_PORT}] 2023-05-16 10:00:55,918 INFO [NettyClientSelector_1][Slf4jLoggerFactory.java:95] - closeChannel: close the connection to remote address[] result: true
[${project.name}][${env:SERVER_PORT}] 2023-05-16 10:00:56,045 WARN [Apollo-RemoteConfigRepository-1][AbstractConfigRepository.java:26] - Sync config failed, will retry. Repository class com.ctrip.framework.apollo.internals.RemoteConfigRepository, reason: Load Apollo Config failed - appId: account-service, cluster: DEFAULT, namespace: micro_service.spring-eureka, url: http://192.168.10.27:8080/configs/account-service/DEFAULT/micro_service.spring-eureka?ip=192.168.101.1&messages=%7B%22details%22%3A%7B%22account-service%2Bdefault%2Bmicro_service.spring-eureka%22%3A357%2C%22common-template%2Bdefault%2Bmicro_service.spring-eureka%22%3A431%7D%7D&releaseKey=20190715120722-61dfdc17e28c579b [Cause: Could not complete get operation [Cause: connect timed out]]
[${project.name}][${env:SERVER_PORT}] 2023-05-16 10:00:56,060 INFO [NettyClientSelector_1][Slf4jLoggerFactory.java:95] - closeChannel: close the connection to remote address[] result: true
[${project.name}][${env:SERVER_PORT}] 2023-05-16 10:00:57,059 WARN [Apollo-RemoteConfigRepository-1][AbstractConfigRepository.java:26] - Sync config failed, will retry. Repository class com.ctrip.framework.apollo.internals.RemoteConfigRepository, reason: Load Apollo Config failed - appId: account-service, cluster: DEFAULT, namespace: micro_service.spring-hystrix, url: http://192.168.10.27:8080/configs/account-service/DEFAULT/micro_service.spring-hystrix?ip=192.168.101.1&messages=%7B%22details%22%3A%7B%22common-template%2Bdefault%2Bmicro_service.spring-hystrix%22%3A5%2C%22account-service%2Bdefault%2Bmicro_service.spring-hystrix%22%3A359%7D%7D&releaseKey=20190505105232-227d48b816809daf [Cause: Could not complete get operation [Cause: connect timed out]]
[${project.name}][${env:SERVER_PORT}] 2023-05-16 10:00:57,293 INFO [NettyClientSelector_1][Slf4jLoggerFactory.java:95] - closeChannel: close the connection to remote address[] result: true
[${project.name}][${env:SERVER_PORT}] 2023-05-16 10:00:57,949 INFO [NettyClientSelector_1][Slf4jLoggerFactory.java:95] - closeChannel: close the connection to remote address[] result: true
[${project.name}][${env:SERVER_PORT}] 2023-05-16 10:00:58,070 WARN [Apollo-RemoteConfigRepository-1][AbstractConfigRepository.java:26] - Sync config failed, will retry. Repository class com.ctrip.framework.apollo.internals.RemoteConfigRepository, reason: Load Apollo Config failed - appId: account-service, cluster: DEFAULT, namespace: micro_service.spring-ribbon, url: http://192.168.10.27:8080/configs/account-service/DEFAULT/micro_service.spring-ribbon?ip=192.168.101.1&messages=%7B%22details%22%3A%7B%22account-service%2Bdefault%2Bmicro_service.spring-ribbon%22%3A360%2C%22common-template%2Bdefault%2Bmicro_service.spring-ribbon%22%3A6%7D%7D&releaseKey=20190505105409-f73c48b816809db0 [Cause: Could not complete get operation [Cause: connect timed out]]
[${project.name}][${env:SERVER_PORT}] 2023-05-16 10:00:59,082 WARN [Apollo-RemoteConfigRepository-1][AbstractConfigRepository.java:26] - Sync config failed, will retry. Repository class com.ctrip.framework.apollo.internals.RemoteConfigRepository, reason: Load Apollo Config failed - appId: account-service, cluster: DEFAULT, namespace: micro_service.spring-boot-redis, url: http://192.168.10.27:8080/configs/account-service/DEFAULT/micro_service.spring-boot-redis?ip=192.168.101.1&messages=%7B%22details%22%3A%7B%22common-template%2Bdefault%2Bmicro_service.spring-boot-redis%22%3A10%2C%22account-service%2Bdefault%2Bmicro_service.spring-boot-redis%22%3A362%7D%7D&releaseKey=20190505112013-234648b816809db4 [Cause: Could not complete get operation [Cause: connect timed out]]
[${project.name}][${env:SERVER_PORT}] 2023-05-16 10:00:59,336 INFO [NettyClientSelector_1][Slf4jLoggerFactory.java:95] - closeChannel: close the connection to remote address[] result: true
[${project.name}][${env:SERVER_PORT}] 2023-05-16 10:01:00,003 INFO [NettyClientSelector_1][Slf4jLoggerFactory.java:95] - closeChannel: close the connection to remote address[] result: true
[${project.name}][${env:SERVER_PORT}] 2023-05-16 10:01:00,098 WARN [Apollo-RemoteConfigRepository-1][AbstractConfigRepository.java:26] - Sync config failed, will retry. Repository class com.ctrip.framework.apollo.internals.RemoteConfigRepository, reason: Load Apollo Config failed - appId: account-service, cluster: DEFAULT, namespace: micro_service.mybatis-plus, url: http://192.168.10.27:8080/configs/account-service/DEFAULT/micro_service.mybatis-plus?ip=192.168.101.1&messages=%7B%22details%22%3A%7B%22account-service%2Bdefault%2Bmicro_service.mybatis-plus%22%3A440%2C%22common-template%2Bdefault%2Bmicro_service.mybatis-plus%22%3A38%7D%7D&releaseKey=20230430230219-c29b5b3435285171%2B20190506103648-83e2df137f2fbff7 [Cause: Could not complete get operation [Cause: connect timed out]]
[${project.name}][${env:SERVER_PORT}] 2023-05-16 10:01:00,130 INFO [NettyClientSelector_1][Slf4jLoggerFactory.java:95] - closeChannel: close the connection to remote address[] result: true
[${project.name}][${env:SERVER_PORT}] 2023-05-16 10:01:01,047 INFO [Eureka-EvictionTimer][AbstractInstanceRegistry.java:1250] - Running the evict task with compensationTime 8ms
[${project.name}][${env:SERVER_PORT}] 2023-05-16 10:01:01,111 WARN [Apollo-RemoteConfigRepository-1][AbstractConfigRepository.java:26] - Sync config failed, will retry. Repository class com.ctrip.framework.apollo.internals.RemoteConfigRepository, reason: Load Apollo Config failed - appId: account-service, cluster: DEFAULT, namespace: micro_service.spring-rocketmq, url: http://192.168.10.27:8080/configs/account-service/DEFAULT/micro_service.spring-rocketmq?ip=192.168.101.1&messages=%7B%22details%22%3A%7B%22account-service%2Bdefault%2Bmicro_service.spring-rocketmq%22%3A364%2C%22common-template%2Bdefault%2Bmicro_service.spring-rocketmq%22%3A69%7D%7D&releaseKey=20190506163452-aededf137f57c0c5 [Cause: Could not complete get operation [Cause: connect timed out]]
[${project.name}][${env:SERVER_PORT}] 2023-05-16 10:01:01,366 INFO [NettyClientSelector_1][Slf4jLoggerFactory.java:95] - closeChannel: close the connection to remote address[] result: true
[${project.name}][${env:SERVER_PORT}] 2023-05-16 10:01:02,050 INFO [NettyClientSelector_1][Slf4jLoggerFactory.java:95] - closeChannel: close the connection to remote address[] result: true
[${project.name}][${env:SERVER_PORT}] 2023-05-16 10:01:02,161 INFO [NettyClientSelector_1][Slf4jLoggerFactory.java:95] - closeChannel: close the connection to remote address[] result: true
[${project.name}][${env:SERVER_PORT}] 2023-05-16 10:01:03,394 INFO [NettyClientSelector_1][Slf4jLoggerFactory.java:95] - closeChannel: close the connection to remote address[] result: true
[${project.name}][${env:SERVER_PORT}] 2023-05-16 10:01:04,075 INFO [NettyClientSelector_1][Slf4jLoggerFactory.java:95] - closeChannel: close the connection to remote address[] result: true
[${project.name}][${env:SERVER_PORT}] 2023-05-16 10:01:04,201 INFO [NettyClientSelector_1][Slf4jLoggerFactory.java:95] - closeChannel: close the connection to remote address[] result: true
[${project.name}][${env:SERVER_PORT}] 2023-05-16 10:01:05,419 INFO [NettyClientSelector_1][Slf4jLoggerFactory.java:95] - closeChannel: close the connection to remote address[] result: true
[${project.name}][${env:SERVER_PORT}] 2023-05-16 10:01:06,132 INFO [NettyClientSelector_1][Slf4jLoggerFactory.java:95] - closeChannel: close the connection to remote address[] result: true
[${project.name}][${env:SERVER_PORT}] 2023-05-16 10:01:06,226 INFO [NettyClientSelector_1][Slf4jLoggerFactory.java:95] - closeChannel: close the connection to remote address[] result: true
[${project.name}][${env:SERVER_PORT}] 2023-05-16 10:01:07,457 INFO [NettyClientSelector_1][Slf4jLoggerFactory.java:95] - closeChannel: close the connection to remote address[] result: true
[${project.name}][${env:SERVER_PORT}] 2023-05-16 10:01:08,168 INFO [NettyClientSelector_1][Slf4jLoggerFactory.java:95] - closeChannel: close the connection to remote address[] result: true
[${project.name}][${env:SERVER_PORT}] 2023-05-16 10:01:08,264 INFO [NettyClientSelector_1][Slf4jLoggerFactory.java:95] - closeChannel: close the connection to remote address[] result: true
[${project.name}][${env:SERVER_PORT}] 2023-05-16 10:01:09,497 INFO [NettyClientSelector_1][Slf4jLoggerFactory.java:95] - closeChannel: close the connection to remote address[] result: true
[${project.name}][${env:SERVER_PORT}] 2023-05-16 10:01:10,192 INFO [NettyClientSelector_1][Slf4jLoggerFactory.java:95] - closeChannel: close the connection to remote address[] result: true
[${project.name}][${env:SERVER_PORT}] 2023-05-16 10:01:10,287 INFO [NettyClientSelector_1][Slf4jLoggerFactory.java:95] - closeChannel: close the connection to remote address[] result: true
[${project.name}][${env:SERVER_PORT}] 2023-05-16 10:01:11,061 INFO [Eureka-EvictionTimer][AbstractInstanceRegistry.java:1250] - Running the evict task with compensationTime 14ms
[${project.name}][${env:SERVER_PORT}] 2023-05-16 10:01:11,518 INFO [NettyClientSelector_1][Slf4jLoggerFactory.java:95] - closeChannel: close the connection to remote address[] result: true
[${project.name}][${env:SERVER_PORT}] 2023-05-16 10:01:12,231 INFO [NettyClientSelector_1][Slf4jLoggerFactory.java:95] - closeChannel: close the connection to remote address[] result: true
[${project.name}][${env:SERVER_PORT}] 2023-05-16 10:01:12,310 INFO [NettyClientSelector_1][Slf4jLoggerFactory.java:95] - closeChannel: close the connection to remote address[] result: true
[${project.name}][${env:SERVER_PORT}] 2023-05-16 10:01:13,544 INFO [NettyClientSelector_1][Slf4jLoggerFactory.java:95] - closeChannel: close the connection to remote address[] result: true
[${project.name}][${env:SERVER_PORT}] 2023-05-16 10:01:14,259 INFO [NettyClientSelector_1][Slf4jLoggerFactory.java:95] - closeChannel: close the connection to remote address[] result: true
[${project.name}][${env:SERVER_PORT}] 2023-05-16 10:01:14,371 INFO [NettyClientSelector_1][Slf4jLoggerFactory.java:95] - closeChannel: close the connection to remote address[] result: true
[${project.name}][${env:SERVER_PORT}] 2023-05-16 10:01:15,572 INFO [NettyClientSelector_1][Slf4jLoggerFactory.java:95] - closeChannel: close the connection to remote address[] result: true
[${project.name}][${env:SERVER_PORT}] 2023-05-16 10:01:16,302 INFO [NettyClientSelector_1][Slf4jLoggerFactory.java:95] - closeChannel: close the connection to remote address[] result: true
[${project.name}][${env:SERVER_PORT}] 2023-05-16 10:01:16,396 INFO [NettyClientSelector_1][Slf4jLoggerFactory.java:95] - closeChannel: close the connection to remote address[] result: true
[${project.name}][${env:SERVER_PORT}] 2023-05-16 10:01:17,600 INFO [NettyClientSelector_1][Slf4jLoggerFactory.java:95] - closeChannel: close the connection to remote address[] result: true
[${project.name}][${env:SERVER_PORT}] 2023-05-16 10:01:18,327 INFO [NettyClientSelector_1][Slf4jLoggerFactory.java:95] - closeChannel: close the connection to remote address[] result: true
[${project.name}][${env:SERVER_PORT}] 2023-05-16 10:01:18,421 INFO [NettyClientSelector_1][Slf4jLoggerFactory.java:95] - closeChannel: close the connection to remote address[] result: true
[${project.name}][${env:SERVER_PORT}] 2023-05-16 10:01:19,633 INFO [NettyClientSelector_1][Slf4jLoggerFactory.java:95] - closeChannel: close the connection to remote address[] result: true
[${project.name}][${env:SERVER_PORT}] 2023-05-16 10:01:20,341 INFO [NettyClientSelector_1][Slf4jLoggerFactory.java:95] - closeChannel: close the connection to remote address[] result: true
[${project.name}][${env:SERVER_PORT}] 2023-05-16 10:01:20,451 INFO [NettyClientSelector_1][Slf4jLoggerFactory.java:95] - closeChannel: close the connection to remote address[] result: true
[${project.name}][${env:SERVER_PORT}] 2023-05-16 10:01:21,067 INFO [Eureka-EvictionTimer][AbstractInstanceRegistry.java:1250] - Running the evict task with compensationTime 5ms
[${project.name}][${env:SERVER_PORT}] 2023-05-16 10:01:21,652 INFO [NettyClientSelector_1][Slf4jLoggerFactory.java:95] - closeChannel: close the connection to remote address[] result: true
[${project.name}][${env:SERVER_PORT}] 2023-05-16 10:01:22,367 INFO [NettyClientSelector_1][Slf4jLoggerFactory.java:95] - closeChannel: close the connection to remote address[] result: true
[${project.name}][${env:SERVER_PORT}] 2023-05-16 10:01:22,493 INFO [NettyClientSelector_1][Slf4jLoggerFactory.java:95] - closeChannel: close the connection to remote address[] result: true
[${project.name}][${env:SERVER_PORT}] 2023-05-16 10:01:23,682 INFO [NettyClientSelector_1][Slf4jLoggerFactory.java:95] - closeChannel: close the connection to remote address[] result: true
[${project.name}][${env:SERVER_PORT}] 2023-05-16 10:01:24,394 INFO [NettyClientSelector_1][Slf4jLoggerFactory.java:95] - closeChannel: close the connection to remote address[] result: true
[${project.name}][${env:SERVER_PORT}] 2023-05-16 10:01:24,521 INFO [NettyClientSelector_1][Slf4jLoggerFactory.java:95] - closeChannel: close the connection to remote address[] result: true
[${project.name}][${env:SERVER_PORT}] 2023-05-16 10:01:25,705 INFO [NettyClientSelector_1][Slf4jLoggerFactory.java:95] - closeChannel: close the connection to remote address[] result: true
[${project.name}][${env:SERVER_PORT}] 2023-05-16 10:01:26,421 INFO [NettyClientSelector_1][Slf4jLoggerFactory.java:95] - closeChannel: close the connection to remote address[] result: true
[${project.name}][${env:SERVER_PORT}] 2023-05-16 10:01:26,547 INFO [NettyClientSelector_1][Slf4jLoggerFactory.java:95] - closeChannel: close the connection to remote address[] result: true
[${project.name}][${env:SERVER_PORT}] 2023-05-16 10:01:27,752 INFO [NettyClientSelector_1][Slf4jLoggerFactory.java:95] - closeChannel: close the connection to remote address[] result: true
[${project.name}][${env:SERVER_PORT}] 2023-05-16 10:01:28,447 INFO [NettyClientSelector_1][Slf4jLoggerFactory.java:95] - closeChannel: close the connection to remote address[] result: true
[${project.name}][${env:SERVER_PORT}] 2023-05-16 10:01:28,575 INFO [NettyClientSelector_1][Slf4jLoggerFactory.java:95] - closeChannel: close the connection to remote address[] result: true
[${project.name}][${env:SERVER_PORT}] 2023-05-16 10:01:29,779 INFO [NettyClientSelector_1][Slf4jLoggerFactory.java:95] - closeChannel: close the connection to remote address[] result: true
[${project.name}][${env:SERVER_PORT}] 2023-05-16 10:01:30,470 INFO [NettyClientSelector_1][Slf4jLoggerFactory.java:95] - closeChannel: close the connection to remote address[] result: true
[${project.name}][${env:SERVER_PORT}] 2023-05-16 10:01:30,597 INFO [NettyClientSelector_1][Slf4jLoggerFactory.java:95] - closeChannel: close the connection to remote address[] result: true
[${project.name}][${env:SERVER_PORT}] 2023-05-16 10:01:31,071 INFO [Eureka-EvictionTimer][AbstractInstanceRegistry.java:1250] - Running the evict task with compensationTime 4ms
[${project.name}][${env:SERVER_PORT}] 2023-05-16 10:01:31,815 INFO [NettyClientSelector_1][Slf4jLoggerFactory.java:95] - closeChannel: close the connection to remote address[] result: true
[${project.name}][${env:SERVER_PORT}] 2023-05-16 10:01:32,524 INFO [NettyClientSelector_1][Slf4jLoggerFactory.java:95] - closeChannel: close the connection to remote address[] result: true
[${project.name}][${env:SERVER_PORT}] 2023-05-16 10:01:32,634 INFO [NettyClientSelector_1][Slf4jLoggerFactory.java:95] - closeChannel: close the connection to remote address[] result: true
[${project.name}][${env:SERVER_PORT}] 2023-05-16 10:01:33,810 WARN [Apollo-RemoteConfigRepository-1][AbstractConfigRepository.java:26] - Sync config failed, will retry. Repository class com.ctrip.framework.apollo.internals.RemoteConfigRepository, reason: Load Apollo Config failed - appId: consumer-service, cluster: DEFAULT, namespace: application, url: http://192.168.10.27:8080/configs/consumer-service/DEFAULT/application?ip=192.168.101.1&messages=%7B%22details%22%3A%7B%22consumer-service%2Bdefault%2Bapplication%22%3A433%7D%7D&releaseKey=20230416210821-c3ec5b343528516a [Cause: Could not complete get operation [Cause: connect timed out]]
[${project.name}][${env:SERVER_PORT}] 2023-05-16 10:01:33,842 INFO [NettyClientSelector_1][Slf4jLoggerFactory.java:95] - closeChannel: close the connection to remote address[] result: true
[${project.name}][${env:SERVER_PORT}] 2023-05-16 10:01:34,553 INFO [NettyClientSelector_1][Slf4jLoggerFactory.java:95] - closeChannel: close the connection to remote address[] result: true
[${project.name}][${env:SERVER_PORT}] 2023-05-16 10:01:34,679 INFO [NettyClientSelector_1][Slf4jLoggerFactory.java:95] - closeChannel: close the connection to remote address[] result: true
[${project.name}][${env:SERVER_PORT}] 2023-05-16 10:01:34,820 WARN [Apollo-RemoteConfigRepository-1][AbstractConfigRepository.java:26] - Sync config failed, will retry. Repository class com.ctrip.framework.apollo.internals.RemoteConfigRepository, reason: Load Apollo Config failed - appId: consumer-service, cluster: DEFAULT, namespace: micro_service.spring-boot-druid, url: http://192.168.10.27:8080/configs/consumer-service/DEFAULT/micro_service.spring-boot-druid?ip=192.168.101.1&messages=%7B%22details%22%3A%7B%22common-template%2Bdefault%2Bmicro_service.spring-boot-druid%22%3A418%2C%22consumer-service%2Bdefault%2Bmicro_service.spring-boot-druid%22%3A444%7D%7D&releaseKey=20230502185139-540f5b3435d4626d%2B20190714192427-02cddc17e2ba5c23 [Cause: Could not complete get operation [Cause: connect timed out]]
[${project.name}][${env:SERVER_PORT}] 2023-05-16 10:01:35,835 WARN [Apollo-RemoteConfigRepository-1][AbstractConfigRepository.java:26] - Sync config failed, will retry. Repository class com.ctrip.framework.apollo.internals.RemoteConfigRepository, reason: Load Apollo Config failed - appId: consumer-service, cluster: DEFAULT, namespace: micro_service.spring-boot-http, url: http://192.168.10.27:8080/configs/consumer-service/DEFAULT/micro_service.spring-boot-http?ip=192.168.101.1&messages=%7B%22details%22%3A%7B%22common-template%2Bdefault%2Bmicro_service.spring-boot-http%22%3A399%2C%22consumer-service%2Bdefault%2Bmicro_service.spring-boot-http%22%3A76%7D%7D&releaseKey=20190507091553-a493df137f2c9950%2B20190714173524-5351e374105b7a86 [Cause: Could not complete get operation [Cause: connect timed out]]
[${project.name}][${env:SERVER_PORT}] 2023-05-16 10:01:35,866 INFO [NettyClientSelector_1][Slf4jLoggerFactory.java:95] - closeChannel: close the connection to remote address[] result: true
[${project.name}][${env:SERVER_PORT}] 2023-05-16 10:01:36,580 INFO [NettyClientSelector_1][Slf4jLoggerFactory.java:95] - closeChannel: close the connection to remote address[] result: true
[${project.name}][${env:SERVER_PORT}] 2023-05-16 10:01:36,707 INFO [NettyClientSelector_1][Slf4jLoggerFactory.java:95] - closeChannel: close the connection to remote address[] result: true
[${project.name}][${env:SERVER_PORT}] 2023-05-16 10:01:36,849 WARN [Apollo-RemoteConfigRepository-1][AbstractConfigRepository.java:26] - Sync config failed, will retry. Repository class com.ctrip.framework.apollo.internals.RemoteConfigRepository, reason: Load Apollo Config failed - appId: consumer-service, cluster: DEFAULT, namespace: micro_service.spring-eureka, url: http://192.168.10.27:8080/configs/consumer-service/DEFAULT/micro_service.spring-eureka?ip=192.168.101.1&messages=%7B%22details%22%3A%7B%22common-template%2Bdefault%2Bmicro_service.spring-eureka%22%3A431%7D%7D&releaseKey=20190715120722-61dfdc17e28c579b [Cause: Could not complete get operation [Cause: connect timed out]]
[${project.name}][${env:SERVER_PORT}] 2023-05-16 10:01:37,857 WARN [Apollo-RemoteConfigRepository-1][AbstractConfigRepository.java:26] - Sync config failed, will retry. Repository class com.ctrip.framework.apollo.internals.RemoteConfigRepository, reason: Load Apollo Config failed - appId: consumer-service, cluster: DEFAULT, namespace: micro_service.spring-hystrix, url: http://192.168.10.27:8080/configs/consumer-service/DEFAULT/micro_service.spring-hystrix?ip=192.168.101.1&messages=%7B%22details%22%3A%7B%22common-template%2Bdefault%2Bmicro_service.spring-hystrix%22%3A5%7D%7D&releaseKey=20190505105232-227d48b816809daf [Cause: Could not complete get operation [Cause: connect timed out]]
[${project.name}][${env:SERVER_PORT}] 2023-05-16 10:01:37,887 INFO [NettyClientSelector_1][Slf4jLoggerFactory.java:95] - closeChannel: close the connection to remote address[] result: true
[${project.name}][${env:SERVER_PORT}] 2023-05-16 10:01:38,601 INFO [NettyClientSelector_1][Slf4jLoggerFactory.java:95] - closeChannel: close the connection to remote address[] result: true
[${project.name}][${env:SERVER_PORT}] 2023-05-16 10:01:38,728 INFO [NettyClientSelector_1][Slf4jLoggerFactory.java:95] - closeChannel: close the connection to remote address[] result: true
[${project.name}][${env:SERVER_PORT}] 2023-05-16 10:01:38,869 WARN [Apollo-RemoteConfigRepository-1][AbstractConfigRepository.java:26] - Sync config failed, will retry. Repository class com.ctrip.framework.apollo.internals.RemoteConfigRepository, reason: Load Apollo Config failed - appId: consumer-service, cluster: DEFAULT, namespace: micro_service.spring-ribbon, url: http://192.168.10.27:8080/configs/consumer-service/DEFAULT/micro_service.spring-ribbon?ip=192.168.101.1&messages=%7B%22details%22%3A%7B%22common-template%2Bdefault%2Bmicro_service.spring-ribbon%22%3A6%7D%7D&releaseKey=20190505105409-f73c48b816809db0 [Cause: Could not complete get operation [Cause: connect timed out]]
[${project.name}][${env:SERVER_PORT}] 2023-05-16 10:01:39,874 WARN [Apollo-RemoteConfigRepository-1][AbstractConfigRepository.java:26] - Sync config failed, will retry. Repository class com.ctrip.framework.apollo.internals.RemoteConfigRepository, reason: Load Apollo Config failed - appId: consumer-service, cluster: DEFAULT, namespace: micro_service.spring-boot-redis, url: http://192.168.10.27:8080/configs/consumer-service/DEFAULT/micro_service.spring-boot-redis?ip=192.168.101.1&messages=%7B%22details%22%3A%7B%22common-template%2Bdefault%2Bmicro_service.spring-boot-redis%22%3A10%7D%7D&releaseKey=20190505112013-234648b816809db4 [Cause: Could not complete get operation [Cause: connect timed out]]
[${project.name}][${env:SERVER_PORT}] 2023-05-16 10:01:39,906 INFO [NettyClientSelector_1][Slf4jLoggerFactory.java:95] - closeChannel: close the connection to remote address[] result: true
[${project.name}][${env:SERVER_PORT}] 2023-05-16 10:01:40,615 INFO [NettyClientSelector_1][Slf4jLoggerFactory.java:95] - closeChannel: close the connection to remote address[] result: true
[${project.name}][${env:SERVER_PORT}] 2023-05-16 10:01:40,742 INFO [NettyClientSelector_1][Slf4jLoggerFactory.java:95] - closeChannel: close the connection to remote address[] result: true
[${project.name}][${env:SERVER_PORT}] 2023-05-16 10:01:40,884 WARN [Apollo-RemoteConfigRepository-1][AbstractConfigRepository.java:26] - Sync config failed, will retry. Repository class com.ctrip.framework.apollo.internals.RemoteConfigRepository, reason: Load Apollo Config failed - appId: consumer-service, cluster: DEFAULT, namespace: micro_service.mybatis-plus, url: http://192.168.10.27:8080/configs/consumer-service/DEFAULT/micro_service.mybatis-plus?ip=192.168.101.1&messages=%7B%22details%22%3A%7B%22common-template%2Bdefault%2Bmicro_service.mybatis-plus%22%3A38%2C%22consumer-service%2Bdefault%2Bmicro_service.mybatis-plus%22%3A443%7D%7D&releaseKey=20230501115157-d5245b3435285174%2B20190506103648-83e2df137f2fbff7 [Cause: Could not complete get operation [Cause: connect timed out]]
[${project.name}][${env:SERVER_PORT}] 2023-05-16 10:01:41,087 INFO [Eureka-EvictionTimer][AbstractInstanceRegistry.java:1250] - Running the evict task with compensationTime 15ms
[${project.name}][${env:SERVER_PORT}] 2023-05-16 10:01:41,894 WARN [Apollo-RemoteConfigRepository-1][AbstractConfigRepository.java:26] - Sync config failed, will retry. Repository class com.ctrip.framework.apollo.internals.RemoteConfigRepository, reason: Load Apollo Config failed - appId: consumer-service, cluster: DEFAULT, namespace: micro_service.spring-rocketmq, url: http://192.168.10.27:8080/configs/consumer-service/DEFAULT/micro_service.spring-rocketmq?ip=192.168.101.1&messages=%7B%22details%22%3A%7B%22common-template%2Bdefault%2Bmicro_service.spring-rocketmq%22%3A69%2C%22consumer-service%2Bdefault%2Bmicro_service.spring-rocketmq%22%3A68%7D%7D&releaseKey=20190506163452-aededf137f57c0c5 [Cause: Could not complete get operation [Cause: connect timed out]]
[${project.name}][${env:SERVER_PORT}] 2023-05-16 10:01:41,926 INFO [NettyClientSelector_1][Slf4jLoggerFactory.java:95] - closeChannel: close the connection to remote address[] result: true
[${project.name}][${env:SERVER_PORT}] 2023-05-16 10:01:42,655 INFO [NettyClientSelector_1][Slf4jLoggerFactory.java:95] - closeChannel: close the connection to remote address[] result: true
[${project.name}][${env:SERVER_PORT}] 2023-05-16 10:01:42,768 INFO [NettyClientSelector_1][Slf4jLoggerFactory.java:95] - closeChannel: close the connection to remote address[] result: true
[${project.name}][${env:SERVER_PORT}] 2023-05-16 10:01:43,953 INFO [NettyClientSelector_1][Slf4jLoggerFactory.java:95] - closeChannel: close the connection to remote address[] result: true
[${project.name}][${env:SERVER_PORT}] 2023-05-16 10:01:44,684 INFO [NettyClientSelector_1][Slf4jLoggerFactory.java:95] - closeChannel: close the connection to remote address[] result: true
[${project.name}][${env:SERVER_PORT}] 2023-05-16 10:01:44,794 INFO [NettyClientSelector_1][Slf4jLoggerFactory.java:95] - closeChannel: close the connection to remote address[] result: true
