[${project.name}][${env:SERVER_PORT}] 2023-05-29 23:00:02,224 INFO [NettyClientSelector_1][Slf4jLoggerFactory.java:95] - closeChannel: close the connection to remote address[] result: true
[${project.name}][${env:SERVER_PORT}] 2023-05-29 23:00:03,607 INFO [NettyClientSelector_1][Slf4jLoggerFactory.java:95] - closeChannel: close the connection to remote address[] result: true
[${project.name}][${env:SERVER_PORT}] 2023-05-29 23:00:32,315 INFO [NettyClientSelector_1][Slf4jLoggerFactory.java:95] - closeChannel: close the connection to remote address[] result: true
[${project.name}][${env:SERVER_PORT}] 2023-05-29 23:00:33,611 INFO [NettyClientSelector_1][Slf4jLoggerFactory.java:95] - closeChannel: close the connection to remote address[] result: true
[${project.name}][${env:SERVER_PORT}] 2023-05-29 23:01:02,199 INFO [NettyClientSelector_1][Slf4jLoggerFactory.java:95] - closeChannel: close the connection to remote address[] result: true
[${project.name}][${env:SERVER_PORT}] 2023-05-29 23:01:03,601 INFO [NettyClientSelector_1][Slf4jLoggerFactory.java:95] - closeChannel: close the connection to remote address[] result: true
[${project.name}][${env:SERVER_PORT}] 2023-05-29 23:01:32,203 INFO [NettyClientSelector_1][Slf4jLoggerFactory.java:95] - closeChannel: close the connection to remote address[] result: true
[${project.name}][${env:SERVER_PORT}] 2023-05-29 23:01:33,620 INFO [NettyClientSelector_1][Slf4jLoggerFactory.java:95] - closeChannel: close the connection to remote address[] result: true
[${project.name}][${env:SERVER_PORT}] 2023-05-29 23:02:02,200 INFO [NettyClientSelector_1][Slf4jLoggerFactory.java:95] - closeChannel: close the connection to remote address[] result: true
[${project.name}][${env:SERVER_PORT}] 2023-05-29 23:02:03,633 INFO [NettyClientSelector_1][Slf4jLoggerFactory.java:95] - closeChannel: close the connection to remote address[] result: true
[${project.name}][${env:SERVER_PORT}] 2023-05-29 23:02:32,230 INFO [NettyClientSelector_1][Slf4jLoggerFactory.java:95] - closeChannel: close the connection to remote address[] result: true
[${project.name}][${env:SERVER_PORT}] 2023-05-29 23:02:33,623 INFO [NettyClientSelector_1][Slf4jLoggerFactory.java:95] - closeChannel: close the connection to remote address[] result: true
[${project.name}][${env:SERVER_PORT}] 2023-05-29 23:03:02,218 INFO [NettyClientSelector_1][Slf4jLoggerFactory.java:95] - closeChannel: close the connection to remote address[] result: true
[${project.name}][${env:SERVER_PORT}] 2023-05-29 23:03:03,637 INFO [NettyClientSelector_1][Slf4jLoggerFactory.java:95] - closeChannel: close the connection to remote address[] result: true
[${project.name}][${env:SERVER_PORT}] 2023-05-29 23:03:32,233 INFO [NettyClientSelector_1][Slf4jLoggerFactory.java:95] - closeChannel: close the connection to remote address[] result: true
[${project.name}][${env:SERVER_PORT}] 2023-05-29 23:03:33,627 INFO [NettyClientSelector_1][Slf4jLoggerFactory.java:95] - closeChannel: close the connection to remote address[] result: true
[${project.name}][${env:SERVER_PORT}] 2023-05-29 23:03:45,412 INFO [AsyncResolver-bootstrap-executor-0][ConfigClusterResolver.java:43] - Resolving eureka endpoints via configuration
[${project.name}][${env:SERVER_PORT}] 2023-05-29 23:04:02,207 INFO [NettyClientSelector_1][Slf4jLoggerFactory.java:95] - closeChannel: close the connection to remote address[] result: true
[${project.name}][${env:SERVER_PORT}] 2023-05-29 23:04:03,637 INFO [NettyClientSelector_1][Slf4jLoggerFactory.java:95] - closeChannel: close the connection to remote address[] result: true
[${project.name}][${env:SERVER_PORT}] 2023-05-29 23:04:32,248 INFO [NettyClientSelector_1][Slf4jLoggerFactory.java:95] - closeChannel: close the connection to remote address[] result: true
[${project.name}][${env:SERVER_PORT}] 2023-05-29 23:04:33,608 INFO [NettyClientSelector_1][Slf4jLoggerFactory.java:95] - closeChannel: close the connection to remote address[] result: true
[${project.name}][${env:SERVER_PORT}] 2023-05-29 23:05:02,247 INFO [NettyClientSelector_1][Slf4jLoggerFactory.java:95] - closeChannel: close the connection to remote address[] result: true
[${project.name}][${env:SERVER_PORT}] 2023-05-29 23:05:03,635 INFO [NettyClientSelector_1][Slf4jLoggerFactory.java:95] - closeChannel: close the connection to remote address[] result: true
[${project.name}][${env:SERVER_PORT}] 2023-05-29 23:05:32,245 INFO [NettyClientSelector_1][Slf4jLoggerFactory.java:95] - closeChannel: close the connection to remote address[] result: true
[${project.name}][${env:SERVER_PORT}] 2023-05-29 23:05:33,648 INFO [NettyClientSelector_1][Slf4jLoggerFactory.java:95] - closeChannel: close the connection to remote address[] result: true
[${project.name}][${env:SERVER_PORT}] 2023-05-29 23:06:02,205 INFO [NettyClientSelector_1][Slf4jLoggerFactory.java:95] - closeChannel: close the connection to remote address[] result: true
[${project.name}][${env:SERVER_PORT}] 2023-05-29 23:06:03,637 INFO [NettyClientSelector_1][Slf4jLoggerFactory.java:95] - closeChannel: close the connection to remote address[] result: true
[${project.name}][${env:SERVER_PORT}] 2023-05-29 23:06:32,244 INFO [NettyClientSelector_1][Slf4jLoggerFactory.java:95] - closeChannel: close the connection to remote address[] result: true
[${project.name}][${env:SERVER_PORT}] 2023-05-29 23:06:33,615 INFO [NettyClientSelector_1][Slf4jLoggerFactory.java:95] - closeChannel: close the connection to remote address[] result: true
[${project.name}][${env:SERVER_PORT}] 2023-05-29 23:07:02,219 INFO [NettyClientSelector_1][Slf4jLoggerFactory.java:95] - closeChannel: close the connection to remote address[] result: true
[${project.name}][${env:SERVER_PORT}] 2023-05-29 23:07:03,615 INFO [NettyClientSelector_1][Slf4jLoggerFactory.java:95] - closeChannel: close the connection to remote address[] result: true
[${project.name}][${env:SERVER_PORT}] 2023-05-29 23:07:32,208 INFO [NettyClientSelector_1][Slf4jLoggerFactory.java:95] - closeChannel: close the connection to remote address[] result: true
[${project.name}][${env:SERVER_PORT}] 2023-05-29 23:07:33,621 INFO [NettyClientSelector_1][Slf4jLoggerFactory.java:95] - closeChannel: close the connection to remote address[] result: true
[${project.name}][${env:SERVER_PORT}] 2023-05-29 23:08:02,229 INFO [NettyClientSelector_1][Slf4jLoggerFactory.java:95] - closeChannel: close the connection to remote address[] result: true
[${project.name}][${env:SERVER_PORT}] 2023-05-29 23:08:03,623 INFO [NettyClientSelector_1][Slf4jLoggerFactory.java:95] - closeChannel: close the connection to remote address[] result: true
[${project.name}][${env:SERVER_PORT}] 2023-05-29 23:08:32,232 INFO [NettyClientSelector_1][Slf4jLoggerFactory.java:95] - closeChannel: close the connection to remote address[] result: true
[${project.name}][${env:SERVER_PORT}] 2023-05-29 23:08:33,639 INFO [NettyClientSelector_1][Slf4jLoggerFactory.java:95] - closeChannel: close the connection to remote address[] result: true
[${project.name}][${env:SERVER_PORT}] 2023-05-29 23:08:45,417 INFO [AsyncResolver-bootstrap-executor-0][ConfigClusterResolver.java:43] - Resolving eureka endpoints via configuration
[${project.name}][${env:SERVER_PORT}] 2023-05-29 23:09:02,210 INFO [NettyClientSelector_1][Slf4jLoggerFactory.java:95] - closeChannel: close the connection to remote address[] result: true
[${project.name}][${env:SERVER_PORT}] 2023-05-29 23:09:03,601 INFO [NettyClientSelector_1][Slf4jLoggerFactory.java:95] - closeChannel: close the connection to remote address[] result: true
[${project.name}][${env:SERVER_PORT}] 2023-05-29 23:09:32,223 INFO [NettyClientSelector_1][Slf4jLoggerFactory.java:95] - closeChannel: close the connection to remote address[] result: true
[${project.name}][${env:SERVER_PORT}] 2023-05-29 23:09:33,645 INFO [NettyClientSelector_1][Slf4jLoggerFactory.java:95] - closeChannel: close the connection to remote address[] result: true
[${project.name}][${env:SERVER_PORT}] 2023-05-29 23:10:02,209 INFO [NettyClientSelector_1][Slf4jLoggerFactory.java:95] - closeChannel: close the connection to remote address[] result: true
[${project.name}][${env:SERVER_PORT}] 2023-05-29 23:10:03,600 INFO [NettyClientSelector_1][Slf4jLoggerFactory.java:95] - closeChannel: close the connection to remote address[] result: true
[${project.name}][${env:SERVER_PORT}] 2023-05-29 23:10:32,237 INFO [NettyClientSelector_1][Slf4jLoggerFactory.java:95] - closeChannel: close the connection to remote address[] result: true
[${project.name}][${env:SERVER_PORT}] 2023-05-29 23:10:33,641 INFO [NettyClientSelector_1][Slf4jLoggerFactory.java:95] - closeChannel: close the connection to remote address[] result: true
[${project.name}][${env:SERVER_PORT}] 2023-05-29 23:11:02,219 INFO [NettyClientSelector_1][Slf4jLoggerFactory.java:95] - closeChannel: close the connection to remote address[] result: true
[${project.name}][${env:SERVER_PORT}] 2023-05-29 23:11:03,653 INFO [NettyClientSelector_1][Slf4jLoggerFactory.java:95] - closeChannel: close the connection to remote address[] result: true
[${project.name}][${env:SERVER_PORT}] 2023-05-29 23:11:32,212 INFO [NettyClientSelector_1][Slf4jLoggerFactory.java:95] - closeChannel: close the connection to remote address[] result: true
[${project.name}][${env:SERVER_PORT}] 2023-05-29 23:11:33,613 INFO [NettyClientSelector_1][Slf4jLoggerFactory.java:95] - closeChannel: close the connection to remote address[] result: true
[${project.name}][${env:SERVER_PORT}] 2023-05-29 23:12:02,202 INFO [NettyClientSelector_1][Slf4jLoggerFactory.java:95] - closeChannel: close the connection to remote address[] result: true
[${project.name}][${env:SERVER_PORT}] 2023-05-29 23:12:03,637 INFO [NettyClientSelector_1][Slf4jLoggerFactory.java:95] - closeChannel: close the connection to remote address[] result: true
[${project.name}][${env:SERVER_PORT}] 2023-05-29 23:12:32,230 INFO [NettyClientSelector_1][Slf4jLoggerFactory.java:95] - closeChannel: close the connection to remote address[] result: true
[${project.name}][${env:SERVER_PORT}] 2023-05-29 23:12:33,652 INFO [NettyClientSelector_1][Slf4jLoggerFactory.java:95] - closeChannel: close the connection to remote address[] result: true
[${project.name}][${env:SERVER_PORT}] 2023-05-29 23:13:02,209 INFO [NettyClientSelector_1][Slf4jLoggerFactory.java:95] - closeChannel: close the connection to remote address[] result: true
[${project.name}][${env:SERVER_PORT}] 2023-05-29 23:13:03,622 INFO [NettyClientSelector_1][Slf4jLoggerFactory.java:95] - closeChannel: close the connection to remote address[] result: true
[${project.name}][${env:SERVER_PORT}] 2023-05-29 23:13:32,220 INFO [NettyClientSelector_1][Slf4jLoggerFactory.java:95] - closeChannel: close the connection to remote address[] result: true
[${project.name}][${env:SERVER_PORT}] 2023-05-29 23:13:33,623 INFO [NettyClientSelector_1][Slf4jLoggerFactory.java:95] - closeChannel: close the connection to remote address[] result: true
[${project.name}][${env:SERVER_PORT}] 2023-05-29 23:13:45,430 INFO [AsyncResolver-bootstrap-executor-0][ConfigClusterResolver.java:43] - Resolving eureka endpoints via configuration
[${project.name}][${env:SERVER_PORT}] 2023-05-29 23:14:02,221 INFO [NettyClientSelector_1][Slf4jLoggerFactory.java:95] - closeChannel: close the connection to remote address[] result: true
[${project.name}][${env:SERVER_PORT}] 2023-05-29 23:14:03,622 INFO [NettyClientSelector_1][Slf4jLoggerFactory.java:95] - closeChannel: close the connection to remote address[] result: true
[${project.name}][${env:SERVER_PORT}] 2023-05-29 23:14:32,218 INFO [NettyClientSelector_1][Slf4jLoggerFactory.java:95] - closeChannel: close the connection to remote address[] result: true
[${project.name}][${env:SERVER_PORT}] 2023-05-29 23:14:33,623 INFO [NettyClientSelector_1][Slf4jLoggerFactory.java:95] - closeChannel: close the connection to remote address[] result: true
[${project.name}][${env:SERVER_PORT}] 2023-05-29 23:15:02,225 INFO [NettyClientSelector_1][Slf4jLoggerFactory.java:95] - closeChannel: close the connection to remote address[] result: true
[${project.name}][${env:SERVER_PORT}] 2023-05-29 23:15:03,629 INFO [NettyClientSelector_1][Slf4jLoggerFactory.java:95] - closeChannel: close the connection to remote address[] result: true
[${project.name}][${env:SERVER_PORT}] 2023-05-29 23:15:32,243 INFO [NettyClientSelector_1][Slf4jLoggerFactory.java:95] - closeChannel: close the connection to remote address[] result: true
[${project.name}][${env:SERVER_PORT}] 2023-05-29 23:15:33,621 INFO [NettyClientSelector_1][Slf4jLoggerFactory.java:95] - closeChannel: close the connection to remote address[] result: true
[${project.name}][${env:SERVER_PORT}] 2023-05-29 23:16:02,239 INFO [NettyClientSelector_1][Slf4jLoggerFactory.java:95] - closeChannel: close the connection to remote address[] result: true
[${project.name}][${env:SERVER_PORT}] 2023-05-29 23:16:03,640 INFO [NettyClientSelector_1][Slf4jLoggerFactory.java:95] - closeChannel: close the connection to remote address[] result: true
[${project.name}][${env:SERVER_PORT}] 2023-05-29 23:16:32,224 INFO [NettyClientSelector_1][Slf4jLoggerFactory.java:95] - closeChannel: close the connection to remote address[] result: true
[${project.name}][${env:SERVER_PORT}] 2023-05-29 23:16:33,623 INFO [NettyClientSelector_1][Slf4jLoggerFactory.java:95] - closeChannel: close the connection to remote address[] result: true
[${project.name}][${env:SERVER_PORT}] 2023-05-29 23:17:02,216 INFO [NettyClientSelector_1][Slf4jLoggerFactory.java:95] - closeChannel: close the connection to remote address[] result: true
[${project.name}][${env:SERVER_PORT}] 2023-05-29 23:17:03,609 INFO [NettyClientSelector_1][Slf4jLoggerFactory.java:95] - closeChannel: close the connection to remote address[] result: true
[${project.name}][${env:SERVER_PORT}] 2023-05-29 23:17:32,219 INFO [NettyClientSelector_1][Slf4jLoggerFactory.java:95] - closeChannel: close the connection to remote address[] result: true
[${project.name}][${env:SERVER_PORT}] 2023-05-29 23:17:33,599 INFO [NettyClientSelector_1][Slf4jLoggerFactory.java:95] - closeChannel: close the connection to remote address[] result: true
[${project.name}][${env:SERVER_PORT}] 2023-05-29 23:18:02,230 INFO [NettyClientSelector_1][Slf4jLoggerFactory.java:95] - closeChannel: close the connection to remote address[] result: true
[${project.name}][${env:SERVER_PORT}] 2023-05-29 23:18:03,622 INFO [NettyClientSelector_1][Slf4jLoggerFactory.java:95] - closeChannel: close the connection to remote address[] result: true
[${project.name}][${env:SERVER_PORT}] 2023-05-29 23:18:32,219 INFO [NettyClientSelector_1][Slf4jLoggerFactory.java:95] - closeChannel: close the connection to remote address[] result: true
[${project.name}][${env:SERVER_PORT}] 2023-05-29 23:18:33,656 INFO [NettyClientSelector_1][Slf4jLoggerFactory.java:95] - closeChannel: close the connection to remote address[] result: true
[${project.name}][${env:SERVER_PORT}] 2023-05-29 23:18:45,443 INFO [AsyncResolver-bootstrap-executor-0][ConfigClusterResolver.java:43] - Resolving eureka endpoints via configuration
[${project.name}][${env:SERVER_PORT}] 2023-05-29 23:19:02,214 INFO [NettyClientSelector_1][Slf4jLoggerFactory.java:95] - closeChannel: close the connection to remote address[] result: true
[${project.name}][${env:SERVER_PORT}] 2023-05-29 23:19:03,611 INFO [NettyClientSelector_1][Slf4jLoggerFactory.java:95] - closeChannel: close the connection to remote address[] result: true
[${project.name}][${env:SERVER_PORT}] 2023-05-29 23:19:32,227 INFO [NettyClientSelector_1][Slf4jLoggerFactory.java:95] - closeChannel: close the connection to remote address[] result: true
[${project.name}][${env:SERVER_PORT}] 2023-05-29 23:19:33,608 INFO [NettyClientSelector_1][Slf4jLoggerFactory.java:95] - closeChannel: close the connection to remote address[] result: true
[${project.name}][${env:SERVER_PORT}] 2023-05-29 23:20:02,212 INFO [NettyClientSelector_1][Slf4jLoggerFactory.java:95] - closeChannel: close the connection to remote address[] result: true
[${project.name}][${env:SERVER_PORT}] 2023-05-29 23:20:03,661 INFO [NettyClientSelector_1][Slf4jLoggerFactory.java:95] - closeChannel: close the connection to remote address[] result: true
[${project.name}][${env:SERVER_PORT}] 2023-05-29 23:20:32,189 INFO [NettyClientSelector_1][Slf4jLoggerFactory.java:95] - closeChannel: close the connection to remote address[] result: true
[${project.name}][${env:SERVER_PORT}] 2023-05-29 23:20:33,619 INFO [NettyClientSelector_1][Slf4jLoggerFactory.java:95] - closeChannel: close the connection to remote address[] result: true
[${project.name}][${env:SERVER_PORT}] 2023-05-29 23:21:02,236 INFO [NettyClientSelector_1][Slf4jLoggerFactory.java:95] - closeChannel: close the connection to remote address[] result: true
[${project.name}][${env:SERVER_PORT}] 2023-05-29 23:21:03,663 INFO [NettyClientSelector_1][Slf4jLoggerFactory.java:95] - closeChannel: close the connection to remote address[] result: true
[${project.name}][${env:SERVER_PORT}] 2023-05-29 23:21:32,235 INFO [NettyClientSelector_1][Slf4jLoggerFactory.java:95] - closeChannel: close the connection to remote address[] result: true
[${project.name}][${env:SERVER_PORT}] 2023-05-29 23:21:33,623 INFO [NettyClientSelector_1][Slf4jLoggerFactory.java:95] - closeChannel: close the connection to remote address[] result: true
[${project.name}][${env:SERVER_PORT}] 2023-05-29 23:22:02,232 INFO [NettyClientSelector_1][Slf4jLoggerFactory.java:95] - closeChannel: close the connection to remote address[] result: true
[${project.name}][${env:SERVER_PORT}] 2023-05-29 23:22:03,602 INFO [NettyClientSelector_1][Slf4jLoggerFactory.java:95] - closeChannel: close the connection to remote address[] result: true
[${project.name}][${env:SERVER_PORT}] 2023-05-29 23:22:32,210 INFO [NettyClientSelector_1][Slf4jLoggerFactory.java:95] - closeChannel: close the connection to remote address[] result: true
[${project.name}][${env:SERVER_PORT}] 2023-05-29 23:22:33,604 INFO [NettyClientSelector_1][Slf4jLoggerFactory.java:95] - closeChannel: close the connection to remote address[] result: true
[${project.name}][${env:SERVER_PORT}] 2023-05-29 23:23:02,229 INFO [NettyClientSelector_1][Slf4jLoggerFactory.java:95] - closeChannel: close the connection to remote address[] result: true
[${project.name}][${env:SERVER_PORT}] 2023-05-29 23:23:03,624 INFO [NettyClientSelector_1][Slf4jLoggerFactory.java:95] - closeChannel: close the connection to remote address[] result: true
[${project.name}][${env:SERVER_PORT}] 2023-05-29 23:23:32,217 INFO [NettyClientSelector_1][Slf4jLoggerFactory.java:95] - closeChannel: close the connection to remote address[] result: true
[${project.name}][${env:SERVER_PORT}] 2023-05-29 23:23:33,623 INFO [NettyClientSelector_1][Slf4jLoggerFactory.java:95] - closeChannel: close the connection to remote address[] result: true
[${project.name}][${env:SERVER_PORT}] 2023-05-29 23:23:45,451 INFO [AsyncResolver-bootstrap-executor-0][ConfigClusterResolver.java:43] - Resolving eureka endpoints via configuration
[${project.name}][${env:SERVER_PORT}] 2023-05-29 23:24:02,219 INFO [NettyClientSelector_1][Slf4jLoggerFactory.java:95] - closeChannel: close the connection to remote address[] result: true
[${project.name}][${env:SERVER_PORT}] 2023-05-29 23:24:03,743 INFO [NettyClientSelector_1][Slf4jLoggerFactory.java:95] - closeChannel: close the connection to remote address[] result: true
[${project.name}][${env:SERVER_PORT}] 2023-05-29 23:24:32,216 INFO [NettyClientSelector_1][Slf4jLoggerFactory.java:95] - closeChannel: close the connection to remote address[] result: true
[${project.name}][${env:SERVER_PORT}] 2023-05-29 23:24:33,622 INFO [NettyClientSelector_1][Slf4jLoggerFactory.java:95] - closeChannel: close the connection to remote address[] result: true
[${project.name}][${env:SERVER_PORT}] 2023-05-29 23:25:02,221 INFO [NettyClientSelector_1][Slf4jLoggerFactory.java:95] - closeChannel: close the connection to remote address[] result: true
[${project.name}][${env:SERVER_PORT}] 2023-05-29 23:25:03,616 INFO [NettyClientSelector_1][Slf4jLoggerFactory.java:95] - closeChannel: close the connection to remote address[] result: true
[${project.name}][${env:SERVER_PORT}] 2023-05-29 23:25:32,234 INFO [NettyClientSelector_1][Slf4jLoggerFactory.java:95] - closeChannel: close the connection to remote address[] result: true
[${project.name}][${env:SERVER_PORT}] 2023-05-29 23:25:33,635 INFO [NettyClientSelector_1][Slf4jLoggerFactory.java:95] - closeChannel: close the connection to remote address[] result: true
[${project.name}][${env:SERVER_PORT}] 2023-05-29 23:26:02,227 INFO [NettyClientSelector_1][Slf4jLoggerFactory.java:95] - closeChannel: close the connection to remote address[] result: true
[${project.name}][${env:SERVER_PORT}] 2023-05-29 23:26:03,594 INFO [NettyClientSelector_1][Slf4jLoggerFactory.java:95] - closeChannel: close the connection to remote address[] result: true
[${project.name}][${env:SERVER_PORT}] 2023-05-29 23:26:32,237 INFO [NettyClientSelector_1][Slf4jLoggerFactory.java:95] - closeChannel: close the connection to remote address[] result: true
[${project.name}][${env:SERVER_PORT}] 2023-05-29 23:26:33,628 INFO [NettyClientSelector_1][Slf4jLoggerFactory.java:95] - closeChannel: close the connection to remote address[] result: true
[${project.name}][${env:SERVER_PORT}] 2023-05-29 23:27:02,216 INFO [NettyClientSelector_1][Slf4jLoggerFactory.java:95] - closeChannel: close the connection to remote address[] result: true
[${project.name}][${env:SERVER_PORT}] 2023-05-29 23:27:03,620 INFO [NettyClientSelector_1][Slf4jLoggerFactory.java:95] - closeChannel: close the connection to remote address[] result: true
[${project.name}][${env:SERVER_PORT}] 2023-05-29 23:27:32,237 INFO [NettyClientSelector_1][Slf4jLoggerFactory.java:95] - closeChannel: close the connection to remote address[] result: true
[${project.name}][${env:SERVER_PORT}] 2023-05-29 23:27:33,613 INFO [NettyClientSelector_1][Slf4jLoggerFactory.java:95] - closeChannel: close the connection to remote address[] result: true
[${project.name}][${env:SERVER_PORT}] 2023-05-29 23:28:02,234 INFO [NettyClientSelector_1][Slf4jLoggerFactory.java:95] - closeChannel: close the connection to remote address[] result: true
[${project.name}][${env:SERVER_PORT}] 2023-05-29 23:28:03,638 INFO [NettyClientSelector_1][Slf4jLoggerFactory.java:95] - closeChannel: close the connection to remote address[] result: true
[${project.name}][${env:SERVER_PORT}] 2023-05-29 23:28:32,207 INFO [NettyClientSelector_1][Slf4jLoggerFactory.java:95] - closeChannel: close the connection to remote address[] result: true
[${project.name}][${env:SERVER_PORT}] 2023-05-29 23:28:33,618 INFO [NettyClientSelector_1][Slf4jLoggerFactory.java:95] - closeChannel: close the connection to remote address[] result: true
[${project.name}][${env:SERVER_PORT}] 2023-05-29 23:28:45,458 INFO [AsyncResolver-bootstrap-executor-0][ConfigClusterResolver.java:43] - Resolving eureka endpoints via configuration
[${project.name}][${env:SERVER_PORT}] 2023-05-29 23:28:47,100 DEBUG [http-nio-53030-exec-1][BaseJdbcLogger.java:159] - ==>  Preparing: SELECT ID,USERNAME,MOBILE,PASSWORD,SALT,STATUS,DOMAIN FROM account WHERE USERNAME = ? 
[${project.name}][${env:SERVER_PORT}] 2023-05-29 23:28:47,292 DEBUG [http-nio-53030-exec-1][BaseJdbcLogger.java:159] - ==> Parameters: admin(String)
[${project.name}][${env:SERVER_PORT}] 2023-05-29 23:28:47,495 DEBUG [http-nio-53030-exec-1][BaseJdbcLogger.java:159] - <==      Total: 1
[${project.name}][${env:SERVER_PORT}] 2023-05-29 23:29:02,221 INFO [NettyClientSelector_1][Slf4jLoggerFactory.java:95] - closeChannel: close the connection to remote address[] result: true
[${project.name}][${env:SERVER_PORT}] 2023-05-29 23:29:03,637 INFO [NettyClientSelector_1][Slf4jLoggerFactory.java:95] - closeChannel: close the connection to remote address[] result: true
[${project.name}][${env:SERVER_PORT}] 2023-05-29 23:29:32,206 INFO [NettyClientSelector_1][Slf4jLoggerFactory.java:95] - closeChannel: close the connection to remote address[] result: true
[${project.name}][${env:SERVER_PORT}] 2023-05-29 23:29:33,637 INFO [NettyClientSelector_1][Slf4jLoggerFactory.java:95] - closeChannel: close the connection to remote address[] result: true
[${project.name}][${env:SERVER_PORT}] 2023-05-29 23:30:02,206 INFO [NettyClientSelector_1][Slf4jLoggerFactory.java:95] - closeChannel: close the connection to remote address[] result: true
[${project.name}][${env:SERVER_PORT}] 2023-05-29 23:30:03,623 INFO [NettyClientSelector_1][Slf4jLoggerFactory.java:95] - closeChannel: close the connection to remote address[] result: true
[${project.name}][${env:SERVER_PORT}] 2023-05-29 23:30:32,242 INFO [NettyClientSelector_1][Slf4jLoggerFactory.java:95] - closeChannel: close the connection to remote address[] result: true
[${project.name}][${env:SERVER_PORT}] 2023-05-29 23:30:33,632 INFO [NettyClientSelector_1][Slf4jLoggerFactory.java:95] - closeChannel: close the connection to remote address[] result: true
[${project.name}][${env:SERVER_PORT}] 2023-05-29 23:31:02,196 INFO [NettyClientSelector_1][Slf4jLoggerFactory.java:95] - closeChannel: close the connection to remote address[] result: true
[${project.name}][${env:SERVER_PORT}] 2023-05-29 23:31:03,631 INFO [NettyClientSelector_1][Slf4jLoggerFactory.java:95] - closeChannel: close the connection to remote address[] result: true
[${project.name}][${env:SERVER_PORT}] 2023-05-29 23:31:32,240 INFO [NettyClientSelector_1][Slf4jLoggerFactory.java:95] - closeChannel: close the connection to remote address[] result: true
[${project.name}][${env:SERVER_PORT}] 2023-05-29 23:31:33,615 INFO [NettyClientSelector_1][Slf4jLoggerFactory.java:95] - closeChannel: close the connection to remote address[] result: true
[${project.name}][${env:SERVER_PORT}] 2023-05-29 23:32:02,225 INFO [NettyClientSelector_1][Slf4jLoggerFactory.java:95] - closeChannel: close the connection to remote address[] result: true
[${project.name}][${env:SERVER_PORT}] 2023-05-29 23:32:03,630 INFO [NettyClientSelector_1][Slf4jLoggerFactory.java:95] - closeChannel: close the connection to remote address[] result: true
[${project.name}][${env:SERVER_PORT}] 2023-05-29 23:32:32,224 INFO [NettyClientSelector_1][Slf4jLoggerFactory.java:95] - closeChannel: close the connection to remote address[] result: true
[${project.name}][${env:SERVER_PORT}] 2023-05-29 23:32:33,611 INFO [NettyClientSelector_1][Slf4jLoggerFactory.java:95] - closeChannel: close the connection to remote address[] result: true
[${project.name}][${env:SERVER_PORT}] 2023-05-29 23:33:02,205 INFO [NettyClientSelector_1][Slf4jLoggerFactory.java:95] - closeChannel: close the connection to remote address[] result: true
[${project.name}][${env:SERVER_PORT}] 2023-05-29 23:33:03,599 INFO [NettyClientSelector_1][Slf4jLoggerFactory.java:95] - closeChannel: close the connection to remote address[] result: true
[${project.name}][${env:SERVER_PORT}] 2023-05-29 23:33:32,231 INFO [NettyClientSelector_1][Slf4jLoggerFactory.java:95] - closeChannel: close the connection to remote address[] result: true
[${project.name}][${env:SERVER_PORT}] 2023-05-29 23:33:33,598 INFO [NettyClientSelector_1][Slf4jLoggerFactory.java:95] - closeChannel: close the connection to remote address[] result: true
[${project.name}][${env:SERVER_PORT}] 2023-05-29 23:33:45,461 INFO [AsyncResolver-bootstrap-executor-0][ConfigClusterResolver.java:43] - Resolving eureka endpoints via configuration
[${project.name}][${env:SERVER_PORT}] 2023-05-29 23:34:02,248 INFO [NettyClientSelector_1][Slf4jLoggerFactory.java:95] - closeChannel: close the connection to remote address[] result: true
[${project.name}][${env:SERVER_PORT}] 2023-05-29 23:34:03,640 INFO [NettyClientSelector_1][Slf4jLoggerFactory.java:95] - closeChannel: close the connection to remote address[] result: true
[${project.name}][${env:SERVER_PORT}] 2023-05-29 23:34:32,213 INFO [NettyClientSelector_1][Slf4jLoggerFactory.java:95] - closeChannel: close the connection to remote address[] result: true
[${project.name}][${env:SERVER_PORT}] 2023-05-29 23:34:33,609 INFO [NettyClientSelector_1][Slf4jLoggerFactory.java:95] - closeChannel: close the connection to remote address[] result: true
[${project.name}][${env:SERVER_PORT}] 2023-05-29 23:35:02,204 INFO [NettyClientSelector_1][Slf4jLoggerFactory.java:95] - closeChannel: close the connection to remote address[] result: true
[${project.name}][${env:SERVER_PORT}] 2023-05-29 23:35:03,623 INFO [NettyClientSelector_1][Slf4jLoggerFactory.java:95] - closeChannel: close the connection to remote address[] result: true
[${project.name}][${env:SERVER_PORT}] 2023-05-29 23:35:32,214 INFO [NettyClientSelector_1][Slf4jLoggerFactory.java:95] - closeChannel: close the connection to remote address[] result: true
[${project.name}][${env:SERVER_PORT}] 2023-05-29 23:35:33,619 INFO [NettyClientSelector_1][Slf4jLoggerFactory.java:95] - closeChannel: close the connection to remote address[] result: true
[${project.name}][${env:SERVER_PORT}] 2023-05-29 23:36:02,217 INFO [NettyClientSelector_1][Slf4jLoggerFactory.java:95] - closeChannel: close the connection to remote address[] result: true
[${project.name}][${env:SERVER_PORT}] 2023-05-29 23:36:03,614 INFO [NettyClientSelector_1][Slf4jLoggerFactory.java:95] - closeChannel: close the connection to remote address[] result: true
[${project.name}][${env:SERVER_PORT}] 2023-05-29 23:36:13,136 DEBUG [http-nio-53030-exec-4][BaseJdbcLogger.java:159] - ==>  Preparing: SELECT ID,USERNAME,MOBILE,PASSWORD,SALT,STATUS,DOMAIN FROM account WHERE USERNAME = ? 
[${project.name}][${env:SERVER_PORT}] 2023-05-29 23:36:13,164 DEBUG [http-nio-53030-exec-4][BaseJdbcLogger.java:159] - ==> Parameters: admin(String)
[${project.name}][${env:SERVER_PORT}] 2023-05-29 23:36:13,168 DEBUG [http-nio-53030-exec-4][BaseJdbcLogger.java:159] - <==      Total: 1
[${project.name}][${env:SERVER_PORT}] 2023-05-29 23:36:32,242 INFO [NettyClientSelector_1][Slf4jLoggerFactory.java:95] - closeChannel: close the connection to remote address[] result: true
[${project.name}][${env:SERVER_PORT}] 2023-05-29 23:36:33,622 INFO [NettyClientSelector_1][Slf4jLoggerFactory.java:95] - closeChannel: close the connection to remote address[] result: true
[${project.name}][${env:SERVER_PORT}] 2023-05-29 23:37:02,209 INFO [NettyClientSelector_1][Slf4jLoggerFactory.java:95] - closeChannel: close the connection to remote address[] result: true
[${project.name}][${env:SERVER_PORT}] 2023-05-29 23:37:03,630 INFO [NettyClientSelector_1][Slf4jLoggerFactory.java:95] - closeChannel: close the connection to remote address[] result: true
[${project.name}][${env:SERVER_PORT}] 2023-05-29 23:37:32,246 INFO [NettyClientSelector_1][Slf4jLoggerFactory.java:95] - closeChannel: close the connection to remote address[] result: true
[${project.name}][${env:SERVER_PORT}] 2023-05-29 23:37:33,621 INFO [NettyClientSelector_1][Slf4jLoggerFactory.java:95] - closeChannel: close the connection to remote address[] result: true
[${project.name}][${env:SERVER_PORT}] 2023-05-29 23:38:02,230 INFO [NettyClientSelector_1][Slf4jLoggerFactory.java:95] - closeChannel: close the connection to remote address[] result: true
[${project.name}][${env:SERVER_PORT}] 2023-05-29 23:38:03,648 INFO [NettyClientSelector_1][Slf4jLoggerFactory.java:95] - closeChannel: close the connection to remote address[] result: true
[${project.name}][${env:SERVER_PORT}] 2023-05-29 23:38:32,209 INFO [NettyClientSelector_1][Slf4jLoggerFactory.java:95] - closeChannel: close the connection to remote address[] result: true
[${project.name}][${env:SERVER_PORT}] 2023-05-29 23:38:33,621 INFO [NettyClientSelector_1][Slf4jLoggerFactory.java:95] - closeChannel: close the connection to remote address[] result: true
[${project.name}][${env:SERVER_PORT}] 2023-05-29 23:38:45,472 INFO [AsyncResolver-bootstrap-executor-0][ConfigClusterResolver.java:43] - Resolving eureka endpoints via configuration
[${project.name}][${env:SERVER_PORT}] 2023-05-29 23:39:02,207 INFO [NettyClientSelector_1][Slf4jLoggerFactory.java:95] - closeChannel: close the connection to remote address[] result: true
[${project.name}][${env:SERVER_PORT}] 2023-05-29 23:39:03,603 INFO [NettyClientSelector_1][Slf4jLoggerFactory.java:95] - closeChannel: close the connection to remote address[] result: true
[${project.name}][${env:SERVER_PORT}] 2023-05-29 23:39:32,236 INFO [NettyClientSelector_1][Slf4jLoggerFactory.java:95] - closeChannel: close the connection to remote address[] result: true
[${project.name}][${env:SERVER_PORT}] 2023-05-29 23:39:33,623 INFO [NettyClientSelector_1][Slf4jLoggerFactory.java:95] - closeChannel: close the connection to remote address[] result: true
[${project.name}][${env:SERVER_PORT}] 2023-05-29 23:40:02,216 INFO [NettyClientSelector_1][Slf4jLoggerFactory.java:95] - closeChannel: close the connection to remote address[] result: true
[${project.name}][${env:SERVER_PORT}] 2023-05-29 23:40:03,638 INFO [NettyClientSelector_1][Slf4jLoggerFactory.java:95] - closeChannel: close the connection to remote address[] result: true
[${project.name}][${env:SERVER_PORT}] 2023-05-29 23:40:27,491 INFO [DiscoveryClient-HeartbeatExecutor-0][DiscoveryClient.java:850] - DiscoveryClient_ACCOUNT-SERVICE/account-service:10.18.35.163:53030 - Re-registering apps/ACCOUNT-SERVICE
[${project.name}][${env:SERVER_PORT}] 2023-05-29 23:40:27,531 INFO [DiscoveryClient-HeartbeatExecutor-0][DiscoveryClient.java:826] - DiscoveryClient_ACCOUNT-SERVICE/account-service:10.18.35.163:53030: registering service...
[${project.name}][${env:SERVER_PORT}] 2023-05-29 23:40:28,670 INFO [DiscoveryClient-HeartbeatExecutor-0][DiscoveryClient.java:835] - DiscoveryClient_ACCOUNT-SERVICE/account-service:10.18.35.163:53030 - registration status: 204
[${project.name}][${env:SERVER_PORT}] 2023-05-29 23:40:32,229 INFO [NettyClientSelector_1][Slf4jLoggerFactory.java:95] - closeChannel: close the connection to remote address[] result: true
[${project.name}][${env:SERVER_PORT}] 2023-05-29 23:40:33,636 INFO [NettyClientSelector_1][Slf4jLoggerFactory.java:95] - closeChannel: close the connection to remote address[] result: true
[${project.name}][${env:SERVER_PORT}] 2023-05-29 23:40:57,036 INFO [DiscoveryClient-CacheRefreshExecutor-0][DiscoveryClient.java:958] - Disable delta property : false
[${project.name}][${env:SERVER_PORT}] 2023-05-29 23:40:57,067 INFO [DiscoveryClient-CacheRefreshExecutor-0][DiscoveryClient.java:959] - Single vip registry refresh property : null
[${project.name}][${env:SERVER_PORT}] 2023-05-29 23:40:57,068 INFO [DiscoveryClient-CacheRefreshExecutor-0][DiscoveryClient.java:960] - Force full registry fetch : false
[${project.name}][${env:SERVER_PORT}] 2023-05-29 23:40:57,068 INFO [DiscoveryClient-CacheRefreshExecutor-0][DiscoveryClient.java:961] - Application is null : false
[${project.name}][${env:SERVER_PORT}] 2023-05-29 23:40:57,068 INFO [DiscoveryClient-CacheRefreshExecutor-0][DiscoveryClient.java:962] - Registered Applications size is zero : true
[${project.name}][${env:SERVER_PORT}] 2023-05-29 23:40:57,068 INFO [DiscoveryClient-CacheRefreshExecutor-0][DiscoveryClient.java:964] - Application version is -1: false
[${project.name}][${env:SERVER_PORT}] 2023-05-29 23:40:57,068 INFO [DiscoveryClient-CacheRefreshExecutor-0][DiscoveryClient.java:1047] - Getting all instance registry info from the eureka server
[${project.name}][${env:SERVER_PORT}] 2023-05-29 23:40:57,087 INFO [DiscoveryClient-CacheRefreshExecutor-0][DiscoveryClient.java:1056] - The response status is 200
[${project.name}][${env:SERVER_PORT}] 2023-05-29 23:41:02,220 INFO [NettyClientSelector_1][Slf4jLoggerFactory.java:95] - closeChannel: close the connection to remote address[] result: true
[${project.name}][${env:SERVER_PORT}] 2023-05-29 23:41:03,622 INFO [NettyClientSelector_1][Slf4jLoggerFactory.java:95] - closeChannel: close the connection to remote address[] result: true
[${project.name}][${env:SERVER_PORT}] 2023-05-29 23:41:32,225 INFO [NettyClientSelector_1][Slf4jLoggerFactory.java:95] - closeChannel: close the connection to remote address[] result: true
[${project.name}][${env:SERVER_PORT}] 2023-05-29 23:41:33,613 INFO [NettyClientSelector_1][Slf4jLoggerFactory.java:95] - closeChannel: close the connection to remote address[] result: true
[${project.name}][${env:SERVER_PORT}] 2023-05-29 23:41:57,492 DEBUG [http-nio-53030-exec-5][BaseJdbcLogger.java:159] - ==>  Preparing: SELECT ID,USERNAME,MOBILE,PASSWORD,SALT,STATUS,DOMAIN FROM account WHERE USERNAME = ? 
[${project.name}][${env:SERVER_PORT}] 2023-05-29 23:41:57,493 DEBUG [http-nio-53030-exec-5][BaseJdbcLogger.java:159] - ==> Parameters: admin(String)
[${project.name}][${env:SERVER_PORT}] 2023-05-29 23:41:57,611 DEBUG [http-nio-53030-exec-5][BaseJdbcLogger.java:159] - <==      Total: 1
[${project.name}][${env:SERVER_PORT}] 2023-05-29 23:42:02,249 INFO [NettyClientSelector_1][Slf4jLoggerFactory.java:95] - closeChannel: close the connection to remote address[] result: true
[${project.name}][${env:SERVER_PORT}] 2023-05-29 23:42:03,635 INFO [NettyClientSelector_1][Slf4jLoggerFactory.java:95] - closeChannel: close the connection to remote address[] result: true
[${project.name}][${env:SERVER_PORT}] 2023-05-29 23:42:32,203 INFO [NettyClientSelector_1][Slf4jLoggerFactory.java:95] - closeChannel: close the connection to remote address[] result: true
[${project.name}][${env:SERVER_PORT}] 2023-05-29 23:42:33,622 INFO [NettyClientSelector_1][Slf4jLoggerFactory.java:95] - closeChannel: close the connection to remote address[] result: true
[${project.name}][${env:SERVER_PORT}] 2023-05-29 23:43:02,211 INFO [NettyClientSelector_1][Slf4jLoggerFactory.java:95] - closeChannel: close the connection to remote address[] result: true
[${project.name}][${env:SERVER_PORT}] 2023-05-29 23:43:03,632 INFO [NettyClientSelector_1][Slf4jLoggerFactory.java:95] - closeChannel: close the connection to remote address[] result: true
[${project.name}][${env:SERVER_PORT}] 2023-05-29 23:43:32,224 INFO [NettyClientSelector_1][Slf4jLoggerFactory.java:95] - closeChannel: close the connection to remote address[] result: true
[${project.name}][${env:SERVER_PORT}] 2023-05-29 23:43:33,628 INFO [NettyClientSelector_1][Slf4jLoggerFactory.java:95] - closeChannel: close the connection to remote address[] result: true
[${project.name}][${env:SERVER_PORT}] 2023-05-29 23:43:45,478 INFO [AsyncResolver-bootstrap-executor-0][ConfigClusterResolver.java:43] - Resolving eureka endpoints via configuration
[${project.name}][${env:SERVER_PORT}] 2023-05-29 23:44:02,249 INFO [NettyClientSelector_1][Slf4jLoggerFactory.java:95] - closeChannel: close the connection to remote address[] result: true
[${project.name}][${env:SERVER_PORT}] 2023-05-29 23:44:03,597 INFO [NettyClientSelector_1][Slf4jLoggerFactory.java:95] - closeChannel: close the connection to remote address[] result: true
[${project.name}][${env:SERVER_PORT}] 2023-05-29 23:44:32,201 INFO [NettyClientSelector_1][Slf4jLoggerFactory.java:95] - closeChannel: close the connection to remote address[] result: true
[${project.name}][${env:SERVER_PORT}] 2023-05-29 23:44:33,638 INFO [NettyClientSelector_1][Slf4jLoggerFactory.java:95] - closeChannel: close the connection to remote address[] result: true
[${project.name}][${env:SERVER_PORT}] 2023-05-29 23:45:02,229 INFO [NettyClientSelector_1][Slf4jLoggerFactory.java:95] - closeChannel: close the connection to remote address[] result: true
[${project.name}][${env:SERVER_PORT}] 2023-05-29 23:45:03,638 INFO [NettyClientSelector_1][Slf4jLoggerFactory.java:95] - closeChannel: close the connection to remote address[] result: true
[${project.name}][${env:SERVER_PORT}] 2023-05-29 23:45:32,225 INFO [NettyClientSelector_1][Slf4jLoggerFactory.java:95] - closeChannel: close the connection to remote address[] result: true
[${project.name}][${env:SERVER_PORT}] 2023-05-29 23:45:33,627 INFO [NettyClientSelector_1][Slf4jLoggerFactory.java:95] - closeChannel: close the connection to remote address[] result: true
[${project.name}][${env:SERVER_PORT}] 2023-05-29 23:46:02,229 INFO [NettyClientSelector_1][Slf4jLoggerFactory.java:95] - closeChannel: close the connection to remote address[] result: true
[${project.name}][${env:SERVER_PORT}] 2023-05-29 23:46:03,613 INFO [NettyClientSelector_1][Slf4jLoggerFactory.java:95] - closeChannel: close the connection to remote address[] result: true
[${project.name}][${env:SERVER_PORT}] 2023-05-29 23:46:32,256 INFO [NettyClientSelector_1][Slf4jLoggerFactory.java:95] - closeChannel: close the connection to remote address[] result: true
[${project.name}][${env:SERVER_PORT}] 2023-05-29 23:46:33,632 INFO [NettyClientSelector_1][Slf4jLoggerFactory.java:95] - closeChannel: close the connection to remote address[] result: true
[${project.name}][${env:SERVER_PORT}] 2023-05-29 23:47:02,236 INFO [NettyClientSelector_1][Slf4jLoggerFactory.java:95] - closeChannel: close the connection to remote address[] result: true
[${project.name}][${env:SERVER_PORT}] 2023-05-29 23:47:03,603 INFO [NettyClientSelector_1][Slf4jLoggerFactory.java:95] - closeChannel: close the connection to remote address[] result: true
[${project.name}][${env:SERVER_PORT}] 2023-05-29 23:47:32,219 INFO [NettyClientSelector_1][Slf4jLoggerFactory.java:95] - closeChannel: close the connection to remote address[] result: true
[${project.name}][${env:SERVER_PORT}] 2023-05-29 23:47:33,634 INFO [NettyClientSelector_1][Slf4jLoggerFactory.java:95] - closeChannel: close the connection to remote address[] result: true
[${project.name}][${env:SERVER_PORT}] 2023-05-29 23:48:02,219 INFO [NettyClientSelector_1][Slf4jLoggerFactory.java:95] - closeChannel: close the connection to remote address[] result: true
[${project.name}][${env:SERVER_PORT}] 2023-05-29 23:48:03,647 INFO [NettyClientSelector_1][Slf4jLoggerFactory.java:95] - closeChannel: close the connection to remote address[] result: true
[${project.name}][${env:SERVER_PORT}] 2023-05-29 23:48:32,214 INFO [NettyClientSelector_1][Slf4jLoggerFactory.java:95] - closeChannel: close the connection to remote address[] result: true
[${project.name}][${env:SERVER_PORT}] 2023-05-29 23:48:33,605 INFO [NettyClientSelector_1][Slf4jLoggerFactory.java:95] - closeChannel: close the connection to remote address[] result: true
[${project.name}][${env:SERVER_PORT}] 2023-05-29 23:48:45,492 INFO [AsyncResolver-bootstrap-executor-0][ConfigClusterResolver.java:43] - Resolving eureka endpoints via configuration
[${project.name}][${env:SERVER_PORT}] 2023-05-29 23:49:02,215 INFO [NettyClientSelector_1][Slf4jLoggerFactory.java:95] - closeChannel: close the connection to remote address[] result: true
[${project.name}][${env:SERVER_PORT}] 2023-05-29 23:49:03,594 INFO [NettyClientSelector_1][Slf4jLoggerFactory.java:95] - closeChannel: close the connection to remote address[] result: true
[${project.name}][${env:SERVER_PORT}] 2023-05-29 23:49:32,227 INFO [NettyClientSelector_1][Slf4jLoggerFactory.java:95] - closeChannel: close the connection to remote address[] result: true
[${project.name}][${env:SERVER_PORT}] 2023-05-29 23:49:33,625 INFO [NettyClientSelector_1][Slf4jLoggerFactory.java:95] - closeChannel: close the connection to remote address[] result: true
[${project.name}][${env:SERVER_PORT}] 2023-05-29 23:50:02,206 INFO [NettyClientSelector_1][Slf4jLoggerFactory.java:95] - closeChannel: close the connection to remote address[] result: true
[${project.name}][${env:SERVER_PORT}] 2023-05-29 23:50:03,621 INFO [NettyClientSelector_1][Slf4jLoggerFactory.java:95] - closeChannel: close the connection to remote address[] result: true
[${project.name}][${env:SERVER_PORT}] 2023-05-29 23:50:32,224 INFO [NettyClientSelector_1][Slf4jLoggerFactory.java:95] - closeChannel: close the connection to remote address[] result: true
[${project.name}][${env:SERVER_PORT}] 2023-05-29 23:50:33,642 INFO [NettyClientSelector_1][Slf4jLoggerFactory.java:95] - closeChannel: close the connection to remote address[] result: true
[${project.name}][${env:SERVER_PORT}] 2023-05-29 23:51:02,228 INFO [NettyClientSelector_1][Slf4jLoggerFactory.java:95] - closeChannel: close the connection to remote address[] result: true
[${project.name}][${env:SERVER_PORT}] 2023-05-29 23:51:03,634 INFO [NettyClientSelector_1][Slf4jLoggerFactory.java:95] - closeChannel: close the connection to remote address[] result: true
[${project.name}][${env:SERVER_PORT}] 2023-05-29 23:51:32,221 INFO [NettyClientSelector_1][Slf4jLoggerFactory.java:95] - closeChannel: close the connection to remote address[] result: true
[${project.name}][${env:SERVER_PORT}] 2023-05-29 23:51:33,623 INFO [NettyClientSelector_1][Slf4jLoggerFactory.java:95] - closeChannel: close the connection to remote address[] result: true
[${project.name}][${env:SERVER_PORT}] 2023-05-29 23:52:02,232 INFO [NettyClientSelector_1][Slf4jLoggerFactory.java:95] - closeChannel: close the connection to remote address[] result: true
[${project.name}][${env:SERVER_PORT}] 2023-05-29 23:52:03,618 INFO [NettyClientSelector_1][Slf4jLoggerFactory.java:95] - closeChannel: close the connection to remote address[] result: true
[${project.name}][${env:SERVER_PORT}] 2023-05-29 23:52:32,211 INFO [NettyClientSelector_1][Slf4jLoggerFactory.java:95] - closeChannel: close the connection to remote address[] result: true
[${project.name}][${env:SERVER_PORT}] 2023-05-29 23:52:33,638 INFO [NettyClientSelector_1][Slf4jLoggerFactory.java:95] - closeChannel: close the connection to remote address[] result: true
[${project.name}][${env:SERVER_PORT}] 2023-05-29 23:53:02,231 INFO [NettyClientSelector_1][Slf4jLoggerFactory.java:95] - closeChannel: close the connection to remote address[] result: true
[${project.name}][${env:SERVER_PORT}] 2023-05-29 23:53:03,616 INFO [NettyClientSelector_1][Slf4jLoggerFactory.java:95] - closeChannel: close the connection to remote address[] result: true
[${project.name}][${env:SERVER_PORT}] 2023-05-29 23:53:32,223 INFO [NettyClientSelector_1][Slf4jLoggerFactory.java:95] - closeChannel: close the connection to remote address[] result: true
[${project.name}][${env:SERVER_PORT}] 2023-05-29 23:53:33,629 INFO [NettyClientSelector_1][Slf4jLoggerFactory.java:95] - closeChannel: close the connection to remote address[] result: true
[${project.name}][${env:SERVER_PORT}] 2023-05-29 23:53:45,498 INFO [AsyncResolver-bootstrap-executor-0][ConfigClusterResolver.java:43] - Resolving eureka endpoints via configuration
[${project.name}][${env:SERVER_PORT}] 2023-05-29 23:54:02,246 INFO [NettyClientSelector_1][Slf4jLoggerFactory.java:95] - closeChannel: close the connection to remote address[] result: true
[${project.name}][${env:SERVER_PORT}] 2023-05-29 23:54:03,606 INFO [NettyClientSelector_1][Slf4jLoggerFactory.java:95] - closeChannel: close the connection to remote address[] result: true
[${project.name}][${env:SERVER_PORT}] 2023-05-29 23:54:32,204 INFO [NettyClientSelector_1][Slf4jLoggerFactory.java:95] - closeChannel: close the connection to remote address[] result: true
[${project.name}][${env:SERVER_PORT}] 2023-05-29 23:54:33,620 INFO [NettyClientSelector_1][Slf4jLoggerFactory.java:95] - closeChannel: close the connection to remote address[] result: true
[${project.name}][${env:SERVER_PORT}] 2023-05-29 23:55:02,187 INFO [NettyClientSelector_1][Slf4jLoggerFactory.java:95] - closeChannel: close the connection to remote address[] result: true
[${project.name}][${env:SERVER_PORT}] 2023-05-29 23:55:03,631 INFO [NettyClientSelector_1][Slf4jLoggerFactory.java:95] - closeChannel: close the connection to remote address[] result: true
[${project.name}][${env:SERVER_PORT}] 2023-05-29 23:55:32,205 INFO [NettyClientSelector_1][Slf4jLoggerFactory.java:95] - closeChannel: close the connection to remote address[] result: true
[${project.name}][${env:SERVER_PORT}] 2023-05-29 23:55:33,635 INFO [NettyClientSelector_1][Slf4jLoggerFactory.java:95] - closeChannel: close the connection to remote address[] result: true
[${project.name}][${env:SERVER_PORT}] 2023-05-29 23:56:02,235 INFO [NettyClientSelector_1][Slf4jLoggerFactory.java:95] - closeChannel: close the connection to remote address[] result: true
[${project.name}][${env:SERVER_PORT}] 2023-05-29 23:56:03,602 INFO [NettyClientSelector_1][Slf4jLoggerFactory.java:95] - closeChannel: close the connection to remote address[] result: true
[${project.name}][${env:SERVER_PORT}] 2023-05-29 23:56:32,220 INFO [NettyClientSelector_1][Slf4jLoggerFactory.java:95] - closeChannel: close the connection to remote address[] result: true
[${project.name}][${env:SERVER_PORT}] 2023-05-29 23:56:33,617 INFO [NettyClientSelector_1][Slf4jLoggerFactory.java:95] - closeChannel: close the connection to remote address[] result: true
[${project.name}][${env:SERVER_PORT}] 2023-05-29 23:57:02,223 INFO [NettyClientSelector_1][Slf4jLoggerFactory.java:95] - closeChannel: close the connection to remote address[] result: true
[${project.name}][${env:SERVER_PORT}] 2023-05-29 23:57:03,616 INFO [NettyClientSelector_1][Slf4jLoggerFactory.java:95] - closeChannel: close the connection to remote address[] result: true
[${project.name}][${env:SERVER_PORT}] 2023-05-29 23:57:32,220 INFO [NettyClientSelector_1][Slf4jLoggerFactory.java:95] - closeChannel: close the connection to remote address[] result: true
[${project.name}][${env:SERVER_PORT}] 2023-05-29 23:57:33,627 INFO [NettyClientSelector_1][Slf4jLoggerFactory.java:95] - closeChannel: close the connection to remote address[] result: true
[${project.name}][${env:SERVER_PORT}] 2023-05-29 23:58:02,203 INFO [NettyClientSelector_1][Slf4jLoggerFactory.java:95] - closeChannel: close the connection to remote address[] result: true
[${project.name}][${env:SERVER_PORT}] 2023-05-29 23:58:03,621 INFO [NettyClientSelector_1][Slf4jLoggerFactory.java:95] - closeChannel: close the connection to remote address[] result: true
[${project.name}][${env:SERVER_PORT}] 2023-05-29 23:58:32,204 INFO [NettyClientSelector_1][Slf4jLoggerFactory.java:95] - closeChannel: close the connection to remote address[] result: true
[${project.name}][${env:SERVER_PORT}] 2023-05-29 23:58:33,604 INFO [NettyClientSelector_1][Slf4jLoggerFactory.java:95] - closeChannel: close the connection to remote address[] result: true
[${project.name}][${env:SERVER_PORT}] 2023-05-29 23:58:45,503 INFO [AsyncResolver-bootstrap-executor-0][ConfigClusterResolver.java:43] - Resolving eureka endpoints via configuration
[${project.name}][${env:SERVER_PORT}] 2023-05-29 23:59:02,200 INFO [NettyClientSelector_1][Slf4jLoggerFactory.java:95] - closeChannel: close the connection to remote address[] result: true
[${project.name}][${env:SERVER_PORT}] 2023-05-29 23:59:03,623 INFO [NettyClientSelector_1][Slf4jLoggerFactory.java:95] - closeChannel: close the connection to remote address[] result: true
[${project.name}][${env:SERVER_PORT}] 2023-05-29 23:59:32,208 INFO [NettyClientSelector_1][Slf4jLoggerFactory.java:95] - closeChannel: close the connection to remote address[] result: true
[${project.name}][${env:SERVER_PORT}] 2023-05-29 23:59:33,617 INFO [NettyClientSelector_1][Slf4jLoggerFactory.java:95] - closeChannel: close the connection to remote address[] result: true
